[7.830s] DEBUG:colcon:Command line arguments: ['/usr/bin/colcon', 'build', '--symlink-install']
[7.830s] DEBUG:colcon:Parsed command line arguments: Namespace(ament_cmake_args=None, base_paths=['.'], build_base='build', catkin_cmake_args=None, catkin_skip_building_tests=False, cmake_args=None, cmake_clean_cache=False, cmake_clean_first=False, cmake_force_configure=False, cmake_target=None, cmake_target_skip_unavailable=False, continue_on_error=False, event_handlers=None, executor='parallel', ignore_user_meta=False, install_base='install', log_base=None, log_level=None, main=<bound method BuildVerb.main of <colcon_core.verb.build.BuildVerb object at 0xffffb2782670>>, merge_install=False, metas=['./colcon.meta'], packages_above=None, packages_above_and_dependencies=None, packages_above_depth=None, packages_end=None, packages_ignore=None, packages_ignore_regex=None, packages_select=None, packages_select_build_failed=False, packages_select_by_dep=None, packages_select_regex=None, packages_select_test_failures=False, packages_skip=None, packages_skip_build_finished=False, packages_skip_by_dep=None, packages_skip_regex=None, packages_skip_test_passed=False, packages_skip_up_to=None, packages_start=None, packages_up_to=None, packages_up_to_regex=None, parallel_workers=8, paths=None, symlink_install=True, test_result_base=None, verb_extension=<colcon_core.verb.build.BuildVerb object at 0xffffb2782670>, verb_name='build', verb_parser=<colcon_defaults.argument_parser.defaults.DefaultArgumentsDecorator object at 0xffffb2798760>)
[8.134s] Level 1:colcon.colcon_core.package_discovery:discover_packages(colcon_meta) check parameters
[8.135s] Level 1:colcon.colcon_core.package_discovery:discover_packages(recursive) check parameters
[8.135s] Level 1:colcon.colcon_core.package_discovery:discover_packages(ignore) check parameters
[8.135s] Level 1:colcon.colcon_core.package_discovery:discover_packages(path) check parameters
[8.135s] Level 1:colcon.colcon_core.package_discovery:discover_packages(colcon_meta) discover
[8.135s] Level 1:colcon.colcon_core.package_discovery:discover_packages(recursive) discover
[8.135s] INFO:colcon.colcon_core.package_discovery:Crawling recursively for packages in '/workspace'
[8.136s] Level 1:colcon.colcon_core.package_identification:_identify(.) by extensions ['ignore', 'ignore_ament_install']
[8.136s] Level 1:colcon.colcon_core.package_identification:_identify(.) by extension 'ignore'
[8.137s] Level 1:colcon.colcon_core.package_identification:_identify(.) by extension 'ignore_ament_install'
[8.137s] Level 1:colcon.colcon_core.package_identification:_identify(.) by extensions ['colcon_pkg']
[8.137s] Level 1:colcon.colcon_core.package_identification:_identify(.) by extension 'colcon_pkg'
[8.137s] Level 1:colcon.colcon_core.package_identification:_identify(.) by extensions ['colcon_meta']
[8.137s] Level 1:colcon.colcon_core.package_identification:_identify(.) by extension 'colcon_meta'
[8.137s] Level 1:colcon.colcon_core.package_identification:_identify(.) by extensions ['ros']
[8.138s] Level 1:colcon.colcon_core.package_identification:_identify(.) by extension 'ros'
[8.191s] Level 1:colcon.colcon_core.package_identification:_identify(.) by extensions ['cmake', 'python']
[8.192s] Level 1:colcon.colcon_core.package_identification:_identify(.) by extension 'cmake'
[8.192s] Level 1:colcon.colcon_core.package_identification:_identify(.) by extension 'python'
[8.192s] Level 1:colcon.colcon_core.package_identification:_identify(.) by extensions ['python_setup_py']
[8.192s] Level 1:colcon.colcon_core.package_identification:_identify(.) by extension 'python_setup_py'
[8.193s] Level 1:colcon.colcon_core.package_identification:_identify(build) by extensions ['ignore', 'ignore_ament_install']
[8.193s] Level 1:colcon.colcon_core.package_identification:_identify(build) by extension 'ignore'
[8.193s] Level 1:colcon.colcon_core.package_identification:_identify(build) ignored
[8.194s] Level 1:colcon.colcon_core.package_identification:_identify(docker) by extensions ['ignore', 'ignore_ament_install']
[8.194s] Level 1:colcon.colcon_core.package_identification:_identify(docker) by extension 'ignore'
[8.194s] Level 1:colcon.colcon_core.package_identification:_identify(docker) by extension 'ignore_ament_install'
[8.194s] Level 1:colcon.colcon_core.package_identification:_identify(docker) by extensions ['colcon_pkg']
[8.195s] Level 1:colcon.colcon_core.package_identification:_identify(docker) by extension 'colcon_pkg'
[8.195s] Level 1:colcon.colcon_core.package_identification:_identify(docker) by extensions ['colcon_meta']
[8.195s] Level 1:colcon.colcon_core.package_identification:_identify(docker) by extension 'colcon_meta'
[8.195s] Level 1:colcon.colcon_core.package_identification:_identify(docker) by extensions ['ros']
[8.195s] Level 1:colcon.colcon_core.package_identification:_identify(docker) by extension 'ros'
[8.195s] Level 1:colcon.colcon_core.package_identification:_identify(docker) by extensions ['cmake', 'python']
[8.195s] Level 1:colcon.colcon_core.package_identification:_identify(docker) by extension 'cmake'
[8.196s] Level 1:colcon.colcon_core.package_identification:_identify(docker) by extension 'python'
[8.196s] Level 1:colcon.colcon_core.package_identification:_identify(docker) by extensions ['python_setup_py']
[8.196s] Level 1:colcon.colcon_core.package_identification:_identify(docker) by extension 'python_setup_py'
[8.196s] Level 1:colcon.colcon_core.package_identification:_identify(docker/jetson_r35) by extensions ['ignore', 'ignore_ament_install']
[8.197s] Level 1:colcon.colcon_core.package_identification:_identify(docker/jetson_r35) by extension 'ignore'
[8.197s] Level 1:colcon.colcon_core.package_identification:_identify(docker/jetson_r35) by extension 'ignore_ament_install'
[8.197s] Level 1:colcon.colcon_core.package_identification:_identify(docker/jetson_r35) by extensions ['colcon_pkg']
[8.197s] Level 1:colcon.colcon_core.package_identification:_identify(docker/jetson_r35) by extension 'colcon_pkg'
[8.197s] Level 1:colcon.colcon_core.package_identification:_identify(docker/jetson_r35) by extensions ['colcon_meta']
[8.197s] Level 1:colcon.colcon_core.package_identification:_identify(docker/jetson_r35) by extension 'colcon_meta'
[8.198s] Level 1:colcon.colcon_core.package_identification:_identify(docker/jetson_r35) by extensions ['ros']
[8.198s] Level 1:colcon.colcon_core.package_identification:_identify(docker/jetson_r35) by extension 'ros'
[8.198s] Level 1:colcon.colcon_core.package_identification:_identify(docker/jetson_r35) by extensions ['cmake', 'python']
[8.198s] Level 1:colcon.colcon_core.package_identification:_identify(docker/jetson_r35) by extension 'cmake'
[8.198s] Level 1:colcon.colcon_core.package_identification:_identify(docker/jetson_r35) by extension 'python'
[8.198s] Level 1:colcon.colcon_core.package_identification:_identify(docker/jetson_r35) by extensions ['python_setup_py']
[8.199s] Level 1:colcon.colcon_core.package_identification:_identify(docker/jetson_r35) by extension 'python_setup_py'
[8.199s] Level 1:colcon.colcon_core.package_identification:_identify(install) by extensions ['ignore', 'ignore_ament_install']
[8.199s] Level 1:colcon.colcon_core.package_identification:_identify(install) by extension 'ignore'
[8.199s] Level 1:colcon.colcon_core.package_identification:_identify(install) ignored
[8.200s] Level 1:colcon.colcon_core.package_identification:_identify(log) by extensions ['ignore', 'ignore_ament_install']
[8.201s] Level 1:colcon.colcon_core.package_identification:_identify(log) by extension 'ignore'
[8.201s] Level 1:colcon.colcon_core.package_identification:_identify(log) ignored
[8.201s] Level 1:colcon.colcon_core.package_identification:_identify(src) by extensions ['ignore', 'ignore_ament_install']
[8.201s] Level 1:colcon.colcon_core.package_identification:_identify(src) by extension 'ignore'
[8.202s] Level 1:colcon.colcon_core.package_identification:_identify(src) by extension 'ignore_ament_install'
[8.202s] Level 1:colcon.colcon_core.package_identification:_identify(src) by extensions ['colcon_pkg']
[8.202s] Level 1:colcon.colcon_core.package_identification:_identify(src) by extension 'colcon_pkg'
[8.202s] Level 1:colcon.colcon_core.package_identification:_identify(src) by extensions ['colcon_meta']
[8.202s] Level 1:colcon.colcon_core.package_identification:_identify(src) by extension 'colcon_meta'
[8.203s] Level 1:colcon.colcon_core.package_identification:_identify(src) by extensions ['ros']
[8.203s] Level 1:colcon.colcon_core.package_identification:_identify(src) by extension 'ros'
[8.203s] Level 1:colcon.colcon_core.package_identification:_identify(src) by extensions ['cmake', 'python']
[8.203s] Level 1:colcon.colcon_core.package_identification:_identify(src) by extension 'cmake'
[8.203s] Level 1:colcon.colcon_core.package_identification:_identify(src) by extension 'python'
[8.204s] Level 1:colcon.colcon_core.package_identification:_identify(src) by extensions ['python_setup_py']
[8.204s] Level 1:colcon.colcon_core.package_identification:_identify(src) by extension 'python_setup_py'
[8.204s] Level 1:colcon.colcon_core.package_identification:_identify(src/camera) by extensions ['ignore', 'ignore_ament_install']
[8.204s] Level 1:colcon.colcon_core.package_identification:_identify(src/camera) by extension 'ignore'
[8.205s] Level 1:colcon.colcon_core.package_identification:_identify(src/camera) by extension 'ignore_ament_install'
[8.205s] Level 1:colcon.colcon_core.package_identification:_identify(src/camera) by extensions ['colcon_pkg']
[8.205s] Level 1:colcon.colcon_core.package_identification:_identify(src/camera) by extension 'colcon_pkg'
[8.205s] Level 1:colcon.colcon_core.package_identification:_identify(src/camera) by extensions ['colcon_meta']
[8.205s] Level 1:colcon.colcon_core.package_identification:_identify(src/camera) by extension 'colcon_meta'
[8.205s] Level 1:colcon.colcon_core.package_identification:_identify(src/camera) by extensions ['ros']
[8.205s] Level 1:colcon.colcon_core.package_identification:_identify(src/camera) by extension 'ros'
[8.214s] DEBUG:colcon.colcon_core.package_identification:Package 'src/camera' with type 'ros.ament_python' and name 'camera'
[8.215s] Level 1:colcon.colcon_core.package_identification:_identify(src/control) by extensions ['ignore', 'ignore_ament_install']
[8.215s] Level 1:colcon.colcon_core.package_identification:_identify(src/control) by extension 'ignore'
[8.215s] Level 1:colcon.colcon_core.package_identification:_identify(src/control) by extension 'ignore_ament_install'
[8.216s] Level 1:colcon.colcon_core.package_identification:_identify(src/control) by extensions ['colcon_pkg']
[8.216s] Level 1:colcon.colcon_core.package_identification:_identify(src/control) by extension 'colcon_pkg'
[8.216s] Level 1:colcon.colcon_core.package_identification:_identify(src/control) by extensions ['colcon_meta']
[8.216s] Level 1:colcon.colcon_core.package_identification:_identify(src/control) by extension 'colcon_meta'
[8.216s] Level 1:colcon.colcon_core.package_identification:_identify(src/control) by extensions ['ros']
[8.217s] Level 1:colcon.colcon_core.package_identification:_identify(src/control) by extension 'ros'
[8.218s] DEBUG:colcon.colcon_core.package_identification:Package 'src/control' with type 'ros.ament_python' and name 'control'
[8.219s] Level 1:colcon.colcon_core.package_discovery:discover_packages(recursive) using defaults
[8.219s] Level 1:colcon.colcon_core.package_discovery:discover_packages(ignore) discover
[8.219s] Level 1:colcon.colcon_core.package_discovery:discover_packages(ignore) using defaults
[8.219s] Level 1:colcon.colcon_core.package_discovery:discover_packages(path) discover
[8.219s] Level 1:colcon.colcon_core.package_discovery:discover_packages(path) using defaults
[8.487s] Level 5:colcon.colcon_core.verb:set package 'camera' build argument 'cmake_args' from command line to 'None'
[8.487s] Level 5:colcon.colcon_core.verb:set package 'camera' build argument 'cmake_target' from command line to 'None'
[8.487s] Level 5:colcon.colcon_core.verb:set package 'camera' build argument 'cmake_target_skip_unavailable' from command line to 'False'
[8.488s] Level 5:colcon.colcon_core.verb:set package 'camera' build argument 'cmake_clean_cache' from command line to 'False'
[8.488s] Level 5:colcon.colcon_core.verb:set package 'camera' build argument 'cmake_clean_first' from command line to 'False'
[8.488s] Level 5:colcon.colcon_core.verb:set package 'camera' build argument 'cmake_force_configure' from command line to 'False'
[8.488s] Level 5:colcon.colcon_core.verb:set package 'camera' build argument 'ament_cmake_args' from command line to 'None'
[8.488s] Level 5:colcon.colcon_core.verb:set package 'camera' build argument 'catkin_cmake_args' from command line to 'None'
[8.488s] Level 5:colcon.colcon_core.verb:set package 'camera' build argument 'catkin_skip_building_tests' from command line to 'False'
[8.489s] DEBUG:colcon.colcon_core.verb:Building package 'camera' with the following arguments: {'ament_cmake_args': None, 'build_base': '/workspace/build/camera', 'catkin_cmake_args': None, 'catkin_skip_building_tests': False, 'cmake_args': None, 'cmake_clean_cache': False, 'cmake_clean_first': False, 'cmake_force_configure': False, 'cmake_target': None, 'cmake_target_skip_unavailable': False, 'install_base': '/workspace/install/camera', 'merge_install': False, 'path': '/workspace/src/camera', 'symlink_install': True, 'test_result_base': None}
[8.544s] Level 5:colcon.colcon_core.verb:set package 'control' build argument 'cmake_args' from command line to 'None'
[8.545s] Level 5:colcon.colcon_core.verb:set package 'control' build argument 'cmake_target' from command line to 'None'
[8.545s] Level 5:colcon.colcon_core.verb:set package 'control' build argument 'cmake_target_skip_unavailable' from command line to 'False'
[8.545s] Level 5:colcon.colcon_core.verb:set package 'control' build argument 'cmake_clean_cache' from command line to 'False'
[8.545s] Level 5:colcon.colcon_core.verb:set package 'control' build argument 'cmake_clean_first' from command line to 'False'
[8.545s] Level 5:colcon.colcon_core.verb:set package 'control' build argument 'cmake_force_configure' from command line to 'False'
[8.545s] Level 5:colcon.colcon_core.verb:set package 'control' build argument 'ament_cmake_args' from command line to 'None'
[8.545s] Level 5:colcon.colcon_core.verb:set package 'control' build argument 'catkin_cmake_args' from command line to 'None'
[8.545s] Level 5:colcon.colcon_core.verb:set package 'control' build argument 'catkin_skip_building_tests' from command line to 'False'
[8.546s] DEBUG:colcon.colcon_core.verb:Building package 'control' with the following arguments: {'ament_cmake_args': None, 'build_base': '/workspace/build/control', 'catkin_cmake_args': None, 'catkin_skip_building_tests': False, 'cmake_args': None, 'cmake_clean_cache': False, 'cmake_clean_first': False, 'cmake_force_configure': False, 'cmake_target': None, 'cmake_target_skip_unavailable': False, 'install_base': '/workspace/install/control', 'merge_install': False, 'path': '/workspace/src/control', 'symlink_install': True, 'test_result_base': None}
[8.596s] INFO:colcon.colcon_core.executor:Executing jobs using 'parallel' executor
[8.659s] DEBUG:colcon.colcon_parallel_executor.executor.parallel:run_until_complete
[8.660s] INFO:colcon.colcon_ros.task.ament_python.build:Building ROS package in '/workspace/src/camera' with build type 'ament_python'
[8.662s] Level 1:colcon.colcon_core.shell:create_environment_hook('camera', 'ament_prefix_path')
[8.724s] INFO:colcon.colcon_core.plugin_system:Skipping extension 'colcon_core.shell.bat': Not used on non-Windows systems
[8.724s] INFO:colcon.colcon_core.shell:Creating environment hook '/workspace/install/camera/share/camera/hook/ament_prefix_path.ps1'
[8.727s] INFO:colcon.colcon_core.shell:Creating environment descriptor '/workspace/install/camera/share/camera/hook/ament_prefix_path.dsv'
[8.731s] INFO:colcon.colcon_core.shell:Creating environment hook '/workspace/install/camera/share/camera/hook/ament_prefix_path.sh'
[8.786s] INFO:colcon.colcon_core.shell:Skip shell extension 'powershell' for command environment: Not usable outside of PowerShell
[8.787s] DEBUG:colcon.colcon_core.shell:Skip shell extension 'dsv' for command environment
[8.992s] INFO:colcon.colcon_ros.task.ament_python.build:Building ROS package in '/workspace/src/control' with build type 'ament_python'
[8.994s] Level 1:colcon.colcon_core.shell:create_environment_hook('control', 'ament_prefix_path')
[9.053s] INFO:colcon.colcon_core.shell:Creating environment hook '/workspace/install/control/share/control/hook/ament_prefix_path.ps1'
[9.055s] INFO:colcon.colcon_core.shell:Creating environment descriptor '/workspace/install/control/share/control/hook/ament_prefix_path.dsv'
[9.057s] INFO:colcon.colcon_core.shell:Creating environment hook '/workspace/install/control/share/control/hook/ament_prefix_path.sh'
[9.108s] INFO:colcon.colcon_core.shell:Skip shell extension 'powershell' for command environment: Not usable outside of PowerShell
[9.109s] DEBUG:colcon.colcon_core.shell:Skip shell extension 'dsv' for command environment
[10.123s] INFO:colcon.colcon_core.task.python.build:Building Python package in '/workspace/src/camera'
[10.181s] INFO:colcon.colcon_core.shell:Skip shell extension 'powershell' for command environment: Not usable outside of PowerShell
[10.182s] DEBUG:colcon.colcon_core.shell:Skip shell extension 'dsv' for command environment
[11.208s] INFO:colcon.colcon_core.task.python.build:Building Python package in '/workspace/src/control'
[11.270s] INFO:colcon.colcon_core.shell:Skip shell extension 'powershell' for command environment: Not usable outside of PowerShell
[11.270s] DEBUG:colcon.colcon_core.shell:Skip shell extension 'dsv' for command environment
[13.725s] DEBUG:colcon.colcon_core.event_handler.log_command:Invoking command in '/workspace/build/camera': PYTHONPATH=/workspace/build/camera/prefix_override:/workspace/install/camera/lib/python3.8/site-packages:${PYTHONPATH} /usr/bin/python3 setup.py develop --editable --build-directory /workspace/build/camera/build --no-deps install_data
[13.768s] DEBUG:colcon.colcon_core.event_handler.log_command:Invoking command in '/workspace/build/control': PYTHONPATH=/workspace/build/control/prefix_override:/workspace/install/control/lib/python3.8/site-packages:${PYTHONPATH} /usr/bin/python3 setup.py develop --editable --build-directory /workspace/build/control/build --no-deps install_data
[16.602s] Level 1:colcon.colcon_core.shell:create_environment_hook('camera', 'pythonpath_develop')
[16.607s] DEBUG:colcon.colcon_core.event_handler.log_command:Invoked command in '/workspace/build/camera' returned '0': PYTHONPATH=/workspace/build/camera/prefix_override:/workspace/install/camera/lib/python3.8/site-packages:${PYTHONPATH} /usr/bin/python3 setup.py develop --editable --build-directory /workspace/build/camera/build --no-deps install_data
[16.675s] INFO:colcon.colcon_core.shell:Creating environment hook '/workspace/build/camera/share/camera/hook/pythonpath_develop.ps1'
[16.678s] INFO:colcon.colcon_core.shell:Creating environment descriptor '/workspace/build/camera/share/camera/hook/pythonpath_develop.dsv'
[16.679s] INFO:colcon.colcon_core.shell:Creating environment hook '/workspace/build/camera/share/camera/hook/pythonpath_develop.sh'
[16.743s] Level 1:colcon.colcon_core.environment:checking '/workspace/install/camera' for CMake module files
[16.746s] Level 1:colcon.colcon_core.environment:checking '/workspace/install/camera' for CMake config files
[16.750s] Level 1:colcon.colcon_core.environment:checking '/workspace/install/camera/lib'
[16.751s] Level 1:colcon.colcon_core.environment:checking '/workspace/install/camera/bin'
[16.751s] Level 1:colcon.colcon_core.environment:checking '/workspace/install/camera/lib/pkgconfig/camera.pc'
[16.752s] Level 1:colcon.colcon_core.environment:checking '/workspace/install/camera/lib/python3.8/site-packages'
[16.753s] Level 1:colcon.colcon_core.shell:create_environment_hook('camera', 'pythonpath')
[16.806s] INFO:colcon.colcon_core.shell:Creating environment hook '/workspace/install/camera/share/camera/hook/pythonpath.ps1'
[16.808s] INFO:colcon.colcon_core.shell:Creating environment descriptor '/workspace/install/camera/share/camera/hook/pythonpath.dsv'
[16.809s] INFO:colcon.colcon_core.shell:Creating environment hook '/workspace/install/camera/share/camera/hook/pythonpath.sh'
[16.811s] Level 1:colcon.colcon_core.environment:checking '/workspace/install/camera/bin'
[16.811s] Level 1:colcon.colcon_core.environment:create_environment_scripts_only(camera)
[16.862s] INFO:colcon.colcon_core.shell:Creating package script '/workspace/install/camera/share/camera/package.ps1'
[16.866s] INFO:colcon.colcon_core.shell:Creating package descriptor '/workspace/install/camera/share/camera/package.dsv'
[16.869s] INFO:colcon.colcon_core.shell:Creating package script '/workspace/install/camera/share/camera/package.sh'
[16.872s] INFO:colcon.colcon_core.shell:Creating package script '/workspace/install/camera/share/camera/package.bash'
[16.874s] INFO:colcon.colcon_core.shell:Creating package script '/workspace/install/camera/share/camera/package.zsh'
[16.876s] Level 1:colcon.colcon_core.environment:create_file_with_runtime_dependencies(/workspace/install/camera/share/colcon-core/packages/camera)
[16.882s] Level 1:colcon.colcon_core.shell:create_environment_hook('control', 'pythonpath_develop')
[16.885s] DEBUG:colcon.colcon_core.event_handler.log_command:Invoked command in '/workspace/build/control' returned '0': PYTHONPATH=/workspace/build/control/prefix_override:/workspace/install/control/lib/python3.8/site-packages:${PYTHONPATH} /usr/bin/python3 setup.py develop --editable --build-directory /workspace/build/control/build --no-deps install_data
[16.936s] INFO:colcon.colcon_core.shell:Creating environment hook '/workspace/build/control/share/control/hook/pythonpath_develop.ps1'
[16.938s] INFO:colcon.colcon_core.shell:Creating environment descriptor '/workspace/build/control/share/control/hook/pythonpath_develop.dsv'
[16.941s] INFO:colcon.colcon_core.shell:Creating environment hook '/workspace/build/control/share/control/hook/pythonpath_develop.sh'
[16.996s] Level 1:colcon.colcon_core.environment:checking '/workspace/install/control' for CMake module files
[16.998s] Level 1:colcon.colcon_core.environment:checking '/workspace/install/control' for CMake config files
[17.000s] Level 1:colcon.colcon_core.environment:checking '/workspace/install/control/lib'
[17.000s] Level 1:colcon.colcon_core.environment:checking '/workspace/install/control/bin'
[17.001s] Level 1:colcon.colcon_core.environment:checking '/workspace/install/control/lib/pkgconfig/control.pc'
[17.002s] Level 1:colcon.colcon_core.environment:checking '/workspace/install/control/lib/python3.8/site-packages'
[17.002s] Level 1:colcon.colcon_core.shell:create_environment_hook('control', 'pythonpath')
[17.052s] INFO:colcon.colcon_core.shell:Creating environment hook '/workspace/install/control/share/control/hook/pythonpath.ps1'
[17.053s] INFO:colcon.colcon_core.shell:Creating environment descriptor '/workspace/install/control/share/control/hook/pythonpath.dsv'
[17.055s] INFO:colcon.colcon_core.shell:Creating environment hook '/workspace/install/control/share/control/hook/pythonpath.sh'
[17.057s] Level 1:colcon.colcon_core.environment:checking '/workspace/install/control/bin'
[17.058s] Level 1:colcon.colcon_core.environment:create_environment_scripts_only(control)
[17.110s] INFO:colcon.colcon_core.shell:Creating package script '/workspace/install/control/share/control/package.ps1'
[17.112s] INFO:colcon.colcon_core.shell:Creating package descriptor '/workspace/install/control/share/control/package.dsv'
[17.115s] INFO:colcon.colcon_core.shell:Creating package script '/workspace/install/control/share/control/package.sh'
[17.118s] INFO:colcon.colcon_core.shell:Creating package script '/workspace/install/control/share/control/package.bash'
[17.120s] INFO:colcon.colcon_core.shell:Creating package script '/workspace/install/control/share/control/package.zsh'
[17.121s] Level 1:colcon.colcon_core.environment:create_file_with_runtime_dependencies(/workspace/install/control/share/colcon-core/packages/control)
[17.123s] DEBUG:colcon.colcon_parallel_executor.executor.parallel:closing loop
[17.124s] DEBUG:colcon.colcon_parallel_executor.executor.parallel:loop closed
[17.124s] DEBUG:colcon.colcon_parallel_executor.executor.parallel:run_until_complete finished with '0'
[17.125s] DEBUG:colcon.colcon_core.event_reactor:joining thread
[17.215s] INFO:colcon.colcon_core.plugin_system:Skipping extension 'colcon_notification.desktop_notification.notify_send': Could not find 'notify-send'
[17.215s] INFO:colcon.colcon_core.plugin_system:Skipping extension 'colcon_notification.desktop_notification.terminal_notifier': Not used on non-Darwin systems
[17.216s] INFO:colcon.colcon_core.plugin_system:Skipping extension 'colcon_notification.desktop_notification.win32': Not used on non-Windows systems
[17.216s] INFO:colcon.colcon_notification.desktop_notification:Sending desktop notification using 'notify2'
[17.236s] DEBUG:colcon.colcon_notification.desktop_notification.notify2:Failed to initialize notify2: org.freedesktop.DBus.Error.ServiceUnknown: The name org.freedesktop.Notifications was not provided by any .service files
[17.238s] DEBUG:colcon.colcon_core.event_reactor:joined thread
[17.297s] INFO:colcon.colcon_core.shell:Creating prefix script '/workspace/install/local_setup.ps1'
[17.301s] INFO:colcon.colcon_core.shell:Creating prefix util module '/workspace/install/_local_setup_util_ps1.py'
[17.306s] INFO:colcon.colcon_core.shell:Creating prefix chain script '/workspace/install/setup.ps1'
[17.358s] INFO:colcon.colcon_core.shell:Creating prefix script '/workspace/install/local_setup.sh'
[17.360s] INFO:colcon.colcon_core.shell:Creating prefix util module '/workspace/install/_local_setup_util_sh.py'
[17.362s] INFO:colcon.colcon_core.shell:Creating prefix chain script '/workspace/install/setup.sh'
[17.415s] INFO:colcon.colcon_core.shell:Creating prefix script '/workspace/install/local_setup.bash'
[17.417s] INFO:colcon.colcon_core.shell:Creating prefix chain script '/workspace/install/setup.bash'
[17.470s] INFO:colcon.colcon_core.shell:Creating prefix script '/workspace/install/local_setup.zsh'
[17.472s] INFO:colcon.colcon_core.shell:Creating prefix chain script '/workspace/install/setup.zsh'
