[0.000000] (-) TimerEvent: {}
[0.001368] (camera) JobQueued: {'identifier': 'camera', 'dependencies': OrderedDict()}
[0.001672] (control) JobQueued: {'identifier': 'control', 'dependencies': OrderedDict()}
[0.003005] (camera) JobStarted: {'identifier': 'camera'}
[0.099776] (-) TimerEvent: {}
[0.201030] (-) TimerEvent: {}
[0.305222] (-) TimerEvent: {}
[0.409999] (-) TimerEvent: {}
[0.510961] (-) TimerEvent: {}
[0.615362] (-) TimerEvent: {}
[0.719471] (-) TimerEvent: {}
[0.824107] (-) TimerEvent: {}
[0.926576] (-) TimerEvent: {}
[0.944639] (control) JobStarted: {'identifier': 'control'}
[1.027188] (-) TimerEvent: {}
[1.129148] (-) TimerEvent: {}
[1.241227] (-) TimerEvent: {}
[1.343593] (-) TimerEvent: {}
[1.445525] (-) TimerEvent: {}
[1.546632] (-) TimerEvent: {}
[1.647458] (-) TimerEvent: {}
[1.749619] (-) TimerEvent: {}
[1.853415] (-) TimerEvent: {}
[1.956811] (-) TimerEvent: {}
[2.058791] (-) TimerEvent: {}
[2.165346] (-) TimerEvent: {}
[2.266873] (-) TimerEvent: {}
[2.368814] (-) TimerEvent: {}
[2.471318] (-) TimerEvent: {}
[2.574191] (-) TimerEvent: {}
[2.677647] (-) TimerEvent: {}
[2.785416] (-) TimerEvent: {}
[2.888354] (-) TimerEvent: {}
[2.990448] (-) TimerEvent: {}
[3.096208] (-) TimerEvent: {}
[3.199469] (-) TimerEvent: {}
[3.303795] (-) TimerEvent: {}
[3.407291] (-) TimerEvent: {}
[3.510081] (-) TimerEvent: {}
[3.615876] (-) TimerEvent: {}
[3.716692] (-) TimerEvent: {}
[3.818159] (-) TimerEvent: {}
[3.828599] (control) StderrLine: {'line': b'Traceback (most recent call last):\n  File "/usr/lib/python3/dist-packages/colcon_core/executor/__init__.py", line 91, in __call__\n    rc = await self.task(*args, **kwargs)\n  File "/usr/lib/python3/dist-packages/colcon_core/task/__init__.py", line 93, in __call__\n    return await task_method(*args, **kwargs)\n  File "/usr/lib/python3/dist-packages/colcon_ros/task/ament_python/build.py", line 102, in build\n    return await extension.build(additional_hooks=additional_hooks)\n  File "/usr/lib/python3/dist-packages/colcon_core/task/python/build.py", line 85, in build\n    available_commands = await self._get_available_commands(\n  File "/usr/lib/python3/dist-packages/colcon_core/task/python/build.py", line 175, in _get_available_commands\n    output = await check_output(\n  File "/usr/lib/python3/dist-packages/colcon_core/subprocess.py", line 129, in check_output\n    assert not rc, f\'Expected {args} to pass: {stderr_data}\'\nAssertionError: Expected [\'/usr/bin/python3\', \'setup.py\', \'--help-commands\'] to pass: Traceback (most recent call last):\n  File "setup.py", line 1, in <module>\n    from setuptools import find_packages, setup\n  File "/usr/local/lib/python3.8/dist-packages/setuptools/__init__.py", line 27, in <module>\n    from .dist import Distribution\n  File "/usr/local/lib/python3.8/dist-packages/setuptools/dist.py", line 30, in <module>\n    from . import (\n  File "/usr/local/lib/python3.8/dist-packages/setuptools/_entry_points.py", line 45, in <module>\n    def validate(eps: metadata.EntryPoints):\nAttributeError: module \'importlib_metadata\' has no attribute \'EntryPoints\'\n\n'}
[3.835110] (control) JobEnded: {'identifier': 'control', 'rc': 1}
[3.837274] (camera) StderrLine: {'line': b'Traceback (most recent call last):\n  File "/usr/lib/python3/dist-packages/colcon_core/executor/__init__.py", line 91, in __call__\n    rc = await self.task(*args, **kwargs)\n  File "/usr/lib/python3/dist-packages/colcon_core/task/__init__.py", line 93, in __call__\n    return await task_method(*args, **kwargs)\n  File "/usr/lib/python3/dist-packages/colcon_ros/task/ament_python/build.py", line 102, in build\n    return await extension.build(additional_hooks=additional_hooks)\n  File "/usr/lib/python3/dist-packages/colcon_core/task/python/build.py", line 85, in build\n    available_commands = await self._get_available_commands(\n  File "/usr/lib/python3/dist-packages/colcon_core/task/python/build.py", line 175, in _get_available_commands\n    output = await check_output(\n  File "/usr/lib/python3/dist-packages/colcon_core/subprocess.py", line 129, in check_output\n    assert not rc, f\'Expected {args} to pass: {stderr_data}\'\nAssertionError: Expected [\'/usr/bin/python3\', \'setup.py\', \'--help-commands\'] to pass: Traceback (most recent call last):\n  File "setup.py", line 1, in <module>\n    from setuptools import find_packages, setup\n  File "/usr/local/lib/python3.8/dist-packages/setuptools/__init__.py", line 27, in <module>\n    from .dist import Distribution\n  File "/usr/local/lib/python3.8/dist-packages/setuptools/dist.py", line 30, in <module>\n    from . import (\n  File "/usr/local/lib/python3.8/dist-packages/setuptools/_entry_points.py", line 45, in <module>\n    def validate(eps: metadata.EntryPoints):\nAttributeError: module \'importlib_metadata\' has no attribute \'EntryPoints\'\n\n'}
[3.838930] (camera) JobEnded: {'identifier': 'camera', 'rc': 1}
[3.846139] (-) EventReactorShutdown: {}
