running egg_info
writing ../../build/camera/camera.egg-info/PKG-INFO
writing dependency_links to ../../build/camera/camera.egg-info/dependency_links.txt
writing entry points to ../../build/camera/camera.egg-info/entry_points.txt
writing requirements to ../../build/camera/camera.egg-info/requires.txt
writing top-level names to ../../build/camera/camera.egg-info/top_level.txt
reading manifest file '../../build/camera/camera.egg-info/SOURCES.txt'
writing manifest file '../../build/camera/camera.egg-info/SOURCES.txt'
running build
running build_py
copying camera/liner_node.py -> /home/iclab/autorace/build/camera/build/lib/camera
running install
running install_lib
copying /home/iclab/autorace/build/camera/build/lib/camera/liner_node.py -> /home/iclab/autorace/install/camera/lib/python3.8/site-packages/camera
byte-compiling /home/iclab/autorace/install/camera/lib/python3.8/site-packages/camera/liner_node.py to liner_node.cpython-38.pyc
running install_data
running install_egg_info
removing '/home/iclab/autorace/install/camera/lib/python3.8/site-packages/camera-0.0.0-py3.8.egg-info' (and everything under it)
Copying ../../build/camera/camera.egg-info to /home/iclab/autorace/install/camera/lib/python3.8/site-packages/camera-0.0.0-py3.8.egg-info
running install_scripts
Installing camera_node script to /home/iclab/autorace/install/camera/lib/camera
Installing lane_follower_node script to /home/iclab/autorace/install/camera/lib/camera
Installing yolo_node script to /home/iclab/autorace/install/camera/lib/camera
writing list of installed files to '/home/iclab/autorace/build/camera/install.log'
