[7.401s] DEBUG:colcon:Command line arguments: ['/usr/bin/colcon', 'build', '--symlink-install']
[7.401s] DEBUG:colcon:Parsed command line arguments: Namespace(ament_cmake_args=None, base_paths=['.'], build_base='build', catkin_cmake_args=None, catkin_skip_building_tests=False, cmake_args=None, cmake_clean_cache=False, cmake_clean_first=False, cmake_force_configure=False, cmake_target=None, cmake_target_skip_unavailable=False, continue_on_error=False, event_handlers=None, executor='parallel', ignore_user_meta=False, install_base='install', log_base=None, log_level=None, main=<bound method BuildVerb.main of <colcon_core.verb.build.BuildVerb object at 0xffff99ec65e0>>, merge_install=False, metas=['./colcon.meta'], packages_above=None, packages_above_and_dependencies=None, packages_above_depth=None, packages_end=None, packages_ignore=None, packages_ignore_regex=None, packages_select=None, packages_select_build_failed=False, packages_select_by_dep=None, packages_select_regex=None, packages_select_test_failures=False, packages_skip=None, packages_skip_build_finished=False, packages_skip_by_dep=None, packages_skip_regex=None, packages_skip_test_passed=False, packages_skip_up_to=None, packages_start=None, packages_up_to=None, packages_up_to_regex=None, parallel_workers=8, paths=None, symlink_install=True, test_result_base=None, verb_extension=<colcon_core.verb.build.BuildVerb object at 0xffff99ec65e0>, verb_name='build', verb_parser=<colcon_defaults.argument_parser.defaults.DefaultArgumentsDecorator object at 0xffff99ee06d0>)
[7.668s] Level 1:colcon.colcon_core.package_discovery:discover_packages(colcon_meta) check parameters
[7.668s] Level 1:colcon.colcon_core.package_discovery:discover_packages(recursive) check parameters
[7.669s] Level 1:colcon.colcon_core.package_discovery:discover_packages(ignore) check parameters
[7.669s] Level 1:colcon.colcon_core.package_discovery:discover_packages(path) check parameters
[7.669s] Level 1:colcon.colcon_core.package_discovery:discover_packages(colcon_meta) discover
[7.669s] Level 1:colcon.colcon_core.package_discovery:discover_packages(recursive) discover
[7.669s] INFO:colcon.colcon_core.package_discovery:Crawling recursively for packages in '/workspace'
[7.670s] Level 1:colcon.colcon_core.package_identification:_identify(.) by extensions ['ignore', 'ignore_ament_install']
[7.670s] Level 1:colcon.colcon_core.package_identification:_identify(.) by extension 'ignore'
[7.670s] Level 1:colcon.colcon_core.package_identification:_identify(.) by extension 'ignore_ament_install'
[7.671s] Level 1:colcon.colcon_core.package_identification:_identify(.) by extensions ['colcon_pkg']
[7.671s] Level 1:colcon.colcon_core.package_identification:_identify(.) by extension 'colcon_pkg'
[7.671s] Level 1:colcon.colcon_core.package_identification:_identify(.) by extensions ['colcon_meta']
[7.671s] Level 1:colcon.colcon_core.package_identification:_identify(.) by extension 'colcon_meta'
[7.671s] Level 1:colcon.colcon_core.package_identification:_identify(.) by extensions ['ros']
[7.671s] Level 1:colcon.colcon_core.package_identification:_identify(.) by extension 'ros'
[7.723s] Level 1:colcon.colcon_core.package_identification:_identify(.) by extensions ['cmake', 'python']
[7.724s] Level 1:colcon.colcon_core.package_identification:_identify(.) by extension 'cmake'
[7.724s] Level 1:colcon.colcon_core.package_identification:_identify(.) by extension 'python'
[7.724s] Level 1:colcon.colcon_core.package_identification:_identify(.) by extensions ['python_setup_py']
[7.724s] Level 1:colcon.colcon_core.package_identification:_identify(.) by extension 'python_setup_py'
[7.725s] Level 1:colcon.colcon_core.package_identification:_identify(build) by extensions ['ignore', 'ignore_ament_install']
[7.725s] Level 1:colcon.colcon_core.package_identification:_identify(build) by extension 'ignore'
[7.726s] Level 1:colcon.colcon_core.package_identification:_identify(build) ignored
[7.726s] Level 1:colcon.colcon_core.package_identification:_identify(docker) by extensions ['ignore', 'ignore_ament_install']
[7.726s] Level 1:colcon.colcon_core.package_identification:_identify(docker) by extension 'ignore'
[7.727s] Level 1:colcon.colcon_core.package_identification:_identify(docker) by extension 'ignore_ament_install'
[7.727s] Level 1:colcon.colcon_core.package_identification:_identify(docker) by extensions ['colcon_pkg']
[7.727s] Level 1:colcon.colcon_core.package_identification:_identify(docker) by extension 'colcon_pkg'
[7.727s] Level 1:colcon.colcon_core.package_identification:_identify(docker) by extensions ['colcon_meta']
[7.727s] Level 1:colcon.colcon_core.package_identification:_identify(docker) by extension 'colcon_meta'
[7.728s] Level 1:colcon.colcon_core.package_identification:_identify(docker) by extensions ['ros']
[7.728s] Level 1:colcon.colcon_core.package_identification:_identify(docker) by extension 'ros'
[7.728s] Level 1:colcon.colcon_core.package_identification:_identify(docker) by extensions ['cmake', 'python']
[7.728s] Level 1:colcon.colcon_core.package_identification:_identify(docker) by extension 'cmake'
[7.728s] Level 1:colcon.colcon_core.package_identification:_identify(docker) by extension 'python'
[7.729s] Level 1:colcon.colcon_core.package_identification:_identify(docker) by extensions ['python_setup_py']
[7.729s] Level 1:colcon.colcon_core.package_identification:_identify(docker) by extension 'python_setup_py'
[7.729s] Level 1:colcon.colcon_core.package_identification:_identify(docker/jetson_r35) by extensions ['ignore', 'ignore_ament_install']
[7.730s] Level 1:colcon.colcon_core.package_identification:_identify(docker/jetson_r35) by extension 'ignore'
[7.730s] Level 1:colcon.colcon_core.package_identification:_identify(docker/jetson_r35) by extension 'ignore_ament_install'
[7.730s] Level 1:colcon.colcon_core.package_identification:_identify(docker/jetson_r35) by extensions ['colcon_pkg']
[7.730s] Level 1:colcon.colcon_core.package_identification:_identify(docker/jetson_r35) by extension 'colcon_pkg'
[7.730s] Level 1:colcon.colcon_core.package_identification:_identify(docker/jetson_r35) by extensions ['colcon_meta']
[7.730s] Level 1:colcon.colcon_core.package_identification:_identify(docker/jetson_r35) by extension 'colcon_meta'
[7.731s] Level 1:colcon.colcon_core.package_identification:_identify(docker/jetson_r35) by extensions ['ros']
[7.731s] Level 1:colcon.colcon_core.package_identification:_identify(docker/jetson_r35) by extension 'ros'
[7.731s] Level 1:colcon.colcon_core.package_identification:_identify(docker/jetson_r35) by extensions ['cmake', 'python']
[7.731s] Level 1:colcon.colcon_core.package_identification:_identify(docker/jetson_r35) by extension 'cmake'
[7.731s] Level 1:colcon.colcon_core.package_identification:_identify(docker/jetson_r35) by extension 'python'
[7.731s] Level 1:colcon.colcon_core.package_identification:_identify(docker/jetson_r35) by extensions ['python_setup_py']
[7.732s] Level 1:colcon.colcon_core.package_identification:_identify(docker/jetson_r35) by extension 'python_setup_py'
[7.732s] Level 1:colcon.colcon_core.package_identification:_identify(install) by extensions ['ignore', 'ignore_ament_install']
[7.732s] Level 1:colcon.colcon_core.package_identification:_identify(install) by extension 'ignore'
[7.733s] Level 1:colcon.colcon_core.package_identification:_identify(install) ignored
[7.733s] Level 1:colcon.colcon_core.package_identification:_identify(log) by extensions ['ignore', 'ignore_ament_install']
[7.734s] Level 1:colcon.colcon_core.package_identification:_identify(log) by extension 'ignore'
[7.734s] Level 1:colcon.colcon_core.package_identification:_identify(log) ignored
[7.734s] Level 1:colcon.colcon_core.package_identification:_identify(src) by extensions ['ignore', 'ignore_ament_install']
[7.735s] Level 1:colcon.colcon_core.package_identification:_identify(src) by extension 'ignore'
[7.735s] Level 1:colcon.colcon_core.package_identification:_identify(src) by extension 'ignore_ament_install'
[7.735s] Level 1:colcon.colcon_core.package_identification:_identify(src) by extensions ['colcon_pkg']
[7.735s] Level 1:colcon.colcon_core.package_identification:_identify(src) by extension 'colcon_pkg'
[7.735s] Level 1:colcon.colcon_core.package_identification:_identify(src) by extensions ['colcon_meta']
[7.735s] Level 1:colcon.colcon_core.package_identification:_identify(src) by extension 'colcon_meta'
[7.736s] Level 1:colcon.colcon_core.package_identification:_identify(src) by extensions ['ros']
[7.736s] Level 1:colcon.colcon_core.package_identification:_identify(src) by extension 'ros'
[7.736s] Level 1:colcon.colcon_core.package_identification:_identify(src) by extensions ['cmake', 'python']
[7.736s] Level 1:colcon.colcon_core.package_identification:_identify(src) by extension 'cmake'
[7.736s] Level 1:colcon.colcon_core.package_identification:_identify(src) by extension 'python'
[7.737s] Level 1:colcon.colcon_core.package_identification:_identify(src) by extensions ['python_setup_py']
[7.737s] Level 1:colcon.colcon_core.package_identification:_identify(src) by extension 'python_setup_py'
[7.737s] Level 1:colcon.colcon_core.package_identification:_identify(src/camera) by extensions ['ignore', 'ignore_ament_install']
[7.737s] Level 1:colcon.colcon_core.package_identification:_identify(src/camera) by extension 'ignore'
[7.738s] Level 1:colcon.colcon_core.package_identification:_identify(src/camera) by extension 'ignore_ament_install'
[7.738s] Level 1:colcon.colcon_core.package_identification:_identify(src/camera) by extensions ['colcon_pkg']
[7.738s] Level 1:colcon.colcon_core.package_identification:_identify(src/camera) by extension 'colcon_pkg'
[7.738s] Level 1:colcon.colcon_core.package_identification:_identify(src/camera) by extensions ['colcon_meta']
[7.738s] Level 1:colcon.colcon_core.package_identification:_identify(src/camera) by extension 'colcon_meta'
[7.738s] Level 1:colcon.colcon_core.package_identification:_identify(src/camera) by extensions ['ros']
[7.739s] Level 1:colcon.colcon_core.package_identification:_identify(src/camera) by extension 'ros'
[7.747s] DEBUG:colcon.colcon_core.package_identification:Package 'src/camera' with type 'ros.ament_python' and name 'camera'
[7.747s] Level 1:colcon.colcon_core.package_identification:_identify(src/control) by extensions ['ignore', 'ignore_ament_install']
[7.747s] Level 1:colcon.colcon_core.package_identification:_identify(src/control) by extension 'ignore'
[7.748s] Level 1:colcon.colcon_core.package_identification:_identify(src/control) by extension 'ignore_ament_install'
[7.748s] Level 1:colcon.colcon_core.package_identification:_identify(src/control) by extensions ['colcon_pkg']
[7.748s] Level 1:colcon.colcon_core.package_identification:_identify(src/control) by extension 'colcon_pkg'
[7.748s] Level 1:colcon.colcon_core.package_identification:_identify(src/control) by extensions ['colcon_meta']
[7.748s] Level 1:colcon.colcon_core.package_identification:_identify(src/control) by extension 'colcon_meta'
[7.748s] Level 1:colcon.colcon_core.package_identification:_identify(src/control) by extensions ['ros']
[7.749s] Level 1:colcon.colcon_core.package_identification:_identify(src/control) by extension 'ros'
[7.750s] DEBUG:colcon.colcon_core.package_identification:Package 'src/control' with type 'ros.ament_python' and name 'control'
[7.750s] Level 1:colcon.colcon_core.package_discovery:discover_packages(recursive) using defaults
[7.751s] Level 1:colcon.colcon_core.package_discovery:discover_packages(ignore) discover
[7.751s] Level 1:colcon.colcon_core.package_discovery:discover_packages(ignore) using defaults
[7.751s] Level 1:colcon.colcon_core.package_discovery:discover_packages(path) discover
[7.751s] Level 1:colcon.colcon_core.package_discovery:discover_packages(path) using defaults
[8.003s] Level 5:colcon.colcon_core.verb:set package 'camera' build argument 'cmake_args' from command line to 'None'
[8.003s] Level 5:colcon.colcon_core.verb:set package 'camera' build argument 'cmake_target' from command line to 'None'
[8.003s] Level 5:colcon.colcon_core.verb:set package 'camera' build argument 'cmake_target_skip_unavailable' from command line to 'False'
[8.003s] Level 5:colcon.colcon_core.verb:set package 'camera' build argument 'cmake_clean_cache' from command line to 'False'
[8.003s] Level 5:colcon.colcon_core.verb:set package 'camera' build argument 'cmake_clean_first' from command line to 'False'
[8.003s] Level 5:colcon.colcon_core.verb:set package 'camera' build argument 'cmake_force_configure' from command line to 'False'
[8.003s] Level 5:colcon.colcon_core.verb:set package 'camera' build argument 'ament_cmake_args' from command line to 'None'
[8.004s] Level 5:colcon.colcon_core.verb:set package 'camera' build argument 'catkin_cmake_args' from command line to 'None'
[8.004s] Level 5:colcon.colcon_core.verb:set package 'camera' build argument 'catkin_skip_building_tests' from command line to 'False'
[8.004s] DEBUG:colcon.colcon_core.verb:Building package 'camera' with the following arguments: {'ament_cmake_args': None, 'build_base': '/workspace/build/camera', 'catkin_cmake_args': None, 'catkin_skip_building_tests': False, 'cmake_args': None, 'cmake_clean_cache': False, 'cmake_clean_first': False, 'cmake_force_configure': False, 'cmake_target': None, 'cmake_target_skip_unavailable': False, 'install_base': '/workspace/install/camera', 'merge_install': False, 'path': '/workspace/src/camera', 'symlink_install': True, 'test_result_base': None}
[8.052s] Level 5:colcon.colcon_core.verb:set package 'control' build argument 'cmake_args' from command line to 'None'
[8.052s] Level 5:colcon.colcon_core.verb:set package 'control' build argument 'cmake_target' from command line to 'None'
[8.052s] Level 5:colcon.colcon_core.verb:set package 'control' build argument 'cmake_target_skip_unavailable' from command line to 'False'
[8.053s] Level 5:colcon.colcon_core.verb:set package 'control' build argument 'cmake_clean_cache' from command line to 'False'
[8.053s] Level 5:colcon.colcon_core.verb:set package 'control' build argument 'cmake_clean_first' from command line to 'False'
[8.053s] Level 5:colcon.colcon_core.verb:set package 'control' build argument 'cmake_force_configure' from command line to 'False'
[8.053s] Level 5:colcon.colcon_core.verb:set package 'control' build argument 'ament_cmake_args' from command line to 'None'
[8.053s] Level 5:colcon.colcon_core.verb:set package 'control' build argument 'catkin_cmake_args' from command line to 'None'
[8.053s] Level 5:colcon.colcon_core.verb:set package 'control' build argument 'catkin_skip_building_tests' from command line to 'False'
[8.053s] DEBUG:colcon.colcon_core.verb:Building package 'control' with the following arguments: {'ament_cmake_args': None, 'build_base': '/workspace/build/control', 'catkin_cmake_args': None, 'catkin_skip_building_tests': False, 'cmake_args': None, 'cmake_clean_cache': False, 'cmake_clean_first': False, 'cmake_force_configure': False, 'cmake_target': None, 'cmake_target_skip_unavailable': False, 'install_base': '/workspace/install/control', 'merge_install': False, 'path': '/workspace/src/control', 'symlink_install': True, 'test_result_base': None}
[8.101s] INFO:colcon.colcon_core.executor:Executing jobs using 'parallel' executor
[8.158s] DEBUG:colcon.colcon_parallel_executor.executor.parallel:run_until_complete
[8.159s] INFO:colcon.colcon_ros.task.ament_python.build:Building ROS package in '/workspace/src/camera' with build type 'ament_python'
[8.159s] Level 1:colcon.colcon_core.shell:create_environment_hook('camera', 'ament_prefix_path')
[8.229s] INFO:colcon.colcon_core.plugin_system:Skipping extension 'colcon_core.shell.bat': Not used on non-Windows systems
[8.230s] INFO:colcon.colcon_core.shell:Creating environment hook '/workspace/install/camera/share/camera/hook/ament_prefix_path.ps1'
[8.233s] INFO:colcon.colcon_core.shell:Creating environment descriptor '/workspace/install/camera/share/camera/hook/ament_prefix_path.dsv'
[8.235s] INFO:colcon.colcon_core.shell:Creating environment hook '/workspace/install/camera/share/camera/hook/ament_prefix_path.sh'
[8.288s] INFO:colcon.colcon_core.shell:Skip shell extension 'powershell' for command environment: Not usable outside of PowerShell
[8.289s] DEBUG:colcon.colcon_core.shell:Skip shell extension 'dsv' for command environment
[8.479s] INFO:colcon.colcon_ros.task.ament_python.build:Building ROS package in '/workspace/src/control' with build type 'ament_python'
[8.482s] Level 1:colcon.colcon_core.shell:create_environment_hook('control', 'ament_prefix_path')
[8.547s] INFO:colcon.colcon_core.shell:Creating environment hook '/workspace/install/control/share/control/hook/ament_prefix_path.ps1'
[8.550s] INFO:colcon.colcon_core.shell:Creating environment descriptor '/workspace/install/control/share/control/hook/ament_prefix_path.dsv'
[8.551s] INFO:colcon.colcon_core.shell:Creating environment hook '/workspace/install/control/share/control/hook/ament_prefix_path.sh'
[8.606s] INFO:colcon.colcon_core.shell:Skip shell extension 'powershell' for command environment: Not usable outside of PowerShell
[8.606s] DEBUG:colcon.colcon_core.shell:Skip shell extension 'dsv' for command environment
[9.561s] INFO:colcon.colcon_core.task.python.build:Building Python package in '/workspace/src/camera'
[9.620s] INFO:colcon.colcon_core.shell:Skip shell extension 'powershell' for command environment: Not usable outside of PowerShell
[9.620s] DEBUG:colcon.colcon_core.shell:Skip shell extension 'dsv' for command environment
[10.566s] INFO:colcon.colcon_core.task.python.build:Building Python package in '/workspace/src/control'
[10.620s] INFO:colcon.colcon_core.shell:Skip shell extension 'powershell' for command environment: Not usable outside of PowerShell
[10.621s] DEBUG:colcon.colcon_core.shell:Skip shell extension 'dsv' for command environment
[12.876s] DEBUG:colcon.colcon_core.event_handler.log_command:Invoking command in '/workspace/build/camera': PYTHONPATH=/workspace/build/camera/prefix_override:/workspace/install/camera/lib/python3.8/site-packages:${PYTHONPATH} /usr/bin/python3 setup.py develop --editable --build-directory /workspace/build/camera/build --no-deps install_data
[13.121s] DEBUG:colcon.colcon_core.event_handler.log_command:Invoking command in '/workspace/build/control': PYTHONPATH=/workspace/build/control/prefix_override:/workspace/install/control/lib/python3.8/site-packages:${PYTHONPATH} /usr/bin/python3 setup.py develop --editable --build-directory /workspace/build/control/build --no-deps install_data
[15.463s] Level 1:colcon.colcon_core.shell:create_environment_hook('camera', 'pythonpath_develop')
[15.466s] DEBUG:colcon.colcon_core.event_handler.log_command:Invoked command in '/workspace/build/camera' returned '0': PYTHONPATH=/workspace/build/camera/prefix_override:/workspace/install/camera/lib/python3.8/site-packages:${PYTHONPATH} /usr/bin/python3 setup.py develop --editable --build-directory /workspace/build/camera/build --no-deps install_data
[15.532s] INFO:colcon.colcon_core.shell:Creating environment hook '/workspace/build/camera/share/camera/hook/pythonpath_develop.ps1'
[15.535s] INFO:colcon.colcon_core.shell:Creating environment descriptor '/workspace/build/camera/share/camera/hook/pythonpath_develop.dsv'
[15.537s] INFO:colcon.colcon_core.shell:Creating environment hook '/workspace/build/camera/share/camera/hook/pythonpath_develop.sh'
[15.625s] Level 1:colcon.colcon_core.environment:checking '/workspace/install/camera' for CMake module files
[15.628s] Level 1:colcon.colcon_core.environment:checking '/workspace/install/camera' for CMake config files
[15.633s] Level 1:colcon.colcon_core.environment:checking '/workspace/install/camera/lib'
[15.634s] Level 1:colcon.colcon_core.environment:checking '/workspace/install/camera/bin'
[15.634s] Level 1:colcon.colcon_core.environment:checking '/workspace/install/camera/lib/pkgconfig/camera.pc'
[15.636s] Level 1:colcon.colcon_core.environment:checking '/workspace/install/camera/lib/python3.8/site-packages'
[15.637s] Level 1:colcon.colcon_core.shell:create_environment_hook('camera', 'pythonpath')
[15.697s] INFO:colcon.colcon_core.shell:Creating environment hook '/workspace/install/camera/share/camera/hook/pythonpath.ps1'
[15.699s] INFO:colcon.colcon_core.shell:Creating environment descriptor '/workspace/install/camera/share/camera/hook/pythonpath.dsv'
[15.700s] INFO:colcon.colcon_core.shell:Creating environment hook '/workspace/install/camera/share/camera/hook/pythonpath.sh'
[15.703s] Level 1:colcon.colcon_core.environment:checking '/workspace/install/camera/bin'
[15.703s] Level 1:colcon.colcon_core.environment:create_environment_scripts_only(camera)
[15.760s] INFO:colcon.colcon_core.shell:Creating package script '/workspace/install/camera/share/camera/package.ps1'
[15.764s] INFO:colcon.colcon_core.shell:Creating package descriptor '/workspace/install/camera/share/camera/package.dsv'
[15.766s] INFO:colcon.colcon_core.shell:Creating package script '/workspace/install/camera/share/camera/package.sh'
[15.770s] INFO:colcon.colcon_core.shell:Creating package script '/workspace/install/camera/share/camera/package.bash'
[15.775s] INFO:colcon.colcon_core.shell:Creating package script '/workspace/install/camera/share/camera/package.zsh'
[15.778s] Level 1:colcon.colcon_core.environment:create_file_with_runtime_dependencies(/workspace/install/camera/share/colcon-core/packages/camera)
[15.785s] Level 1:colcon.colcon_core.shell:create_environment_hook('control', 'pythonpath_develop')
[15.787s] DEBUG:colcon.colcon_core.event_handler.log_command:Invoked command in '/workspace/build/control' returned '0': PYTHONPATH=/workspace/build/control/prefix_override:/workspace/install/control/lib/python3.8/site-packages:${PYTHONPATH} /usr/bin/python3 setup.py develop --editable --build-directory /workspace/build/control/build --no-deps install_data
[15.848s] INFO:colcon.colcon_core.shell:Creating environment hook '/workspace/build/control/share/control/hook/pythonpath_develop.ps1'
[15.850s] INFO:colcon.colcon_core.shell:Creating environment descriptor '/workspace/build/control/share/control/hook/pythonpath_develop.dsv'
[15.852s] INFO:colcon.colcon_core.shell:Creating environment hook '/workspace/build/control/share/control/hook/pythonpath_develop.sh'
[15.911s] Level 1:colcon.colcon_core.environment:checking '/workspace/install/control' for CMake module files
[15.913s] Level 1:colcon.colcon_core.environment:checking '/workspace/install/control' for CMake config files
[15.916s] Level 1:colcon.colcon_core.environment:checking '/workspace/install/control/lib'
[15.916s] Level 1:colcon.colcon_core.environment:checking '/workspace/install/control/bin'
[15.917s] Level 1:colcon.colcon_core.environment:checking '/workspace/install/control/lib/pkgconfig/control.pc'
[15.918s] Level 1:colcon.colcon_core.environment:checking '/workspace/install/control/lib/python3.8/site-packages'
[15.918s] Level 1:colcon.colcon_core.shell:create_environment_hook('control', 'pythonpath')
[16.017s] INFO:colcon.colcon_core.shell:Creating environment hook '/workspace/install/control/share/control/hook/pythonpath.ps1'
[16.019s] INFO:colcon.colcon_core.shell:Creating environment descriptor '/workspace/install/control/share/control/hook/pythonpath.dsv'
[16.021s] INFO:colcon.colcon_core.shell:Creating environment hook '/workspace/install/control/share/control/hook/pythonpath.sh'
[16.023s] Level 1:colcon.colcon_core.environment:checking '/workspace/install/control/bin'
[16.023s] Level 1:colcon.colcon_core.environment:create_environment_scripts_only(control)
[16.078s] INFO:colcon.colcon_core.shell:Creating package script '/workspace/install/control/share/control/package.ps1'
[16.081s] INFO:colcon.colcon_core.shell:Creating package descriptor '/workspace/install/control/share/control/package.dsv'
[16.084s] INFO:colcon.colcon_core.shell:Creating package script '/workspace/install/control/share/control/package.sh'
[16.086s] INFO:colcon.colcon_core.shell:Creating package script '/workspace/install/control/share/control/package.bash'
[16.087s] INFO:colcon.colcon_core.shell:Creating package script '/workspace/install/control/share/control/package.zsh'
[16.088s] Level 1:colcon.colcon_core.environment:create_file_with_runtime_dependencies(/workspace/install/control/share/colcon-core/packages/control)
[16.089s] DEBUG:colcon.colcon_parallel_executor.executor.parallel:closing loop
[16.090s] DEBUG:colcon.colcon_parallel_executor.executor.parallel:loop closed
[16.091s] DEBUG:colcon.colcon_parallel_executor.executor.parallel:run_until_complete finished with '0'
[16.092s] DEBUG:colcon.colcon_core.event_reactor:joining thread
[16.171s] INFO:colcon.colcon_core.plugin_system:Skipping extension 'colcon_notification.desktop_notification.notify_send': Could not find 'notify-send'
[16.173s] INFO:colcon.colcon_core.plugin_system:Skipping extension 'colcon_notification.desktop_notification.terminal_notifier': Not used on non-Darwin systems
[16.173s] INFO:colcon.colcon_core.plugin_system:Skipping extension 'colcon_notification.desktop_notification.win32': Not used on non-Windows systems
[16.173s] INFO:colcon.colcon_notification.desktop_notification:Sending desktop notification using 'notify2'
[16.195s] DEBUG:colcon.colcon_notification.desktop_notification.notify2:Failed to initialize notify2: org.freedesktop.DBus.Error.ServiceUnknown: The name org.freedesktop.Notifications was not provided by any .service files
[16.197s] DEBUG:colcon.colcon_core.event_reactor:joined thread
[16.263s] INFO:colcon.colcon_core.shell:Creating prefix script '/workspace/install/local_setup.ps1'
[16.267s] INFO:colcon.colcon_core.shell:Creating prefix util module '/workspace/install/_local_setup_util_ps1.py'
[16.272s] INFO:colcon.colcon_core.shell:Creating prefix chain script '/workspace/install/setup.ps1'
[16.332s] INFO:colcon.colcon_core.shell:Creating prefix script '/workspace/install/local_setup.sh'
[16.335s] INFO:colcon.colcon_core.shell:Creating prefix util module '/workspace/install/_local_setup_util_sh.py'
[16.338s] INFO:colcon.colcon_core.shell:Creating prefix chain script '/workspace/install/setup.sh'
[16.401s] INFO:colcon.colcon_core.shell:Creating prefix script '/workspace/install/local_setup.bash'
[16.403s] INFO:colcon.colcon_core.shell:Creating prefix chain script '/workspace/install/setup.bash'
[16.460s] INFO:colcon.colcon_core.shell:Creating prefix script '/workspace/install/local_setup.zsh'
[16.462s] INFO:colcon.colcon_core.shell:Creating prefix chain script '/workspace/install/setup.zsh'
