[3.344s] Invoking command in '/workspace/src/camera': PYTHONPATH=/workspace/build/camera/prefix_override:/usr/lib/python3/dist-packages/colcon_core/task/python/colcon_distutils_commands:/workspace/install/camera/lib/python3.8/site-packages:${PYTHONPATH} /usr/bin/python3 -W ignore:setup.py install is deprecated -W ignore:easy_install command is deprecated setup.py egg_info --egg-base ../../build/camera build --build-base /workspace/build/camera/build install --record /workspace/build/camera/install.log --single-version-externally-managed install_data
[4.146s] running egg_info
[4.147s] writing ../../build/camera/camera.egg-info/PKG-INFO
[4.149s] writing dependency_links to ../../build/camera/camera.egg-info/dependency_links.txt
[4.153s] writing entry points to ../../build/camera/camera.egg-info/entry_points.txt
[4.155s] writing requirements to ../../build/camera/camera.egg-info/requires.txt
[4.156s] writing top-level names to ../../build/camera/camera.egg-info/top_level.txt
[4.275s] reading manifest file '../../build/camera/camera.egg-info/SOURCES.txt'
[4.278s] writing manifest file '../../build/camera/camera.egg-info/SOURCES.txt'
[4.278s] running build
[4.279s] running build_py
[4.284s] running install
[4.284s] running install_lib
[4.291s] running install_data
[4.292s] running install_egg_info
[4.298s] removing '/workspace/install/camera/lib/python3.8/site-packages/camera-0.0.0-py3.8.egg-info' (and everything under it)
[4.300s] Copying ../../build/camera/camera.egg-info to /workspace/install/camera/lib/python3.8/site-packages/camera-0.0.0-py3.8.egg-info
[4.305s] running install_scripts
[4.365s] Installing camera_node script to /workspace/install/camera/lib/camera
[4.366s] Installing line_detector_follower_node script to /workspace/install/camera/lib/camera
[4.368s] Installing yolo_node script to /workspace/install/camera/lib/camera
[4.369s] writing list of installed files to '/workspace/build/camera/install.log'
[4.461s] Invoked command in '/workspace/src/camera' returned '0': PYTHONPATH=/workspace/build/camera/prefix_override:/usr/lib/python3/dist-packages/colcon_core/task/python/colcon_distutils_commands:/workspace/install/camera/lib/python3.8/site-packages:${PYTHONPATH} /usr/bin/python3 -W ignore:setup.py install is deprecated -W ignore:easy_install command is deprecated setup.py egg_info --egg-base ../../build/camera build --build-base /workspace/build/camera/build install --record /workspace/build/camera/install.log --single-version-externally-managed install_data
