[1.597s] DEBUG:colcon:Command line arguments: ['/usr/bin/colcon', 'build', '--symlink-install']
[1.598s] DEBUG:colcon:Parsed command line arguments: Namespace(allow_overriding=[], ament_cmake_args=None, base_paths=['.'], build_base='build', catkin_cmake_args=None, catkin_skip_building_tests=False, cmake_args=None, cmake_clean_cache=False, cmake_clean_first=False, cmake_force_configure=False, cmake_target=None, cmake_target_skip_unavailable=False, continue_on_error=False, event_handlers=None, executor='parallel', ignore_user_meta=False, install_base='install', log_base=None, log_level=None, main=<bound method BuildVerb.main of <colcon_core.verb.build.BuildVerb object at 0xffff8ae43370>>, merge_install=False, metas=['./colcon.meta'], mixin=None, mixin_files=None, mixin_verb=('build',), packages_above=None, packages_above_and_dependencies=None, packages_above_depth=None, packages_end=None, packages_ignore=None, packages_ignore_regex=None, packages_select=None, packages_select_build_failed=False, packages_select_by_dep=None, packages_select_regex=None, packages_select_test_failures=False, packages_skip=None, packages_skip_build_finished=False, packages_skip_by_dep=None, packages_skip_regex=None, packages_skip_test_passed=False, packages_skip_up_to=None, packages_start=None, packages_up_to=None, packages_up_to_regex=None, parallel_workers=8, paths=None, symlink_install=True, test_result_base=None, verb_extension=<colcon_core.verb.build.BuildVerb object at 0xffff8ae43370>, verb_name='build', verb_parser=<colcon_mixin.mixin.mixin_argument.MixinArgumentDecorator object at 0xffff8ae43af0>)
[2.403s] Level 1:colcon.colcon_core.package_discovery:discover_packages(colcon_meta) check parameters
[2.404s] Level 1:colcon.colcon_core.package_discovery:discover_packages(recursive) check parameters
[2.404s] Level 1:colcon.colcon_core.package_discovery:discover_packages(ignore) check parameters
[2.404s] Level 1:colcon.colcon_core.package_discovery:discover_packages(path) check parameters
[2.404s] Level 1:colcon.colcon_core.package_discovery:discover_packages(colcon_meta) discover
[2.405s] Level 1:colcon.colcon_core.package_discovery:discover_packages(recursive) discover
[2.405s] INFO:colcon.colcon_core.package_discovery:Crawling recursively for packages in '/home/iclab/autorace'
[2.405s] Level 1:colcon.colcon_core.package_identification:_identify(.) by extensions ['ignore', 'ignore_ament_install']
[2.406s] Level 1:colcon.colcon_core.package_identification:_identify(.) by extension 'ignore'
[2.406s] Level 1:colcon.colcon_core.package_identification:_identify(.) by extension 'ignore_ament_install'
[2.406s] Level 1:colcon.colcon_core.package_identification:_identify(.) by extensions ['colcon_pkg']
[2.406s] Level 1:colcon.colcon_core.package_identification:_identify(.) by extension 'colcon_pkg'
[2.406s] Level 1:colcon.colcon_core.package_identification:_identify(.) by extensions ['colcon_meta']
[2.407s] Level 1:colcon.colcon_core.package_identification:_identify(.) by extension 'colcon_meta'
[2.407s] Level 1:colcon.colcon_core.package_identification:_identify(.) by extensions ['ros']
[2.407s] Level 1:colcon.colcon_core.package_identification:_identify(.) by extension 'ros'
[2.532s] Level 1:colcon.colcon_core.package_identification:_identify(.) by extensions ['cmake', 'python']
[2.532s] Level 1:colcon.colcon_core.package_identification:_identify(.) by extension 'cmake'
[2.532s] Level 1:colcon.colcon_core.package_identification:_identify(.) by extension 'python'
[2.533s] Level 1:colcon.colcon_core.package_identification:_identify(.) by extensions ['python_setup_py']
[2.533s] Level 1:colcon.colcon_core.package_identification:_identify(.) by extension 'python_setup_py'
[2.533s] Level 1:colcon.colcon_core.package_identification:_identify(build) by extensions ['ignore', 'ignore_ament_install']
[2.534s] Level 1:colcon.colcon_core.package_identification:_identify(build) by extension 'ignore'
[2.534s] Level 1:colcon.colcon_core.package_identification:_identify(build) ignored
[2.534s] Level 1:colcon.colcon_core.package_identification:_identify(docker) by extensions ['ignore', 'ignore_ament_install']
[2.535s] Level 1:colcon.colcon_core.package_identification:_identify(docker) by extension 'ignore'
[2.535s] Level 1:colcon.colcon_core.package_identification:_identify(docker) by extension 'ignore_ament_install'
[2.535s] Level 1:colcon.colcon_core.package_identification:_identify(docker) by extensions ['colcon_pkg']
[2.536s] Level 1:colcon.colcon_core.package_identification:_identify(docker) by extension 'colcon_pkg'
[2.536s] Level 1:colcon.colcon_core.package_identification:_identify(docker) by extensions ['colcon_meta']
[2.536s] Level 1:colcon.colcon_core.package_identification:_identify(docker) by extension 'colcon_meta'
[2.536s] Level 1:colcon.colcon_core.package_identification:_identify(docker) by extensions ['ros']
[2.536s] Level 1:colcon.colcon_core.package_identification:_identify(docker) by extension 'ros'
[2.536s] Level 1:colcon.colcon_core.package_identification:_identify(docker) by extensions ['cmake', 'python']
[2.537s] Level 1:colcon.colcon_core.package_identification:_identify(docker) by extension 'cmake'
[2.537s] Level 1:colcon.colcon_core.package_identification:_identify(docker) by extension 'python'
[2.537s] Level 1:colcon.colcon_core.package_identification:_identify(docker) by extensions ['python_setup_py']
[2.537s] Level 1:colcon.colcon_core.package_identification:_identify(docker) by extension 'python_setup_py'
[2.537s] Level 1:colcon.colcon_core.package_identification:_identify(docker/jetson_r35) by extensions ['ignore', 'ignore_ament_install']
[2.538s] Level 1:colcon.colcon_core.package_identification:_identify(docker/jetson_r35) by extension 'ignore'
[2.538s] Level 1:colcon.colcon_core.package_identification:_identify(docker/jetson_r35) by extension 'ignore_ament_install'
[2.538s] Level 1:colcon.colcon_core.package_identification:_identify(docker/jetson_r35) by extensions ['colcon_pkg']
[2.538s] Level 1:colcon.colcon_core.package_identification:_identify(docker/jetson_r35) by extension 'colcon_pkg'
[2.538s] Level 1:colcon.colcon_core.package_identification:_identify(docker/jetson_r35) by extensions ['colcon_meta']
[2.538s] Level 1:colcon.colcon_core.package_identification:_identify(docker/jetson_r35) by extension 'colcon_meta'
[2.539s] Level 1:colcon.colcon_core.package_identification:_identify(docker/jetson_r35) by extensions ['ros']
[2.539s] Level 1:colcon.colcon_core.package_identification:_identify(docker/jetson_r35) by extension 'ros'
[2.539s] Level 1:colcon.colcon_core.package_identification:_identify(docker/jetson_r35) by extensions ['cmake', 'python']
[2.539s] Level 1:colcon.colcon_core.package_identification:_identify(docker/jetson_r35) by extension 'cmake'
[2.539s] Level 1:colcon.colcon_core.package_identification:_identify(docker/jetson_r35) by extension 'python'
[2.540s] Level 1:colcon.colcon_core.package_identification:_identify(docker/jetson_r35) by extensions ['python_setup_py']
[2.540s] Level 1:colcon.colcon_core.package_identification:_identify(docker/jetson_r35) by extension 'python_setup_py'
[2.540s] Level 1:colcon.colcon_core.package_identification:_identify(install) by extensions ['ignore', 'ignore_ament_install']
[2.540s] Level 1:colcon.colcon_core.package_identification:_identify(install) by extension 'ignore'
[2.541s] Level 1:colcon.colcon_core.package_identification:_identify(install) ignored
[2.542s] Level 1:colcon.colcon_core.package_identification:_identify(log) by extensions ['ignore', 'ignore_ament_install']
[2.542s] Level 1:colcon.colcon_core.package_identification:_identify(log) by extension 'ignore'
[2.542s] Level 1:colcon.colcon_core.package_identification:_identify(log) ignored
[2.542s] Level 1:colcon.colcon_core.package_identification:_identify(src) by extensions ['ignore', 'ignore_ament_install']
[2.543s] Level 1:colcon.colcon_core.package_identification:_identify(src) by extension 'ignore'
[2.543s] Level 1:colcon.colcon_core.package_identification:_identify(src) by extension 'ignore_ament_install'
[2.543s] Level 1:colcon.colcon_core.package_identification:_identify(src) by extensions ['colcon_pkg']
[2.543s] Level 1:colcon.colcon_core.package_identification:_identify(src) by extension 'colcon_pkg'
[2.544s] Level 1:colcon.colcon_core.package_identification:_identify(src) by extensions ['colcon_meta']
[2.544s] Level 1:colcon.colcon_core.package_identification:_identify(src) by extension 'colcon_meta'
[2.544s] Level 1:colcon.colcon_core.package_identification:_identify(src) by extensions ['ros']
[2.544s] Level 1:colcon.colcon_core.package_identification:_identify(src) by extension 'ros'
[2.544s] Level 1:colcon.colcon_core.package_identification:_identify(src) by extensions ['cmake', 'python']
[2.544s] Level 1:colcon.colcon_core.package_identification:_identify(src) by extension 'cmake'
[2.545s] Level 1:colcon.colcon_core.package_identification:_identify(src) by extension 'python'
[2.545s] Level 1:colcon.colcon_core.package_identification:_identify(src) by extensions ['python_setup_py']
[2.545s] Level 1:colcon.colcon_core.package_identification:_identify(src) by extension 'python_setup_py'
[2.545s] Level 1:colcon.colcon_core.package_identification:_identify(src/camera) by extensions ['ignore', 'ignore_ament_install']
[2.546s] Level 1:colcon.colcon_core.package_identification:_identify(src/camera) by extension 'ignore'
[2.546s] Level 1:colcon.colcon_core.package_identification:_identify(src/camera) by extension 'ignore_ament_install'
[2.546s] Level 1:colcon.colcon_core.package_identification:_identify(src/camera) by extensions ['colcon_pkg']
[2.546s] Level 1:colcon.colcon_core.package_identification:_identify(src/camera) by extension 'colcon_pkg'
[2.546s] Level 1:colcon.colcon_core.package_identification:_identify(src/camera) by extensions ['colcon_meta']
[2.546s] Level 1:colcon.colcon_core.package_identification:_identify(src/camera) by extension 'colcon_meta'
[2.547s] Level 1:colcon.colcon_core.package_identification:_identify(src/camera) by extensions ['ros']
[2.547s] Level 1:colcon.colcon_core.package_identification:_identify(src/camera) by extension 'ros'
[2.558s] DEBUG:colcon.colcon_core.package_identification:Package 'src/camera' with type 'ros.ament_python' and name 'camera'
[2.559s] Level 1:colcon.colcon_core.package_identification:_identify(src/control) by extensions ['ignore', 'ignore_ament_install']
[2.559s] Level 1:colcon.colcon_core.package_identification:_identify(src/control) by extension 'ignore'
[2.559s] Level 1:colcon.colcon_core.package_identification:_identify(src/control) by extension 'ignore_ament_install'
[2.560s] Level 1:colcon.colcon_core.package_identification:_identify(src/control) by extensions ['colcon_pkg']
[2.560s] Level 1:colcon.colcon_core.package_identification:_identify(src/control) by extension 'colcon_pkg'
[2.560s] Level 1:colcon.colcon_core.package_identification:_identify(src/control) by extensions ['colcon_meta']
[2.560s] Level 1:colcon.colcon_core.package_identification:_identify(src/control) by extension 'colcon_meta'
[2.561s] Level 1:colcon.colcon_core.package_identification:_identify(src/control) by extensions ['ros']
[2.561s] Level 1:colcon.colcon_core.package_identification:_identify(src/control) by extension 'ros'
[2.563s] DEBUG:colcon.colcon_core.package_identification:Package 'src/control' with type 'ros.ament_python' and name 'control'
[2.564s] Level 1:colcon.colcon_core.package_identification:_identify(src/ld08_driver) by extensions ['ignore', 'ignore_ament_install']
[2.564s] Level 1:colcon.colcon_core.package_identification:_identify(src/ld08_driver) by extension 'ignore'
[2.564s] Level 1:colcon.colcon_core.package_identification:_identify(src/ld08_driver) by extension 'ignore_ament_install'
[2.565s] Level 1:colcon.colcon_core.package_identification:_identify(src/ld08_driver) by extensions ['colcon_pkg']
[2.565s] Level 1:colcon.colcon_core.package_identification:_identify(src/ld08_driver) by extension 'colcon_pkg'
[2.565s] Level 1:colcon.colcon_core.package_identification:_identify(src/ld08_driver) by extensions ['colcon_meta']
[2.565s] Level 1:colcon.colcon_core.package_identification:_identify(src/ld08_driver) by extension 'colcon_meta'
[2.565s] Level 1:colcon.colcon_core.package_identification:_identify(src/ld08_driver) by extensions ['ros']
[2.566s] Level 1:colcon.colcon_core.package_identification:_identify(src/ld08_driver) by extension 'ros'
[2.569s] DEBUG:colcon.colcon_core.package_identification:Package 'src/ld08_driver' with type 'ros.ament_cmake' and name 'ld08_driver'
[2.569s] Level 1:colcon.colcon_core.package_discovery:discover_packages(recursive) using defaults
[2.570s] Level 1:colcon.colcon_core.package_discovery:discover_packages(ignore) discover
[2.570s] Level 1:colcon.colcon_core.package_discovery:discover_packages(ignore) using defaults
[2.570s] Level 1:colcon.colcon_core.package_discovery:discover_packages(path) discover
[2.570s] Level 1:colcon.colcon_core.package_discovery:discover_packages(path) using defaults
[2.631s] Level 1:colcon.colcon_core.package_discovery:discover_packages(prefix_path) check parameters
[2.631s] Level 1:colcon.colcon_core.package_discovery:discover_packages(prefix_path) discover
[2.644s] DEBUG:colcon.colcon_installed_package_information.package_discovery:Found 256 installed packages in /opt/ros/foxy
[2.652s] Level 1:colcon.colcon_core.package_discovery:discover_packages(prefix_path) using defaults
[2.908s] Level 5:colcon.colcon_core.verb:set package 'camera' build argument 'cmake_args' from command line to 'None'
[2.908s] Level 5:colcon.colcon_core.verb:set package 'camera' build argument 'cmake_target' from command line to 'None'
[2.909s] Level 5:colcon.colcon_core.verb:set package 'camera' build argument 'cmake_target_skip_unavailable' from command line to 'False'
[2.909s] Level 5:colcon.colcon_core.verb:set package 'camera' build argument 'cmake_clean_cache' from command line to 'False'
[2.909s] Level 5:colcon.colcon_core.verb:set package 'camera' build argument 'cmake_clean_first' from command line to 'False'
[2.910s] Level 5:colcon.colcon_core.verb:set package 'camera' build argument 'cmake_force_configure' from command line to 'False'
[2.910s] Level 5:colcon.colcon_core.verb:set package 'camera' build argument 'ament_cmake_args' from command line to 'None'
[2.910s] Level 5:colcon.colcon_core.verb:set package 'camera' build argument 'catkin_cmake_args' from command line to 'None'
[2.910s] Level 5:colcon.colcon_core.verb:set package 'camera' build argument 'catkin_skip_building_tests' from command line to 'False'
[2.911s] DEBUG:colcon.colcon_core.verb:Building package 'camera' with the following arguments: {'ament_cmake_args': None, 'build_base': '/home/iclab/autorace/build/camera', 'catkin_cmake_args': None, 'catkin_skip_building_tests': False, 'cmake_args': None, 'cmake_clean_cache': False, 'cmake_clean_first': False, 'cmake_force_configure': False, 'cmake_target': None, 'cmake_target_skip_unavailable': False, 'install_base': '/home/iclab/autorace/install/camera', 'merge_install': False, 'path': '/home/iclab/autorace/src/camera', 'symlink_install': True, 'test_result_base': None}
[2.912s] Level 5:colcon.colcon_core.verb:set package 'control' build argument 'cmake_args' from command line to 'None'
[2.913s] Level 5:colcon.colcon_core.verb:set package 'control' build argument 'cmake_target' from command line to 'None'
[2.913s] Level 5:colcon.colcon_core.verb:set package 'control' build argument 'cmake_target_skip_unavailable' from command line to 'False'
[2.913s] Level 5:colcon.colcon_core.verb:set package 'control' build argument 'cmake_clean_cache' from command line to 'False'
[2.913s] Level 5:colcon.colcon_core.verb:set package 'control' build argument 'cmake_clean_first' from command line to 'False'
[2.913s] Level 5:colcon.colcon_core.verb:set package 'control' build argument 'cmake_force_configure' from command line to 'False'
[2.913s] Level 5:colcon.colcon_core.verb:set package 'control' build argument 'ament_cmake_args' from command line to 'None'
[2.913s] Level 5:colcon.colcon_core.verb:set package 'control' build argument 'catkin_cmake_args' from command line to 'None'
[2.914s] Level 5:colcon.colcon_core.verb:set package 'control' build argument 'catkin_skip_building_tests' from command line to 'False'
[2.914s] DEBUG:colcon.colcon_core.verb:Building package 'control' with the following arguments: {'ament_cmake_args': None, 'build_base': '/home/iclab/autorace/build/control', 'catkin_cmake_args': None, 'catkin_skip_building_tests': False, 'cmake_args': None, 'cmake_clean_cache': False, 'cmake_clean_first': False, 'cmake_force_configure': False, 'cmake_target': None, 'cmake_target_skip_unavailable': False, 'install_base': '/home/iclab/autorace/install/control', 'merge_install': False, 'path': '/home/iclab/autorace/src/control', 'symlink_install': True, 'test_result_base': None}
[2.916s] Level 5:colcon.colcon_core.verb:set package 'ld08_driver' build argument 'cmake_args' from command line to 'None'
[2.916s] Level 5:colcon.colcon_core.verb:set package 'ld08_driver' build argument 'cmake_target' from command line to 'None'
[2.916s] Level 5:colcon.colcon_core.verb:set package 'ld08_driver' build argument 'cmake_target_skip_unavailable' from command line to 'False'
[2.916s] Level 5:colcon.colcon_core.verb:set package 'ld08_driver' build argument 'cmake_clean_cache' from command line to 'False'
[2.916s] Level 5:colcon.colcon_core.verb:set package 'ld08_driver' build argument 'cmake_clean_first' from command line to 'False'
[2.916s] Level 5:colcon.colcon_core.verb:set package 'ld08_driver' build argument 'cmake_force_configure' from command line to 'False'
[2.916s] Level 5:colcon.colcon_core.verb:set package 'ld08_driver' build argument 'ament_cmake_args' from command line to 'None'
[2.916s] Level 5:colcon.colcon_core.verb:set package 'ld08_driver' build argument 'catkin_cmake_args' from command line to 'None'
[2.917s] Level 5:colcon.colcon_core.verb:set package 'ld08_driver' build argument 'catkin_skip_building_tests' from command line to 'False'
[2.917s] DEBUG:colcon.colcon_core.verb:Building package 'ld08_driver' with the following arguments: {'ament_cmake_args': None, 'build_base': '/home/iclab/autorace/build/ld08_driver', 'catkin_cmake_args': None, 'catkin_skip_building_tests': False, 'cmake_args': None, 'cmake_clean_cache': False, 'cmake_clean_first': False, 'cmake_force_configure': False, 'cmake_target': None, 'cmake_target_skip_unavailable': False, 'install_base': '/home/iclab/autorace/install/ld08_driver', 'merge_install': False, 'path': '/home/iclab/autorace/src/ld08_driver', 'symlink_install': True, 'test_result_base': None}
[2.917s] INFO:colcon.colcon_core.executor:Executing jobs using 'parallel' executor
[2.921s] DEBUG:colcon.colcon_parallel_executor.executor.parallel:run_until_complete
[2.922s] INFO:colcon.colcon_ros.task.ament_python.build:Building ROS package in '/home/iclab/autorace/src/camera' with build type 'ament_python'
[2.923s] Level 1:colcon.colcon_core.shell:create_environment_hook('camera', 'ament_prefix_path')
[2.934s] INFO:colcon.colcon_core.plugin_system:Skipping extension 'colcon_core.shell.bat': Not used on non-Windows systems
[2.935s] INFO:colcon.colcon_core.shell:Creating environment hook '/home/iclab/autorace/install/camera/share/camera/hook/ament_prefix_path.ps1'
[2.937s] INFO:colcon.colcon_core.shell:Creating environment descriptor '/home/iclab/autorace/install/camera/share/camera/hook/ament_prefix_path.dsv'
[2.939s] INFO:colcon.colcon_core.shell:Creating environment hook '/home/iclab/autorace/install/camera/share/camera/hook/ament_prefix_path.sh'
[2.943s] INFO:colcon.colcon_core.shell:Skip shell extension 'powershell' for command environment: Not usable outside of PowerShell
[2.943s] DEBUG:colcon.colcon_core.shell:Skip shell extension 'dsv' for command environment
[2.965s] INFO:colcon.colcon_ros.task.ament_python.build:Building ROS package in '/home/iclab/autorace/src/control' with build type 'ament_python'
[2.966s] Level 1:colcon.colcon_core.shell:create_environment_hook('control', 'ament_prefix_path')
[2.969s] INFO:colcon.colcon_core.shell:Creating environment hook '/home/iclab/autorace/install/control/share/control/hook/ament_prefix_path.ps1'
[2.974s] INFO:colcon.colcon_core.shell:Creating environment descriptor '/home/iclab/autorace/install/control/share/control/hook/ament_prefix_path.dsv'
[2.976s] INFO:colcon.colcon_core.shell:Creating environment hook '/home/iclab/autorace/install/control/share/control/hook/ament_prefix_path.sh'
[2.980s] INFO:colcon.colcon_core.shell:Skip shell extension 'powershell' for command environment: Not usable outside of PowerShell
[2.980s] DEBUG:colcon.colcon_core.shell:Skip shell extension 'dsv' for command environment
[3.004s] INFO:colcon.colcon_ros.task.ament_cmake.build:Building ROS package in '/home/iclab/autorace/src/ld08_driver' with build type 'ament_cmake'
[3.005s] INFO:colcon.colcon_cmake.task.cmake.build:Building CMake package in '/home/iclab/autorace/src/ld08_driver'
[3.009s] INFO:colcon.colcon_core.shell:Skip shell extension 'powershell' for command environment: Not usable outside of PowerShell
[3.012s] DEBUG:colcon.colcon_core.shell:Skip shell extension 'dsv' for command environment
[4.340s] INFO:colcon.colcon_core.task.python.build:Building Python package in '/home/iclab/autorace/src/camera'
[4.344s] INFO:colcon.colcon_core.shell:Skip shell extension 'powershell' for command environment: Not usable outside of PowerShell
[4.344s] DEBUG:colcon.colcon_core.shell:Skip shell extension 'dsv' for command environment
[5.465s] INFO:colcon.colcon_core.task.python.build:Building Python package in '/home/iclab/autorace/src/control'
[5.470s] INFO:colcon.colcon_core.shell:Skip shell extension 'powershell' for command environment: Not usable outside of PowerShell
[5.471s] DEBUG:colcon.colcon_core.shell:Skip shell extension 'dsv' for command environment
[5.530s] DEBUG:colcon.colcon_core.event_handler.log_command:Invoking command in '/home/iclab/autorace/build/ld08_driver': CMAKE_PREFIX_PATH=/opt/ros/foxy /usr/bin/cmake --build /home/iclab/autorace/build/ld08_driver -- -j8 -l8
[5.965s] DEBUG:colcon.colcon_core.event_handler.log_command:Invoked command in '/home/iclab/autorace/build/ld08_driver' returned '0': CMAKE_PREFIX_PATH=/opt/ros/foxy /usr/bin/cmake --build /home/iclab/autorace/build/ld08_driver -- -j8 -l8
[6.022s] DEBUG:colcon.colcon_core.event_handler.log_command:Invoking command in '/home/iclab/autorace/build/ld08_driver': CMAKE_PREFIX_PATH=/opt/ros/foxy /usr/bin/cmake --install /home/iclab/autorace/build/ld08_driver
[6.168s] Level 1:colcon.colcon_core.environment:create_environment_scripts_only(ld08_driver)
[6.181s] DEBUG:colcon.colcon_core.event_handler.log_command:Invoked command in '/home/iclab/autorace/build/ld08_driver' returned '0': CMAKE_PREFIX_PATH=/opt/ros/foxy /usr/bin/cmake --install /home/iclab/autorace/build/ld08_driver
[6.186s] Level 1:colcon.colcon_core.environment:checking '/home/iclab/autorace/install/ld08_driver' for CMake module files
[6.189s] Level 1:colcon.colcon_core.environment:checking '/home/iclab/autorace/install/ld08_driver' for CMake config files
[6.191s] Level 1:colcon.colcon_core.shell:create_environment_hook('ld08_driver', 'cmake_prefix_path')
[6.193s] INFO:colcon.colcon_core.shell:Creating environment hook '/home/iclab/autorace/install/ld08_driver/share/ld08_driver/hook/cmake_prefix_path.ps1'
[6.197s] INFO:colcon.colcon_core.shell:Creating environment descriptor '/home/iclab/autorace/install/ld08_driver/share/ld08_driver/hook/cmake_prefix_path.dsv'
[6.199s] INFO:colcon.colcon_core.shell:Creating environment hook '/home/iclab/autorace/install/ld08_driver/share/ld08_driver/hook/cmake_prefix_path.sh'
[6.204s] Level 1:colcon.colcon_core.environment:checking '/home/iclab/autorace/install/ld08_driver/lib'
[6.205s] Level 1:colcon.colcon_core.environment:checking '/home/iclab/autorace/install/ld08_driver/bin'
[6.205s] Level 1:colcon.colcon_core.environment:checking '/home/iclab/autorace/install/ld08_driver/lib/pkgconfig/ld08_driver.pc'
[6.206s] Level 1:colcon.colcon_core.environment:checking '/home/iclab/autorace/install/ld08_driver/lib/python3.8/site-packages'
[6.207s] Level 1:colcon.colcon_core.environment:checking '/home/iclab/autorace/install/ld08_driver/bin'
[6.208s] INFO:colcon.colcon_core.shell:Creating package script '/home/iclab/autorace/install/ld08_driver/share/ld08_driver/package.ps1'
[6.213s] INFO:colcon.colcon_core.shell:Creating package descriptor '/home/iclab/autorace/install/ld08_driver/share/ld08_driver/package.dsv'
[6.215s] INFO:colcon.colcon_core.shell:Creating package script '/home/iclab/autorace/install/ld08_driver/share/ld08_driver/package.sh'
[6.218s] INFO:colcon.colcon_core.shell:Creating package script '/home/iclab/autorace/install/ld08_driver/share/ld08_driver/package.bash'
[6.221s] INFO:colcon.colcon_core.shell:Creating package script '/home/iclab/autorace/install/ld08_driver/share/ld08_driver/package.zsh'
[6.225s] Level 1:colcon.colcon_core.environment:create_file_with_runtime_dependencies(/home/iclab/autorace/install/ld08_driver/share/colcon-core/packages/ld08_driver)
[6.228s] Level 1:colcon.colcon_core.environment:create_environment_scripts_only(ld08_driver)
[6.229s] Level 1:colcon.colcon_core.environment:checking '/home/iclab/autorace/install/ld08_driver' for CMake module files
[6.231s] Level 1:colcon.colcon_core.environment:checking '/home/iclab/autorace/install/ld08_driver' for CMake config files
[6.233s] Level 1:colcon.colcon_core.shell:create_environment_hook('ld08_driver', 'cmake_prefix_path')
[6.233s] INFO:colcon.colcon_core.shell:Creating environment hook '/home/iclab/autorace/install/ld08_driver/share/ld08_driver/hook/cmake_prefix_path.ps1'
[6.235s] INFO:colcon.colcon_core.shell:Creating environment descriptor '/home/iclab/autorace/install/ld08_driver/share/ld08_driver/hook/cmake_prefix_path.dsv'
[6.237s] INFO:colcon.colcon_core.shell:Creating environment hook '/home/iclab/autorace/install/ld08_driver/share/ld08_driver/hook/cmake_prefix_path.sh'
[6.239s] Level 1:colcon.colcon_core.environment:checking '/home/iclab/autorace/install/ld08_driver/lib'
[6.239s] Level 1:colcon.colcon_core.environment:checking '/home/iclab/autorace/install/ld08_driver/bin'
[6.239s] Level 1:colcon.colcon_core.environment:checking '/home/iclab/autorace/install/ld08_driver/lib/pkgconfig/ld08_driver.pc'
[6.240s] Level 1:colcon.colcon_core.environment:checking '/home/iclab/autorace/install/ld08_driver/lib/python3.8/site-packages'
[6.241s] Level 1:colcon.colcon_core.environment:checking '/home/iclab/autorace/install/ld08_driver/bin'
[6.242s] INFO:colcon.colcon_core.shell:Creating package script '/home/iclab/autorace/install/ld08_driver/share/ld08_driver/package.ps1'
[6.245s] INFO:colcon.colcon_core.shell:Creating package descriptor '/home/iclab/autorace/install/ld08_driver/share/ld08_driver/package.dsv'
[6.247s] INFO:colcon.colcon_core.shell:Creating package script '/home/iclab/autorace/install/ld08_driver/share/ld08_driver/package.sh'
[6.249s] INFO:colcon.colcon_core.shell:Creating package script '/home/iclab/autorace/install/ld08_driver/share/ld08_driver/package.bash'
[6.251s] INFO:colcon.colcon_core.shell:Creating package script '/home/iclab/autorace/install/ld08_driver/share/ld08_driver/package.zsh'
[6.254s] Level 1:colcon.colcon_core.environment:create_file_with_runtime_dependencies(/home/iclab/autorace/install/ld08_driver/share/colcon-core/packages/ld08_driver)
[7.252s] DEBUG:colcon.colcon_core.event_handler.log_command:Invoking command in '/home/iclab/autorace/build/control': PYTHONPATH=/home/iclab/autorace/build/control/prefix_override:/usr/lib/python3/dist-packages/colcon_core/task/python/colcon_distutils_commands:/home/iclab/autorace/install/control/lib/python3.8/site-packages:${PYTHONPATH} /usr/bin/python3 -W ignore:setup.py install is deprecated -W ignore:easy_install command is deprecated setup.py develop --editable --build-directory /home/iclab/autorace/build/control/build --no-deps symlink_data
[7.485s] DEBUG:colcon.colcon_core.event_handler.log_command:Invoking command in '/home/iclab/autorace/build/camera': PYTHONPATH=/home/iclab/autorace/build/camera/prefix_override:/usr/lib/python3/dist-packages/colcon_core/task/python/colcon_distutils_commands:/home/iclab/autorace/install/camera/lib/python3.8/site-packages:${PYTHONPATH} /usr/bin/python3 -W ignore:setup.py install is deprecated -W ignore:easy_install command is deprecated setup.py develop --editable --build-directory /home/iclab/autorace/build/camera/build --no-deps symlink_data
[9.093s] Level 1:colcon.colcon_core.shell:create_environment_hook('control', 'pythonpath_develop')
[9.095s] INFO:colcon.colcon_core.shell:Creating environment hook '/home/iclab/autorace/build/control/share/control/hook/pythonpath_develop.ps1'
[9.097s] DEBUG:colcon.colcon_core.event_handler.log_command:Invoked command in '/home/iclab/autorace/build/control' returned '0': PYTHONPATH=/home/iclab/autorace/build/control/prefix_override:/usr/lib/python3/dist-packages/colcon_core/task/python/colcon_distutils_commands:/home/iclab/autorace/install/control/lib/python3.8/site-packages:${PYTHONPATH} /usr/bin/python3 -W ignore:setup.py install is deprecated -W ignore:easy_install command is deprecated setup.py develop --editable --build-directory /home/iclab/autorace/build/control/build --no-deps symlink_data
[9.100s] INFO:colcon.colcon_core.shell:Creating environment descriptor '/home/iclab/autorace/build/control/share/control/hook/pythonpath_develop.dsv'
[9.101s] INFO:colcon.colcon_core.shell:Creating environment hook '/home/iclab/autorace/build/control/share/control/hook/pythonpath_develop.sh'
[9.106s] Level 1:colcon.colcon_core.environment:checking '/home/iclab/autorace/install/control' for CMake module files
[9.107s] Level 1:colcon.colcon_core.environment:checking '/home/iclab/autorace/install/control' for CMake config files
[9.110s] Level 1:colcon.colcon_core.environment:checking '/home/iclab/autorace/install/control/lib'
[9.110s] Level 1:colcon.colcon_core.environment:checking '/home/iclab/autorace/install/control/bin'
[9.110s] Level 1:colcon.colcon_core.environment:checking '/home/iclab/autorace/install/control/lib/pkgconfig/control.pc'
[9.111s] Level 1:colcon.colcon_core.environment:checking '/home/iclab/autorace/install/control/lib/python3.8/site-packages'
[9.112s] Level 1:colcon.colcon_core.shell:create_environment_hook('control', 'pythonpath')
[9.113s] INFO:colcon.colcon_core.shell:Creating environment hook '/home/iclab/autorace/install/control/share/control/hook/pythonpath.ps1'
[9.115s] INFO:colcon.colcon_core.shell:Creating environment descriptor '/home/iclab/autorace/install/control/share/control/hook/pythonpath.dsv'
[9.116s] INFO:colcon.colcon_core.shell:Creating environment hook '/home/iclab/autorace/install/control/share/control/hook/pythonpath.sh'
[9.118s] Level 1:colcon.colcon_core.environment:checking '/home/iclab/autorace/install/control/bin'
[9.118s] Level 1:colcon.colcon_core.environment:create_environment_scripts_only(control)
[9.120s] INFO:colcon.colcon_core.shell:Creating package script '/home/iclab/autorace/install/control/share/control/package.ps1'
[9.122s] INFO:colcon.colcon_core.shell:Creating package descriptor '/home/iclab/autorace/install/control/share/control/package.dsv'
[9.124s] INFO:colcon.colcon_core.shell:Creating package script '/home/iclab/autorace/install/control/share/control/package.sh'
[9.125s] INFO:colcon.colcon_core.shell:Creating package script '/home/iclab/autorace/install/control/share/control/package.bash'
[9.127s] INFO:colcon.colcon_core.shell:Creating package script '/home/iclab/autorace/install/control/share/control/package.zsh'
[9.128s] Level 1:colcon.colcon_core.environment:create_file_with_runtime_dependencies(/home/iclab/autorace/install/control/share/colcon-core/packages/control)
[9.407s] Level 1:colcon.colcon_core.shell:create_environment_hook('camera', 'pythonpath_develop')
[9.408s] INFO:colcon.colcon_core.shell:Creating environment hook '/home/iclab/autorace/build/camera/share/camera/hook/pythonpath_develop.ps1'
[9.409s] DEBUG:colcon.colcon_core.event_handler.log_command:Invoked command in '/home/iclab/autorace/build/camera' returned '0': PYTHONPATH=/home/iclab/autorace/build/camera/prefix_override:/usr/lib/python3/dist-packages/colcon_core/task/python/colcon_distutils_commands:/home/iclab/autorace/install/camera/lib/python3.8/site-packages:${PYTHONPATH} /usr/bin/python3 -W ignore:setup.py install is deprecated -W ignore:easy_install command is deprecated setup.py develop --editable --build-directory /home/iclab/autorace/build/camera/build --no-deps symlink_data
[9.411s] INFO:colcon.colcon_core.shell:Creating environment descriptor '/home/iclab/autorace/build/camera/share/camera/hook/pythonpath_develop.dsv'
[9.412s] INFO:colcon.colcon_core.shell:Creating environment hook '/home/iclab/autorace/build/camera/share/camera/hook/pythonpath_develop.sh'
[9.414s] Level 1:colcon.colcon_core.environment:checking '/home/iclab/autorace/install/camera' for CMake module files
[9.416s] Level 1:colcon.colcon_core.environment:checking '/home/iclab/autorace/install/camera' for CMake config files
[9.418s] Level 1:colcon.colcon_core.environment:checking '/home/iclab/autorace/install/camera/lib'
[9.418s] Level 1:colcon.colcon_core.environment:checking '/home/iclab/autorace/install/camera/bin'
[9.418s] Level 1:colcon.colcon_core.environment:checking '/home/iclab/autorace/install/camera/lib/pkgconfig/camera.pc'
[9.419s] Level 1:colcon.colcon_core.environment:checking '/home/iclab/autorace/install/camera/lib/python3.8/site-packages'
[9.419s] Level 1:colcon.colcon_core.shell:create_environment_hook('camera', 'pythonpath')
[9.420s] INFO:colcon.colcon_core.shell:Creating environment hook '/home/iclab/autorace/install/camera/share/camera/hook/pythonpath.ps1'
[9.421s] INFO:colcon.colcon_core.shell:Creating environment descriptor '/home/iclab/autorace/install/camera/share/camera/hook/pythonpath.dsv'
[9.422s] INFO:colcon.colcon_core.shell:Creating environment hook '/home/iclab/autorace/install/camera/share/camera/hook/pythonpath.sh'
[9.424s] Level 1:colcon.colcon_core.environment:checking '/home/iclab/autorace/install/camera/bin'
[9.424s] Level 1:colcon.colcon_core.environment:create_environment_scripts_only(camera)
[9.426s] INFO:colcon.colcon_core.shell:Creating package script '/home/iclab/autorace/install/camera/share/camera/package.ps1'
[9.428s] INFO:colcon.colcon_core.shell:Creating package descriptor '/home/iclab/autorace/install/camera/share/camera/package.dsv'
[9.429s] INFO:colcon.colcon_core.shell:Creating package script '/home/iclab/autorace/install/camera/share/camera/package.sh'
[9.431s] INFO:colcon.colcon_core.shell:Creating package script '/home/iclab/autorace/install/camera/share/camera/package.bash'
[9.432s] INFO:colcon.colcon_core.shell:Creating package script '/home/iclab/autorace/install/camera/share/camera/package.zsh'
[9.433s] Level 1:colcon.colcon_core.environment:create_file_with_runtime_dependencies(/home/iclab/autorace/install/camera/share/colcon-core/packages/camera)
[9.434s] DEBUG:colcon.colcon_parallel_executor.executor.parallel:closing loop
[9.438s] DEBUG:colcon.colcon_parallel_executor.executor.parallel:loop closed
[9.439s] DEBUG:colcon.colcon_parallel_executor.executor.parallel:run_until_complete finished with '0'
[9.440s] DEBUG:colcon.colcon_core.event_reactor:joining thread
[9.461s] INFO:colcon.colcon_core.plugin_system:Skipping extension 'colcon_notification.desktop_notification.terminal_notifier': Not used on non-Darwin systems
[9.461s] INFO:colcon.colcon_core.plugin_system:Skipping extension 'colcon_notification.desktop_notification.win32': Not used on non-Windows systems
[9.461s] INFO:colcon.colcon_notification.desktop_notification:Sending desktop notification using 'notify2'
[9.500s] DEBUG:colcon.colcon_core.event_reactor:joined thread
[9.501s] INFO:colcon.colcon_core.shell:Creating prefix script '/home/iclab/autorace/install/local_setup.ps1'
[9.505s] INFO:colcon.colcon_core.shell:Creating prefix util module '/home/iclab/autorace/install/_local_setup_util_ps1.py'
[9.510s] INFO:colcon.colcon_core.shell:Creating prefix chain script '/home/iclab/autorace/install/setup.ps1'
[9.514s] INFO:colcon.colcon_core.shell:Creating prefix script '/home/iclab/autorace/install/local_setup.sh'
[9.516s] INFO:colcon.colcon_core.shell:Creating prefix util module '/home/iclab/autorace/install/_local_setup_util_sh.py'
[9.518s] INFO:colcon.colcon_core.shell:Creating prefix chain script '/home/iclab/autorace/install/setup.sh'
[9.522s] INFO:colcon.colcon_core.shell:Creating prefix script '/home/iclab/autorace/install/local_setup.bash'
[9.524s] INFO:colcon.colcon_core.shell:Creating prefix chain script '/home/iclab/autorace/install/setup.bash'
[9.527s] INFO:colcon.colcon_core.shell:Creating prefix script '/home/iclab/autorace/install/local_setup.zsh'
[9.529s] INFO:colcon.colcon_core.shell:Creating prefix chain script '/home/iclab/autorace/install/setup.zsh'
