running egg_info
writing ../../build/control/control.egg-info/PKG-INFO
writing dependency_links to ../../build/control/control.egg-info/dependency_links.txt
writing entry points to ../../build/control/control.egg-info/entry_points.txt
writing requirements to ../../build/control/control.egg-info/requires.txt
writing top-level names to ../../build/control/control.egg-info/top_level.txt
reading manifest file '../../build/control/control.egg-info/SOURCES.txt'
writing manifest file '../../build/control/control.egg-info/SOURCES.txt'
running build
running build_py
copying control/motor_node.py -> /workspace/build/control/build/lib/control
running install
running install_lib
copying /workspace/build/control/build/lib/control/motor_node.py -> /workspace/install/control/lib/python3.8/site-packages/control
byte-compiling /workspace/install/control/lib/python3.8/site-packages/control/motor_node.py to motor_node.cpython-38.pyc
running install_data
running install_egg_info
removing '/workspace/install/control/lib/python3.8/site-packages/control-0.0.0-py3.8.egg-info' (and everything under it)
Copying ../../build/control/control.egg-info to /workspace/install/control/lib/python3.8/site-packages/control-0.0.0-py3.8.egg-info
running install_scripts
Installing motor_node script to /workspace/install/control/lib/control
writing list of installed files to '/workspace/build/control/install.log'
