[7.848s] DEBUG:colcon:Command line arguments: ['/usr/bin/colcon', 'build', '--symlink-install']
[7.849s] DEBUG:colcon:Parsed command line arguments: Namespace(ament_cmake_args=None, base_paths=['.'], build_base='build', catkin_cmake_args=None, catkin_skip_building_tests=False, cmake_args=None, cmake_clean_cache=False, cmake_clean_first=False, cmake_force_configure=False, cmake_target=None, cmake_target_skip_unavailable=False, continue_on_error=False, event_handlers=None, executor='parallel', ignore_user_meta=False, install_base='install', log_base=None, log_level=None, main=<bound method BuildVerb.main of <colcon_core.verb.build.BuildVerb object at 0xffffad9ec550>>, merge_install=False, metas=['./colcon.meta'], packages_above=None, packages_above_and_dependencies=None, packages_above_depth=None, packages_end=None, packages_ignore=None, packages_ignore_regex=None, packages_select=None, packages_select_build_failed=False, packages_select_by_dep=None, packages_select_regex=None, packages_select_test_failures=False, packages_skip=None, packages_skip_build_finished=False, packages_skip_by_dep=None, packages_skip_regex=None, packages_skip_test_passed=False, packages_skip_up_to=None, packages_start=None, packages_up_to=None, packages_up_to_regex=None, parallel_workers=8, paths=None, symlink_install=True, test_result_base=None, verb_extension=<colcon_core.verb.build.BuildVerb object at 0xffffad9ec550>, verb_name='build', verb_parser=<colcon_defaults.argument_parser.defaults.DefaultArgumentsDecorator object at 0xffffada04640>)
[8.115s] Level 1:colcon.colcon_core.package_discovery:discover_packages(colcon_meta) check parameters
[8.116s] Level 1:colcon.colcon_core.package_discovery:discover_packages(recursive) check parameters
[8.116s] Level 1:colcon.colcon_core.package_discovery:discover_packages(ignore) check parameters
[8.116s] Level 1:colcon.colcon_core.package_discovery:discover_packages(path) check parameters
[8.116s] Level 1:colcon.colcon_core.package_discovery:discover_packages(colcon_meta) discover
[8.116s] Level 1:colcon.colcon_core.package_discovery:discover_packages(recursive) discover
[8.116s] INFO:colcon.colcon_core.package_discovery:Crawling recursively for packages in '/workspace'
[8.117s] Level 1:colcon.colcon_core.package_identification:_identify(.) by extensions ['ignore', 'ignore_ament_install']
[8.117s] Level 1:colcon.colcon_core.package_identification:_identify(.) by extension 'ignore'
[8.118s] Level 1:colcon.colcon_core.package_identification:_identify(.) by extension 'ignore_ament_install'
[8.118s] Level 1:colcon.colcon_core.package_identification:_identify(.) by extensions ['colcon_pkg']
[8.118s] Level 1:colcon.colcon_core.package_identification:_identify(.) by extension 'colcon_pkg'
[8.118s] Level 1:colcon.colcon_core.package_identification:_identify(.) by extensions ['colcon_meta']
[8.119s] Level 1:colcon.colcon_core.package_identification:_identify(.) by extension 'colcon_meta'
[8.119s] Level 1:colcon.colcon_core.package_identification:_identify(.) by extensions ['ros']
[8.119s] Level 1:colcon.colcon_core.package_identification:_identify(.) by extension 'ros'
[8.169s] Level 1:colcon.colcon_core.package_identification:_identify(.) by extensions ['cmake', 'python']
[8.170s] Level 1:colcon.colcon_core.package_identification:_identify(.) by extension 'cmake'
[8.170s] Level 1:colcon.colcon_core.package_identification:_identify(.) by extension 'python'
[8.170s] Level 1:colcon.colcon_core.package_identification:_identify(.) by extensions ['python_setup_py']
[8.170s] Level 1:colcon.colcon_core.package_identification:_identify(.) by extension 'python_setup_py'
[8.171s] Level 1:colcon.colcon_core.package_identification:_identify(build) by extensions ['ignore', 'ignore_ament_install']
[8.171s] Level 1:colcon.colcon_core.package_identification:_identify(build) by extension 'ignore'
[8.171s] Level 1:colcon.colcon_core.package_identification:_identify(build) ignored
[8.172s] Level 1:colcon.colcon_core.package_identification:_identify(docker) by extensions ['ignore', 'ignore_ament_install']
[8.172s] Level 1:colcon.colcon_core.package_identification:_identify(docker) by extension 'ignore'
[8.172s] Level 1:colcon.colcon_core.package_identification:_identify(docker) by extension 'ignore_ament_install'
[8.173s] Level 1:colcon.colcon_core.package_identification:_identify(docker) by extensions ['colcon_pkg']
[8.173s] Level 1:colcon.colcon_core.package_identification:_identify(docker) by extension 'colcon_pkg'
[8.173s] Level 1:colcon.colcon_core.package_identification:_identify(docker) by extensions ['colcon_meta']
[8.173s] Level 1:colcon.colcon_core.package_identification:_identify(docker) by extension 'colcon_meta'
[8.173s] Level 1:colcon.colcon_core.package_identification:_identify(docker) by extensions ['ros']
[8.173s] Level 1:colcon.colcon_core.package_identification:_identify(docker) by extension 'ros'
[8.174s] Level 1:colcon.colcon_core.package_identification:_identify(docker) by extensions ['cmake', 'python']
[8.174s] Level 1:colcon.colcon_core.package_identification:_identify(docker) by extension 'cmake'
[8.174s] Level 1:colcon.colcon_core.package_identification:_identify(docker) by extension 'python'
[8.174s] Level 1:colcon.colcon_core.package_identification:_identify(docker) by extensions ['python_setup_py']
[8.174s] Level 1:colcon.colcon_core.package_identification:_identify(docker) by extension 'python_setup_py'
[8.174s] Level 1:colcon.colcon_core.package_identification:_identify(docker/jetson_r35) by extensions ['ignore', 'ignore_ament_install']
[8.175s] Level 1:colcon.colcon_core.package_identification:_identify(docker/jetson_r35) by extension 'ignore'
[8.175s] Level 1:colcon.colcon_core.package_identification:_identify(docker/jetson_r35) by extension 'ignore_ament_install'
[8.175s] Level 1:colcon.colcon_core.package_identification:_identify(docker/jetson_r35) by extensions ['colcon_pkg']
[8.175s] Level 1:colcon.colcon_core.package_identification:_identify(docker/jetson_r35) by extension 'colcon_pkg'
[8.175s] Level 1:colcon.colcon_core.package_identification:_identify(docker/jetson_r35) by extensions ['colcon_meta']
[8.175s] Level 1:colcon.colcon_core.package_identification:_identify(docker/jetson_r35) by extension 'colcon_meta'
[8.176s] Level 1:colcon.colcon_core.package_identification:_identify(docker/jetson_r35) by extensions ['ros']
[8.176s] Level 1:colcon.colcon_core.package_identification:_identify(docker/jetson_r35) by extension 'ros'
[8.176s] Level 1:colcon.colcon_core.package_identification:_identify(docker/jetson_r35) by extensions ['cmake', 'python']
[8.176s] Level 1:colcon.colcon_core.package_identification:_identify(docker/jetson_r35) by extension 'cmake'
[8.176s] Level 1:colcon.colcon_core.package_identification:_identify(docker/jetson_r35) by extension 'python'
[8.176s] Level 1:colcon.colcon_core.package_identification:_identify(docker/jetson_r35) by extensions ['python_setup_py']
[8.177s] Level 1:colcon.colcon_core.package_identification:_identify(docker/jetson_r35) by extension 'python_setup_py'
[8.177s] Level 1:colcon.colcon_core.package_identification:_identify(install) by extensions ['ignore', 'ignore_ament_install']
[8.177s] Level 1:colcon.colcon_core.package_identification:_identify(install) by extension 'ignore'
[8.177s] Level 1:colcon.colcon_core.package_identification:_identify(install) ignored
[8.178s] Level 1:colcon.colcon_core.package_identification:_identify(log) by extensions ['ignore', 'ignore_ament_install']
[8.178s] Level 1:colcon.colcon_core.package_identification:_identify(log) by extension 'ignore'
[8.178s] Level 1:colcon.colcon_core.package_identification:_identify(log) ignored
[8.179s] Level 1:colcon.colcon_core.package_identification:_identify(src) by extensions ['ignore', 'ignore_ament_install']
[8.179s] Level 1:colcon.colcon_core.package_identification:_identify(src) by extension 'ignore'
[8.179s] Level 1:colcon.colcon_core.package_identification:_identify(src) by extension 'ignore_ament_install'
[8.179s] Level 1:colcon.colcon_core.package_identification:_identify(src) by extensions ['colcon_pkg']
[8.179s] Level 1:colcon.colcon_core.package_identification:_identify(src) by extension 'colcon_pkg'
[8.179s] Level 1:colcon.colcon_core.package_identification:_identify(src) by extensions ['colcon_meta']
[8.180s] Level 1:colcon.colcon_core.package_identification:_identify(src) by extension 'colcon_meta'
[8.180s] Level 1:colcon.colcon_core.package_identification:_identify(src) by extensions ['ros']
[8.180s] Level 1:colcon.colcon_core.package_identification:_identify(src) by extension 'ros'
[8.180s] Level 1:colcon.colcon_core.package_identification:_identify(src) by extensions ['cmake', 'python']
[8.180s] Level 1:colcon.colcon_core.package_identification:_identify(src) by extension 'cmake'
[8.180s] Level 1:colcon.colcon_core.package_identification:_identify(src) by extension 'python'
[8.181s] Level 1:colcon.colcon_core.package_identification:_identify(src) by extensions ['python_setup_py']
[8.181s] Level 1:colcon.colcon_core.package_identification:_identify(src) by extension 'python_setup_py'
[8.181s] Level 1:colcon.colcon_core.package_identification:_identify(src/camera) by extensions ['ignore', 'ignore_ament_install']
[8.181s] Level 1:colcon.colcon_core.package_identification:_identify(src/camera) by extension 'ignore'
[8.182s] Level 1:colcon.colcon_core.package_identification:_identify(src/camera) by extension 'ignore_ament_install'
[8.182s] Level 1:colcon.colcon_core.package_identification:_identify(src/camera) by extensions ['colcon_pkg']
[8.182s] Level 1:colcon.colcon_core.package_identification:_identify(src/camera) by extension 'colcon_pkg'
[8.182s] Level 1:colcon.colcon_core.package_identification:_identify(src/camera) by extensions ['colcon_meta']
[8.182s] Level 1:colcon.colcon_core.package_identification:_identify(src/camera) by extension 'colcon_meta'
[8.182s] Level 1:colcon.colcon_core.package_identification:_identify(src/camera) by extensions ['ros']
[8.182s] Level 1:colcon.colcon_core.package_identification:_identify(src/camera) by extension 'ros'
[8.191s] DEBUG:colcon.colcon_core.package_identification:Package 'src/camera' with type 'ros.ament_python' and name 'camera'
[8.192s] Level 1:colcon.colcon_core.package_identification:_identify(src/control) by extensions ['ignore', 'ignore_ament_install']
[8.192s] Level 1:colcon.colcon_core.package_identification:_identify(src/control) by extension 'ignore'
[8.192s] Level 1:colcon.colcon_core.package_identification:_identify(src/control) by extension 'ignore_ament_install'
[8.192s] Level 1:colcon.colcon_core.package_identification:_identify(src/control) by extensions ['colcon_pkg']
[8.193s] Level 1:colcon.colcon_core.package_identification:_identify(src/control) by extension 'colcon_pkg'
[8.193s] Level 1:colcon.colcon_core.package_identification:_identify(src/control) by extensions ['colcon_meta']
[8.193s] Level 1:colcon.colcon_core.package_identification:_identify(src/control) by extension 'colcon_meta'
[8.193s] Level 1:colcon.colcon_core.package_identification:_identify(src/control) by extensions ['ros']
[8.193s] Level 1:colcon.colcon_core.package_identification:_identify(src/control) by extension 'ros'
[8.195s] DEBUG:colcon.colcon_core.package_identification:Package 'src/control' with type 'ros.ament_python' and name 'control'
[8.195s] Level 1:colcon.colcon_core.package_discovery:discover_packages(recursive) using defaults
[8.195s] Level 1:colcon.colcon_core.package_discovery:discover_packages(ignore) discover
[8.195s] Level 1:colcon.colcon_core.package_discovery:discover_packages(ignore) using defaults
[8.195s] Level 1:colcon.colcon_core.package_discovery:discover_packages(path) discover
[8.195s] Level 1:colcon.colcon_core.package_discovery:discover_packages(path) using defaults
[8.450s] Level 5:colcon.colcon_core.verb:set package 'camera' build argument 'cmake_args' from command line to 'None'
[8.450s] Level 5:colcon.colcon_core.verb:set package 'camera' build argument 'cmake_target' from command line to 'None'
[8.450s] Level 5:colcon.colcon_core.verb:set package 'camera' build argument 'cmake_target_skip_unavailable' from command line to 'False'
[8.451s] Level 5:colcon.colcon_core.verb:set package 'camera' build argument 'cmake_clean_cache' from command line to 'False'
[8.451s] Level 5:colcon.colcon_core.verb:set package 'camera' build argument 'cmake_clean_first' from command line to 'False'
[8.451s] Level 5:colcon.colcon_core.verb:set package 'camera' build argument 'cmake_force_configure' from command line to 'False'
[8.451s] Level 5:colcon.colcon_core.verb:set package 'camera' build argument 'ament_cmake_args' from command line to 'None'
[8.451s] Level 5:colcon.colcon_core.verb:set package 'camera' build argument 'catkin_cmake_args' from command line to 'None'
[8.451s] Level 5:colcon.colcon_core.verb:set package 'camera' build argument 'catkin_skip_building_tests' from command line to 'False'
[8.451s] DEBUG:colcon.colcon_core.verb:Building package 'camera' with the following arguments: {'ament_cmake_args': None, 'build_base': '/workspace/build/camera', 'catkin_cmake_args': None, 'catkin_skip_building_tests': False, 'cmake_args': None, 'cmake_clean_cache': False, 'cmake_clean_first': False, 'cmake_force_configure': False, 'cmake_target': None, 'cmake_target_skip_unavailable': False, 'install_base': '/workspace/install/camera', 'merge_install': False, 'path': '/workspace/src/camera', 'symlink_install': True, 'test_result_base': None}
[8.505s] Level 5:colcon.colcon_core.verb:set package 'control' build argument 'cmake_args' from command line to 'None'
[8.505s] Level 5:colcon.colcon_core.verb:set package 'control' build argument 'cmake_target' from command line to 'None'
[8.505s] Level 5:colcon.colcon_core.verb:set package 'control' build argument 'cmake_target_skip_unavailable' from command line to 'False'
[8.505s] Level 5:colcon.colcon_core.verb:set package 'control' build argument 'cmake_clean_cache' from command line to 'False'
[8.505s] Level 5:colcon.colcon_core.verb:set package 'control' build argument 'cmake_clean_first' from command line to 'False'
[8.505s] Level 5:colcon.colcon_core.verb:set package 'control' build argument 'cmake_force_configure' from command line to 'False'
[8.506s] Level 5:colcon.colcon_core.verb:set package 'control' build argument 'ament_cmake_args' from command line to 'None'
[8.506s] Level 5:colcon.colcon_core.verb:set package 'control' build argument 'catkin_cmake_args' from command line to 'None'
[8.506s] Level 5:colcon.colcon_core.verb:set package 'control' build argument 'catkin_skip_building_tests' from command line to 'False'
[8.506s] DEBUG:colcon.colcon_core.verb:Building package 'control' with the following arguments: {'ament_cmake_args': None, 'build_base': '/workspace/build/control', 'catkin_cmake_args': None, 'catkin_skip_building_tests': False, 'cmake_args': None, 'cmake_clean_cache': False, 'cmake_clean_first': False, 'cmake_force_configure': False, 'cmake_target': None, 'cmake_target_skip_unavailable': False, 'install_base': '/workspace/install/control', 'merge_install': False, 'path': '/workspace/src/control', 'symlink_install': True, 'test_result_base': None}
[8.554s] INFO:colcon.colcon_core.executor:Executing jobs using 'parallel' executor
[8.611s] DEBUG:colcon.colcon_parallel_executor.executor.parallel:run_until_complete
[8.612s] INFO:colcon.colcon_ros.task.ament_python.build:Building ROS package in '/workspace/src/camera' with build type 'ament_python'
[8.613s] Level 1:colcon.colcon_core.shell:create_environment_hook('camera', 'ament_prefix_path')
[8.675s] INFO:colcon.colcon_core.plugin_system:Skipping extension 'colcon_core.shell.bat': Not used on non-Windows systems
[8.675s] INFO:colcon.colcon_core.shell:Creating environment hook '/workspace/install/camera/share/camera/hook/ament_prefix_path.ps1'
[8.678s] INFO:colcon.colcon_core.shell:Creating environment descriptor '/workspace/install/camera/share/camera/hook/ament_prefix_path.dsv'
[8.679s] INFO:colcon.colcon_core.shell:Creating environment hook '/workspace/install/camera/share/camera/hook/ament_prefix_path.sh'
[8.739s] INFO:colcon.colcon_core.shell:Skip shell extension 'powershell' for command environment: Not usable outside of PowerShell
[8.739s] DEBUG:colcon.colcon_core.shell:Skip shell extension 'dsv' for command environment
[8.941s] INFO:colcon.colcon_ros.task.ament_python.build:Building ROS package in '/workspace/src/control' with build type 'ament_python'
[8.945s] Level 1:colcon.colcon_core.shell:create_environment_hook('control', 'ament_prefix_path')
[9.004s] INFO:colcon.colcon_core.shell:Creating environment hook '/workspace/install/control/share/control/hook/ament_prefix_path.ps1'
[9.006s] INFO:colcon.colcon_core.shell:Creating environment descriptor '/workspace/install/control/share/control/hook/ament_prefix_path.dsv'
[9.008s] INFO:colcon.colcon_core.shell:Creating environment hook '/workspace/install/control/share/control/hook/ament_prefix_path.sh'
[9.060s] INFO:colcon.colcon_core.shell:Skip shell extension 'powershell' for command environment: Not usable outside of PowerShell
[9.060s] DEBUG:colcon.colcon_core.shell:Skip shell extension 'dsv' for command environment
[10.024s] INFO:colcon.colcon_core.task.python.build:Building Python package in '/workspace/src/camera'
[10.083s] INFO:colcon.colcon_core.shell:Skip shell extension 'powershell' for command environment: Not usable outside of PowerShell
[10.083s] DEBUG:colcon.colcon_core.shell:Skip shell extension 'dsv' for command environment
[11.057s] INFO:colcon.colcon_core.task.python.build:Building Python package in '/workspace/src/control'
[11.116s] INFO:colcon.colcon_core.shell:Skip shell extension 'powershell' for command environment: Not usable outside of PowerShell
[11.117s] DEBUG:colcon.colcon_core.shell:Skip shell extension 'dsv' for command environment
[13.455s] DEBUG:colcon.colcon_core.event_handler.log_command:Invoking command in '/workspace/build/camera': PYTHONPATH=/workspace/build/camera/prefix_override:/workspace/install/camera/lib/python3.8/site-packages:${PYTHONPATH} /usr/bin/python3 setup.py develop --editable --build-directory /workspace/build/camera/build --no-deps install_data
[13.481s] DEBUG:colcon.colcon_core.event_handler.log_command:Invoking command in '/workspace/build/control': PYTHONPATH=/workspace/build/control/prefix_override:/workspace/install/control/lib/python3.8/site-packages:${PYTHONPATH} /usr/bin/python3 setup.py develop --editable --build-directory /workspace/build/control/build --no-deps install_data
[16.232s] Level 1:colcon.colcon_core.shell:create_environment_hook('control', 'pythonpath_develop')
[16.235s] DEBUG:colcon.colcon_core.event_handler.log_command:Invoked command in '/workspace/build/control' returned '0': PYTHONPATH=/workspace/build/control/prefix_override:/workspace/install/control/lib/python3.8/site-packages:${PYTHONPATH} /usr/bin/python3 setup.py develop --editable --build-directory /workspace/build/control/build --no-deps install_data
[16.297s] INFO:colcon.colcon_core.shell:Creating environment hook '/workspace/build/control/share/control/hook/pythonpath_develop.ps1'
[16.300s] INFO:colcon.colcon_core.shell:Creating environment descriptor '/workspace/build/control/share/control/hook/pythonpath_develop.dsv'
[16.302s] INFO:colcon.colcon_core.shell:Creating environment hook '/workspace/build/control/share/control/hook/pythonpath_develop.sh'
[16.368s] Level 1:colcon.colcon_core.environment:checking '/workspace/install/control' for CMake module files
[16.370s] Level 1:colcon.colcon_core.environment:checking '/workspace/install/control' for CMake config files
[16.374s] Level 1:colcon.colcon_core.environment:checking '/workspace/install/control/lib'
[16.375s] Level 1:colcon.colcon_core.environment:checking '/workspace/install/control/bin'
[16.375s] Level 1:colcon.colcon_core.environment:checking '/workspace/install/control/lib/pkgconfig/control.pc'
[16.376s] Level 1:colcon.colcon_core.environment:checking '/workspace/install/control/lib/python3.8/site-packages'
[16.377s] Level 1:colcon.colcon_core.shell:create_environment_hook('control', 'pythonpath')
[16.429s] INFO:colcon.colcon_core.shell:Creating environment hook '/workspace/install/control/share/control/hook/pythonpath.ps1'
[16.431s] INFO:colcon.colcon_core.shell:Creating environment descriptor '/workspace/install/control/share/control/hook/pythonpath.dsv'
[16.432s] INFO:colcon.colcon_core.shell:Creating environment hook '/workspace/install/control/share/control/hook/pythonpath.sh'
[16.434s] Level 1:colcon.colcon_core.environment:checking '/workspace/install/control/bin'
[16.434s] Level 1:colcon.colcon_core.environment:create_environment_scripts_only(control)
[16.484s] INFO:colcon.colcon_core.shell:Creating package script '/workspace/install/control/share/control/package.ps1'
[16.488s] INFO:colcon.colcon_core.shell:Creating package descriptor '/workspace/install/control/share/control/package.dsv'
[16.491s] INFO:colcon.colcon_core.shell:Creating package script '/workspace/install/control/share/control/package.sh'
[16.494s] INFO:colcon.colcon_core.shell:Creating package script '/workspace/install/control/share/control/package.bash'
[16.497s] INFO:colcon.colcon_core.shell:Creating package script '/workspace/install/control/share/control/package.zsh'
[16.499s] Level 1:colcon.colcon_core.environment:create_file_with_runtime_dependencies(/workspace/install/control/share/colcon-core/packages/control)
[16.503s] Level 1:colcon.colcon_core.shell:create_environment_hook('camera', 'pythonpath_develop')
[16.506s] DEBUG:colcon.colcon_core.event_handler.log_command:Invoked command in '/workspace/build/camera' returned '0': PYTHONPATH=/workspace/build/camera/prefix_override:/workspace/install/camera/lib/python3.8/site-packages:${PYTHONPATH} /usr/bin/python3 setup.py develop --editable --build-directory /workspace/build/camera/build --no-deps install_data
[16.556s] INFO:colcon.colcon_core.shell:Creating environment hook '/workspace/build/camera/share/camera/hook/pythonpath_develop.ps1'
[16.558s] INFO:colcon.colcon_core.shell:Creating environment descriptor '/workspace/build/camera/share/camera/hook/pythonpath_develop.dsv'
[16.559s] INFO:colcon.colcon_core.shell:Creating environment hook '/workspace/build/camera/share/camera/hook/pythonpath_develop.sh'
[16.609s] Level 1:colcon.colcon_core.environment:checking '/workspace/install/camera' for CMake module files
[16.611s] Level 1:colcon.colcon_core.environment:checking '/workspace/install/camera' for CMake config files
[16.613s] Level 1:colcon.colcon_core.environment:checking '/workspace/install/camera/lib'
[16.613s] Level 1:colcon.colcon_core.environment:checking '/workspace/install/camera/bin'
[16.614s] Level 1:colcon.colcon_core.environment:checking '/workspace/install/camera/lib/pkgconfig/camera.pc'
[16.614s] Level 1:colcon.colcon_core.environment:checking '/workspace/install/camera/lib/python3.8/site-packages'
[16.615s] Level 1:colcon.colcon_core.shell:create_environment_hook('camera', 'pythonpath')
[16.709s] INFO:colcon.colcon_core.shell:Creating environment hook '/workspace/install/camera/share/camera/hook/pythonpath.ps1'
[16.711s] INFO:colcon.colcon_core.shell:Creating environment descriptor '/workspace/install/camera/share/camera/hook/pythonpath.dsv'
[16.712s] INFO:colcon.colcon_core.shell:Creating environment hook '/workspace/install/camera/share/camera/hook/pythonpath.sh'
[16.714s] Level 1:colcon.colcon_core.environment:checking '/workspace/install/camera/bin'
[16.714s] Level 1:colcon.colcon_core.environment:create_environment_scripts_only(camera)
[16.765s] INFO:colcon.colcon_core.shell:Creating package script '/workspace/install/camera/share/camera/package.ps1'
[16.767s] INFO:colcon.colcon_core.shell:Creating package descriptor '/workspace/install/camera/share/camera/package.dsv'
[16.769s] INFO:colcon.colcon_core.shell:Creating package script '/workspace/install/camera/share/camera/package.sh'
[16.770s] INFO:colcon.colcon_core.shell:Creating package script '/workspace/install/camera/share/camera/package.bash'
[16.772s] INFO:colcon.colcon_core.shell:Creating package script '/workspace/install/camera/share/camera/package.zsh'
[16.773s] Level 1:colcon.colcon_core.environment:create_file_with_runtime_dependencies(/workspace/install/camera/share/colcon-core/packages/camera)
[16.774s] DEBUG:colcon.colcon_parallel_executor.executor.parallel:closing loop
[16.774s] DEBUG:colcon.colcon_parallel_executor.executor.parallel:loop closed
[16.775s] DEBUG:colcon.colcon_parallel_executor.executor.parallel:run_until_complete finished with '0'
[16.776s] DEBUG:colcon.colcon_core.event_reactor:joining thread
[16.845s] INFO:colcon.colcon_core.plugin_system:Skipping extension 'colcon_notification.desktop_notification.notify_send': Could not find 'notify-send'
[16.846s] INFO:colcon.colcon_core.plugin_system:Skipping extension 'colcon_notification.desktop_notification.terminal_notifier': Not used on non-Darwin systems
[16.846s] INFO:colcon.colcon_core.plugin_system:Skipping extension 'colcon_notification.desktop_notification.win32': Not used on non-Windows systems
[16.846s] INFO:colcon.colcon_notification.desktop_notification:Sending desktop notification using 'notify2'
[16.872s] DEBUG:colcon.colcon_notification.desktop_notification.notify2:Failed to initialize notify2: org.freedesktop.DBus.Error.ServiceUnknown: The name org.freedesktop.Notifications was not provided by any .service files
[16.873s] DEBUG:colcon.colcon_core.event_reactor:joined thread
[16.930s] INFO:colcon.colcon_core.shell:Creating prefix script '/workspace/install/local_setup.ps1'
[16.934s] INFO:colcon.colcon_core.shell:Creating prefix util module '/workspace/install/_local_setup_util_ps1.py'
[16.939s] INFO:colcon.colcon_core.shell:Creating prefix chain script '/workspace/install/setup.ps1'
[16.992s] INFO:colcon.colcon_core.shell:Creating prefix script '/workspace/install/local_setup.sh'
[16.995s] INFO:colcon.colcon_core.shell:Creating prefix util module '/workspace/install/_local_setup_util_sh.py'
[16.997s] INFO:colcon.colcon_core.shell:Creating prefix chain script '/workspace/install/setup.sh'
[17.053s] INFO:colcon.colcon_core.shell:Creating prefix script '/workspace/install/local_setup.bash'
[17.055s] INFO:colcon.colcon_core.shell:Creating prefix chain script '/workspace/install/setup.bash'
[17.107s] INFO:colcon.colcon_core.shell:Creating prefix script '/workspace/install/local_setup.zsh'
[17.109s] INFO:colcon.colcon_core.shell:Creating prefix chain script '/workspace/install/setup.zsh'
