[3.143s] Invoking command in '/workspace/src/camera': PYTHONPATH=/workspace/build/camera/prefix_override:/usr/lib/python3/dist-packages/colcon_core/task/python/colcon_distutils_commands:/workspace/install/camera/lib/python3.8/site-packages:${PYTHONPATH} /usr/bin/python3 -W ignore:setup.py install is deprecated -W ignore:easy_install command is deprecated setup.py egg_info --egg-base ../../build/camera build --build-base /workspace/build/camera/build install --record /workspace/build/camera/install.log --single-version-externally-managed install_data
[3.964s] running egg_info
[3.969s] writing ../../build/camera/camera.egg-info/PKG-INFO
[3.971s] writing dependency_links to ../../build/camera/camera.egg-info/dependency_links.txt
[3.973s] writing entry points to ../../build/camera/camera.egg-info/entry_points.txt
[3.974s] writing requirements to ../../build/camera/camera.egg-info/requires.txt
[3.976s] writing top-level names to ../../build/camera/camera.egg-info/top_level.txt
[4.107s] reading manifest file '../../build/camera/camera.egg-info/SOURCES.txt'
[4.110s] writing manifest file '../../build/camera/camera.egg-info/SOURCES.txt'
[4.111s] running build
[4.111s] running build_py
[4.113s] copying camera/liner_node.py -> /workspace/build/camera/build/lib/camera
[4.113s] running install
[4.117s] running install_lib
[4.124s] copying /workspace/build/camera/build/lib/camera/liner_node.py -> /workspace/install/camera/lib/python3.8/site-packages/camera
[4.127s] byte-compiling /workspace/install/camera/lib/python3.8/site-packages/camera/liner_node.py to liner_node.cpython-38.pyc
[4.140s] running install_data
[4.140s] running install_egg_info
[4.147s] removing '/workspace/install/camera/lib/python3.8/site-packages/camera-0.0.0-py3.8.egg-info' (and everything under it)
[4.148s] Copying ../../build/camera/camera.egg-info to /workspace/install/camera/lib/python3.8/site-packages/camera-0.0.0-py3.8.egg-info
[4.156s] running install_scripts
[4.227s] Installing camera_node script to /workspace/install/camera/lib/camera
[4.228s] Installing line_detector_follower_node script to /workspace/install/camera/lib/camera
[4.229s] Installing yolo_node script to /workspace/install/camera/lib/camera
[4.230s] writing list of installed files to '/workspace/build/camera/install.log'
[4.334s] Invoked command in '/workspace/src/camera' returned '0': PYTHONPATH=/workspace/build/camera/prefix_override:/usr/lib/python3/dist-packages/colcon_core/task/python/colcon_distutils_commands:/workspace/install/camera/lib/python3.8/site-packages:${PYTHONPATH} /usr/bin/python3 -W ignore:setup.py install is deprecated -W ignore:easy_install command is deprecated setup.py egg_info --egg-base ../../build/camera build --build-base /workspace/build/camera/build install --record /workspace/build/camera/install.log --single-version-externally-managed install_data
