[4.606s] Invoking command in '/workspace/build/control': PYTHONPATH=/workspace/build/control/prefix_override:/workspace/install/control/lib/python3.8/site-packages:${PYTHONPATH} /usr/bin/python3 setup.py develop --editable --build-directory /workspace/build/control/build --no-deps install_data
[5.187s] /usr/local/lib/python3.8/dist-packages/setuptools/_distutils/dist.py:261: UserWarning: Unknown distribution option: 'tests_require'
[5.188s]   warnings.warn(msg)
[5.868s] running develop
[5.869s] /usr/local/lib/python3.8/dist-packages/setuptools/command/develop.py:41: EasyInstallDeprecationWarning: easy_install command is deprecated.
[5.869s] !!
[5.870s] 
[5.870s]         ********************************************************************************
[5.870s]         Please avoid running ``setup.py`` and ``easy_install``.
[5.871s]         Instead, use pypa/build, pypa/installer or other
[5.873s]         standards-based tools.
[5.874s] 
[5.874s]         See https://github.com/pypa/setuptools/issues/917 for details.
[5.874s]         ********************************************************************************
[5.875s] 
[5.876s] !!
[5.876s]   easy_install.initialize_options(self)
[6.006s] /usr/local/lib/python3.8/dist-packages/setuptools/_distutils/cmd.py:66: SetuptoolsDeprecationWarning: setup.py install is deprecated.
[6.006s] !!
[6.007s] 
[6.007s]         ********************************************************************************
[6.007s]         Please avoid running ``setup.py`` directly.
[6.007s]         Instead, use pypa/build, pypa/installer or other
[6.008s]         standards-based tools.
[6.008s] 
[6.008s]         See https://blog.ganssle.io/articles/2021/10/setup-py-deprecated.html for details.
[6.010s]         ********************************************************************************
[6.011s] 
[6.011s] !!
[6.011s]   self.initialize_options()
[6.714s] running egg_info
[6.780s] writing control.egg-info/PKG-INFO
[6.782s] writing dependency_links to control.egg-info/dependency_links.txt
[6.783s] writing entry points to control.egg-info/entry_points.txt
[6.784s] writing requirements to control.egg-info/requires.txt
[6.784s] writing top-level names to control.egg-info/top_level.txt
[6.914s] reading manifest file 'control.egg-info/SOURCES.txt'
[6.919s] writing manifest file 'control.egg-info/SOURCES.txt'
[7.125s] running build_ext
[7.125s] Creating /workspace/install/control/lib/python3.8/site-packages/control.egg-link (link to .)
[7.129s] Installing main_controller_node script to /workspace/install/control/lib/control
[7.130s] Installing motor_node script to /workspace/install/control/lib/control
[7.133s] 
[7.134s] Installed /workspace/build/control
[7.134s] running install_data
[7.469s] Invoked command in '/workspace/build/control' returned '0': PYTHONPATH=/workspace/build/control/prefix_override:/workspace/install/control/lib/python3.8/site-packages:${PYTHONPATH} /usr/bin/python3 setup.py develop --editable --build-directory /workspace/build/control/build --no-deps install_data
