[5.397s] DEBUG:colcon:Command line arguments: ['/usr/bin/colcon', 'build', '--packages-select', 'camera']
[5.397s] DEBUG:colcon:Parsed command line arguments: Namespace(ament_cmake_args=None, base_paths=['.'], build_base='build', catkin_cmake_args=None, catkin_skip_building_tests=False, cmake_args=None, cmake_clean_cache=False, cmake_clean_first=False, cmake_force_configure=False, cmake_target=None, cmake_target_skip_unavailable=False, continue_on_error=False, event_handlers=None, executor='parallel', ignore_user_meta=False, install_base='install', log_base=None, log_level=None, main=<bound method BuildVerb.main of <colcon_core.verb.build.BuildVerb object at 0xffff80889640>>, merge_install=False, metas=['./colcon.meta'], packages_above=None, packages_above_and_dependencies=None, packages_above_depth=None, packages_end=None, packages_ignore=None, packages_ignore_regex=None, packages_select=['camera'], packages_select_build_failed=False, packages_select_by_dep=None, packages_select_regex=None, packages_select_test_failures=False, packages_skip=None, packages_skip_build_finished=False, packages_skip_by_dep=None, packages_skip_regex=None, packages_skip_test_passed=False, packages_skip_up_to=None, packages_start=None, packages_up_to=None, packages_up_to_regex=None, parallel_workers=8, paths=None, symlink_install=False, test_result_base=None, verb_extension=<colcon_core.verb.build.BuildVerb object at 0xffff80889640>, verb_name='build', verb_parser=<colcon_defaults.argument_parser.defaults.DefaultArgumentsDecorator object at 0xffff8081d580>)
[5.647s] Level 1:colcon.colcon_core.package_discovery:discover_packages(colcon_meta) check parameters
[5.648s] Level 1:colcon.colcon_core.package_discovery:discover_packages(recursive) check parameters
[5.649s] Level 1:colcon.colcon_core.package_discovery:discover_packages(ignore) check parameters
[5.649s] Level 1:colcon.colcon_core.package_discovery:discover_packages(path) check parameters
[5.649s] Level 1:colcon.colcon_core.package_discovery:discover_packages(colcon_meta) discover
[5.649s] Level 1:colcon.colcon_core.package_discovery:discover_packages(recursive) discover
[5.649s] INFO:colcon.colcon_core.package_discovery:Crawling recursively for packages in '/workspace'
[5.650s] Level 1:colcon.colcon_core.package_identification:_identify(.) by extensions ['ignore', 'ignore_ament_install']
[5.650s] Level 1:colcon.colcon_core.package_identification:_identify(.) by extension 'ignore'
[5.650s] Level 1:colcon.colcon_core.package_identification:_identify(.) by extension 'ignore_ament_install'
[5.651s] Level 1:colcon.colcon_core.package_identification:_identify(.) by extensions ['colcon_pkg']
[5.651s] Level 1:colcon.colcon_core.package_identification:_identify(.) by extension 'colcon_pkg'
[5.651s] Level 1:colcon.colcon_core.package_identification:_identify(.) by extensions ['colcon_meta']
[5.651s] Level 1:colcon.colcon_core.package_identification:_identify(.) by extension 'colcon_meta'
[5.651s] Level 1:colcon.colcon_core.package_identification:_identify(.) by extensions ['ros']
[5.651s] Level 1:colcon.colcon_core.package_identification:_identify(.) by extension 'ros'
[5.725s] Level 1:colcon.colcon_core.package_identification:_identify(.) by extensions ['cmake', 'python']
[5.726s] Level 1:colcon.colcon_core.package_identification:_identify(.) by extension 'cmake'
[5.726s] Level 1:colcon.colcon_core.package_identification:_identify(.) by extension 'python'
[5.726s] Level 1:colcon.colcon_core.package_identification:_identify(.) by extensions ['python_setup_py']
[5.726s] Level 1:colcon.colcon_core.package_identification:_identify(.) by extension 'python_setup_py'
[5.727s] Level 1:colcon.colcon_core.package_identification:_identify(build) by extensions ['ignore', 'ignore_ament_install']
[5.727s] Level 1:colcon.colcon_core.package_identification:_identify(build) by extension 'ignore'
[5.727s] Level 1:colcon.colcon_core.package_identification:_identify(build) ignored
[5.728s] Level 1:colcon.colcon_core.package_identification:_identify(docker) by extensions ['ignore', 'ignore_ament_install']
[5.728s] Level 1:colcon.colcon_core.package_identification:_identify(docker) by extension 'ignore'
[5.728s] Level 1:colcon.colcon_core.package_identification:_identify(docker) by extension 'ignore_ament_install'
[5.728s] Level 1:colcon.colcon_core.package_identification:_identify(docker) by extensions ['colcon_pkg']
[5.728s] Level 1:colcon.colcon_core.package_identification:_identify(docker) by extension 'colcon_pkg'
[5.729s] Level 1:colcon.colcon_core.package_identification:_identify(docker) by extensions ['colcon_meta']
[5.729s] Level 1:colcon.colcon_core.package_identification:_identify(docker) by extension 'colcon_meta'
[5.729s] Level 1:colcon.colcon_core.package_identification:_identify(docker) by extensions ['ros']
[5.729s] Level 1:colcon.colcon_core.package_identification:_identify(docker) by extension 'ros'
[5.729s] Level 1:colcon.colcon_core.package_identification:_identify(docker) by extensions ['cmake', 'python']
[5.729s] Level 1:colcon.colcon_core.package_identification:_identify(docker) by extension 'cmake'
[5.730s] Level 1:colcon.colcon_core.package_identification:_identify(docker) by extension 'python'
[5.730s] Level 1:colcon.colcon_core.package_identification:_identify(docker) by extensions ['python_setup_py']
[5.730s] Level 1:colcon.colcon_core.package_identification:_identify(docker) by extension 'python_setup_py'
[5.730s] Level 1:colcon.colcon_core.package_identification:_identify(docker/jetson_r35) by extensions ['ignore', 'ignore_ament_install']
[5.730s] Level 1:colcon.colcon_core.package_identification:_identify(docker/jetson_r35) by extension 'ignore'
[5.731s] Level 1:colcon.colcon_core.package_identification:_identify(docker/jetson_r35) by extension 'ignore_ament_install'
[5.731s] Level 1:colcon.colcon_core.package_identification:_identify(docker/jetson_r35) by extensions ['colcon_pkg']
[5.731s] Level 1:colcon.colcon_core.package_identification:_identify(docker/jetson_r35) by extension 'colcon_pkg'
[5.731s] Level 1:colcon.colcon_core.package_identification:_identify(docker/jetson_r35) by extensions ['colcon_meta']
[5.731s] Level 1:colcon.colcon_core.package_identification:_identify(docker/jetson_r35) by extension 'colcon_meta'
[5.731s] Level 1:colcon.colcon_core.package_identification:_identify(docker/jetson_r35) by extensions ['ros']
[5.731s] Level 1:colcon.colcon_core.package_identification:_identify(docker/jetson_r35) by extension 'ros'
[5.732s] Level 1:colcon.colcon_core.package_identification:_identify(docker/jetson_r35) by extensions ['cmake', 'python']
[5.732s] Level 1:colcon.colcon_core.package_identification:_identify(docker/jetson_r35) by extension 'cmake'
[5.732s] Level 1:colcon.colcon_core.package_identification:_identify(docker/jetson_r35) by extension 'python'
[5.732s] Level 1:colcon.colcon_core.package_identification:_identify(docker/jetson_r35) by extensions ['python_setup_py']
[5.732s] Level 1:colcon.colcon_core.package_identification:_identify(docker/jetson_r35) by extension 'python_setup_py'
[5.733s] Level 1:colcon.colcon_core.package_identification:_identify(install) by extensions ['ignore', 'ignore_ament_install']
[5.733s] Level 1:colcon.colcon_core.package_identification:_identify(install) by extension 'ignore'
[5.733s] Level 1:colcon.colcon_core.package_identification:_identify(install) ignored
[5.734s] Level 1:colcon.colcon_core.package_identification:_identify(log) by extensions ['ignore', 'ignore_ament_install']
[5.734s] Level 1:colcon.colcon_core.package_identification:_identify(log) by extension 'ignore'
[5.734s] Level 1:colcon.colcon_core.package_identification:_identify(log) ignored
[5.734s] Level 1:colcon.colcon_core.package_identification:_identify(src) by extensions ['ignore', 'ignore_ament_install']
[5.735s] Level 1:colcon.colcon_core.package_identification:_identify(src) by extension 'ignore'
[5.735s] Level 1:colcon.colcon_core.package_identification:_identify(src) by extension 'ignore_ament_install'
[5.735s] Level 1:colcon.colcon_core.package_identification:_identify(src) by extensions ['colcon_pkg']
[5.735s] Level 1:colcon.colcon_core.package_identification:_identify(src) by extension 'colcon_pkg'
[5.735s] Level 1:colcon.colcon_core.package_identification:_identify(src) by extensions ['colcon_meta']
[5.735s] Level 1:colcon.colcon_core.package_identification:_identify(src) by extension 'colcon_meta'
[5.736s] Level 1:colcon.colcon_core.package_identification:_identify(src) by extensions ['ros']
[5.736s] Level 1:colcon.colcon_core.package_identification:_identify(src) by extension 'ros'
[5.736s] Level 1:colcon.colcon_core.package_identification:_identify(src) by extensions ['cmake', 'python']
[5.736s] Level 1:colcon.colcon_core.package_identification:_identify(src) by extension 'cmake'
[5.736s] Level 1:colcon.colcon_core.package_identification:_identify(src) by extension 'python'
[5.736s] Level 1:colcon.colcon_core.package_identification:_identify(src) by extensions ['python_setup_py']
[5.736s] Level 1:colcon.colcon_core.package_identification:_identify(src) by extension 'python_setup_py'
[5.737s] Level 1:colcon.colcon_core.package_identification:_identify(src/camera) by extensions ['ignore', 'ignore_ament_install']
[5.737s] Level 1:colcon.colcon_core.package_identification:_identify(src/camera) by extension 'ignore'
[5.737s] Level 1:colcon.colcon_core.package_identification:_identify(src/camera) by extension 'ignore_ament_install'
[5.737s] Level 1:colcon.colcon_core.package_identification:_identify(src/camera) by extensions ['colcon_pkg']
[5.738s] Level 1:colcon.colcon_core.package_identification:_identify(src/camera) by extension 'colcon_pkg'
[5.738s] Level 1:colcon.colcon_core.package_identification:_identify(src/camera) by extensions ['colcon_meta']
[5.738s] Level 1:colcon.colcon_core.package_identification:_identify(src/camera) by extension 'colcon_meta'
[5.738s] Level 1:colcon.colcon_core.package_identification:_identify(src/camera) by extensions ['ros']
[5.738s] Level 1:colcon.colcon_core.package_identification:_identify(src/camera) by extension 'ros'
[5.746s] DEBUG:colcon.colcon_core.package_identification:Package 'src/camera' with type 'ros.ament_python' and name 'camera'
[5.747s] Level 1:colcon.colcon_core.package_identification:_identify(src/control) by extensions ['ignore', 'ignore_ament_install']
[5.747s] Level 1:colcon.colcon_core.package_identification:_identify(src/control) by extension 'ignore'
[5.747s] Level 1:colcon.colcon_core.package_identification:_identify(src/control) by extension 'ignore_ament_install'
[5.747s] Level 1:colcon.colcon_core.package_identification:_identify(src/control) by extensions ['colcon_pkg']
[5.748s] Level 1:colcon.colcon_core.package_identification:_identify(src/control) by extension 'colcon_pkg'
[5.748s] Level 1:colcon.colcon_core.package_identification:_identify(src/control) by extensions ['colcon_meta']
[5.748s] Level 1:colcon.colcon_core.package_identification:_identify(src/control) by extension 'colcon_meta'
[5.748s] Level 1:colcon.colcon_core.package_identification:_identify(src/control) by extensions ['ros']
[5.748s] Level 1:colcon.colcon_core.package_identification:_identify(src/control) by extension 'ros'
[5.750s] DEBUG:colcon.colcon_core.package_identification:Package 'src/control' with type 'ros.ament_python' and name 'control'
[5.750s] Level 1:colcon.colcon_core.package_identification:_identify(vision) by extensions ['ignore', 'ignore_ament_install']
[5.751s] Level 1:colcon.colcon_core.package_identification:_identify(vision) by extension 'ignore'
[5.751s] Level 1:colcon.colcon_core.package_identification:_identify(vision) by extension 'ignore_ament_install'
[5.751s] Level 1:colcon.colcon_core.package_identification:_identify(vision) by extensions ['colcon_pkg']
[5.751s] Level 1:colcon.colcon_core.package_identification:_identify(vision) by extension 'colcon_pkg'
[5.751s] Level 1:colcon.colcon_core.package_identification:_identify(vision) by extensions ['colcon_meta']
[5.752s] Level 1:colcon.colcon_core.package_identification:_identify(vision) by extension 'colcon_meta'
[5.752s] Level 1:colcon.colcon_core.package_identification:_identify(vision) by extensions ['ros']
[5.752s] Level 1:colcon.colcon_core.package_identification:_identify(vision) by extension 'ros'
[5.752s] Level 1:colcon.colcon_core.package_identification:_identify(vision) by extensions ['cmake', 'python']
[5.752s] Level 1:colcon.colcon_core.package_identification:_identify(vision) by extension 'cmake'
[5.776s] Level 1:colcon.colcon_core.package_identification:_identify(vision) by extension 'python'
[5.776s] DEBUG:colcon.colcon_core.package_identification:Python package in 'vision' passes arguments to the setup() function which requires a different identification extension than 'python'
[5.777s] DEBUG:colcon.colcon_core.package_identification:Package 'vision' with type 'cmake' and name 'torchvision'
[5.777s] Level 1:colcon.colcon_core.package_discovery:discover_packages(recursive) using defaults
[5.777s] Level 1:colcon.colcon_core.package_discovery:discover_packages(ignore) discover
[5.777s] Level 1:colcon.colcon_core.package_discovery:discover_packages(ignore) using defaults
[5.777s] Level 1:colcon.colcon_core.package_discovery:discover_packages(path) discover
[5.777s] Level 1:colcon.colcon_core.package_discovery:discover_packages(path) using defaults
[5.945s] INFO:colcon.colcon_core.package_selection:Skipping not selected package 'control' in 'src/control'
[5.945s] INFO:colcon.colcon_core.package_selection:Skipping not selected package 'torchvision' in 'vision'
[5.978s] Level 5:colcon.colcon_core.verb:set package 'camera' build argument 'cmake_args' from command line to 'None'
[5.979s] Level 5:colcon.colcon_core.verb:set package 'camera' build argument 'cmake_target' from command line to 'None'
[5.979s] Level 5:colcon.colcon_core.verb:set package 'camera' build argument 'cmake_target_skip_unavailable' from command line to 'False'
[5.979s] Level 5:colcon.colcon_core.verb:set package 'camera' build argument 'cmake_clean_cache' from command line to 'False'
[5.979s] Level 5:colcon.colcon_core.verb:set package 'camera' build argument 'cmake_clean_first' from command line to 'False'
[5.979s] Level 5:colcon.colcon_core.verb:set package 'camera' build argument 'cmake_force_configure' from command line to 'False'
[5.979s] Level 5:colcon.colcon_core.verb:set package 'camera' build argument 'ament_cmake_args' from command line to 'None'
[5.979s] Level 5:colcon.colcon_core.verb:set package 'camera' build argument 'catkin_cmake_args' from command line to 'None'
[5.979s] Level 5:colcon.colcon_core.verb:set package 'camera' build argument 'catkin_skip_building_tests' from command line to 'False'
[5.979s] DEBUG:colcon.colcon_core.verb:Building package 'camera' with the following arguments: {'ament_cmake_args': None, 'build_base': '/workspace/build/camera', 'catkin_cmake_args': None, 'catkin_skip_building_tests': False, 'cmake_args': None, 'cmake_clean_cache': False, 'cmake_clean_first': False, 'cmake_force_configure': False, 'cmake_target': None, 'cmake_target_skip_unavailable': False, 'install_base': '/workspace/install/camera', 'merge_install': False, 'path': '/workspace/src/camera', 'symlink_install': False, 'test_result_base': None}
[6.014s] INFO:colcon.colcon_core.executor:Executing jobs using 'parallel' executor
[6.051s] DEBUG:colcon.colcon_parallel_executor.executor.parallel:run_until_complete
[6.052s] INFO:colcon.colcon_ros.task.ament_python.build:Building ROS package in '/workspace/src/camera' with build type 'ament_python'
[6.053s] Level 1:colcon.colcon_core.shell:create_environment_hook('camera', 'ament_prefix_path')
[6.099s] INFO:colcon.colcon_core.plugin_system:Skipping extension 'colcon_core.shell.bat': Not used on non-Windows systems
[6.099s] INFO:colcon.colcon_core.shell:Creating environment hook '/workspace/install/camera/share/camera/hook/ament_prefix_path.ps1'
[6.102s] INFO:colcon.colcon_core.shell:Creating environment descriptor '/workspace/install/camera/share/camera/hook/ament_prefix_path.dsv'
[6.104s] INFO:colcon.colcon_core.shell:Creating environment hook '/workspace/install/camera/share/camera/hook/ament_prefix_path.sh'
[6.143s] INFO:colcon.colcon_core.shell:Skip shell extension 'powershell' for command environment: Not usable outside of PowerShell
[6.143s] DEBUG:colcon.colcon_core.shell:Skip shell extension 'dsv' for command environment
[6.980s] INFO:colcon.colcon_core.task.python.build:Building Python package in '/workspace/src/camera'
[7.025s] INFO:colcon.colcon_core.shell:Skip shell extension 'powershell' for command environment: Not usable outside of PowerShell
[7.026s] DEBUG:colcon.colcon_core.shell:Skip shell extension 'dsv' for command environment
[9.124s] DEBUG:colcon.colcon_core.event_handler.log_command:Invoking command in '/workspace/src/camera': PYTHONPATH=/workspace/build/camera/prefix_override:/workspace/install/camera/lib/python3.8/site-packages:${PYTHONPATH} /usr/bin/python3 setup.py egg_info --egg-base ../../build/camera build --build-base /workspace/build/camera/build install --record /workspace/build/camera/install.log --single-version-externally-managed
[10.577s] DEBUG:colcon.colcon_core.event_handler.log_command:Invoked command in '/workspace/src/camera' returned '0': PYTHONPATH=/workspace/build/camera/prefix_override:/workspace/install/camera/lib/python3.8/site-packages:${PYTHONPATH} /usr/bin/python3 setup.py egg_info --egg-base ../../build/camera build --build-base /workspace/build/camera/build install --record /workspace/build/camera/install.log --single-version-externally-managed
[10.627s] Level 1:colcon.colcon_core.environment:checking '/workspace/install/camera' for CMake module files
[10.629s] Level 1:colcon.colcon_core.environment:checking '/workspace/install/camera' for CMake config files
[10.633s] Level 1:colcon.colcon_core.environment:checking '/workspace/install/camera/lib'
[10.634s] Level 1:colcon.colcon_core.environment:checking '/workspace/install/camera/bin'
[10.634s] Level 1:colcon.colcon_core.environment:checking '/workspace/install/camera/lib/pkgconfig/camera.pc'
[10.636s] Level 1:colcon.colcon_core.environment:checking '/workspace/install/camera/lib/python3.8/site-packages'
[10.636s] Level 1:colcon.colcon_core.shell:create_environment_hook('camera', 'pythonpath')
[10.672s] INFO:colcon.colcon_core.shell:Creating environment hook '/workspace/install/camera/share/camera/hook/pythonpath.ps1'
[10.674s] INFO:colcon.colcon_core.shell:Creating environment descriptor '/workspace/install/camera/share/camera/hook/pythonpath.dsv'
[10.676s] INFO:colcon.colcon_core.shell:Creating environment hook '/workspace/install/camera/share/camera/hook/pythonpath.sh'
[10.677s] Level 1:colcon.colcon_core.environment:checking '/workspace/install/camera/bin'
[10.678s] Level 1:colcon.colcon_core.environment:create_environment_scripts_only(camera)
[10.712s] INFO:colcon.colcon_core.shell:Creating package script '/workspace/install/camera/share/camera/package.ps1'
[10.716s] INFO:colcon.colcon_core.shell:Creating package descriptor '/workspace/install/camera/share/camera/package.dsv'
[10.718s] INFO:colcon.colcon_core.shell:Creating package script '/workspace/install/camera/share/camera/package.sh'
[10.720s] INFO:colcon.colcon_core.shell:Creating package script '/workspace/install/camera/share/camera/package.bash'
[10.723s] INFO:colcon.colcon_core.shell:Creating package script '/workspace/install/camera/share/camera/package.zsh'
[10.726s] Level 1:colcon.colcon_core.environment:create_file_with_runtime_dependencies(/workspace/install/camera/share/colcon-core/packages/camera)
[10.728s] DEBUG:colcon.colcon_parallel_executor.executor.parallel:closing loop
[10.729s] DEBUG:colcon.colcon_parallel_executor.executor.parallel:loop closed
[10.729s] DEBUG:colcon.colcon_parallel_executor.executor.parallel:run_until_complete finished with '0'
[10.730s] DEBUG:colcon.colcon_core.event_reactor:joining thread
[10.786s] INFO:colcon.colcon_core.plugin_system:Skipping extension 'colcon_notification.desktop_notification.notify_send': Could not find 'notify-send'
[10.786s] INFO:colcon.colcon_core.plugin_system:Skipping extension 'colcon_notification.desktop_notification.terminal_notifier': Not used on non-Darwin systems
[10.786s] INFO:colcon.colcon_core.plugin_system:Skipping extension 'colcon_notification.desktop_notification.win32': Not used on non-Windows systems
[10.787s] INFO:colcon.colcon_notification.desktop_notification:Sending desktop notification using 'notify2'
[10.793s] DEBUG:colcon.colcon_notification.desktop_notification.notify2:Failed to initialize notify2: org.freedesktop.DBus.Error.Spawn.ExecFailed: /usr/bin/dbus-launch terminated abnormally without any error message
[10.795s] DEBUG:colcon.colcon_core.event_reactor:joined thread
[10.837s] INFO:colcon.colcon_core.shell:Creating prefix script '/workspace/install/local_setup.ps1'
[10.842s] INFO:colcon.colcon_core.shell:Creating prefix util module '/workspace/install/_local_setup_util_ps1.py'
[10.845s] INFO:colcon.colcon_core.shell:Creating prefix chain script '/workspace/install/setup.ps1'
[10.882s] INFO:colcon.colcon_core.shell:Creating prefix script '/workspace/install/local_setup.sh'
[10.884s] INFO:colcon.colcon_core.shell:Creating prefix util module '/workspace/install/_local_setup_util_sh.py'
[10.886s] INFO:colcon.colcon_core.shell:Creating prefix chain script '/workspace/install/setup.sh'
[10.922s] INFO:colcon.colcon_core.shell:Creating prefix script '/workspace/install/local_setup.bash'
[10.923s] INFO:colcon.colcon_core.shell:Creating prefix chain script '/workspace/install/setup.bash'
[10.958s] INFO:colcon.colcon_core.shell:Creating prefix script '/workspace/install/local_setup.zsh'
[10.960s] INFO:colcon.colcon_core.shell:Creating prefix chain script '/workspace/install/setup.zsh'
