[3.175s] Invoking command in '/workspace/src/camera': PYTHONPATH=/workspace/build/camera/prefix_override:/usr/lib/python3/dist-packages/colcon_core/task/python/colcon_distutils_commands:/workspace/install/camera/lib/python3.8/site-packages:${PYTHONPATH} /usr/bin/python3 -W ignore:setup.py install is deprecated -W ignore:easy_install command is deprecated setup.py egg_info --egg-base ../../build/camera build --build-base /workspace/build/camera/build install --record /workspace/build/camera/install.log --single-version-externally-managed install_data
[3.974s] running egg_info
[3.976s] writing ../../build/camera/camera.egg-info/PKG-INFO
[3.977s] writing dependency_links to ../../build/camera/camera.egg-info/dependency_links.txt
[3.978s] writing entry points to ../../build/camera/camera.egg-info/entry_points.txt
[3.979s] writing requirements to ../../build/camera/camera.egg-info/requires.txt
[3.979s] writing top-level names to ../../build/camera/camera.egg-info/top_level.txt
[4.102s] reading manifest file '../../build/camera/camera.egg-info/SOURCES.txt'
[4.105s] writing manifest file '../../build/camera/camera.egg-info/SOURCES.txt'
[4.106s] running build
[4.106s] running build_py
[4.107s] running install
[4.110s] running install_lib
[4.116s] running install_data
[4.116s] running install_egg_info
[4.125s] removing '/workspace/install/camera/lib/python3.8/site-packages/camera-0.0.0-py3.8.egg-info' (and everything under it)
[4.125s] Copying ../../build/camera/camera.egg-info to /workspace/install/camera/lib/python3.8/site-packages/camera-0.0.0-py3.8.egg-info
[4.131s] running install_scripts
[4.198s] Installing camera_node script to /workspace/install/camera/lib/camera
[4.203s] Installing line_detector_follower_node script to /workspace/install/camera/lib/camera
[4.203s] Installing yolo_node script to /workspace/install/camera/lib/camera
[4.204s] writing list of installed files to '/workspace/build/camera/install.log'
[4.336s] Invoked command in '/workspace/src/camera' returned '0': PYTHONPATH=/workspace/build/camera/prefix_override:/usr/lib/python3/dist-packages/colcon_core/task/python/colcon_distutils_commands:/workspace/install/camera/lib/python3.8/site-packages:${PYTHONPATH} /usr/bin/python3 -W ignore:setup.py install is deprecated -W ignore:easy_install command is deprecated setup.py egg_info --egg-base ../../build/camera build --build-base /workspace/build/camera/build install --record /workspace/build/camera/install.log --single-version-externally-managed install_data
