[1.883s] DEBUG:colcon:Command line arguments: ['/usr/bin/colcon', 'build']
[1.883s] DEBUG:colcon:Parsed command line arguments: Namespace(allow_overriding=[], ament_cmake_args=None, base_paths=['.'], build_base='build', catkin_cmake_args=None, catkin_skip_building_tests=False, cmake_args=None, cmake_clean_cache=False, cmake_clean_first=False, cmake_force_configure=False, cmake_target=None, cmake_target_skip_unavailable=False, continue_on_error=False, event_handlers=None, executor='parallel', ignore_user_meta=False, install_base='install', log_base=None, log_level=None, main=<bound method BuildVerb.main of <colcon_core.verb.build.BuildVerb object at 0xffff8c4cc670>>, merge_install=False, metas=['./colcon.meta'], mixin=None, mixin_files=None, mixin_verb=('build',), packages_above=None, packages_above_and_dependencies=None, packages_above_depth=None, packages_end=None, packages_ignore=None, packages_ignore_regex=None, packages_select=None, packages_select_build_failed=False, packages_select_by_dep=None, packages_select_regex=None, packages_select_test_failures=False, packages_skip=None, packages_skip_build_finished=False, packages_skip_by_dep=None, packages_skip_regex=None, packages_skip_test_passed=False, packages_skip_up_to=None, packages_start=None, packages_up_to=None, packages_up_to_regex=None, parallel_workers=8, paths=None, symlink_install=False, test_result_base=None, verb_extension=<colcon_core.verb.build.BuildVerb object at 0xffff8c4cc670>, verb_name='build', verb_parser=<colcon_mixin.mixin.mixin_argument.MixinArgumentDecorator object at 0xffff8c4ccb80>)
[2.332s] Level 1:colcon.colcon_core.package_discovery:discover_packages(colcon_meta) check parameters
[2.333s] Level 1:colcon.colcon_core.package_discovery:discover_packages(recursive) check parameters
[2.333s] Level 1:colcon.colcon_core.package_discovery:discover_packages(ignore) check parameters
[2.333s] Level 1:colcon.colcon_core.package_discovery:discover_packages(path) check parameters
[2.334s] Level 1:colcon.colcon_core.package_discovery:discover_packages(colcon_meta) discover
[2.334s] Level 1:colcon.colcon_core.package_discovery:discover_packages(recursive) discover
[2.334s] INFO:colcon.colcon_core.package_discovery:Crawling recursively for packages in '/workspace'
[2.335s] Level 1:colcon.colcon_core.package_identification:_identify(.) by extensions ['ignore', 'ignore_ament_install']
[2.335s] Level 1:colcon.colcon_core.package_identification:_identify(.) by extension 'ignore'
[2.335s] Level 1:colcon.colcon_core.package_identification:_identify(.) by extension 'ignore_ament_install'
[2.336s] Level 1:colcon.colcon_core.package_identification:_identify(.) by extensions ['colcon_pkg']
[2.336s] Level 1:colcon.colcon_core.package_identification:_identify(.) by extension 'colcon_pkg'
[2.336s] Level 1:colcon.colcon_core.package_identification:_identify(.) by extensions ['colcon_meta']
[2.336s] Level 1:colcon.colcon_core.package_identification:_identify(.) by extension 'colcon_meta'
[2.336s] Level 1:colcon.colcon_core.package_identification:_identify(.) by extensions ['ros']
[2.336s] Level 1:colcon.colcon_core.package_identification:_identify(.) by extension 'ros'
[2.442s] Level 1:colcon.colcon_core.package_identification:_identify(.) by extensions ['cmake', 'python']
[2.442s] Level 1:colcon.colcon_core.package_identification:_identify(.) by extension 'cmake'
[2.442s] Level 1:colcon.colcon_core.package_identification:_identify(.) by extension 'python'
[2.443s] Level 1:colcon.colcon_core.package_identification:_identify(.) by extensions ['python_setup_py']
[2.443s] Level 1:colcon.colcon_core.package_identification:_identify(.) by extension 'python_setup_py'
[2.443s] Level 1:colcon.colcon_core.package_identification:_identify(build) by extensions ['ignore', 'ignore_ament_install']
[2.444s] Level 1:colcon.colcon_core.package_identification:_identify(build) by extension 'ignore'
[2.444s] Level 1:colcon.colcon_core.package_identification:_identify(build) ignored
[2.444s] Level 1:colcon.colcon_core.package_identification:_identify(docker) by extensions ['ignore', 'ignore_ament_install']
[2.445s] Level 1:colcon.colcon_core.package_identification:_identify(docker) by extension 'ignore'
[2.445s] Level 1:colcon.colcon_core.package_identification:_identify(docker) by extension 'ignore_ament_install'
[2.445s] Level 1:colcon.colcon_core.package_identification:_identify(docker) by extensions ['colcon_pkg']
[2.445s] Level 1:colcon.colcon_core.package_identification:_identify(docker) by extension 'colcon_pkg'
[2.445s] Level 1:colcon.colcon_core.package_identification:_identify(docker) by extensions ['colcon_meta']
[2.445s] Level 1:colcon.colcon_core.package_identification:_identify(docker) by extension 'colcon_meta'
[2.446s] Level 1:colcon.colcon_core.package_identification:_identify(docker) by extensions ['ros']
[2.446s] Level 1:colcon.colcon_core.package_identification:_identify(docker) by extension 'ros'
[2.446s] Level 1:colcon.colcon_core.package_identification:_identify(docker) by extensions ['cmake', 'python']
[2.446s] Level 1:colcon.colcon_core.package_identification:_identify(docker) by extension 'cmake'
[2.447s] Level 1:colcon.colcon_core.package_identification:_identify(docker) by extension 'python'
[2.447s] Level 1:colcon.colcon_core.package_identification:_identify(docker) by extensions ['python_setup_py']
[2.447s] Level 1:colcon.colcon_core.package_identification:_identify(docker) by extension 'python_setup_py'
[2.447s] Level 1:colcon.colcon_core.package_identification:_identify(docker/jetson_r35) by extensions ['ignore', 'ignore_ament_install']
[2.447s] Level 1:colcon.colcon_core.package_identification:_identify(docker/jetson_r35) by extension 'ignore'
[2.448s] Level 1:colcon.colcon_core.package_identification:_identify(docker/jetson_r35) by extension 'ignore_ament_install'
[2.448s] Level 1:colcon.colcon_core.package_identification:_identify(docker/jetson_r35) by extensions ['colcon_pkg']
[2.448s] Level 1:colcon.colcon_core.package_identification:_identify(docker/jetson_r35) by extension 'colcon_pkg'
[2.448s] Level 1:colcon.colcon_core.package_identification:_identify(docker/jetson_r35) by extensions ['colcon_meta']
[2.448s] Level 1:colcon.colcon_core.package_identification:_identify(docker/jetson_r35) by extension 'colcon_meta'
[2.448s] Level 1:colcon.colcon_core.package_identification:_identify(docker/jetson_r35) by extensions ['ros']
[2.449s] Level 1:colcon.colcon_core.package_identification:_identify(docker/jetson_r35) by extension 'ros'
[2.449s] Level 1:colcon.colcon_core.package_identification:_identify(docker/jetson_r35) by extensions ['cmake', 'python']
[2.449s] Level 1:colcon.colcon_core.package_identification:_identify(docker/jetson_r35) by extension 'cmake'
[2.449s] Level 1:colcon.colcon_core.package_identification:_identify(docker/jetson_r35) by extension 'python'
[2.449s] Level 1:colcon.colcon_core.package_identification:_identify(docker/jetson_r35) by extensions ['python_setup_py']
[2.449s] Level 1:colcon.colcon_core.package_identification:_identify(docker/jetson_r35) by extension 'python_setup_py'
[2.450s] Level 1:colcon.colcon_core.package_identification:_identify(install) by extensions ['ignore', 'ignore_ament_install']
[2.450s] Level 1:colcon.colcon_core.package_identification:_identify(install) by extension 'ignore'
[2.450s] Level 1:colcon.colcon_core.package_identification:_identify(install) ignored
[2.451s] Level 1:colcon.colcon_core.package_identification:_identify(log) by extensions ['ignore', 'ignore_ament_install']
[2.451s] Level 1:colcon.colcon_core.package_identification:_identify(log) by extension 'ignore'
[2.452s] Level 1:colcon.colcon_core.package_identification:_identify(log) ignored
[2.452s] Level 1:colcon.colcon_core.package_identification:_identify(src) by extensions ['ignore', 'ignore_ament_install']
[2.452s] Level 1:colcon.colcon_core.package_identification:_identify(src) by extension 'ignore'
[2.452s] Level 1:colcon.colcon_core.package_identification:_identify(src) by extension 'ignore_ament_install'
[2.453s] Level 1:colcon.colcon_core.package_identification:_identify(src) by extensions ['colcon_pkg']
[2.453s] Level 1:colcon.colcon_core.package_identification:_identify(src) by extension 'colcon_pkg'
[2.453s] Level 1:colcon.colcon_core.package_identification:_identify(src) by extensions ['colcon_meta']
[2.453s] Level 1:colcon.colcon_core.package_identification:_identify(src) by extension 'colcon_meta'
[2.453s] Level 1:colcon.colcon_core.package_identification:_identify(src) by extensions ['ros']
[2.453s] Level 1:colcon.colcon_core.package_identification:_identify(src) by extension 'ros'
[2.454s] Level 1:colcon.colcon_core.package_identification:_identify(src) by extensions ['cmake', 'python']
[2.454s] Level 1:colcon.colcon_core.package_identification:_identify(src) by extension 'cmake'
[2.454s] Level 1:colcon.colcon_core.package_identification:_identify(src) by extension 'python'
[2.454s] Level 1:colcon.colcon_core.package_identification:_identify(src) by extensions ['python_setup_py']
[2.454s] Level 1:colcon.colcon_core.package_identification:_identify(src) by extension 'python_setup_py'
[2.455s] Level 1:colcon.colcon_core.package_identification:_identify(src/camera) by extensions ['ignore', 'ignore_ament_install']
[2.455s] Level 1:colcon.colcon_core.package_identification:_identify(src/camera) by extension 'ignore'
[2.455s] Level 1:colcon.colcon_core.package_identification:_identify(src/camera) by extension 'ignore_ament_install'
[2.456s] Level 1:colcon.colcon_core.package_identification:_identify(src/camera) by extensions ['colcon_pkg']
[2.456s] Level 1:colcon.colcon_core.package_identification:_identify(src/camera) by extension 'colcon_pkg'
[2.456s] Level 1:colcon.colcon_core.package_identification:_identify(src/camera) by extensions ['colcon_meta']
[2.456s] Level 1:colcon.colcon_core.package_identification:_identify(src/camera) by extension 'colcon_meta'
[2.456s] Level 1:colcon.colcon_core.package_identification:_identify(src/camera) by extensions ['ros']
[2.456s] Level 1:colcon.colcon_core.package_identification:_identify(src/camera) by extension 'ros'
[2.468s] DEBUG:colcon.colcon_core.package_identification:Package 'src/camera' with type 'ros.ament_python' and name 'camera'
[2.468s] Level 1:colcon.colcon_core.package_identification:_identify(src/yolo) by extensions ['ignore', 'ignore_ament_install']
[2.468s] Level 1:colcon.colcon_core.package_identification:_identify(src/yolo) by extension 'ignore'
[2.469s] Level 1:colcon.colcon_core.package_identification:_identify(src/yolo) by extension 'ignore_ament_install'
[2.469s] Level 1:colcon.colcon_core.package_identification:_identify(src/yolo) by extensions ['colcon_pkg']
[2.469s] Level 1:colcon.colcon_core.package_identification:_identify(src/yolo) by extension 'colcon_pkg'
[2.469s] Level 1:colcon.colcon_core.package_identification:_identify(src/yolo) by extensions ['colcon_meta']
[2.469s] Level 1:colcon.colcon_core.package_identification:_identify(src/yolo) by extension 'colcon_meta'
[2.470s] Level 1:colcon.colcon_core.package_identification:_identify(src/yolo) by extensions ['ros']
[2.470s] Level 1:colcon.colcon_core.package_identification:_identify(src/yolo) by extension 'ros'
[2.472s] DEBUG:colcon.colcon_core.package_identification:Package 'src/yolo' with type 'ros.ament_python' and name 'yolo'
[2.472s] Level 1:colcon.colcon_core.package_discovery:discover_packages(recursive) using defaults
[2.472s] Level 1:colcon.colcon_core.package_discovery:discover_packages(ignore) discover
[2.472s] Level 1:colcon.colcon_core.package_discovery:discover_packages(ignore) using defaults
[2.472s] Level 1:colcon.colcon_core.package_discovery:discover_packages(path) discover
[2.473s] Level 1:colcon.colcon_core.package_discovery:discover_packages(path) using defaults
[2.710s] Level 1:colcon.colcon_core.package_discovery:discover_packages(prefix_path) check parameters
[2.711s] Level 1:colcon.colcon_core.package_discovery:discover_packages(prefix_path) discover
[2.848s] DEBUG:colcon.colcon_installed_package_information.package_discovery:Found 346 installed packages in /opt/ros/humble/install
[2.858s] Level 1:colcon.colcon_core.package_discovery:discover_packages(prefix_path) using defaults
[3.335s] Level 5:colcon.colcon_core.verb:set package 'camera' build argument 'cmake_args' from command line to 'None'
[3.335s] Level 5:colcon.colcon_core.verb:set package 'camera' build argument 'cmake_target' from command line to 'None'
[3.335s] Level 5:colcon.colcon_core.verb:set package 'camera' build argument 'cmake_target_skip_unavailable' from command line to 'False'
[3.335s] Level 5:colcon.colcon_core.verb:set package 'camera' build argument 'cmake_clean_cache' from command line to 'False'
[3.335s] Level 5:colcon.colcon_core.verb:set package 'camera' build argument 'cmake_clean_first' from command line to 'False'
[3.335s] Level 5:colcon.colcon_core.verb:set package 'camera' build argument 'cmake_force_configure' from command line to 'False'
[3.336s] Level 5:colcon.colcon_core.verb:set package 'camera' build argument 'ament_cmake_args' from command line to 'None'
[3.336s] Level 5:colcon.colcon_core.verb:set package 'camera' build argument 'catkin_cmake_args' from command line to 'None'
[3.336s] Level 5:colcon.colcon_core.verb:set package 'camera' build argument 'catkin_skip_building_tests' from command line to 'False'
[3.336s] DEBUG:colcon.colcon_core.verb:Building package 'camera' with the following arguments: {'ament_cmake_args': None, 'build_base': '/workspace/build/camera', 'catkin_cmake_args': None, 'catkin_skip_building_tests': False, 'cmake_args': None, 'cmake_clean_cache': False, 'cmake_clean_first': False, 'cmake_force_configure': False, 'cmake_target': None, 'cmake_target_skip_unavailable': False, 'install_base': '/workspace/install/camera', 'merge_install': False, 'path': '/workspace/src/camera', 'symlink_install': False, 'test_result_base': None}
[3.338s] Level 5:colcon.colcon_core.verb:set package 'yolo' build argument 'cmake_args' from command line to 'None'
[3.338s] Level 5:colcon.colcon_core.verb:set package 'yolo' build argument 'cmake_target' from command line to 'None'
[3.338s] Level 5:colcon.colcon_core.verb:set package 'yolo' build argument 'cmake_target_skip_unavailable' from command line to 'False'
[3.338s] Level 5:colcon.colcon_core.verb:set package 'yolo' build argument 'cmake_clean_cache' from command line to 'False'
[3.338s] Level 5:colcon.colcon_core.verb:set package 'yolo' build argument 'cmake_clean_first' from command line to 'False'
[3.338s] Level 5:colcon.colcon_core.verb:set package 'yolo' build argument 'cmake_force_configure' from command line to 'False'
[3.338s] Level 5:colcon.colcon_core.verb:set package 'yolo' build argument 'ament_cmake_args' from command line to 'None'
[3.338s] Level 5:colcon.colcon_core.verb:set package 'yolo' build argument 'catkin_cmake_args' from command line to 'None'
[3.338s] Level 5:colcon.colcon_core.verb:set package 'yolo' build argument 'catkin_skip_building_tests' from command line to 'False'
[3.339s] DEBUG:colcon.colcon_core.verb:Building package 'yolo' with the following arguments: {'ament_cmake_args': None, 'build_base': '/workspace/build/yolo', 'catkin_cmake_args': None, 'catkin_skip_building_tests': False, 'cmake_args': None, 'cmake_clean_cache': False, 'cmake_clean_first': False, 'cmake_force_configure': False, 'cmake_target': None, 'cmake_target_skip_unavailable': False, 'install_base': '/workspace/install/yolo', 'merge_install': False, 'path': '/workspace/src/yolo', 'symlink_install': False, 'test_result_base': None}
[3.339s] INFO:colcon.colcon_core.executor:Executing jobs using 'parallel' executor
[3.343s] DEBUG:colcon.colcon_parallel_executor.executor.parallel:run_until_complete
[3.344s] INFO:colcon.colcon_ros.task.ament_python.build:Building ROS package in '/workspace/src/camera' with build type 'ament_python'
[3.345s] Level 1:colcon.colcon_core.shell:create_environment_hook('camera', 'ament_prefix_path')
[3.376s] INFO:colcon.colcon_core.plugin_system:Skipping extension 'colcon_core.shell.bat': Not used on non-Windows systems
[3.376s] INFO:colcon.colcon_core.shell:Creating environment hook '/workspace/install/camera/share/camera/hook/ament_prefix_path.ps1'
[3.379s] INFO:colcon.colcon_core.shell:Creating environment descriptor '/workspace/install/camera/share/camera/hook/ament_prefix_path.dsv'
[3.382s] INFO:colcon.colcon_core.shell:Creating environment hook '/workspace/install/camera/share/camera/hook/ament_prefix_path.sh'
[3.386s] INFO:colcon.colcon_core.shell:Skip shell extension 'powershell' for command environment: Not usable outside of PowerShell
[3.386s] DEBUG:colcon.colcon_core.shell:Skip shell extension 'dsv' for command environment
[3.532s] INFO:colcon.colcon_ros.task.ament_python.build:Building ROS package in '/workspace/src/yolo' with build type 'ament_python'
[3.534s] Level 1:colcon.colcon_core.shell:create_environment_hook('yolo', 'ament_prefix_path')
[3.537s] INFO:colcon.colcon_core.shell:Creating environment hook '/workspace/install/yolo/share/yolo/hook/ament_prefix_path.ps1'
[3.541s] INFO:colcon.colcon_core.shell:Creating environment descriptor '/workspace/install/yolo/share/yolo/hook/ament_prefix_path.dsv'
[3.543s] INFO:colcon.colcon_core.shell:Creating environment hook '/workspace/install/yolo/share/yolo/hook/ament_prefix_path.sh'
[3.546s] INFO:colcon.colcon_core.shell:Skip shell extension 'powershell' for command environment: Not usable outside of PowerShell
[3.546s] DEBUG:colcon.colcon_core.shell:Skip shell extension 'dsv' for command environment
[6.291s] INFO:colcon.colcon_core.task.python.build:Building Python package in '/workspace/src/camera'
[6.294s] INFO:colcon.colcon_core.shell:Skip shell extension 'powershell' for command environment: Not usable outside of PowerShell
[6.295s] DEBUG:colcon.colcon_core.shell:Skip shell extension 'dsv' for command environment
[8.944s] INFO:colcon.colcon_core.task.python.build:Building Python package in '/workspace/src/yolo'
[8.947s] INFO:colcon.colcon_core.shell:Skip shell extension 'powershell' for command environment: Not usable outside of PowerShell
[8.948s] DEBUG:colcon.colcon_core.shell:Skip shell extension 'dsv' for command environment
[14.924s] DEBUG:colcon.colcon_core.event_handler.log_command:Invoking command in '/workspace/src/camera': PYTHONPATH=/workspace/build/camera/prefix_override:/usr/lib/python3/dist-packages/colcon_core/task/python/colcon_distutils_commands:/workspace/install/camera/lib/python3.8/site-packages:${PYTHONPATH} /usr/bin/python3 -W ignore:setup.py install is deprecated -W ignore:easy_install command is deprecated setup.py egg_info --egg-base ../../build/camera build --build-base /workspace/build/camera/build install --record /workspace/build/camera/install.log --single-version-externally-managed install_data
[14.998s] DEBUG:colcon.colcon_core.event_handler.log_command:Invoking command in '/workspace/src/yolo': PYTHONPATH=/workspace/build/yolo/prefix_override:/usr/lib/python3/dist-packages/colcon_core/task/python/colcon_distutils_commands:/workspace/install/yolo/lib/python3.8/site-packages:${PYTHONPATH} /usr/bin/python3 -W ignore:setup.py install is deprecated -W ignore:easy_install command is deprecated setup.py egg_info --egg-base ../../build/yolo build --build-base /workspace/build/yolo/build install --record /workspace/build/yolo/install.log --single-version-externally-managed install_data
[19.707s] DEBUG:colcon.colcon_core.event_handler.log_command:Invoked command in '/workspace/src/camera' returned '0': PYTHONPATH=/workspace/build/camera/prefix_override:/usr/lib/python3/dist-packages/colcon_core/task/python/colcon_distutils_commands:/workspace/install/camera/lib/python3.8/site-packages:${PYTHONPATH} /usr/bin/python3 -W ignore:setup.py install is deprecated -W ignore:easy_install command is deprecated setup.py egg_info --egg-base ../../build/camera build --build-base /workspace/build/camera/build install --record /workspace/build/camera/install.log --single-version-externally-managed install_data
[19.745s] Level 1:colcon.colcon_core.environment:checking '/workspace/install/camera' for CMake module files
[19.748s] Level 1:colcon.colcon_core.environment:checking '/workspace/install/camera' for CMake config files
[19.752s] Level 1:colcon.colcon_core.environment:checking '/workspace/install/camera/lib'
[19.752s] Level 1:colcon.colcon_core.environment:checking '/workspace/install/camera/bin'
[19.753s] Level 1:colcon.colcon_core.environment:checking '/workspace/install/camera/lib/pkgconfig/camera.pc'
[19.754s] Level 1:colcon.colcon_core.environment:checking '/workspace/install/camera/lib/python3.8/site-packages'
[19.754s] Level 1:colcon.colcon_core.shell:create_environment_hook('camera', 'pythonpath')
[19.755s] INFO:colcon.colcon_core.shell:Creating environment hook '/workspace/install/camera/share/camera/hook/pythonpath.ps1'
[19.757s] INFO:colcon.colcon_core.shell:Creating environment descriptor '/workspace/install/camera/share/camera/hook/pythonpath.dsv'
[19.759s] INFO:colcon.colcon_core.shell:Creating environment hook '/workspace/install/camera/share/camera/hook/pythonpath.sh'
[19.761s] Level 1:colcon.colcon_core.environment:checking '/workspace/install/camera/bin'
[19.761s] Level 1:colcon.colcon_core.environment:create_environment_scripts_only(camera)
[19.762s] INFO:colcon.colcon_core.shell:Creating package script '/workspace/install/camera/share/camera/package.ps1'
[19.765s] INFO:colcon.colcon_core.shell:Creating package descriptor '/workspace/install/camera/share/camera/package.dsv'
[19.767s] INFO:colcon.colcon_core.shell:Creating package script '/workspace/install/camera/share/camera/package.sh'
[19.770s] INFO:colcon.colcon_core.shell:Creating package script '/workspace/install/camera/share/camera/package.bash'
[19.773s] INFO:colcon.colcon_core.shell:Creating package script '/workspace/install/camera/share/camera/package.zsh'
[19.776s] Level 1:colcon.colcon_core.environment:create_file_with_runtime_dependencies(/workspace/install/camera/share/colcon-core/packages/camera)
[19.781s] Level 1:colcon.colcon_core.environment:checking '/workspace/install/yolo' for CMake module files
[19.783s] DEBUG:colcon.colcon_core.event_handler.log_command:Invoked command in '/workspace/src/yolo' returned '0': PYTHONPATH=/workspace/build/yolo/prefix_override:/usr/lib/python3/dist-packages/colcon_core/task/python/colcon_distutils_commands:/workspace/install/yolo/lib/python3.8/site-packages:${PYTHONPATH} /usr/bin/python3 -W ignore:setup.py install is deprecated -W ignore:easy_install command is deprecated setup.py egg_info --egg-base ../../build/yolo build --build-base /workspace/build/yolo/build install --record /workspace/build/yolo/install.log --single-version-externally-managed install_data
[19.785s] Level 1:colcon.colcon_core.environment:checking '/workspace/install/yolo' for CMake config files
[19.787s] Level 1:colcon.colcon_core.environment:checking '/workspace/install/yolo/lib'
[19.787s] Level 1:colcon.colcon_core.environment:checking '/workspace/install/yolo/bin'
[19.788s] Level 1:colcon.colcon_core.environment:checking '/workspace/install/yolo/lib/pkgconfig/yolo.pc'
[19.788s] Level 1:colcon.colcon_core.environment:checking '/workspace/install/yolo/lib/python3.8/site-packages'
[19.788s] Level 1:colcon.colcon_core.shell:create_environment_hook('yolo', 'pythonpath')
[19.789s] INFO:colcon.colcon_core.shell:Creating environment hook '/workspace/install/yolo/share/yolo/hook/pythonpath.ps1'
[19.792s] INFO:colcon.colcon_core.shell:Creating environment descriptor '/workspace/install/yolo/share/yolo/hook/pythonpath.dsv'
[19.793s] INFO:colcon.colcon_core.shell:Creating environment hook '/workspace/install/yolo/share/yolo/hook/pythonpath.sh'
[19.795s] Level 1:colcon.colcon_core.environment:checking '/workspace/install/yolo/bin'
[19.796s] Level 1:colcon.colcon_core.environment:create_environment_scripts_only(yolo)
[19.797s] INFO:colcon.colcon_core.shell:Creating package script '/workspace/install/yolo/share/yolo/package.ps1'
[19.799s] INFO:colcon.colcon_core.shell:Creating package descriptor '/workspace/install/yolo/share/yolo/package.dsv'
[19.800s] INFO:colcon.colcon_core.shell:Creating package script '/workspace/install/yolo/share/yolo/package.sh'
[19.802s] INFO:colcon.colcon_core.shell:Creating package script '/workspace/install/yolo/share/yolo/package.bash'
[19.803s] INFO:colcon.colcon_core.shell:Creating package script '/workspace/install/yolo/share/yolo/package.zsh'
[19.804s] Level 1:colcon.colcon_core.environment:create_file_with_runtime_dependencies(/workspace/install/yolo/share/colcon-core/packages/yolo)
[19.806s] DEBUG:colcon.colcon_parallel_executor.executor.parallel:closing loop
[19.807s] DEBUG:colcon.colcon_parallel_executor.executor.parallel:loop closed
[19.808s] DEBUG:colcon.colcon_parallel_executor.executor.parallel:run_until_complete finished with '0'
[19.808s] DEBUG:colcon.colcon_core.event_reactor:joining thread
[19.882s] INFO:colcon.colcon_core.plugin_system:Skipping extension 'colcon_notification.desktop_notification.notify_send': Could not find 'notify-send'
[19.883s] INFO:colcon.colcon_core.plugin_system:Skipping extension 'colcon_notification.desktop_notification.terminal_notifier': Not used on non-Darwin systems
[19.883s] INFO:colcon.colcon_core.plugin_system:Skipping extension 'colcon_notification.desktop_notification.win32': Not used on non-Windows systems
[19.883s] INFO:colcon.colcon_notification.desktop_notification:Sending desktop notification using 'notify2'
[19.904s] DEBUG:colcon.colcon_notification.desktop_notification.notify2:Failed to initialize notify2: org.freedesktop.DBus.Error.Spawn.ExecFailed: /usr/bin/dbus-launch terminated abnormally without any error message
[19.906s] DEBUG:colcon.colcon_core.event_reactor:joined thread
[19.910s] INFO:colcon.colcon_core.shell:Creating prefix script '/workspace/install/local_setup.ps1'
[19.916s] INFO:colcon.colcon_core.shell:Creating prefix util module '/workspace/install/_local_setup_util_ps1.py'
[19.922s] INFO:colcon.colcon_core.shell:Creating prefix chain script '/workspace/install/setup.ps1'
[20.006s] INFO:colcon.colcon_core.shell:Creating prefix script '/workspace/install/local_setup.sh'
[20.009s] INFO:colcon.colcon_core.shell:Creating prefix util module '/workspace/install/_local_setup_util_sh.py'
[20.011s] INFO:colcon.colcon_core.shell:Creating prefix chain script '/workspace/install/setup.sh'
[20.093s] INFO:colcon.colcon_core.shell:Creating prefix script '/workspace/install/local_setup.bash'
[20.096s] INFO:colcon.colcon_core.shell:Creating prefix chain script '/workspace/install/setup.bash'
[20.177s] INFO:colcon.colcon_core.shell:Creating prefix script '/workspace/install/local_setup.zsh'
[20.180s] INFO:colcon.colcon_core.shell:Creating prefix chain script '/workspace/install/setup.zsh'
