[4.850s] Invoking command in '/workspace/build/camera': PYTHONPATH=/workspace/build/camera/prefix_override:/workspace/install/camera/lib/python3.8/site-packages:${PYTHONPATH} /usr/bin/python3 setup.py develop --editable --build-directory /workspace/build/camera/build --no-deps install_data
[5.448s] /usr/local/lib/python3.8/dist-packages/setuptools/_distutils/dist.py:261: UserWarning: Unknown distribution option: 'tests_require'
[5.448s]   warnings.warn(msg)
[6.167s] running develop
[6.169s] /usr/local/lib/python3.8/dist-packages/setuptools/command/develop.py:41: EasyInstallDeprecationWarning: easy_install command is deprecated.
[6.169s] !!
[6.170s] 
[6.170s]         ********************************************************************************
[6.170s]         Please avoid running ``setup.py`` and ``easy_install``.
[6.171s]         Instead, use pypa/build, pypa/installer or other
[6.171s]         standards-based tools.
[6.171s] 
[6.171s]         See https://github.com/pypa/setuptools/issues/917 for details.
[6.172s]         ********************************************************************************
[6.172s] 
[6.172s] !!
[6.173s]   easy_install.initialize_options(self)
[6.297s] /usr/local/lib/python3.8/dist-packages/setuptools/_distutils/cmd.py:66: SetuptoolsDeprecationWarning: setup.py install is deprecated.
[6.297s] !!
[6.298s] 
[6.298s]         ********************************************************************************
[6.298s]         Please avoid running ``setup.py`` directly.
[6.299s]         Instead, use pypa/build, pypa/installer or other
[6.299s]         standards-based tools.
[6.299s] 
[6.299s]         See https://blog.ganssle.io/articles/2021/10/setup-py-deprecated.html for details.
[6.300s]         ********************************************************************************
[6.300s] 
[6.301s] !!
[6.301s]   self.initialize_options()
[7.013s] running egg_info
[7.078s] writing camera.egg-info/PKG-INFO
[7.079s] writing dependency_links to camera.egg-info/dependency_links.txt
[7.080s] writing entry points to camera.egg-info/entry_points.txt
[7.081s] writing requirements to camera.egg-info/requires.txt
[7.082s] writing top-level names to camera.egg-info/top_level.txt
[7.218s] reading manifest file 'camera.egg-info/SOURCES.txt'
[7.223s] writing manifest file 'camera.egg-info/SOURCES.txt'
[7.428s] running build_ext
[7.429s] Creating /workspace/install/camera/lib/python3.8/site-packages/camera.egg-link (link to .)
[7.432s] Installing camera_node script to /workspace/install/camera/lib/camera
[7.433s] Installing lane_detector_follower_node script to /workspace/install/camera/lib/camera
[7.436s] Installing yolo_node script to /workspace/install/camera/lib/camera
[7.438s] 
[7.439s] Installed /workspace/build/camera
[7.441s] running install_data
[7.550s] Invoked command in '/workspace/build/camera' returned '0': PYTHONPATH=/workspace/build/camera/prefix_override:/workspace/install/camera/lib/python3.8/site-packages:${PYTHONPATH} /usr/bin/python3 setup.py develop --editable --build-directory /workspace/build/camera/build --no-deps install_data
