[5.051s] Invoking command in '/workspace/build/camera': PYTHONPATH=/workspace/build/camera/prefix_override:/workspace/install/camera/lib/python3.8/site-packages:${PYTHONPATH} /usr/bin/python3 setup.py develop --editable --build-directory /workspace/build/camera/build --no-deps install_data
[5.707s] /usr/local/lib/python3.8/dist-packages/setuptools/_distutils/dist.py:261: UserWarning: Unknown distribution option: 'tests_require'
[5.708s]   warnings.warn(msg)
[6.481s] running develop
[6.482s] /usr/local/lib/python3.8/dist-packages/setuptools/command/develop.py:41: EasyInstallDeprecationWarning: easy_install command is deprecated.
[6.483s] !!
[6.483s] 
[6.483s]         ********************************************************************************
[6.484s]         Please avoid running ``setup.py`` and ``easy_install``.
[6.484s]         Instead, use pypa/build, pypa/installer or other
[6.485s]         standards-based tools.
[6.485s] 
[6.485s]         See https://github.com/pypa/setuptools/issues/917 for details.
[6.485s]         ********************************************************************************
[6.486s] 
[6.486s] !!
[6.486s]   easy_install.initialize_options(self)
[6.637s] /usr/local/lib/python3.8/dist-packages/setuptools/_distutils/cmd.py:66: SetuptoolsDeprecationWarning: setup.py install is deprecated.
[6.637s] !!
[6.637s] 
[6.638s]         ********************************************************************************
[6.638s]         Please avoid running ``setup.py`` directly.
[6.638s]         Instead, use pypa/build, pypa/installer or other
[6.638s]         standards-based tools.
[6.639s] 
[6.639s]         See https://blog.ganssle.io/articles/2021/10/setup-py-deprecated.html for details.
[6.639s]         ********************************************************************************
[6.640s] 
[6.640s] !!
[6.640s]   self.initialize_options()
[7.386s] running egg_info
[7.451s] writing camera.egg-info/PKG-INFO
[7.453s] writing dependency_links to camera.egg-info/dependency_links.txt
[7.454s] writing entry points to camera.egg-info/entry_points.txt
[7.455s] writing requirements to camera.egg-info/requires.txt
[7.456s] writing top-level names to camera.egg-info/top_level.txt
[7.591s] reading manifest file 'camera.egg-info/SOURCES.txt'
[7.598s] writing manifest file 'camera.egg-info/SOURCES.txt'
[7.817s] running build_ext
[7.818s] Creating /workspace/install/camera/lib/python3.8/site-packages/camera.egg-link (link to .)
[7.820s] Installing camera_node script to /workspace/install/camera/lib/camera
[7.822s] Installing lane_follower_node script to /workspace/install/camera/lib/camera
[7.822s] Installing yolo_node script to /workspace/install/camera/lib/camera
[7.823s] 
[7.823s] Installed /workspace/build/camera
[7.824s] running install_data
[7.944s] Invoked command in '/workspace/build/camera' returned '0': PYTHONPATH=/workspace/build/camera/prefix_override:/workspace/install/camera/lib/python3.8/site-packages:${PYTHONPATH} /usr/bin/python3 setup.py develop --editable --build-directory /workspace/build/camera/build --no-deps install_data
