[3.173s] Invoking command in '/workspace/src/control': PYTHONPATH=/workspace/build/control/prefix_override:/usr/lib/python3/dist-packages/colcon_core/task/python/colcon_distutils_commands:/workspace/install/control/lib/python3.8/site-packages:${PYTHONPATH} /usr/bin/python3 -W ignore:setup.py install is deprecated -W ignore:easy_install command is deprecated setup.py egg_info --egg-base ../../build/control build --build-base /workspace/build/control/build install --record /workspace/build/control/install.log --single-version-externally-managed install_data
[3.973s] running egg_info
[3.975s] writing ../../build/control/control.egg-info/PKG-INFO
[3.976s] writing dependency_links to ../../build/control/control.egg-info/dependency_links.txt
[3.979s] writing entry points to ../../build/control/control.egg-info/entry_points.txt
[3.980s] writing requirements to ../../build/control/control.egg-info/requires.txt
[3.982s] writing top-level names to ../../build/control/control.egg-info/top_level.txt
[4.098s] reading manifest file '../../build/control/control.egg-info/SOURCES.txt'
[4.101s] writing manifest file '../../build/control/control.egg-info/SOURCES.txt'
[4.103s] running build
[4.103s] running build_py
[4.104s] copying control/motor_node.py -> /workspace/build/control/build/lib/control
[4.106s] running install
[4.107s] running install_lib
[4.110s] copying /workspace/build/control/build/lib/control/motor_node.py -> /workspace/install/control/lib/python3.8/site-packages/control
[4.112s] byte-compiling /workspace/install/control/lib/python3.8/site-packages/control/motor_node.py to motor_node.cpython-38.pyc
[4.125s] running install_data
[4.125s] running install_egg_info
[4.128s] removing '/workspace/install/control/lib/python3.8/site-packages/control-0.0.0-py3.8.egg-info' (and everything under it)
[4.130s] Copying ../../build/control/control.egg-info to /workspace/install/control/lib/python3.8/site-packages/control-0.0.0-py3.8.egg-info
[4.135s] running install_scripts
[4.197s] Installing motor_node script to /workspace/install/control/lib/control
[4.198s] writing list of installed files to '/workspace/build/control/install.log'
[4.283s] Invoked command in '/workspace/src/control' returned '0': PYTHONPATH=/workspace/build/control/prefix_override:/usr/lib/python3/dist-packages/colcon_core/task/python/colcon_distutils_commands:/workspace/install/control/lib/python3.8/site-packages:${PYTHONPATH} /usr/bin/python3 -W ignore:setup.py install is deprecated -W ignore:easy_install command is deprecated setup.py egg_info --egg-base ../../build/control build --build-base /workspace/build/control/build install --record /workspace/build/control/install.log --single-version-externally-managed install_data
