/usr/local/lib/python3.8/dist-packages/setuptools/_distutils/dist.py:261: UserWarning: Unknown distribution option: 'tests_require'
  warnings.warn(msg)
running develop
/usr/local/lib/python3.8/dist-packages/setuptools/command/develop.py:41: EasyInstallDeprecationWarning: easy_install command is deprecated.
!!

        ********************************************************************************
        Please avoid running ``setup.py`` and ``easy_install``.
        Instead, use pypa/build, pypa/installer or other
        standards-based tools.

        See https://github.com/pypa/setuptools/issues/917 for details.
        ********************************************************************************

!!
  easy_install.initialize_options(self)
/usr/local/lib/python3.8/dist-packages/setuptools/_distutils/cmd.py:66: SetuptoolsDeprecationWarning: setup.py install is deprecated.
!!

        ********************************************************************************
        Please avoid running ``setup.py`` directly.
        Instead, use pypa/build, pypa/installer or other
        standards-based tools.

        See https://blog.ganssle.io/articles/2021/10/setup-py-deprecated.html for details.
        ********************************************************************************

!!
  self.initialize_options()
running egg_info
writing control.egg-info/PKG-INFO
writing dependency_links to control.egg-info/dependency_links.txt
writing entry points to control.egg-info/entry_points.txt
writing requirements to control.egg-info/requires.txt
writing top-level names to control.egg-info/top_level.txt
reading manifest file 'control.egg-info/SOURCES.txt'
writing manifest file 'control.egg-info/SOURCES.txt'
running build_ext
Creating /workspace/install/control/lib/python3.8/site-packages/control.egg-link (link to .)
Installing motor_node script to /workspace/install/control/lib/control

Installed /workspace/build/control
running install_data
