[8.225s] Invoking command in '/workspace/src/camera': PYTHONPATH=/workspace/build/camera/prefix_override:/usr/lib/python3/dist-packages/colcon_core/task/python/colcon_distutils_commands:/workspace/install/camera/lib/python3.8/site-packages:${PYTHONPATH} /usr/bin/python3 -W ignore:setup.py install is deprecated -W ignore:easy_install command is deprecated setup.py egg_info --egg-base ../../build/camera build --build-base /workspace/build/camera/build install --record /workspace/build/camera/install.log --single-version-externally-managed install_data
[11.131s] running egg_info
[11.255s] writing ../../build/camera/camera.egg-info/PKG-INFO
[11.257s] writing dependency_links to ../../build/camera/camera.egg-info/dependency_links.txt
[11.258s] writing entry points to ../../build/camera/camera.egg-info/entry_points.txt
[11.259s] writing requirements to ../../build/camera/camera.egg-info/requires.txt
[11.260s] writing top-level names to ../../build/camera/camera.egg-info/top_level.txt
[11.521s] reading manifest file '../../build/camera/camera.egg-info/SOURCES.txt'
[11.524s] writing manifest file '../../build/camera/camera.egg-info/SOURCES.txt'
[11.525s] running build
[11.525s] running build_py
[11.525s] copying camera/camera_node_sub.py -> /workspace/build/camera/build/lib/camera
[11.526s] copying camera/camera_node_pub.py -> /workspace/build/camera/build/lib/camera
[11.527s] copying camera/__init__.py -> /workspace/build/camera/build/lib/camera
[11.529s] running install
[11.557s] running install_lib
[11.691s] copying /workspace/build/camera/build/lib/camera/camera_node_sub.py -> /workspace/install/camera/lib/python3.8/site-packages/camera
[11.702s] byte-compiling /workspace/install/camera/lib/python3.8/site-packages/camera/camera_node_sub.py to camera_node_sub.cpython-38.pyc
[11.705s] running install_data
[11.706s] copying resource/camera -> /workspace/install/camera/share/ament_index/resource_index/packages
[11.706s] copying package.xml -> /workspace/install/camera/share/camera
[11.707s] running install_egg_info
[11.848s] removing '/workspace/install/camera/lib/python3.8/site-packages/camera-0.0.0-py3.8.egg-info' (and everything under it)
[11.851s] Copying ../../build/camera/camera.egg-info to /workspace/install/camera/lib/python3.8/site-packages/camera-0.0.0-py3.8.egg-info
[11.855s] running install_scripts
[12.883s] Installing camera_node script to /workspace/install/camera/lib/camera
[12.884s] Installing yolo_node script to /workspace/install/camera/lib/camera
[12.886s] writing list of installed files to '/workspace/build/camera/install.log'
[12.987s] Invoked command in '/workspace/src/camera' returned '0': PYTHONPATH=/workspace/build/camera/prefix_override:/usr/lib/python3/dist-packages/colcon_core/task/python/colcon_distutils_commands:/workspace/install/camera/lib/python3.8/site-packages:${PYTHONPATH} /usr/bin/python3 -W ignore:setup.py install is deprecated -W ignore:easy_install command is deprecated setup.py egg_info --egg-base ../../build/camera build --build-base /workspace/build/camera/build install --record /workspace/build/camera/install.log --single-version-externally-managed install_data
