[10.673s] Invoking command in '/workspace/src/yolo': PYTHONPATH=/workspace/build/yolo/prefix_override:/usr/lib/python3/dist-packages/colcon_core/task/python/colcon_distutils_commands:/workspace/install/yolo/lib/python3.8/site-packages:${PYTHONPATH} /usr/bin/python3 -W ignore:setup.py install is deprecated -W ignore:easy_install command is deprecated setup.py egg_info --egg-base ../../build/yolo build --build-base /workspace/build/yolo/build install --record /workspace/build/yolo/install.log --single-version-externally-managed install_data
[13.454s] running egg_info
[13.579s] writing ../../build/yolo/yolo.egg-info/PKG-INFO
[13.582s] writing dependency_links to ../../build/yolo/yolo.egg-info/dependency_links.txt
[13.583s] writing entry points to ../../build/yolo/yolo.egg-info/entry_points.txt
[13.584s] writing requirements to ../../build/yolo/yolo.egg-info/requires.txt
[13.584s] writing top-level names to ../../build/yolo/yolo.egg-info/top_level.txt
[13.847s] reading manifest file '../../build/yolo/yolo.egg-info/SOURCES.txt'
[13.849s] writing manifest file '../../build/yolo/yolo.egg-info/SOURCES.txt'
[13.850s] running build
[13.850s] running build_py
[13.851s] copying yolo/camera_node_sub.py -> /workspace/build/yolo/build/lib/yolo
[13.852s] copying yolo/__init__.py -> /workspace/build/yolo/build/lib/yolo
[13.853s] running install
[13.879s] running install_lib
[14.014s] copying /workspace/build/yolo/build/lib/yolo/camera_node_sub.py -> /workspace/install/yolo/lib/python3.8/site-packages/yolo
[14.025s] byte-compiling /workspace/install/yolo/lib/python3.8/site-packages/yolo/camera_node_sub.py to camera_node_sub.cpython-38.pyc
[14.027s] running install_data
[14.028s] copying resource/yolo -> /workspace/install/yolo/share/ament_index/resource_index/packages
[14.029s] copying package.xml -> /workspace/install/yolo/share/yolo
[14.029s] running install_egg_info
[14.171s] removing '/workspace/install/yolo/lib/python3.8/site-packages/yolo-0.0.0-py3.8.egg-info' (and everything under it)
[14.172s] Copying ../../build/yolo/yolo.egg-info to /workspace/install/yolo/lib/python3.8/site-packages/yolo-0.0.0-py3.8.egg-info
[14.176s] running install_scripts
[15.232s] Installing yolo_node script to /workspace/install/yolo/lib/yolo
[15.233s] writing list of installed files to '/workspace/build/yolo/install.log'
[15.325s] Invoked command in '/workspace/src/yolo' returned '0': PYTHONPATH=/workspace/build/yolo/prefix_override:/usr/lib/python3/dist-packages/colcon_core/task/python/colcon_distutils_commands:/workspace/install/yolo/lib/python3.8/site-packages:${PYTHONPATH} /usr/bin/python3 -W ignore:setup.py install is deprecated -W ignore:easy_install command is deprecated setup.py egg_info --egg-base ../../build/yolo build --build-base /workspace/build/yolo/build install --record /workspace/build/yolo/install.log --single-version-externally-managed install_data
