[11.053s] Invoking command in '/workspace/src/yolo': PYTHONPATH=/workspace/build/yolo/prefix_override:/usr/lib/python3/dist-packages/colcon_core/task/python/colcon_distutils_commands:/workspace/install/yolo/lib/python3.8/site-packages:${PYTHONPATH} /usr/bin/python3 -W ignore:setup.py install is deprecated -W ignore:easy_install command is deprecated setup.py egg_info --egg-base ../../build/yolo build --build-base /workspace/build/yolo/build install --record /workspace/build/yolo/install.log --single-version-externally-managed install_data
[13.973s] running egg_info
[14.108s] writing ../../build/yolo/yolo.egg-info/PKG-INFO
[14.112s] writing dependency_links to ../../build/yolo/yolo.egg-info/dependency_links.txt
[14.113s] writing entry points to ../../build/yolo/yolo.egg-info/entry_points.txt
[14.114s] writing requirements to ../../build/yolo/yolo.egg-info/requires.txt
[14.114s] writing top-level names to ../../build/yolo/yolo.egg-info/top_level.txt
[14.376s] reading manifest file '../../build/yolo/yolo.egg-info/SOURCES.txt'
[14.380s] writing manifest file '../../build/yolo/yolo.egg-info/SOURCES.txt'
[14.381s] running build
[14.381s] running build_py
[14.382s] copying yolo/camera_node_sub.py -> /workspace/build/yolo/build/lib/yolo
[14.382s] copying yolo/__init__.py -> /workspace/build/yolo/build/lib/yolo
[14.383s] running install
[14.412s] running install_lib
[14.559s] running install_data
[14.562s] copying resource/yolo -> /workspace/install/yolo/share/ament_index/resource_index/packages
[14.562s] copying package.xml -> /workspace/install/yolo/share/yolo
[14.563s] running install_egg_info
[14.703s] removing '/workspace/install/yolo/lib/python3.8/site-packages/yolo-0.0.0-py3.8.egg-info' (and everything under it)
[14.705s] Copying ../../build/yolo/yolo.egg-info to /workspace/install/yolo/lib/python3.8/site-packages/yolo-0.0.0-py3.8.egg-info
[14.709s] running install_scripts
[15.785s] Installing yolo_node script to /workspace/install/yolo/lib/yolo
[15.786s] writing list of installed files to '/workspace/build/yolo/install.log'
[15.884s] Invoked command in '/workspace/src/yolo' returned '0': PYTHONPATH=/workspace/build/yolo/prefix_override:/usr/lib/python3/dist-packages/colcon_core/task/python/colcon_distutils_commands:/workspace/install/yolo/lib/python3.8/site-packages:${PYTHONPATH} /usr/bin/python3 -W ignore:setup.py install is deprecated -W ignore:easy_install command is deprecated setup.py egg_info --egg-base ../../build/yolo build --build-base /workspace/build/yolo/build install --record /workspace/build/yolo/install.log --single-version-externally-managed install_data
