[3.135s] Invoking command in '/workspace/src/camera': PYTHONPATH=/workspace/build/camera/prefix_override:/usr/lib/python3/dist-packages/colcon_core/task/python/colcon_distutils_commands:/workspace/install/camera/lib/python3.8/site-packages:${PYTHONPATH} /usr/bin/python3 -W ignore:setup.py install is deprecated -W ignore:easy_install command is deprecated setup.py egg_info --egg-base ../../build/camera build --build-base /workspace/build/camera/build install --record /workspace/build/camera/install.log --single-version-externally-managed install_data
[4.002s] running egg_info
[4.005s] writing ../../build/camera/camera.egg-info/PKG-INFO
[4.005s] writing dependency_links to ../../build/camera/camera.egg-info/dependency_links.txt
[4.006s] writing entry points to ../../build/camera/camera.egg-info/entry_points.txt
[4.006s] writing requirements to ../../build/camera/camera.egg-info/requires.txt
[4.007s] writing top-level names to ../../build/camera/camera.egg-info/top_level.txt
[4.125s] reading manifest file '../../build/camera/camera.egg-info/SOURCES.txt'
[4.129s] writing manifest file '../../build/camera/camera.egg-info/SOURCES.txt'
[4.130s] running build
[4.131s] running build_py
[4.131s] copying camera/liner_node.py -> /workspace/build/camera/build/lib/camera
[4.131s] running install
[4.134s] running install_lib
[4.140s] copying /workspace/build/camera/build/lib/camera/liner_node.py -> /workspace/install/camera/lib/python3.8/site-packages/camera
[4.142s] byte-compiling /workspace/install/camera/lib/python3.8/site-packages/camera/liner_node.py to liner_node.cpython-38.pyc
[4.153s] running install_data
[4.153s] running install_egg_info
[4.158s] removing '/workspace/install/camera/lib/python3.8/site-packages/camera-0.0.0-py3.8.egg-info' (and everything under it)
[4.159s] Copying ../../build/camera/camera.egg-info to /workspace/install/camera/lib/python3.8/site-packages/camera-0.0.0-py3.8.egg-info
[4.164s] running install_scripts
[4.219s] Installing camera_node script to /workspace/install/camera/lib/camera
[4.220s] Installing line_detector_follower_node script to /workspace/install/camera/lib/camera
[4.221s] Installing yolo_node script to /workspace/install/camera/lib/camera
[4.222s] writing list of installed files to '/workspace/build/camera/install.log'
[4.293s] Invoked command in '/workspace/src/camera' returned '0': PYTHONPATH=/workspace/build/camera/prefix_override:/usr/lib/python3/dist-packages/colcon_core/task/python/colcon_distutils_commands:/workspace/install/camera/lib/python3.8/site-packages:${PYTHONPATH} /usr/bin/python3 -W ignore:setup.py install is deprecated -W ignore:easy_install command is deprecated setup.py egg_info --egg-base ../../build/camera build --build-base /workspace/build/camera/build install --record /workspace/build/camera/install.log --single-version-externally-managed install_data
