[1.494s] DEBUG:colcon:Command line arguments: ['/usr/bin/colcon', 'build', '--symlink-install']
[1.495s] DEBUG:colcon:Parsed command line arguments: Namespace(allow_overriding=[], ament_cmake_args=None, base_paths=['.'], build_base='build', catkin_cmake_args=None, catkin_skip_building_tests=False, cmake_args=None, cmake_clean_cache=False, cmake_clean_first=False, cmake_force_configure=False, cmake_target=None, cmake_target_skip_unavailable=False, continue_on_error=False, event_handlers=None, executor='parallel', ignore_user_meta=False, install_base='install', log_base=None, log_level=None, main=<bound method BuildVerb.main of <colcon_core.verb.build.BuildVerb object at 0xffff811f4370>>, merge_install=False, metas=['./colcon.meta'], mixin=None, mixin_files=None, mixin_verb=('build',), packages_above=None, packages_above_and_dependencies=None, packages_above_depth=None, packages_end=None, packages_ignore=None, packages_ignore_regex=None, packages_select=None, packages_select_build_failed=False, packages_select_by_dep=None, packages_select_regex=None, packages_select_test_failures=False, packages_skip=None, packages_skip_build_finished=False, packages_skip_by_dep=None, packages_skip_regex=None, packages_skip_test_passed=False, packages_skip_up_to=None, packages_start=None, packages_up_to=None, packages_up_to_regex=None, parallel_workers=8, paths=None, symlink_install=True, test_result_base=None, verb_extension=<colcon_core.verb.build.BuildVerb object at 0xffff811f4370>, verb_name='build', verb_parser=<colcon_mixin.mixin.mixin_argument.MixinArgumentDecorator object at 0xffff811f4af0>)
[2.667s] Level 1:colcon.colcon_core.package_discovery:discover_packages(colcon_meta) check parameters
[2.669s] Level 1:colcon.colcon_core.package_discovery:discover_packages(recursive) check parameters
[2.669s] Level 1:colcon.colcon_core.package_discovery:discover_packages(ignore) check parameters
[2.669s] Level 1:colcon.colcon_core.package_discovery:discover_packages(path) check parameters
[2.669s] Level 1:colcon.colcon_core.package_discovery:discover_packages(colcon_meta) discover
[2.669s] Level 1:colcon.colcon_core.package_discovery:discover_packages(recursive) discover
[2.670s] INFO:colcon.colcon_core.package_discovery:Crawling recursively for packages in '/home/iclab/autorace'
[2.670s] Level 1:colcon.colcon_core.package_identification:_identify(.) by extensions ['ignore', 'ignore_ament_install']
[2.670s] Level 1:colcon.colcon_core.package_identification:_identify(.) by extension 'ignore'
[2.671s] Level 1:colcon.colcon_core.package_identification:_identify(.) by extension 'ignore_ament_install'
[2.671s] Level 1:colcon.colcon_core.package_identification:_identify(.) by extensions ['colcon_pkg']
[2.671s] Level 1:colcon.colcon_core.package_identification:_identify(.) by extension 'colcon_pkg'
[2.671s] Level 1:colcon.colcon_core.package_identification:_identify(.) by extensions ['colcon_meta']
[2.671s] Level 1:colcon.colcon_core.package_identification:_identify(.) by extension 'colcon_meta'
[2.671s] Level 1:colcon.colcon_core.package_identification:_identify(.) by extensions ['ros']
[2.672s] Level 1:colcon.colcon_core.package_identification:_identify(.) by extension 'ros'
[2.904s] Level 1:colcon.colcon_core.package_identification:_identify(.) by extensions ['cmake', 'python']
[2.904s] Level 1:colcon.colcon_core.package_identification:_identify(.) by extension 'cmake'
[2.904s] Level 1:colcon.colcon_core.package_identification:_identify(.) by extension 'python'
[2.905s] Level 1:colcon.colcon_core.package_identification:_identify(.) by extensions ['python_setup_py']
[2.905s] Level 1:colcon.colcon_core.package_identification:_identify(.) by extension 'python_setup_py'
[2.905s] Level 1:colcon.colcon_core.package_identification:_identify(build) by extensions ['ignore', 'ignore_ament_install']
[2.906s] Level 1:colcon.colcon_core.package_identification:_identify(build) by extension 'ignore'
[2.906s] Level 1:colcon.colcon_core.package_identification:_identify(build) ignored
[2.906s] Level 1:colcon.colcon_core.package_identification:_identify(docker) by extensions ['ignore', 'ignore_ament_install']
[2.907s] Level 1:colcon.colcon_core.package_identification:_identify(docker) by extension 'ignore'
[2.907s] Level 1:colcon.colcon_core.package_identification:_identify(docker) by extension 'ignore_ament_install'
[2.907s] Level 1:colcon.colcon_core.package_identification:_identify(docker) by extensions ['colcon_pkg']
[2.907s] Level 1:colcon.colcon_core.package_identification:_identify(docker) by extension 'colcon_pkg'
[2.907s] Level 1:colcon.colcon_core.package_identification:_identify(docker) by extensions ['colcon_meta']
[2.907s] Level 1:colcon.colcon_core.package_identification:_identify(docker) by extension 'colcon_meta'
[2.908s] Level 1:colcon.colcon_core.package_identification:_identify(docker) by extensions ['ros']
[2.908s] Level 1:colcon.colcon_core.package_identification:_identify(docker) by extension 'ros'
[2.908s] Level 1:colcon.colcon_core.package_identification:_identify(docker) by extensions ['cmake', 'python']
[2.908s] Level 1:colcon.colcon_core.package_identification:_identify(docker) by extension 'cmake'
[2.908s] Level 1:colcon.colcon_core.package_identification:_identify(docker) by extension 'python'
[2.921s] Level 1:colcon.colcon_core.package_identification:_identify(docker) by extensions ['python_setup_py']
[2.921s] Level 1:colcon.colcon_core.package_identification:_identify(docker) by extension 'python_setup_py'
[2.922s] Level 1:colcon.colcon_core.package_identification:_identify(docker/jetson_r35) by extensions ['ignore', 'ignore_ament_install']
[2.922s] Level 1:colcon.colcon_core.package_identification:_identify(docker/jetson_r35) by extension 'ignore'
[2.922s] Level 1:colcon.colcon_core.package_identification:_identify(docker/jetson_r35) by extension 'ignore_ament_install'
[2.922s] Level 1:colcon.colcon_core.package_identification:_identify(docker/jetson_r35) by extensions ['colcon_pkg']
[2.923s] Level 1:colcon.colcon_core.package_identification:_identify(docker/jetson_r35) by extension 'colcon_pkg'
[2.923s] Level 1:colcon.colcon_core.package_identification:_identify(docker/jetson_r35) by extensions ['colcon_meta']
[2.923s] Level 1:colcon.colcon_core.package_identification:_identify(docker/jetson_r35) by extension 'colcon_meta'
[2.923s] Level 1:colcon.colcon_core.package_identification:_identify(docker/jetson_r35) by extensions ['ros']
[2.923s] Level 1:colcon.colcon_core.package_identification:_identify(docker/jetson_r35) by extension 'ros'
[2.924s] Level 1:colcon.colcon_core.package_identification:_identify(docker/jetson_r35) by extensions ['cmake', 'python']
[2.924s] Level 1:colcon.colcon_core.package_identification:_identify(docker/jetson_r35) by extension 'cmake'
[2.924s] Level 1:colcon.colcon_core.package_identification:_identify(docker/jetson_r35) by extension 'python'
[2.925s] Level 1:colcon.colcon_core.package_identification:_identify(docker/jetson_r35) by extensions ['python_setup_py']
[2.925s] Level 1:colcon.colcon_core.package_identification:_identify(docker/jetson_r35) by extension 'python_setup_py'
[2.925s] Level 1:colcon.colcon_core.package_identification:_identify(install) by extensions ['ignore', 'ignore_ament_install']
[2.926s] Level 1:colcon.colcon_core.package_identification:_identify(install) by extension 'ignore'
[2.926s] Level 1:colcon.colcon_core.package_identification:_identify(install) ignored
[2.927s] Level 1:colcon.colcon_core.package_identification:_identify(log) by extensions ['ignore', 'ignore_ament_install']
[2.927s] Level 1:colcon.colcon_core.package_identification:_identify(log) by extension 'ignore'
[2.927s] Level 1:colcon.colcon_core.package_identification:_identify(log) ignored
[2.928s] Level 1:colcon.colcon_core.package_identification:_identify(src) by extensions ['ignore', 'ignore_ament_install']
[2.937s] Level 1:colcon.colcon_core.package_identification:_identify(src) by extension 'ignore'
[2.937s] Level 1:colcon.colcon_core.package_identification:_identify(src) by extension 'ignore_ament_install'
[2.937s] Level 1:colcon.colcon_core.package_identification:_identify(src) by extensions ['colcon_pkg']
[2.937s] Level 1:colcon.colcon_core.package_identification:_identify(src) by extension 'colcon_pkg'
[2.938s] Level 1:colcon.colcon_core.package_identification:_identify(src) by extensions ['colcon_meta']
[2.938s] Level 1:colcon.colcon_core.package_identification:_identify(src) by extension 'colcon_meta'
[2.938s] Level 1:colcon.colcon_core.package_identification:_identify(src) by extensions ['ros']
[2.938s] Level 1:colcon.colcon_core.package_identification:_identify(src) by extension 'ros'
[2.938s] Level 1:colcon.colcon_core.package_identification:_identify(src) by extensions ['cmake', 'python']
[2.939s] Level 1:colcon.colcon_core.package_identification:_identify(src) by extension 'cmake'
[2.939s] Level 1:colcon.colcon_core.package_identification:_identify(src) by extension 'python'
[2.939s] Level 1:colcon.colcon_core.package_identification:_identify(src) by extensions ['python_setup_py']
[2.939s] Level 1:colcon.colcon_core.package_identification:_identify(src) by extension 'python_setup_py'
[2.939s] Level 1:colcon.colcon_core.package_identification:_identify(src/camera) by extensions ['ignore', 'ignore_ament_install']
[2.940s] Level 1:colcon.colcon_core.package_identification:_identify(src/camera) by extension 'ignore'
[2.941s] Level 1:colcon.colcon_core.package_identification:_identify(src/camera) by extension 'ignore_ament_install'
[2.941s] Level 1:colcon.colcon_core.package_identification:_identify(src/camera) by extensions ['colcon_pkg']
[2.941s] Level 1:colcon.colcon_core.package_identification:_identify(src/camera) by extension 'colcon_pkg'
[2.941s] Level 1:colcon.colcon_core.package_identification:_identify(src/camera) by extensions ['colcon_meta']
[2.941s] Level 1:colcon.colcon_core.package_identification:_identify(src/camera) by extension 'colcon_meta'
[2.942s] Level 1:colcon.colcon_core.package_identification:_identify(src/camera) by extensions ['ros']
[2.942s] Level 1:colcon.colcon_core.package_identification:_identify(src/camera) by extension 'ros'
[2.954s] DEBUG:colcon.colcon_core.package_identification:Package 'src/camera' with type 'ros.ament_python' and name 'camera'
[2.956s] Level 1:colcon.colcon_core.package_identification:_identify(src/control) by extensions ['ignore', 'ignore_ament_install']
[2.957s] Level 1:colcon.colcon_core.package_identification:_identify(src/control) by extension 'ignore'
[2.957s] Level 1:colcon.colcon_core.package_identification:_identify(src/control) by extension 'ignore_ament_install'
[2.957s] Level 1:colcon.colcon_core.package_identification:_identify(src/control) by extensions ['colcon_pkg']
[2.957s] Level 1:colcon.colcon_core.package_identification:_identify(src/control) by extension 'colcon_pkg'
[2.958s] Level 1:colcon.colcon_core.package_identification:_identify(src/control) by extensions ['colcon_meta']
[2.958s] Level 1:colcon.colcon_core.package_identification:_identify(src/control) by extension 'colcon_meta'
[2.958s] Level 1:colcon.colcon_core.package_identification:_identify(src/control) by extensions ['ros']
[2.958s] Level 1:colcon.colcon_core.package_identification:_identify(src/control) by extension 'ros'
[2.960s] DEBUG:colcon.colcon_core.package_identification:Package 'src/control' with type 'ros.ament_python' and name 'control'
[2.960s] Level 1:colcon.colcon_core.package_identification:_identify(src/ld08_driver) by extensions ['ignore', 'ignore_ament_install']
[2.961s] Level 1:colcon.colcon_core.package_identification:_identify(src/ld08_driver) by extension 'ignore'
[2.961s] Level 1:colcon.colcon_core.package_identification:_identify(src/ld08_driver) by extension 'ignore_ament_install'
[2.961s] Level 1:colcon.colcon_core.package_identification:_identify(src/ld08_driver) by extensions ['colcon_pkg']
[2.961s] Level 1:colcon.colcon_core.package_identification:_identify(src/ld08_driver) by extension 'colcon_pkg'
[2.961s] Level 1:colcon.colcon_core.package_identification:_identify(src/ld08_driver) by extensions ['colcon_meta']
[2.961s] Level 1:colcon.colcon_core.package_identification:_identify(src/ld08_driver) by extension 'colcon_meta'
[2.962s] Level 1:colcon.colcon_core.package_identification:_identify(src/ld08_driver) by extensions ['ros']
[2.962s] Level 1:colcon.colcon_core.package_identification:_identify(src/ld08_driver) by extension 'ros'
[2.965s] DEBUG:colcon.colcon_core.package_identification:Package 'src/ld08_driver' with type 'ros.ament_cmake' and name 'ld08_driver'
[2.965s] Level 1:colcon.colcon_core.package_discovery:discover_packages(recursive) using defaults
[2.965s] Level 1:colcon.colcon_core.package_discovery:discover_packages(ignore) discover
[2.965s] Level 1:colcon.colcon_core.package_discovery:discover_packages(ignore) using defaults
[2.965s] Level 1:colcon.colcon_core.package_discovery:discover_packages(path) discover
[2.966s] Level 1:colcon.colcon_core.package_discovery:discover_packages(path) using defaults
[3.023s] Level 1:colcon.colcon_core.package_discovery:discover_packages(prefix_path) check parameters
[3.023s] Level 1:colcon.colcon_core.package_discovery:discover_packages(prefix_path) discover
[3.036s] DEBUG:colcon.colcon_installed_package_information.package_discovery:Found 256 installed packages in /opt/ros/foxy
[3.049s] Level 1:colcon.colcon_core.package_discovery:discover_packages(prefix_path) using defaults
[3.310s] Level 5:colcon.colcon_core.verb:set package 'camera' build argument 'cmake_args' from command line to 'None'
[3.310s] Level 5:colcon.colcon_core.verb:set package 'camera' build argument 'cmake_target' from command line to 'None'
[3.311s] Level 5:colcon.colcon_core.verb:set package 'camera' build argument 'cmake_target_skip_unavailable' from command line to 'False'
[3.311s] Level 5:colcon.colcon_core.verb:set package 'camera' build argument 'cmake_clean_cache' from command line to 'False'
[3.311s] Level 5:colcon.colcon_core.verb:set package 'camera' build argument 'cmake_clean_first' from command line to 'False'
[3.311s] Level 5:colcon.colcon_core.verb:set package 'camera' build argument 'cmake_force_configure' from command line to 'False'
[3.311s] Level 5:colcon.colcon_core.verb:set package 'camera' build argument 'ament_cmake_args' from command line to 'None'
[3.311s] Level 5:colcon.colcon_core.verb:set package 'camera' build argument 'catkin_cmake_args' from command line to 'None'
[3.312s] Level 5:colcon.colcon_core.verb:set package 'camera' build argument 'catkin_skip_building_tests' from command line to 'False'
[3.312s] DEBUG:colcon.colcon_core.verb:Building package 'camera' with the following arguments: {'ament_cmake_args': None, 'build_base': '/home/iclab/autorace/build/camera', 'catkin_cmake_args': None, 'catkin_skip_building_tests': False, 'cmake_args': None, 'cmake_clean_cache': False, 'cmake_clean_first': False, 'cmake_force_configure': False, 'cmake_target': None, 'cmake_target_skip_unavailable': False, 'install_base': '/home/iclab/autorace/install/camera', 'merge_install': False, 'path': '/home/iclab/autorace/src/camera', 'symlink_install': True, 'test_result_base': None}
[3.313s] Level 5:colcon.colcon_core.verb:set package 'control' build argument 'cmake_args' from command line to 'None'
[3.314s] Level 5:colcon.colcon_core.verb:set package 'control' build argument 'cmake_target' from command line to 'None'
[3.314s] Level 5:colcon.colcon_core.verb:set package 'control' build argument 'cmake_target_skip_unavailable' from command line to 'False'
[3.314s] Level 5:colcon.colcon_core.verb:set package 'control' build argument 'cmake_clean_cache' from command line to 'False'
[3.314s] Level 5:colcon.colcon_core.verb:set package 'control' build argument 'cmake_clean_first' from command line to 'False'
[3.314s] Level 5:colcon.colcon_core.verb:set package 'control' build argument 'cmake_force_configure' from command line to 'False'
[3.314s] Level 5:colcon.colcon_core.verb:set package 'control' build argument 'ament_cmake_args' from command line to 'None'
[3.314s] Level 5:colcon.colcon_core.verb:set package 'control' build argument 'catkin_cmake_args' from command line to 'None'
[3.314s] Level 5:colcon.colcon_core.verb:set package 'control' build argument 'catkin_skip_building_tests' from command line to 'False'
[3.315s] DEBUG:colcon.colcon_core.verb:Building package 'control' with the following arguments: {'ament_cmake_args': None, 'build_base': '/home/iclab/autorace/build/control', 'catkin_cmake_args': None, 'catkin_skip_building_tests': False, 'cmake_args': None, 'cmake_clean_cache': False, 'cmake_clean_first': False, 'cmake_force_configure': False, 'cmake_target': None, 'cmake_target_skip_unavailable': False, 'install_base': '/home/iclab/autorace/install/control', 'merge_install': False, 'path': '/home/iclab/autorace/src/control', 'symlink_install': True, 'test_result_base': None}
[3.317s] Level 5:colcon.colcon_core.verb:set package 'ld08_driver' build argument 'cmake_args' from command line to 'None'
[3.318s] Level 5:colcon.colcon_core.verb:set package 'ld08_driver' build argument 'cmake_target' from command line to 'None'
[3.318s] Level 5:colcon.colcon_core.verb:set package 'ld08_driver' build argument 'cmake_target_skip_unavailable' from command line to 'False'
[3.318s] Level 5:colcon.colcon_core.verb:set package 'ld08_driver' build argument 'cmake_clean_cache' from command line to 'False'
[3.318s] Level 5:colcon.colcon_core.verb:set package 'ld08_driver' build argument 'cmake_clean_first' from command line to 'False'
[3.318s] Level 5:colcon.colcon_core.verb:set package 'ld08_driver' build argument 'cmake_force_configure' from command line to 'False'
[3.318s] Level 5:colcon.colcon_core.verb:set package 'ld08_driver' build argument 'ament_cmake_args' from command line to 'None'
[3.318s] Level 5:colcon.colcon_core.verb:set package 'ld08_driver' build argument 'catkin_cmake_args' from command line to 'None'
[3.319s] Level 5:colcon.colcon_core.verb:set package 'ld08_driver' build argument 'catkin_skip_building_tests' from command line to 'False'
[3.320s] DEBUG:colcon.colcon_core.verb:Building package 'ld08_driver' with the following arguments: {'ament_cmake_args': None, 'build_base': '/home/iclab/autorace/build/ld08_driver', 'catkin_cmake_args': None, 'catkin_skip_building_tests': False, 'cmake_args': None, 'cmake_clean_cache': False, 'cmake_clean_first': False, 'cmake_force_configure': False, 'cmake_target': None, 'cmake_target_skip_unavailable': False, 'install_base': '/home/iclab/autorace/install/ld08_driver', 'merge_install': False, 'path': '/home/iclab/autorace/src/ld08_driver', 'symlink_install': True, 'test_result_base': None}
[3.321s] INFO:colcon.colcon_core.executor:Executing jobs using 'parallel' executor
[3.324s] DEBUG:colcon.colcon_parallel_executor.executor.parallel:run_until_complete
[3.325s] INFO:colcon.colcon_ros.task.ament_python.build:Building ROS package in '/home/iclab/autorace/src/camera' with build type 'ament_python'
[3.326s] Level 1:colcon.colcon_core.shell:create_environment_hook('camera', 'ament_prefix_path')
[3.333s] INFO:colcon.colcon_core.plugin_system:Skipping extension 'colcon_core.shell.bat': Not used on non-Windows systems
[3.334s] INFO:colcon.colcon_core.shell:Creating environment hook '/home/iclab/autorace/install/camera/share/camera/hook/ament_prefix_path.ps1'
[3.337s] INFO:colcon.colcon_core.shell:Creating environment descriptor '/home/iclab/autorace/install/camera/share/camera/hook/ament_prefix_path.dsv'
[3.338s] INFO:colcon.colcon_core.shell:Creating environment hook '/home/iclab/autorace/install/camera/share/camera/hook/ament_prefix_path.sh'
[3.342s] INFO:colcon.colcon_core.shell:Skip shell extension 'powershell' for command environment: Not usable outside of PowerShell
[3.343s] DEBUG:colcon.colcon_core.shell:Skip shell extension 'dsv' for command environment
[3.398s] INFO:colcon.colcon_ros.task.ament_python.build:Building ROS package in '/home/iclab/autorace/src/control' with build type 'ament_python'
[3.400s] Level 1:colcon.colcon_core.shell:create_environment_hook('control', 'ament_prefix_path')
[3.403s] INFO:colcon.colcon_core.shell:Creating environment hook '/home/iclab/autorace/install/control/share/control/hook/ament_prefix_path.ps1'
[3.410s] INFO:colcon.colcon_core.shell:Creating environment descriptor '/home/iclab/autorace/install/control/share/control/hook/ament_prefix_path.dsv'
[3.412s] INFO:colcon.colcon_core.shell:Creating environment hook '/home/iclab/autorace/install/control/share/control/hook/ament_prefix_path.sh'
[3.415s] INFO:colcon.colcon_core.shell:Skip shell extension 'powershell' for command environment: Not usable outside of PowerShell
[3.415s] DEBUG:colcon.colcon_core.shell:Skip shell extension 'dsv' for command environment
[3.495s] INFO:colcon.colcon_ros.task.ament_cmake.build:Building ROS package in '/home/iclab/autorace/src/ld08_driver' with build type 'ament_cmake'
[3.497s] INFO:colcon.colcon_cmake.task.cmake.build:Building CMake package in '/home/iclab/autorace/src/ld08_driver'
[3.503s] INFO:colcon.colcon_core.shell:Skip shell extension 'powershell' for command environment: Not usable outside of PowerShell
[3.503s] DEBUG:colcon.colcon_core.shell:Skip shell extension 'dsv' for command environment
[5.392s] INFO:colcon.colcon_core.task.python.build:Building Python package in '/home/iclab/autorace/src/camera'
[5.395s] INFO:colcon.colcon_core.shell:Skip shell extension 'powershell' for command environment: Not usable outside of PowerShell
[5.396s] DEBUG:colcon.colcon_core.shell:Skip shell extension 'dsv' for command environment
[6.616s] INFO:colcon.colcon_core.task.python.build:Building Python package in '/home/iclab/autorace/src/control'
[6.620s] INFO:colcon.colcon_core.shell:Skip shell extension 'powershell' for command environment: Not usable outside of PowerShell
[6.621s] DEBUG:colcon.colcon_core.shell:Skip shell extension 'dsv' for command environment
[6.696s] DEBUG:colcon.colcon_core.event_handler.log_command:Invoking command in '/home/iclab/autorace/build/ld08_driver': CMAKE_PREFIX_PATH=/opt/ros/foxy /usr/bin/cmake --build /home/iclab/autorace/build/ld08_driver -- -j8 -l8
[7.277s] DEBUG:colcon.colcon_core.event_handler.log_command:Invoked command in '/home/iclab/autorace/build/ld08_driver' returned '0': CMAKE_PREFIX_PATH=/opt/ros/foxy /usr/bin/cmake --build /home/iclab/autorace/build/ld08_driver -- -j8 -l8
[7.368s] DEBUG:colcon.colcon_core.event_handler.log_command:Invoking command in '/home/iclab/autorace/build/ld08_driver': CMAKE_PREFIX_PATH=/opt/ros/foxy /usr/bin/cmake --install /home/iclab/autorace/build/ld08_driver
[7.533s] Level 1:colcon.colcon_core.environment:create_environment_scripts_only(ld08_driver)
[7.546s] Level 1:colcon.colcon_core.environment:checking '/home/iclab/autorace/install/ld08_driver' for CMake module files
[7.547s] DEBUG:colcon.colcon_core.event_handler.log_command:Invoked command in '/home/iclab/autorace/build/ld08_driver' returned '0': CMAKE_PREFIX_PATH=/opt/ros/foxy /usr/bin/cmake --install /home/iclab/autorace/build/ld08_driver
[7.550s] Level 1:colcon.colcon_core.environment:checking '/home/iclab/autorace/install/ld08_driver' for CMake config files
[7.552s] Level 1:colcon.colcon_core.shell:create_environment_hook('ld08_driver', 'cmake_prefix_path')
[7.553s] INFO:colcon.colcon_core.shell:Creating environment hook '/home/iclab/autorace/install/ld08_driver/share/ld08_driver/hook/cmake_prefix_path.ps1'
[7.556s] INFO:colcon.colcon_core.shell:Creating environment descriptor '/home/iclab/autorace/install/ld08_driver/share/ld08_driver/hook/cmake_prefix_path.dsv'
[7.559s] INFO:colcon.colcon_core.shell:Creating environment hook '/home/iclab/autorace/install/ld08_driver/share/ld08_driver/hook/cmake_prefix_path.sh'
[7.564s] Level 1:colcon.colcon_core.environment:checking '/home/iclab/autorace/install/ld08_driver/lib'
[7.565s] Level 1:colcon.colcon_core.environment:checking '/home/iclab/autorace/install/ld08_driver/bin'
[7.565s] Level 1:colcon.colcon_core.environment:checking '/home/iclab/autorace/install/ld08_driver/lib/pkgconfig/ld08_driver.pc'
[7.566s] Level 1:colcon.colcon_core.environment:checking '/home/iclab/autorace/install/ld08_driver/lib/python3.8/site-packages'
[7.567s] Level 1:colcon.colcon_core.environment:checking '/home/iclab/autorace/install/ld08_driver/bin'
[7.568s] INFO:colcon.colcon_core.shell:Creating package script '/home/iclab/autorace/install/ld08_driver/share/ld08_driver/package.ps1'
[7.572s] INFO:colcon.colcon_core.shell:Creating package descriptor '/home/iclab/autorace/install/ld08_driver/share/ld08_driver/package.dsv'
[7.575s] INFO:colcon.colcon_core.shell:Creating package script '/home/iclab/autorace/install/ld08_driver/share/ld08_driver/package.sh'
[7.578s] INFO:colcon.colcon_core.shell:Creating package script '/home/iclab/autorace/install/ld08_driver/share/ld08_driver/package.bash'
[7.581s] INFO:colcon.colcon_core.shell:Creating package script '/home/iclab/autorace/install/ld08_driver/share/ld08_driver/package.zsh'
[7.583s] Level 1:colcon.colcon_core.environment:create_file_with_runtime_dependencies(/home/iclab/autorace/install/ld08_driver/share/colcon-core/packages/ld08_driver)
[7.588s] Level 1:colcon.colcon_core.environment:create_environment_scripts_only(ld08_driver)
[7.589s] Level 1:colcon.colcon_core.environment:checking '/home/iclab/autorace/install/ld08_driver' for CMake module files
[7.591s] Level 1:colcon.colcon_core.environment:checking '/home/iclab/autorace/install/ld08_driver' for CMake config files
[7.592s] Level 1:colcon.colcon_core.shell:create_environment_hook('ld08_driver', 'cmake_prefix_path')
[7.593s] INFO:colcon.colcon_core.shell:Creating environment hook '/home/iclab/autorace/install/ld08_driver/share/ld08_driver/hook/cmake_prefix_path.ps1'
[7.595s] INFO:colcon.colcon_core.shell:Creating environment descriptor '/home/iclab/autorace/install/ld08_driver/share/ld08_driver/hook/cmake_prefix_path.dsv'
[7.597s] INFO:colcon.colcon_core.shell:Creating environment hook '/home/iclab/autorace/install/ld08_driver/share/ld08_driver/hook/cmake_prefix_path.sh'
[7.599s] Level 1:colcon.colcon_core.environment:checking '/home/iclab/autorace/install/ld08_driver/lib'
[7.600s] Level 1:colcon.colcon_core.environment:checking '/home/iclab/autorace/install/ld08_driver/bin'
[7.600s] Level 1:colcon.colcon_core.environment:checking '/home/iclab/autorace/install/ld08_driver/lib/pkgconfig/ld08_driver.pc'
[7.601s] Level 1:colcon.colcon_core.environment:checking '/home/iclab/autorace/install/ld08_driver/lib/python3.8/site-packages'
[7.602s] Level 1:colcon.colcon_core.environment:checking '/home/iclab/autorace/install/ld08_driver/bin'
[7.604s] INFO:colcon.colcon_core.shell:Creating package script '/home/iclab/autorace/install/ld08_driver/share/ld08_driver/package.ps1'
[7.607s] INFO:colcon.colcon_core.shell:Creating package descriptor '/home/iclab/autorace/install/ld08_driver/share/ld08_driver/package.dsv'
[7.610s] INFO:colcon.colcon_core.shell:Creating package script '/home/iclab/autorace/install/ld08_driver/share/ld08_driver/package.sh'
[7.612s] INFO:colcon.colcon_core.shell:Creating package script '/home/iclab/autorace/install/ld08_driver/share/ld08_driver/package.bash'
[7.614s] INFO:colcon.colcon_core.shell:Creating package script '/home/iclab/autorace/install/ld08_driver/share/ld08_driver/package.zsh'
[7.616s] Level 1:colcon.colcon_core.environment:create_file_with_runtime_dependencies(/home/iclab/autorace/install/ld08_driver/share/colcon-core/packages/ld08_driver)
[8.596s] DEBUG:colcon.colcon_core.event_handler.log_command:Invoking command in '/home/iclab/autorace/build/camera': PYTHONPATH=/home/iclab/autorace/build/camera/prefix_override:/usr/lib/python3/dist-packages/colcon_core/task/python/colcon_distutils_commands:/home/iclab/autorace/install/camera/lib/python3.8/site-packages:${PYTHONPATH} /usr/bin/python3 -W ignore:setup.py install is deprecated -W ignore:easy_install command is deprecated setup.py develop --editable --build-directory /home/iclab/autorace/build/camera/build --no-deps symlink_data
[8.681s] DEBUG:colcon.colcon_core.event_handler.log_command:Invoking command in '/home/iclab/autorace/build/control': PYTHONPATH=/home/iclab/autorace/build/control/prefix_override:/usr/lib/python3/dist-packages/colcon_core/task/python/colcon_distutils_commands:/home/iclab/autorace/install/control/lib/python3.8/site-packages:${PYTHONPATH} /usr/bin/python3 -W ignore:setup.py install is deprecated -W ignore:easy_install command is deprecated setup.py develop --editable --build-directory /home/iclab/autorace/build/control/build --no-deps symlink_data
[10.429s] Level 1:colcon.colcon_core.shell:create_environment_hook('camera', 'pythonpath_develop')
[10.432s] INFO:colcon.colcon_core.shell:Creating environment hook '/home/iclab/autorace/build/camera/share/camera/hook/pythonpath_develop.ps1'
[10.433s] DEBUG:colcon.colcon_core.event_handler.log_command:Invoked command in '/home/iclab/autorace/build/camera' returned '0': PYTHONPATH=/home/iclab/autorace/build/camera/prefix_override:/usr/lib/python3/dist-packages/colcon_core/task/python/colcon_distutils_commands:/home/iclab/autorace/install/camera/lib/python3.8/site-packages:${PYTHONPATH} /usr/bin/python3 -W ignore:setup.py install is deprecated -W ignore:easy_install command is deprecated setup.py develop --editable --build-directory /home/iclab/autorace/build/camera/build --no-deps symlink_data
[10.436s] INFO:colcon.colcon_core.shell:Creating environment descriptor '/home/iclab/autorace/build/camera/share/camera/hook/pythonpath_develop.dsv'
[10.438s] INFO:colcon.colcon_core.shell:Creating environment hook '/home/iclab/autorace/build/camera/share/camera/hook/pythonpath_develop.sh'
[10.441s] Level 1:colcon.colcon_core.environment:checking '/home/iclab/autorace/install/camera' for CMake module files
[10.443s] Level 1:colcon.colcon_core.environment:checking '/home/iclab/autorace/install/camera' for CMake config files
[10.445s] Level 1:colcon.colcon_core.environment:checking '/home/iclab/autorace/install/camera/lib'
[10.445s] Level 1:colcon.colcon_core.environment:checking '/home/iclab/autorace/install/camera/bin'
[10.446s] Level 1:colcon.colcon_core.environment:checking '/home/iclab/autorace/install/camera/lib/pkgconfig/camera.pc'
[10.446s] Level 1:colcon.colcon_core.environment:checking '/home/iclab/autorace/install/camera/lib/python3.8/site-packages'
[10.447s] Level 1:colcon.colcon_core.shell:create_environment_hook('camera', 'pythonpath')
[10.447s] INFO:colcon.colcon_core.shell:Creating environment hook '/home/iclab/autorace/install/camera/share/camera/hook/pythonpath.ps1'
[10.449s] INFO:colcon.colcon_core.shell:Creating environment descriptor '/home/iclab/autorace/install/camera/share/camera/hook/pythonpath.dsv'
[10.451s] INFO:colcon.colcon_core.shell:Creating environment hook '/home/iclab/autorace/install/camera/share/camera/hook/pythonpath.sh'
[10.453s] Level 1:colcon.colcon_core.environment:checking '/home/iclab/autorace/install/camera/bin'
[10.453s] Level 1:colcon.colcon_core.environment:create_environment_scripts_only(camera)
[10.455s] INFO:colcon.colcon_core.shell:Creating package script '/home/iclab/autorace/install/camera/share/camera/package.ps1'
[10.458s] INFO:colcon.colcon_core.shell:Creating package descriptor '/home/iclab/autorace/install/camera/share/camera/package.dsv'
[10.460s] INFO:colcon.colcon_core.shell:Creating package script '/home/iclab/autorace/install/camera/share/camera/package.sh'
[10.462s] INFO:colcon.colcon_core.shell:Creating package script '/home/iclab/autorace/install/camera/share/camera/package.bash'
[10.464s] INFO:colcon.colcon_core.shell:Creating package script '/home/iclab/autorace/install/camera/share/camera/package.zsh'
[10.466s] Level 1:colcon.colcon_core.environment:create_file_with_runtime_dependencies(/home/iclab/autorace/install/camera/share/colcon-core/packages/camera)
[10.496s] Level 1:colcon.colcon_core.shell:create_environment_hook('control', 'pythonpath_develop')
[10.497s] INFO:colcon.colcon_core.shell:Creating environment hook '/home/iclab/autorace/build/control/share/control/hook/pythonpath_develop.ps1'
[10.498s] DEBUG:colcon.colcon_core.event_handler.log_command:Invoked command in '/home/iclab/autorace/build/control' returned '0': PYTHONPATH=/home/iclab/autorace/build/control/prefix_override:/usr/lib/python3/dist-packages/colcon_core/task/python/colcon_distutils_commands:/home/iclab/autorace/install/control/lib/python3.8/site-packages:${PYTHONPATH} /usr/bin/python3 -W ignore:setup.py install is deprecated -W ignore:easy_install command is deprecated setup.py develop --editable --build-directory /home/iclab/autorace/build/control/build --no-deps symlink_data
[10.500s] INFO:colcon.colcon_core.shell:Creating environment descriptor '/home/iclab/autorace/build/control/share/control/hook/pythonpath_develop.dsv'
[10.502s] INFO:colcon.colcon_core.shell:Creating environment hook '/home/iclab/autorace/build/control/share/control/hook/pythonpath_develop.sh'
[10.505s] Level 1:colcon.colcon_core.environment:checking '/home/iclab/autorace/install/control' for CMake module files
[10.506s] Level 1:colcon.colcon_core.environment:checking '/home/iclab/autorace/install/control' for CMake config files
[10.509s] Level 1:colcon.colcon_core.environment:checking '/home/iclab/autorace/install/control/lib'
[10.509s] Level 1:colcon.colcon_core.environment:checking '/home/iclab/autorace/install/control/bin'
[10.509s] Level 1:colcon.colcon_core.environment:checking '/home/iclab/autorace/install/control/lib/pkgconfig/control.pc'
[10.510s] Level 1:colcon.colcon_core.environment:checking '/home/iclab/autorace/install/control/lib/python3.8/site-packages'
[10.510s] Level 1:colcon.colcon_core.shell:create_environment_hook('control', 'pythonpath')
[10.511s] INFO:colcon.colcon_core.shell:Creating environment hook '/home/iclab/autorace/install/control/share/control/hook/pythonpath.ps1'
[10.512s] INFO:colcon.colcon_core.shell:Creating environment descriptor '/home/iclab/autorace/install/control/share/control/hook/pythonpath.dsv'
[10.514s] INFO:colcon.colcon_core.shell:Creating environment hook '/home/iclab/autorace/install/control/share/control/hook/pythonpath.sh'
[10.516s] Level 1:colcon.colcon_core.environment:checking '/home/iclab/autorace/install/control/bin'
[10.516s] Level 1:colcon.colcon_core.environment:create_environment_scripts_only(control)
[10.518s] INFO:colcon.colcon_core.shell:Creating package script '/home/iclab/autorace/install/control/share/control/package.ps1'
[10.520s] INFO:colcon.colcon_core.shell:Creating package descriptor '/home/iclab/autorace/install/control/share/control/package.dsv'
[10.522s] INFO:colcon.colcon_core.shell:Creating package script '/home/iclab/autorace/install/control/share/control/package.sh'
[10.524s] INFO:colcon.colcon_core.shell:Creating package script '/home/iclab/autorace/install/control/share/control/package.bash'
[10.526s] INFO:colcon.colcon_core.shell:Creating package script '/home/iclab/autorace/install/control/share/control/package.zsh'
[10.528s] Level 1:colcon.colcon_core.environment:create_file_with_runtime_dependencies(/home/iclab/autorace/install/control/share/colcon-core/packages/control)
[10.529s] DEBUG:colcon.colcon_parallel_executor.executor.parallel:closing loop
[10.531s] DEBUG:colcon.colcon_parallel_executor.executor.parallel:loop closed
[10.531s] DEBUG:colcon.colcon_parallel_executor.executor.parallel:run_until_complete finished with '0'
[10.533s] DEBUG:colcon.colcon_core.event_reactor:joining thread
[10.553s] INFO:colcon.colcon_core.plugin_system:Skipping extension 'colcon_notification.desktop_notification.terminal_notifier': Not used on non-Darwin systems
[10.554s] INFO:colcon.colcon_core.plugin_system:Skipping extension 'colcon_notification.desktop_notification.win32': Not used on non-Windows systems
[10.554s] INFO:colcon.colcon_notification.desktop_notification:Sending desktop notification using 'notify2'
[10.587s] DEBUG:colcon.colcon_core.event_reactor:joined thread
[10.588s] INFO:colcon.colcon_core.shell:Creating prefix script '/home/iclab/autorace/install/local_setup.ps1'
[10.591s] INFO:colcon.colcon_core.shell:Creating prefix util module '/home/iclab/autorace/install/_local_setup_util_ps1.py'
[10.597s] INFO:colcon.colcon_core.shell:Creating prefix chain script '/home/iclab/autorace/install/setup.ps1'
[10.600s] INFO:colcon.colcon_core.shell:Creating prefix script '/home/iclab/autorace/install/local_setup.sh'
[10.602s] INFO:colcon.colcon_core.shell:Creating prefix util module '/home/iclab/autorace/install/_local_setup_util_sh.py'
[10.604s] INFO:colcon.colcon_core.shell:Creating prefix chain script '/home/iclab/autorace/install/setup.sh'
[10.607s] INFO:colcon.colcon_core.shell:Creating prefix script '/home/iclab/autorace/install/local_setup.bash'
[10.609s] INFO:colcon.colcon_core.shell:Creating prefix chain script '/home/iclab/autorace/install/setup.bash'
[10.612s] INFO:colcon.colcon_core.shell:Creating prefix script '/home/iclab/autorace/install/local_setup.zsh'
[10.613s] INFO:colcon.colcon_core.shell:Creating prefix chain script '/home/iclab/autorace/install/setup.zsh'
