[1.665s] DEBUG:colcon:Command line arguments: ['/usr/bin/colcon', 'build']
[1.666s] DEBUG:colcon:Parsed command line arguments: Namespace(allow_overriding=[], ament_cmake_args=None, base_paths=['.'], build_base='build', catkin_cmake_args=None, catkin_skip_building_tests=False, cmake_args=None, cmake_clean_cache=False, cmake_clean_first=False, cmake_force_configure=False, cmake_target=None, cmake_target_skip_unavailable=False, continue_on_error=False, event_handlers=None, executor='parallel', ignore_user_meta=False, install_base='install', log_base=None, log_level=None, main=<bound method BuildVerb.main of <colcon_core.verb.build.BuildVerb object at 0xffff9bcc2970>>, merge_install=False, metas=['./colcon.meta'], mixin=None, mixin_files=None, mixin_verb=('build',), packages_above=None, packages_above_and_dependencies=None, packages_above_depth=None, packages_end=None, packages_ignore=None, packages_ignore_regex=None, packages_select=None, packages_select_build_failed=False, packages_select_by_dep=None, packages_select_regex=None, packages_select_test_failures=False, packages_skip=None, packages_skip_build_finished=False, packages_skip_by_dep=None, packages_skip_regex=None, packages_skip_test_passed=False, packages_skip_up_to=None, packages_start=None, packages_up_to=None, packages_up_to_regex=None, parallel_workers=8, paths=None, symlink_install=False, test_result_base=None, verb_extension=<colcon_core.verb.build.BuildVerb object at 0xffff9bcc2970>, verb_name='build', verb_parser=<colcon_mixin.mixin.mixin_argument.MixinArgumentDecorator object at 0xffff9bcc2e80>)
[2.065s] Level 1:colcon.colcon_core.package_discovery:discover_packages(colcon_meta) check parameters
[2.065s] Level 1:colcon.colcon_core.package_discovery:discover_packages(recursive) check parameters
[2.066s] Level 1:colcon.colcon_core.package_discovery:discover_packages(ignore) check parameters
[2.066s] Level 1:colcon.colcon_core.package_discovery:discover_packages(path) check parameters
[2.066s] Level 1:colcon.colcon_core.package_discovery:discover_packages(colcon_meta) discover
[2.066s] Level 1:colcon.colcon_core.package_discovery:discover_packages(recursive) discover
[2.066s] INFO:colcon.colcon_core.package_discovery:Crawling recursively for packages in '/workspace'
[2.067s] Level 1:colcon.colcon_core.package_identification:_identify(.) by extensions ['ignore', 'ignore_ament_install']
[2.068s] Level 1:colcon.colcon_core.package_identification:_identify(.) by extension 'ignore'
[2.068s] Level 1:colcon.colcon_core.package_identification:_identify(.) by extension 'ignore_ament_install'
[2.069s] Level 1:colcon.colcon_core.package_identification:_identify(.) by extensions ['colcon_pkg']
[2.069s] Level 1:colcon.colcon_core.package_identification:_identify(.) by extension 'colcon_pkg'
[2.069s] Level 1:colcon.colcon_core.package_identification:_identify(.) by extensions ['colcon_meta']
[2.069s] Level 1:colcon.colcon_core.package_identification:_identify(.) by extension 'colcon_meta'
[2.069s] Level 1:colcon.colcon_core.package_identification:_identify(.) by extensions ['ros']
[2.069s] Level 1:colcon.colcon_core.package_identification:_identify(.) by extension 'ros'
[2.163s] Level 1:colcon.colcon_core.package_identification:_identify(.) by extensions ['cmake', 'python']
[2.163s] Level 1:colcon.colcon_core.package_identification:_identify(.) by extension 'cmake'
[2.163s] Level 1:colcon.colcon_core.package_identification:_identify(.) by extension 'python'
[2.163s] Level 1:colcon.colcon_core.package_identification:_identify(.) by extensions ['python_setup_py']
[2.163s] Level 1:colcon.colcon_core.package_identification:_identify(.) by extension 'python_setup_py'
[2.164s] Level 1:colcon.colcon_core.package_identification:_identify(build) by extensions ['ignore', 'ignore_ament_install']
[2.164s] Level 1:colcon.colcon_core.package_identification:_identify(build) by extension 'ignore'
[2.165s] Level 1:colcon.colcon_core.package_identification:_identify(build) ignored
[2.165s] Level 1:colcon.colcon_core.package_identification:_identify(docker) by extensions ['ignore', 'ignore_ament_install']
[2.166s] Level 1:colcon.colcon_core.package_identification:_identify(docker) by extension 'ignore'
[2.166s] Level 1:colcon.colcon_core.package_identification:_identify(docker) by extension 'ignore_ament_install'
[2.166s] Level 1:colcon.colcon_core.package_identification:_identify(docker) by extensions ['colcon_pkg']
[2.166s] Level 1:colcon.colcon_core.package_identification:_identify(docker) by extension 'colcon_pkg'
[2.166s] Level 1:colcon.colcon_core.package_identification:_identify(docker) by extensions ['colcon_meta']
[2.166s] Level 1:colcon.colcon_core.package_identification:_identify(docker) by extension 'colcon_meta'
[2.167s] Level 1:colcon.colcon_core.package_identification:_identify(docker) by extensions ['ros']
[2.167s] Level 1:colcon.colcon_core.package_identification:_identify(docker) by extension 'ros'
[2.167s] Level 1:colcon.colcon_core.package_identification:_identify(docker) by extensions ['cmake', 'python']
[2.167s] Level 1:colcon.colcon_core.package_identification:_identify(docker) by extension 'cmake'
[2.167s] Level 1:colcon.colcon_core.package_identification:_identify(docker) by extension 'python'
[2.167s] Level 1:colcon.colcon_core.package_identification:_identify(docker) by extensions ['python_setup_py']
[2.168s] Level 1:colcon.colcon_core.package_identification:_identify(docker) by extension 'python_setup_py'
[2.168s] Level 1:colcon.colcon_core.package_identification:_identify(docker/jetson_r35) by extensions ['ignore', 'ignore_ament_install']
[2.168s] Level 1:colcon.colcon_core.package_identification:_identify(docker/jetson_r35) by extension 'ignore'
[2.169s] Level 1:colcon.colcon_core.package_identification:_identify(docker/jetson_r35) by extension 'ignore_ament_install'
[2.169s] Level 1:colcon.colcon_core.package_identification:_identify(docker/jetson_r35) by extensions ['colcon_pkg']
[2.169s] Level 1:colcon.colcon_core.package_identification:_identify(docker/jetson_r35) by extension 'colcon_pkg'
[2.169s] Level 1:colcon.colcon_core.package_identification:_identify(docker/jetson_r35) by extensions ['colcon_meta']
[2.169s] Level 1:colcon.colcon_core.package_identification:_identify(docker/jetson_r35) by extension 'colcon_meta'
[2.170s] Level 1:colcon.colcon_core.package_identification:_identify(docker/jetson_r35) by extensions ['ros']
[2.170s] Level 1:colcon.colcon_core.package_identification:_identify(docker/jetson_r35) by extension 'ros'
[2.170s] Level 1:colcon.colcon_core.package_identification:_identify(docker/jetson_r35) by extensions ['cmake', 'python']
[2.170s] Level 1:colcon.colcon_core.package_identification:_identify(docker/jetson_r35) by extension 'cmake'
[2.170s] Level 1:colcon.colcon_core.package_identification:_identify(docker/jetson_r35) by extension 'python'
[2.171s] Level 1:colcon.colcon_core.package_identification:_identify(docker/jetson_r35) by extensions ['python_setup_py']
[2.171s] Level 1:colcon.colcon_core.package_identification:_identify(docker/jetson_r35) by extension 'python_setup_py'
[2.171s] Level 1:colcon.colcon_core.package_identification:_identify(install) by extensions ['ignore', 'ignore_ament_install']
[2.172s] Level 1:colcon.colcon_core.package_identification:_identify(install) by extension 'ignore'
[2.172s] Level 1:colcon.colcon_core.package_identification:_identify(install) ignored
[2.172s] Level 1:colcon.colcon_core.package_identification:_identify(log) by extensions ['ignore', 'ignore_ament_install']
[2.173s] Level 1:colcon.colcon_core.package_identification:_identify(log) by extension 'ignore'
[2.173s] Level 1:colcon.colcon_core.package_identification:_identify(log) ignored
[2.173s] Level 1:colcon.colcon_core.package_identification:_identify(src) by extensions ['ignore', 'ignore_ament_install']
[2.173s] Level 1:colcon.colcon_core.package_identification:_identify(src) by extension 'ignore'
[2.174s] Level 1:colcon.colcon_core.package_identification:_identify(src) by extension 'ignore_ament_install'
[2.174s] Level 1:colcon.colcon_core.package_identification:_identify(src) by extensions ['colcon_pkg']
[2.174s] Level 1:colcon.colcon_core.package_identification:_identify(src) by extension 'colcon_pkg'
[2.174s] Level 1:colcon.colcon_core.package_identification:_identify(src) by extensions ['colcon_meta']
[2.174s] Level 1:colcon.colcon_core.package_identification:_identify(src) by extension 'colcon_meta'
[2.174s] Level 1:colcon.colcon_core.package_identification:_identify(src) by extensions ['ros']
[2.174s] Level 1:colcon.colcon_core.package_identification:_identify(src) by extension 'ros'
[2.175s] Level 1:colcon.colcon_core.package_identification:_identify(src) by extensions ['cmake', 'python']
[2.175s] Level 1:colcon.colcon_core.package_identification:_identify(src) by extension 'cmake'
[2.175s] Level 1:colcon.colcon_core.package_identification:_identify(src) by extension 'python'
[2.175s] Level 1:colcon.colcon_core.package_identification:_identify(src) by extensions ['python_setup_py']
[2.175s] Level 1:colcon.colcon_core.package_identification:_identify(src) by extension 'python_setup_py'
[2.176s] Level 1:colcon.colcon_core.package_identification:_identify(src/camera) by extensions ['ignore', 'ignore_ament_install']
[2.176s] Level 1:colcon.colcon_core.package_identification:_identify(src/camera) by extension 'ignore'
[2.176s] Level 1:colcon.colcon_core.package_identification:_identify(src/camera) by extension 'ignore_ament_install'
[2.176s] Level 1:colcon.colcon_core.package_identification:_identify(src/camera) by extensions ['colcon_pkg']
[2.176s] Level 1:colcon.colcon_core.package_identification:_identify(src/camera) by extension 'colcon_pkg'
[2.177s] Level 1:colcon.colcon_core.package_identification:_identify(src/camera) by extensions ['colcon_meta']
[2.177s] Level 1:colcon.colcon_core.package_identification:_identify(src/camera) by extension 'colcon_meta'
[2.177s] Level 1:colcon.colcon_core.package_identification:_identify(src/camera) by extensions ['ros']
[2.177s] Level 1:colcon.colcon_core.package_identification:_identify(src/camera) by extension 'ros'
[2.187s] DEBUG:colcon.colcon_core.package_identification:Package 'src/camera' with type 'ros.ament_python' and name 'camera'
[2.188s] Level 1:colcon.colcon_core.package_identification:_identify(src/yolo) by extensions ['ignore', 'ignore_ament_install']
[2.188s] Level 1:colcon.colcon_core.package_identification:_identify(src/yolo) by extension 'ignore'
[2.189s] Level 1:colcon.colcon_core.package_identification:_identify(src/yolo) by extension 'ignore_ament_install'
[2.189s] Level 1:colcon.colcon_core.package_identification:_identify(src/yolo) by extensions ['colcon_pkg']
[2.189s] Level 1:colcon.colcon_core.package_identification:_identify(src/yolo) by extension 'colcon_pkg'
[2.189s] Level 1:colcon.colcon_core.package_identification:_identify(src/yolo) by extensions ['colcon_meta']
[2.189s] Level 1:colcon.colcon_core.package_identification:_identify(src/yolo) by extension 'colcon_meta'
[2.190s] Level 1:colcon.colcon_core.package_identification:_identify(src/yolo) by extensions ['ros']
[2.190s] Level 1:colcon.colcon_core.package_identification:_identify(src/yolo) by extension 'ros'
[2.192s] DEBUG:colcon.colcon_core.package_identification:Package 'src/yolo' with type 'ros.ament_python' and name 'yolo'
[2.192s] Level 1:colcon.colcon_core.package_discovery:discover_packages(recursive) using defaults
[2.192s] Level 1:colcon.colcon_core.package_discovery:discover_packages(ignore) discover
[2.192s] Level 1:colcon.colcon_core.package_discovery:discover_packages(ignore) using defaults
[2.193s] Level 1:colcon.colcon_core.package_discovery:discover_packages(path) discover
[2.193s] Level 1:colcon.colcon_core.package_discovery:discover_packages(path) using defaults
[2.432s] Level 1:colcon.colcon_core.package_discovery:discover_packages(prefix_path) check parameters
[2.432s] Level 1:colcon.colcon_core.package_discovery:discover_packages(prefix_path) discover
[2.524s] DEBUG:colcon.colcon_installed_package_information.package_discovery:Found 2 installed packages in /workspace/install
[2.568s] DEBUG:colcon.colcon_installed_package_information.package_discovery:Found 346 installed packages in /opt/ros/humble/install
[2.577s] Level 1:colcon.colcon_core.package_discovery:discover_packages(prefix_path) using defaults
[2.716s] Level 5:colcon.colcon_core.verb:set package 'camera' build argument 'cmake_args' from command line to 'None'
[2.716s] Level 5:colcon.colcon_core.verb:set package 'camera' build argument 'cmake_target' from command line to 'None'
[2.716s] Level 5:colcon.colcon_core.verb:set package 'camera' build argument 'cmake_target_skip_unavailable' from command line to 'False'
[2.717s] Level 5:colcon.colcon_core.verb:set package 'camera' build argument 'cmake_clean_cache' from command line to 'False'
[2.717s] Level 5:colcon.colcon_core.verb:set package 'camera' build argument 'cmake_clean_first' from command line to 'False'
[2.717s] Level 5:colcon.colcon_core.verb:set package 'camera' build argument 'cmake_force_configure' from command line to 'False'
[2.717s] Level 5:colcon.colcon_core.verb:set package 'camera' build argument 'ament_cmake_args' from command line to 'None'
[2.717s] Level 5:colcon.colcon_core.verb:set package 'camera' build argument 'catkin_cmake_args' from command line to 'None'
[2.717s] Level 5:colcon.colcon_core.verb:set package 'camera' build argument 'catkin_skip_building_tests' from command line to 'False'
[2.717s] DEBUG:colcon.colcon_core.verb:Building package 'camera' with the following arguments: {'ament_cmake_args': None, 'build_base': '/workspace/build/camera', 'catkin_cmake_args': None, 'catkin_skip_building_tests': False, 'cmake_args': None, 'cmake_clean_cache': False, 'cmake_clean_first': False, 'cmake_force_configure': False, 'cmake_target': None, 'cmake_target_skip_unavailable': False, 'install_base': '/workspace/install/camera', 'merge_install': False, 'path': '/workspace/src/camera', 'symlink_install': False, 'test_result_base': None}
[2.719s] Level 5:colcon.colcon_core.verb:set package 'yolo' build argument 'cmake_args' from command line to 'None'
[2.719s] Level 5:colcon.colcon_core.verb:set package 'yolo' build argument 'cmake_target' from command line to 'None'
[2.720s] Level 5:colcon.colcon_core.verb:set package 'yolo' build argument 'cmake_target_skip_unavailable' from command line to 'False'
[2.720s] Level 5:colcon.colcon_core.verb:set package 'yolo' build argument 'cmake_clean_cache' from command line to 'False'
[2.720s] Level 5:colcon.colcon_core.verb:set package 'yolo' build argument 'cmake_clean_first' from command line to 'False'
[2.720s] Level 5:colcon.colcon_core.verb:set package 'yolo' build argument 'cmake_force_configure' from command line to 'False'
[2.720s] Level 5:colcon.colcon_core.verb:set package 'yolo' build argument 'ament_cmake_args' from command line to 'None'
[2.720s] Level 5:colcon.colcon_core.verb:set package 'yolo' build argument 'catkin_cmake_args' from command line to 'None'
[2.720s] Level 5:colcon.colcon_core.verb:set package 'yolo' build argument 'catkin_skip_building_tests' from command line to 'False'
[2.720s] DEBUG:colcon.colcon_core.verb:Building package 'yolo' with the following arguments: {'ament_cmake_args': None, 'build_base': '/workspace/build/yolo', 'catkin_cmake_args': None, 'catkin_skip_building_tests': False, 'cmake_args': None, 'cmake_clean_cache': False, 'cmake_clean_first': False, 'cmake_force_configure': False, 'cmake_target': None, 'cmake_target_skip_unavailable': False, 'install_base': '/workspace/install/yolo', 'merge_install': False, 'path': '/workspace/src/yolo', 'symlink_install': False, 'test_result_base': None}
[2.721s] INFO:colcon.colcon_core.executor:Executing jobs using 'parallel' executor
[2.725s] DEBUG:colcon.colcon_parallel_executor.executor.parallel:run_until_complete
[2.727s] INFO:colcon.colcon_ros.task.ament_python.build:Building ROS package in '/workspace/src/camera' with build type 'ament_python'
[2.728s] Level 1:colcon.colcon_core.shell:create_environment_hook('camera', 'ament_prefix_path')
[2.756s] INFO:colcon.colcon_core.plugin_system:Skipping extension 'colcon_core.shell.bat': Not used on non-Windows systems
[2.757s] INFO:colcon.colcon_core.shell:Creating environment hook '/workspace/install/camera/share/camera/hook/ament_prefix_path.ps1'
[2.761s] INFO:colcon.colcon_core.shell:Creating environment descriptor '/workspace/install/camera/share/camera/hook/ament_prefix_path.dsv'
[2.763s] INFO:colcon.colcon_core.shell:Creating environment hook '/workspace/install/camera/share/camera/hook/ament_prefix_path.sh'
[2.767s] INFO:colcon.colcon_core.shell:Skip shell extension 'powershell' for command environment: Not usable outside of PowerShell
[2.767s] DEBUG:colcon.colcon_core.shell:Skip shell extension 'dsv' for command environment
[2.918s] INFO:colcon.colcon_ros.task.ament_python.build:Building ROS package in '/workspace/src/yolo' with build type 'ament_python'
[2.920s] Level 1:colcon.colcon_core.shell:create_environment_hook('yolo', 'ament_prefix_path')
[2.923s] INFO:colcon.colcon_core.shell:Creating environment hook '/workspace/install/yolo/share/yolo/hook/ament_prefix_path.ps1'
[2.933s] INFO:colcon.colcon_core.shell:Creating environment descriptor '/workspace/install/yolo/share/yolo/hook/ament_prefix_path.dsv'
[2.935s] INFO:colcon.colcon_core.shell:Creating environment hook '/workspace/install/yolo/share/yolo/hook/ament_prefix_path.sh'
[2.938s] INFO:colcon.colcon_core.shell:Skip shell extension 'powershell' for command environment: Not usable outside of PowerShell
[2.938s] DEBUG:colcon.colcon_core.shell:Skip shell extension 'dsv' for command environment
[5.769s] INFO:colcon.colcon_core.task.python.build:Building Python package in '/workspace/src/camera'
[5.773s] INFO:colcon.colcon_core.shell:Skip shell extension 'powershell' for command environment: Not usable outside of PowerShell
[5.773s] DEBUG:colcon.colcon_core.shell:Skip shell extension 'dsv' for command environment
[8.695s] INFO:colcon.colcon_core.task.python.build:Building Python package in '/workspace/src/yolo'
[8.698s] INFO:colcon.colcon_core.shell:Skip shell extension 'powershell' for command environment: Not usable outside of PowerShell
[8.698s] DEBUG:colcon.colcon_core.shell:Skip shell extension 'dsv' for command environment
[15.708s] DEBUG:colcon.colcon_core.event_handler.log_command:Invoking command in '/workspace/src/yolo': PYTHONPATH=/workspace/build/yolo/prefix_override:/usr/lib/python3/dist-packages/colcon_core/task/python/colcon_distutils_commands:/workspace/install/yolo/lib/python3.8/site-packages:${PYTHONPATH} /usr/bin/python3 -W ignore:setup.py install is deprecated -W ignore:easy_install command is deprecated setup.py egg_info --egg-base ../../build/yolo build --build-base /workspace/build/yolo/build install --record /workspace/build/yolo/install.log --single-version-externally-managed install_data
[15.816s] DEBUG:colcon.colcon_core.event_handler.log_command:Invoking command in '/workspace/src/camera': PYTHONPATH=/workspace/build/camera/prefix_override:/usr/lib/python3/dist-packages/colcon_core/task/python/colcon_distutils_commands:/workspace/install/camera/lib/python3.8/site-packages:${PYTHONPATH} /usr/bin/python3 -W ignore:setup.py install is deprecated -W ignore:easy_install command is deprecated setup.py egg_info --egg-base ../../build/camera build --build-base /workspace/build/camera/build install --record /workspace/build/camera/install.log --single-version-externally-managed install_data
[21.371s] DEBUG:colcon.colcon_core.event_handler.log_command:Invoked command in '/workspace/src/camera' returned '0': PYTHONPATH=/workspace/build/camera/prefix_override:/usr/lib/python3/dist-packages/colcon_core/task/python/colcon_distutils_commands:/workspace/install/camera/lib/python3.8/site-packages:${PYTHONPATH} /usr/bin/python3 -W ignore:setup.py install is deprecated -W ignore:easy_install command is deprecated setup.py egg_info --egg-base ../../build/camera build --build-base /workspace/build/camera/build install --record /workspace/build/camera/install.log --single-version-externally-managed install_data
[21.410s] Level 1:colcon.colcon_core.environment:checking '/workspace/install/camera' for CMake module files
[21.413s] Level 1:colcon.colcon_core.environment:checking '/workspace/install/camera' for CMake config files
[21.417s] Level 1:colcon.colcon_core.environment:checking '/workspace/install/camera/lib'
[21.418s] Level 1:colcon.colcon_core.environment:checking '/workspace/install/camera/bin'
[21.418s] Level 1:colcon.colcon_core.environment:checking '/workspace/install/camera/lib/pkgconfig/camera.pc'
[21.419s] Level 1:colcon.colcon_core.environment:checking '/workspace/install/camera/lib/python3.8/site-packages'
[21.419s] Level 1:colcon.colcon_core.shell:create_environment_hook('camera', 'pythonpath')
[21.420s] INFO:colcon.colcon_core.shell:Creating environment hook '/workspace/install/camera/share/camera/hook/pythonpath.ps1'
[21.424s] INFO:colcon.colcon_core.shell:Creating environment descriptor '/workspace/install/camera/share/camera/hook/pythonpath.dsv'
[21.426s] INFO:colcon.colcon_core.shell:Creating environment hook '/workspace/install/camera/share/camera/hook/pythonpath.sh'
[21.429s] Level 1:colcon.colcon_core.environment:checking '/workspace/install/camera/bin'
[21.429s] Level 1:colcon.colcon_core.environment:create_environment_scripts_only(camera)
[21.433s] INFO:colcon.colcon_core.shell:Creating package script '/workspace/install/camera/share/camera/package.ps1'
[21.437s] INFO:colcon.colcon_core.shell:Creating package descriptor '/workspace/install/camera/share/camera/package.dsv'
[21.441s] INFO:colcon.colcon_core.shell:Creating package script '/workspace/install/camera/share/camera/package.sh'
[21.445s] INFO:colcon.colcon_core.shell:Creating package script '/workspace/install/camera/share/camera/package.bash'
[21.449s] INFO:colcon.colcon_core.shell:Creating package script '/workspace/install/camera/share/camera/package.zsh'
[21.452s] Level 1:colcon.colcon_core.environment:create_file_with_runtime_dependencies(/workspace/install/camera/share/colcon-core/packages/camera)
[21.501s] Level 1:colcon.colcon_core.environment:checking '/workspace/install/yolo' for CMake module files
[21.503s] DEBUG:colcon.colcon_core.event_handler.log_command:Invoked command in '/workspace/src/yolo' returned '0': PYTHONPATH=/workspace/build/yolo/prefix_override:/usr/lib/python3/dist-packages/colcon_core/task/python/colcon_distutils_commands:/workspace/install/yolo/lib/python3.8/site-packages:${PYTHONPATH} /usr/bin/python3 -W ignore:setup.py install is deprecated -W ignore:easy_install command is deprecated setup.py egg_info --egg-base ../../build/yolo build --build-base /workspace/build/yolo/build install --record /workspace/build/yolo/install.log --single-version-externally-managed install_data
[21.505s] Level 1:colcon.colcon_core.environment:checking '/workspace/install/yolo' for CMake config files
[21.508s] Level 1:colcon.colcon_core.environment:checking '/workspace/install/yolo/lib'
[21.509s] Level 1:colcon.colcon_core.environment:checking '/workspace/install/yolo/bin'
[21.509s] Level 1:colcon.colcon_core.environment:checking '/workspace/install/yolo/lib/pkgconfig/yolo.pc'
[21.510s] Level 1:colcon.colcon_core.environment:checking '/workspace/install/yolo/lib/python3.8/site-packages'
[21.510s] Level 1:colcon.colcon_core.shell:create_environment_hook('yolo', 'pythonpath')
[21.511s] INFO:colcon.colcon_core.shell:Creating environment hook '/workspace/install/yolo/share/yolo/hook/pythonpath.ps1'
[21.513s] INFO:colcon.colcon_core.shell:Creating environment descriptor '/workspace/install/yolo/share/yolo/hook/pythonpath.dsv'
[21.516s] INFO:colcon.colcon_core.shell:Creating environment hook '/workspace/install/yolo/share/yolo/hook/pythonpath.sh'
[21.518s] Level 1:colcon.colcon_core.environment:checking '/workspace/install/yolo/bin'
[21.519s] Level 1:colcon.colcon_core.environment:create_environment_scripts_only(yolo)
[21.520s] INFO:colcon.colcon_core.shell:Creating package script '/workspace/install/yolo/share/yolo/package.ps1'
[21.522s] INFO:colcon.colcon_core.shell:Creating package descriptor '/workspace/install/yolo/share/yolo/package.dsv'
[21.525s] INFO:colcon.colcon_core.shell:Creating package script '/workspace/install/yolo/share/yolo/package.sh'
[21.527s] INFO:colcon.colcon_core.shell:Creating package script '/workspace/install/yolo/share/yolo/package.bash'
[21.528s] INFO:colcon.colcon_core.shell:Creating package script '/workspace/install/yolo/share/yolo/package.zsh'
[21.530s] Level 1:colcon.colcon_core.environment:create_file_with_runtime_dependencies(/workspace/install/yolo/share/colcon-core/packages/yolo)
[21.531s] DEBUG:colcon.colcon_parallel_executor.executor.parallel:closing loop
[21.532s] DEBUG:colcon.colcon_parallel_executor.executor.parallel:loop closed
[21.532s] DEBUG:colcon.colcon_parallel_executor.executor.parallel:run_until_complete finished with '0'
[21.533s] DEBUG:colcon.colcon_core.event_reactor:joining thread
[21.605s] INFO:colcon.colcon_core.plugin_system:Skipping extension 'colcon_notification.desktop_notification.notify_send': Could not find 'notify-send'
[21.605s] INFO:colcon.colcon_core.plugin_system:Skipping extension 'colcon_notification.desktop_notification.terminal_notifier': Not used on non-Darwin systems
[21.606s] INFO:colcon.colcon_core.plugin_system:Skipping extension 'colcon_notification.desktop_notification.win32': Not used on non-Windows systems
[21.606s] INFO:colcon.colcon_notification.desktop_notification:Sending desktop notification using 'notify2'
[21.625s] DEBUG:colcon.colcon_notification.desktop_notification.notify2:Failed to initialize notify2: org.freedesktop.DBus.Error.Spawn.ExecFailed: /usr/bin/dbus-launch terminated abnormally without any error message
[21.628s] DEBUG:colcon.colcon_core.event_reactor:joined thread
[21.632s] INFO:colcon.colcon_core.shell:Creating prefix script '/workspace/install/local_setup.ps1'
[21.639s] INFO:colcon.colcon_core.shell:Creating prefix util module '/workspace/install/_local_setup_util_ps1.py'
[21.645s] INFO:colcon.colcon_core.shell:Creating prefix chain script '/workspace/install/setup.ps1'
[21.741s] INFO:colcon.colcon_core.shell:Creating prefix script '/workspace/install/local_setup.sh'
[21.743s] INFO:colcon.colcon_core.shell:Creating prefix util module '/workspace/install/_local_setup_util_sh.py'
[21.746s] INFO:colcon.colcon_core.shell:Creating prefix chain script '/workspace/install/setup.sh'
[21.835s] INFO:colcon.colcon_core.shell:Creating prefix script '/workspace/install/local_setup.bash'
[21.838s] INFO:colcon.colcon_core.shell:Creating prefix chain script '/workspace/install/setup.bash'
[21.925s] INFO:colcon.colcon_core.shell:Creating prefix script '/workspace/install/local_setup.zsh'
[21.927s] INFO:colcon.colcon_core.shell:Creating prefix chain script '/workspace/install/setup.zsh'
