[2.323s] Invoking command in '/home/iclab/autorace/build/ld08_driver': CMAKE_PREFIX_PATH=/opt/ros/foxy /usr/bin/cmake --build /home/iclab/autorace/build/ld08_driver -- -j8 -l8
[2.781s] [100%] Built target ld08_driver
[2.832s] Invoked command in '/home/iclab/autorace/build/ld08_driver' returned '0': CMAKE_PREFIX_PATH=/opt/ros/foxy /usr/bin/cmake --build /home/iclab/autorace/build/ld08_driver -- -j8 -l8
[2.884s] Invoking command in '/home/iclab/autorace/build/ld08_driver': CMAKE_PREFIX_PATH=/opt/ros/foxy /usr/bin/cmake --install /home/iclab/autorace/build/ld08_driver
[2.924s] -- Install configuration: ""
[2.929s] -- Execute custom install script
[2.931s] -- Up-to-date symlink: /home/iclab/autorace/install/ld08_driver/share/ament_index/resource_index/packages/ld08_driver
[2.933s] -- Up-to-date symlink: /home/iclab/autorace/install/ld08_driver/share/ld08_driver/cmake/ament_cmake_export_dependencies-extras.cmake
[2.935s] -- Up-to-date symlink: /home/iclab/autorace/install/ld08_driver/share/ld08_driver/cmake/ament_cmake_export_include_directories-extras.cmake
[2.937s] -- Up-to-date symlink: /home/iclab/autorace/install/ld08_driver/share/ld08_driver/cmake/ld08_driverConfig.cmake
[2.939s] -- Up-to-date symlink: /home/iclab/autorace/install/ld08_driver/share/ld08_driver/cmake/ld08_driverConfig-version.cmake
[2.940s] -- Up-to-date symlink: /home/iclab/autorace/install/ld08_driver/share/ld08_driver/package.xml
[2.945s] -- Up-to-date symlink: /home/iclab/autorace/install/ld08_driver/share/ld08_driver/launch/ld08.launch.py
[2.949s] -- Up-to-date symlink: /home/iclab/autorace/install/ld08_driver/lib/ld08_driver/ld08_driver
[2.952s] -- Up-to-date symlink: /home/iclab/autorace/install/ld08_driver/share/ament_index/resource_index/package_run_dependencies/ld08_driver
[2.953s] -- Up-to-date symlink: /home/iclab/autorace/install/ld08_driver/share/ament_index/resource_index/parent_prefix_path/ld08_driver
[2.958s] -- Up-to-date symlink: /home/iclab/autorace/install/ld08_driver/share/ld08_driver/environment/ament_prefix_path.sh
[2.960s] -- Up-to-date symlink: /home/iclab/autorace/install/ld08_driver/share/ld08_driver/environment/ament_prefix_path.dsv
[2.963s] -- Up-to-date symlink: /home/iclab/autorace/install/ld08_driver/share/ld08_driver/environment/path.sh
[2.966s] -- Up-to-date symlink: /home/iclab/autorace/install/ld08_driver/share/ld08_driver/environment/path.dsv
[2.968s] -- Up-to-date symlink: /home/iclab/autorace/install/ld08_driver/share/ld08_driver/local_setup.bash
[2.975s] -- Up-to-date symlink: /home/iclab/autorace/install/ld08_driver/share/ld08_driver/local_setup.sh
[2.977s] -- Up-to-date symlink: /home/iclab/autorace/install/ld08_driver/share/ld08_driver/local_setup.zsh
[2.980s] -- Up-to-date symlink: /home/iclab/autorace/install/ld08_driver/share/ld08_driver/local_setup.dsv
[2.982s] -- Symlinking: /home/iclab/autorace/install/ld08_driver/share/ld08_driver/package.dsv
[3.068s] -- Up-to-date symlink: /home/iclab/autorace/install/ld08_driver/share/ament_index/resource_index/packages/ld08_driver
[3.072s] -- Up-to-date symlink: /home/iclab/autorace/install/ld08_driver/share/ld08_driver/cmake/ament_cmake_export_dependencies-extras.cmake
[3.079s] -- Up-to-date symlink: /home/iclab/autorace/install/ld08_driver/share/ld08_driver/cmake/ament_cmake_export_include_directories-extras.cmake
[3.082s] -- Up-to-date symlink: /home/iclab/autorace/install/ld08_driver/share/ld08_driver/cmake/ld08_driverConfig.cmake
[3.088s] -- Up-to-date symlink: /home/iclab/autorace/install/ld08_driver/share/ld08_driver/cmake/ld08_driverConfig-version.cmake
[3.091s] -- Up-to-date symlink: /home/iclab/autorace/install/ld08_driver/share/ld08_driver/package.xml
[3.103s] Invoked command in '/home/iclab/autorace/build/ld08_driver' returned '0': CMAKE_PREFIX_PATH=/opt/ros/foxy /usr/bin/cmake --install /home/iclab/autorace/build/ld08_driver
