[11.733s] Invoking command in '/workspace/src/camera': PYTHONPATH=/workspace/build/camera/prefix_override:/usr/lib/python3/dist-packages/colcon_core/task/python/colcon_distutils_commands:/workspace/install/camera/lib/python3.8/site-packages:${PYTHONPATH} /usr/bin/python3 -W ignore:setup.py install is deprecated -W ignore:easy_install command is deprecated setup.py egg_info --egg-base ../../build/camera build --build-base /workspace/build/camera/build install --record /workspace/build/camera/install.log --single-version-externally-managed install_data
[14.980s] running egg_info
[15.148s] writing ../../build/camera/camera.egg-info/PKG-INFO
[15.150s] writing dependency_links to ../../build/camera/camera.egg-info/dependency_links.txt
[15.152s] writing entry points to ../../build/camera/camera.egg-info/entry_points.txt
[15.153s] writing requirements to ../../build/camera/camera.egg-info/requires.txt
[15.154s] writing top-level names to ../../build/camera/camera.egg-info/top_level.txt
[15.470s] reading manifest file '../../build/camera/camera.egg-info/SOURCES.txt'
[15.479s] writing manifest file '../../build/camera/camera.egg-info/SOURCES.txt'
[15.479s] running build
[15.479s] running build_py
[15.480s] copying camera/camera_node_pub.py -> /workspace/build/camera/build/lib/camera
[15.480s] copying camera/__init__.py -> /workspace/build/camera/build/lib/camera
[15.480s] running install
[15.505s] running install_lib
[15.652s] running install_data
[15.653s] copying resource/camera -> /workspace/install/camera/share/ament_index/resource_index/packages
[15.653s] copying package.xml -> /workspace/install/camera/share/camera
[15.653s] running install_egg_info
[15.803s] removing '/workspace/install/camera/lib/python3.8/site-packages/camera-0.0.0-py3.8.egg-info' (and everything under it)
[15.804s] Copying ../../build/camera/camera.egg-info to /workspace/install/camera/lib/python3.8/site-packages/camera-0.0.0-py3.8.egg-info
[15.810s] running install_scripts
[16.895s] Installing camera_node script to /workspace/install/camera/lib/camera
[16.896s] writing list of installed files to '/workspace/build/camera/install.log'
[17.001s] Invoked command in '/workspace/src/camera' returned '0': PYTHONPATH=/workspace/build/camera/prefix_override:/usr/lib/python3/dist-packages/colcon_core/task/python/colcon_distutils_commands:/workspace/install/camera/lib/python3.8/site-packages:${PYTHONPATH} /usr/bin/python3 -W ignore:setup.py install is deprecated -W ignore:easy_install command is deprecated setup.py egg_info --egg-base ../../build/camera build --build-base /workspace/build/camera/build install --record /workspace/build/camera/install.log --single-version-externally-managed install_data
