running develop
Removing /home/iclab/autorace/install/control/lib/python3.8/site-packages/control.egg-link (link to .)
running egg_info
writing ../../build/control/control.egg-info/PKG-INFO
writing dependency_links to ../../build/control/control.egg-info/dependency_links.txt
writing entry points to ../../build/control/control.egg-info/entry_points.txt
writing requirements to ../../build/control/control.egg-info/requires.txt
writing top-level names to ../../build/control/control.egg-info/top_level.txt
reading manifest file '../../build/control/control.egg-info/SOURCES.txt'
writing manifest file '../../build/control/control.egg-info/SOURCES.txt'
running build
running build_py
copying control/controller_node.py -> /home/iclab/autorace/build/control/build/lib/control
copying control/motor_node.py -> /home/iclab/autorace/build/control/build/lib/control
copying control/lidar_node.py -> /home/iclab/autorace/build/control/build/lib/control
running install
running install_lib
creating /home/iclab/autorace/install/control/lib/python3.8/site-packages/control
copying /home/iclab/autorace/build/control/build/lib/control/controller_node.py -> /home/iclab/autorace/install/control/lib/python3.8/site-packages/control
copying /home/iclab/autorace/build/control/build/lib/control/avoid_node.py -> /home/iclab/autorace/install/control/lib/python3.8/site-packages/control
copying /home/iclab/autorace/build/control/build/lib/control/control_node.py -> /home/iclab/autorace/install/control/lib/python3.8/site-packages/control
copying /home/iclab/autorace/build/control/build/lib/control/motor_node.py -> /home/iclab/autorace/install/control/lib/python3.8/site-packages/control
copying /home/iclab/autorace/build/control/build/lib/control/__init__.py -> /home/iclab/autorace/install/control/lib/python3.8/site-packages/control
copying /home/iclab/autorace/build/control/build/lib/control/lidar_node.py -> /home/iclab/autorace/install/control/lib/python3.8/site-packages/control
byte-compiling /home/iclab/autorace/install/control/lib/python3.8/site-packages/control/controller_node.py to controller_node.cpython-38.pyc
byte-compiling /home/iclab/autorace/install/control/lib/python3.8/site-packages/control/avoid_node.py to avoid_node.cpython-38.pyc
byte-compiling /home/iclab/autorace/install/control/lib/python3.8/site-packages/control/control_node.py to control_node.cpython-38.pyc
byte-compiling /home/iclab/autorace/install/control/lib/python3.8/site-packages/control/motor_node.py to motor_node.cpython-38.pyc
byte-compiling /home/iclab/autorace/install/control/lib/python3.8/site-packages/control/__init__.py to __init__.cpython-38.pyc
byte-compiling /home/iclab/autorace/install/control/lib/python3.8/site-packages/control/lidar_node.py to lidar_node.cpython-38.pyc
running install_data
copying resource/control -> /home/iclab/autorace/install/control/share/ament_index/resource_index/packages
copying package.xml -> /home/iclab/autorace/install/control/share/control
running install_egg_info
Copying ../../build/control/control.egg-info to /home/iclab/autorace/install/control/lib/python3.8/site-packages/control-0.0.0-py3.8.egg-info
running install_scripts
Installing controller_node script to /home/iclab/autorace/install/control/lib/control
Installing lidar_node script to /home/iclab/autorace/install/control/lib/control
Installing motor_node script to /home/iclab/autorace/install/control/lib/control
writing list of installed files to '/home/iclab/autorace/build/control/install.log'
