[0.619s] DEBUG:colcon:Command line arguments: ['/usr/bin/colcon', 'build']
[0.620s] DEBUG:colcon:Parsed command line arguments: Namespace(allow_overriding=[], ament_cmake_args=None, base_paths=['.'], build_base='build', catkin_cmake_args=None, catkin_skip_building_tests=False, cmake_args=None, cmake_clean_cache=False, cmake_clean_first=False, cmake_force_configure=False, cmake_target=None, cmake_target_skip_unavailable=False, continue_on_error=False, event_handlers=None, executor='parallel', ignore_user_meta=False, install_base='install', log_base=None, log_level=None, main=<bound method BuildVerb.main of <colcon_core.verb.build.BuildVerb object at 0xffff7e765d30>>, merge_install=False, metas=['./colcon.meta'], packages_above=None, packages_above_and_dependencies=None, packages_above_depth=None, packages_end=None, packages_ignore=None, packages_ignore_regex=None, packages_select=None, packages_select_build_failed=False, packages_select_by_dep=None, packages_select_regex=None, packages_select_test_failures=False, packages_skip=None, packages_skip_build_finished=False, packages_skip_by_dep=None, packages_skip_regex=None, packages_skip_test_passed=False, packages_skip_up_to=None, packages_start=None, packages_up_to=None, packages_up_to_regex=None, parallel_workers=8, paths=None, symlink_install=False, test_result_base=None, verb_extension=<colcon_core.verb.build.BuildVerb object at 0xffff7e765d30>, verb_name='build', verb_parser=<colcon_defaults.argument_parser.defaults.DefaultArgumentsDecorator object at 0xffff7e7755e0>)
[1.112s] Level 1:colcon.colcon_core.package_discovery:discover_packages(colcon_meta) check parameters
[1.112s] Level 1:colcon.colcon_core.package_discovery:discover_packages(recursive) check parameters
[1.112s] Level 1:colcon.colcon_core.package_discovery:discover_packages(ignore) check parameters
[1.112s] Level 1:colcon.colcon_core.package_discovery:discover_packages(path) check parameters
[1.113s] Level 1:colcon.colcon_core.package_discovery:discover_packages(colcon_meta) discover
[1.113s] Level 1:colcon.colcon_core.package_discovery:discover_packages(recursive) discover
[1.113s] INFO:colcon.colcon_core.package_discovery:Crawling recursively for packages in '/workspace'
[1.114s] Level 1:colcon.colcon_core.package_identification:_identify(.) by extensions ['ignore', 'ignore_ament_install']
[1.114s] Level 1:colcon.colcon_core.package_identification:_identify(.) by extension 'ignore'
[1.114s] Level 1:colcon.colcon_core.package_identification:_identify(.) by extension 'ignore_ament_install'
[1.115s] Level 1:colcon.colcon_core.package_identification:_identify(.) by extensions ['colcon_pkg']
[1.115s] Level 1:colcon.colcon_core.package_identification:_identify(.) by extension 'colcon_pkg'
[1.115s] Level 1:colcon.colcon_core.package_identification:_identify(.) by extensions ['colcon_meta']
[1.115s] Level 1:colcon.colcon_core.package_identification:_identify(.) by extension 'colcon_meta'
[1.115s] Level 1:colcon.colcon_core.package_identification:_identify(.) by extensions ['ros']
[1.115s] Level 1:colcon.colcon_core.package_identification:_identify(.) by extension 'ros'
[1.159s] Level 1:colcon.colcon_core.package_identification:_identify(.) by extensions ['cmake', 'python']
[1.159s] Level 1:colcon.colcon_core.package_identification:_identify(.) by extension 'cmake'
[1.159s] Level 1:colcon.colcon_core.package_identification:_identify(.) by extension 'python'
[1.160s] Level 1:colcon.colcon_core.package_identification:_identify(.) by extensions ['python_setup_py']
[1.160s] Level 1:colcon.colcon_core.package_identification:_identify(.) by extension 'python_setup_py'
[1.160s] Level 1:colcon.colcon_core.package_identification:_identify(build) by extensions ['ignore', 'ignore_ament_install']
[1.161s] Level 1:colcon.colcon_core.package_identification:_identify(build) by extension 'ignore'
[1.161s] Level 1:colcon.colcon_core.package_identification:_identify(build) ignored
[1.161s] Level 1:colcon.colcon_core.package_identification:_identify(docker) by extensions ['ignore', 'ignore_ament_install']
[1.162s] Level 1:colcon.colcon_core.package_identification:_identify(docker) by extension 'ignore'
[1.162s] Level 1:colcon.colcon_core.package_identification:_identify(docker) by extension 'ignore_ament_install'
[1.162s] Level 1:colcon.colcon_core.package_identification:_identify(docker) by extensions ['colcon_pkg']
[1.163s] Level 1:colcon.colcon_core.package_identification:_identify(docker) by extension 'colcon_pkg'
[1.163s] Level 1:colcon.colcon_core.package_identification:_identify(docker) by extensions ['colcon_meta']
[1.163s] Level 1:colcon.colcon_core.package_identification:_identify(docker) by extension 'colcon_meta'
[1.163s] Level 1:colcon.colcon_core.package_identification:_identify(docker) by extensions ['ros']
[1.163s] Level 1:colcon.colcon_core.package_identification:_identify(docker) by extension 'ros'
[1.164s] Level 1:colcon.colcon_core.package_identification:_identify(docker) by extensions ['cmake', 'python']
[1.164s] Level 1:colcon.colcon_core.package_identification:_identify(docker) by extension 'cmake'
[1.164s] Level 1:colcon.colcon_core.package_identification:_identify(docker) by extension 'python'
[1.164s] Level 1:colcon.colcon_core.package_identification:_identify(docker) by extensions ['python_setup_py']
[1.164s] Level 1:colcon.colcon_core.package_identification:_identify(docker) by extension 'python_setup_py'
[1.165s] Level 1:colcon.colcon_core.package_identification:_identify(docker/jetson_r35) by extensions ['ignore', 'ignore_ament_install']
[1.165s] Level 1:colcon.colcon_core.package_identification:_identify(docker/jetson_r35) by extension 'ignore'
[1.165s] Level 1:colcon.colcon_core.package_identification:_identify(docker/jetson_r35) by extension 'ignore_ament_install'
[1.165s] Level 1:colcon.colcon_core.package_identification:_identify(docker/jetson_r35) by extensions ['colcon_pkg']
[1.165s] Level 1:colcon.colcon_core.package_identification:_identify(docker/jetson_r35) by extension 'colcon_pkg'
[1.166s] Level 1:colcon.colcon_core.package_identification:_identify(docker/jetson_r35) by extensions ['colcon_meta']
[1.166s] Level 1:colcon.colcon_core.package_identification:_identify(docker/jetson_r35) by extension 'colcon_meta'
[1.166s] Level 1:colcon.colcon_core.package_identification:_identify(docker/jetson_r35) by extensions ['ros']
[1.166s] Level 1:colcon.colcon_core.package_identification:_identify(docker/jetson_r35) by extension 'ros'
[1.166s] Level 1:colcon.colcon_core.package_identification:_identify(docker/jetson_r35) by extensions ['cmake', 'python']
[1.167s] Level 1:colcon.colcon_core.package_identification:_identify(docker/jetson_r35) by extension 'cmake'
[1.167s] Level 1:colcon.colcon_core.package_identification:_identify(docker/jetson_r35) by extension 'python'
[1.167s] Level 1:colcon.colcon_core.package_identification:_identify(docker/jetson_r35) by extensions ['python_setup_py']
[1.167s] Level 1:colcon.colcon_core.package_identification:_identify(docker/jetson_r35) by extension 'python_setup_py'
[1.167s] Level 1:colcon.colcon_core.package_identification:_identify(install) by extensions ['ignore', 'ignore_ament_install']
[1.168s] Level 1:colcon.colcon_core.package_identification:_identify(install) by extension 'ignore'
[1.168s] Level 1:colcon.colcon_core.package_identification:_identify(install) ignored
[1.168s] Level 1:colcon.colcon_core.package_identification:_identify(log) by extensions ['ignore', 'ignore_ament_install']
[1.169s] Level 1:colcon.colcon_core.package_identification:_identify(log) by extension 'ignore'
[1.169s] Level 1:colcon.colcon_core.package_identification:_identify(log) ignored
[1.169s] Level 1:colcon.colcon_core.package_identification:_identify(src) by extensions ['ignore', 'ignore_ament_install']
[1.169s] Level 1:colcon.colcon_core.package_identification:_identify(src) by extension 'ignore'
[1.170s] Level 1:colcon.colcon_core.package_identification:_identify(src) by extension 'ignore_ament_install'
[1.170s] Level 1:colcon.colcon_core.package_identification:_identify(src) by extensions ['colcon_pkg']
[1.170s] Level 1:colcon.colcon_core.package_identification:_identify(src) by extension 'colcon_pkg'
[1.170s] Level 1:colcon.colcon_core.package_identification:_identify(src) by extensions ['colcon_meta']
[1.170s] Level 1:colcon.colcon_core.package_identification:_identify(src) by extension 'colcon_meta'
[1.170s] Level 1:colcon.colcon_core.package_identification:_identify(src) by extensions ['ros']
[1.171s] Level 1:colcon.colcon_core.package_identification:_identify(src) by extension 'ros'
[1.171s] Level 1:colcon.colcon_core.package_identification:_identify(src) by extensions ['cmake', 'python']
[1.171s] Level 1:colcon.colcon_core.package_identification:_identify(src) by extension 'cmake'
[1.171s] Level 1:colcon.colcon_core.package_identification:_identify(src) by extension 'python'
[1.171s] Level 1:colcon.colcon_core.package_identification:_identify(src) by extensions ['python_setup_py']
[1.171s] Level 1:colcon.colcon_core.package_identification:_identify(src) by extension 'python_setup_py'
[1.172s] Level 1:colcon.colcon_core.package_identification:_identify(src/camera) by extensions ['ignore', 'ignore_ament_install']
[1.172s] Level 1:colcon.colcon_core.package_identification:_identify(src/camera) by extension 'ignore'
[1.173s] Level 1:colcon.colcon_core.package_identification:_identify(src/camera) by extension 'ignore_ament_install'
[1.173s] Level 1:colcon.colcon_core.package_identification:_identify(src/camera) by extensions ['colcon_pkg']
[1.173s] Level 1:colcon.colcon_core.package_identification:_identify(src/camera) by extension 'colcon_pkg'
[1.173s] Level 1:colcon.colcon_core.package_identification:_identify(src/camera) by extensions ['colcon_meta']
[1.173s] Level 1:colcon.colcon_core.package_identification:_identify(src/camera) by extension 'colcon_meta'
[1.173s] Level 1:colcon.colcon_core.package_identification:_identify(src/camera) by extensions ['ros']
[1.173s] Level 1:colcon.colcon_core.package_identification:_identify(src/camera) by extension 'ros'
[1.184s] DEBUG:colcon.colcon_core.package_identification:Package 'src/camera' with type 'ros.ament_python' and name 'camera'
[1.185s] Level 1:colcon.colcon_core.package_identification:_identify(src/control) by extensions ['ignore', 'ignore_ament_install']
[1.185s] Level 1:colcon.colcon_core.package_identification:_identify(src/control) by extension 'ignore'
[1.185s] Level 1:colcon.colcon_core.package_identification:_identify(src/control) by extension 'ignore_ament_install'
[1.186s] Level 1:colcon.colcon_core.package_identification:_identify(src/control) by extensions ['colcon_pkg']
[1.187s] Level 1:colcon.colcon_core.package_identification:_identify(src/control) by extension 'colcon_pkg'
[1.187s] Level 1:colcon.colcon_core.package_identification:_identify(src/control) by extensions ['colcon_meta']
[1.187s] Level 1:colcon.colcon_core.package_identification:_identify(src/control) by extension 'colcon_meta'
[1.188s] Level 1:colcon.colcon_core.package_identification:_identify(src/control) by extensions ['ros']
[1.188s] Level 1:colcon.colcon_core.package_identification:_identify(src/control) by extension 'ros'
[1.190s] DEBUG:colcon.colcon_core.package_identification:Package 'src/control' with type 'ros.ament_python' and name 'control'
[1.190s] Level 1:colcon.colcon_core.package_discovery:discover_packages(recursive) using defaults
[1.190s] Level 1:colcon.colcon_core.package_discovery:discover_packages(ignore) discover
[1.190s] Level 1:colcon.colcon_core.package_discovery:discover_packages(ignore) using defaults
[1.191s] Level 1:colcon.colcon_core.package_discovery:discover_packages(path) discover
[1.191s] Level 1:colcon.colcon_core.package_discovery:discover_packages(path) using defaults
[1.258s] Level 1:colcon.colcon_core.package_discovery:discover_packages(prefix_path) check parameters
[1.260s] Level 1:colcon.colcon_core.package_discovery:discover_packages(prefix_path) discover
[1.274s] DEBUG:colcon.colcon_installed_package_information.package_discovery:Found 258 installed packages in /opt/ros/foxy
[1.280s] Level 1:colcon.colcon_core.package_discovery:discover_packages(prefix_path) using defaults
[1.559s] Level 5:colcon.colcon_core.verb:set package 'camera' build argument 'cmake_args' from command line to 'None'
[1.559s] Level 5:colcon.colcon_core.verb:set package 'camera' build argument 'cmake_target' from command line to 'None'
[1.559s] Level 5:colcon.colcon_core.verb:set package 'camera' build argument 'cmake_target_skip_unavailable' from command line to 'False'
[1.560s] Level 5:colcon.colcon_core.verb:set package 'camera' build argument 'cmake_clean_cache' from command line to 'False'
[1.560s] Level 5:colcon.colcon_core.verb:set package 'camera' build argument 'cmake_clean_first' from command line to 'False'
[1.560s] Level 5:colcon.colcon_core.verb:set package 'camera' build argument 'cmake_force_configure' from command line to 'False'
[1.560s] Level 5:colcon.colcon_core.verb:set package 'camera' build argument 'ament_cmake_args' from command line to 'None'
[1.560s] Level 5:colcon.colcon_core.verb:set package 'camera' build argument 'catkin_cmake_args' from command line to 'None'
[1.560s] Level 5:colcon.colcon_core.verb:set package 'camera' build argument 'catkin_skip_building_tests' from command line to 'False'
[1.560s] DEBUG:colcon.colcon_core.verb:Building package 'camera' with the following arguments: {'ament_cmake_args': None, 'build_base': '/workspace/build/camera', 'catkin_cmake_args': None, 'catkin_skip_building_tests': False, 'cmake_args': None, 'cmake_clean_cache': False, 'cmake_clean_first': False, 'cmake_force_configure': False, 'cmake_target': None, 'cmake_target_skip_unavailable': False, 'install_base': '/workspace/install/camera', 'merge_install': False, 'path': '/workspace/src/camera', 'symlink_install': False, 'test_result_base': None}
[1.562s] Level 5:colcon.colcon_core.verb:set package 'control' build argument 'cmake_args' from command line to 'None'
[1.562s] Level 5:colcon.colcon_core.verb:set package 'control' build argument 'cmake_target' from command line to 'None'
[1.562s] Level 5:colcon.colcon_core.verb:set package 'control' build argument 'cmake_target_skip_unavailable' from command line to 'False'
[1.562s] Level 5:colcon.colcon_core.verb:set package 'control' build argument 'cmake_clean_cache' from command line to 'False'
[1.562s] Level 5:colcon.colcon_core.verb:set package 'control' build argument 'cmake_clean_first' from command line to 'False'
[1.562s] Level 5:colcon.colcon_core.verb:set package 'control' build argument 'cmake_force_configure' from command line to 'False'
[1.563s] Level 5:colcon.colcon_core.verb:set package 'control' build argument 'ament_cmake_args' from command line to 'None'
[1.563s] Level 5:colcon.colcon_core.verb:set package 'control' build argument 'catkin_cmake_args' from command line to 'None'
[1.563s] Level 5:colcon.colcon_core.verb:set package 'control' build argument 'catkin_skip_building_tests' from command line to 'False'
[1.563s] DEBUG:colcon.colcon_core.verb:Building package 'control' with the following arguments: {'ament_cmake_args': None, 'build_base': '/workspace/build/control', 'catkin_cmake_args': None, 'catkin_skip_building_tests': False, 'cmake_args': None, 'cmake_clean_cache': False, 'cmake_clean_first': False, 'cmake_force_configure': False, 'cmake_target': None, 'cmake_target_skip_unavailable': False, 'install_base': '/workspace/install/control', 'merge_install': False, 'path': '/workspace/src/control', 'symlink_install': False, 'test_result_base': None}
[1.564s] INFO:colcon.colcon_core.executor:Executing jobs using 'parallel' executor
[1.567s] DEBUG:colcon.colcon_parallel_executor.executor.parallel:run_until_complete
[1.569s] INFO:colcon.colcon_ros.task.ament_python.build:Building ROS package in '/workspace/src/camera' with build type 'ament_python'
[1.570s] Level 1:colcon.colcon_core.shell:create_environment_hook('camera', 'ament_prefix_path')
[1.580s] INFO:colcon.colcon_core.plugin_system:Skipping extension 'colcon_core.shell.bat': Not used on non-Windows systems
[1.581s] INFO:colcon.colcon_core.shell:Creating environment hook '/workspace/install/camera/share/camera/hook/ament_prefix_path.ps1'
[1.585s] INFO:colcon.colcon_core.shell:Creating environment descriptor '/workspace/install/camera/share/camera/hook/ament_prefix_path.dsv'
[1.587s] INFO:colcon.colcon_core.shell:Creating environment hook '/workspace/install/camera/share/camera/hook/ament_prefix_path.sh'
[1.589s] INFO:colcon.colcon_core.shell:Skip shell extension 'powershell' for command environment: Not usable outside of PowerShell
[1.590s] DEBUG:colcon.colcon_core.shell:Skip shell extension 'dsv' for command environment
[1.607s] INFO:colcon.colcon_ros.task.ament_python.build:Building ROS package in '/workspace/src/control' with build type 'ament_python'
[1.609s] Level 1:colcon.colcon_core.shell:create_environment_hook('control', 'ament_prefix_path')
[1.613s] INFO:colcon.colcon_core.shell:Creating environment hook '/workspace/install/control/share/control/hook/ament_prefix_path.ps1'
[1.617s] INFO:colcon.colcon_core.shell:Creating environment descriptor '/workspace/install/control/share/control/hook/ament_prefix_path.dsv'
[1.620s] INFO:colcon.colcon_core.shell:Creating environment hook '/workspace/install/control/share/control/hook/ament_prefix_path.sh'
[1.623s] INFO:colcon.colcon_core.shell:Skip shell extension 'powershell' for command environment: Not usable outside of PowerShell
[1.623s] DEBUG:colcon.colcon_core.shell:Skip shell extension 'dsv' for command environment
[2.425s] INFO:colcon.colcon_core.task.python.build:Building Python package in '/workspace/src/camera'
[2.427s] INFO:colcon.colcon_core.shell:Skip shell extension 'powershell' for command environment: Not usable outside of PowerShell
[2.428s] DEBUG:colcon.colcon_core.shell:Skip shell extension 'dsv' for command environment
[3.217s] INFO:colcon.colcon_core.task.python.build:Building Python package in '/workspace/src/control'
[3.221s] INFO:colcon.colcon_core.shell:Skip shell extension 'powershell' for command environment: Not usable outside of PowerShell
[3.221s] DEBUG:colcon.colcon_core.shell:Skip shell extension 'dsv' for command environment
[4.618s] DEBUG:colcon.colcon_core.event_handler.log_command:Invoking command in '/workspace/src/camera': PYTHONPATH=/workspace/build/camera/prefix_override:/usr/lib/python3/dist-packages/colcon_core/task/python/colcon_distutils_commands:/workspace/install/camera/lib/python3.8/site-packages:${PYTHONPATH} /usr/bin/python3 -W ignore:setup.py install is deprecated -W ignore:easy_install command is deprecated setup.py egg_info --egg-base ../../build/camera build --build-base /workspace/build/camera/build install --record /workspace/build/camera/install.log --single-version-externally-managed install_data
[4.654s] DEBUG:colcon.colcon_core.event_handler.log_command:Invoking command in '/workspace/src/control': PYTHONPATH=/workspace/build/control/prefix_override:/usr/lib/python3/dist-packages/colcon_core/task/python/colcon_distutils_commands:/workspace/install/control/lib/python3.8/site-packages:${PYTHONPATH} /usr/bin/python3 -W ignore:setup.py install is deprecated -W ignore:easy_install command is deprecated setup.py egg_info --egg-base ../../build/control build --build-base /workspace/build/control/build install --record /workspace/build/control/install.log --single-version-externally-managed install_data
[5.678s] DEBUG:colcon.colcon_core.event_handler.log_command:Invoked command in '/workspace/src/camera' returned '0': PYTHONPATH=/workspace/build/camera/prefix_override:/usr/lib/python3/dist-packages/colcon_core/task/python/colcon_distutils_commands:/workspace/install/camera/lib/python3.8/site-packages:${PYTHONPATH} /usr/bin/python3 -W ignore:setup.py install is deprecated -W ignore:easy_install command is deprecated setup.py egg_info --egg-base ../../build/camera build --build-base /workspace/build/camera/build install --record /workspace/build/camera/install.log --single-version-externally-managed install_data
[5.689s] Level 1:colcon.colcon_core.environment:checking '/workspace/install/camera' for CMake module files
[5.691s] Level 1:colcon.colcon_core.environment:checking '/workspace/install/camera' for CMake config files
[5.695s] Level 1:colcon.colcon_core.environment:checking '/workspace/install/camera/lib'
[5.696s] Level 1:colcon.colcon_core.environment:checking '/workspace/install/camera/bin'
[5.696s] Level 1:colcon.colcon_core.environment:checking '/workspace/install/camera/lib/pkgconfig/camera.pc'
[5.697s] Level 1:colcon.colcon_core.environment:checking '/workspace/install/camera/lib/python3.8/site-packages'
[5.697s] Level 1:colcon.colcon_core.shell:create_environment_hook('camera', 'pythonpath')
[5.698s] INFO:colcon.colcon_core.shell:Creating environment hook '/workspace/install/camera/share/camera/hook/pythonpath.ps1'
[5.700s] INFO:colcon.colcon_core.shell:Creating environment descriptor '/workspace/install/camera/share/camera/hook/pythonpath.dsv'
[5.702s] INFO:colcon.colcon_core.shell:Creating environment hook '/workspace/install/camera/share/camera/hook/pythonpath.sh'
[5.704s] Level 1:colcon.colcon_core.environment:checking '/workspace/install/camera/bin'
[5.704s] Level 1:colcon.colcon_core.environment:create_environment_scripts_only(camera)
[5.705s] INFO:colcon.colcon_core.shell:Creating package script '/workspace/install/camera/share/camera/package.ps1'
[5.709s] INFO:colcon.colcon_core.shell:Creating package descriptor '/workspace/install/camera/share/camera/package.dsv'
[5.711s] INFO:colcon.colcon_core.shell:Creating package script '/workspace/install/camera/share/camera/package.sh'
[5.713s] INFO:colcon.colcon_core.shell:Creating package script '/workspace/install/camera/share/camera/package.bash'
[5.716s] INFO:colcon.colcon_core.shell:Creating package script '/workspace/install/camera/share/camera/package.zsh'
[5.718s] Level 1:colcon.colcon_core.environment:create_file_with_runtime_dependencies(/workspace/install/camera/share/colcon-core/packages/camera)
[5.721s] Level 1:colcon.colcon_core.environment:checking '/workspace/install/control' for CMake module files
[5.725s] Level 1:colcon.colcon_core.environment:checking '/workspace/install/control' for CMake config files
[5.726s] DEBUG:colcon.colcon_core.event_handler.log_command:Invoked command in '/workspace/src/control' returned '0': PYTHONPATH=/workspace/build/control/prefix_override:/usr/lib/python3/dist-packages/colcon_core/task/python/colcon_distutils_commands:/workspace/install/control/lib/python3.8/site-packages:${PYTHONPATH} /usr/bin/python3 -W ignore:setup.py install is deprecated -W ignore:easy_install command is deprecated setup.py egg_info --egg-base ../../build/control build --build-base /workspace/build/control/build install --record /workspace/build/control/install.log --single-version-externally-managed install_data
[5.729s] Level 1:colcon.colcon_core.environment:checking '/workspace/install/control/lib'
[5.729s] Level 1:colcon.colcon_core.environment:checking '/workspace/install/control/bin'
[5.729s] Level 1:colcon.colcon_core.environment:checking '/workspace/install/control/lib/pkgconfig/control.pc'
[5.730s] Level 1:colcon.colcon_core.environment:checking '/workspace/install/control/lib/python3.8/site-packages'
[5.730s] Level 1:colcon.colcon_core.shell:create_environment_hook('control', 'pythonpath')
[5.731s] INFO:colcon.colcon_core.shell:Creating environment hook '/workspace/install/control/share/control/hook/pythonpath.ps1'
[5.733s] INFO:colcon.colcon_core.shell:Creating environment descriptor '/workspace/install/control/share/control/hook/pythonpath.dsv'
[5.734s] INFO:colcon.colcon_core.shell:Creating environment hook '/workspace/install/control/share/control/hook/pythonpath.sh'
[5.736s] Level 1:colcon.colcon_core.environment:checking '/workspace/install/control/bin'
[5.736s] Level 1:colcon.colcon_core.environment:create_environment_scripts_only(control)
[5.737s] INFO:colcon.colcon_core.shell:Creating package script '/workspace/install/control/share/control/package.ps1'
[5.740s] INFO:colcon.colcon_core.shell:Creating package descriptor '/workspace/install/control/share/control/package.dsv'
[5.742s] INFO:colcon.colcon_core.shell:Creating package script '/workspace/install/control/share/control/package.sh'
[5.743s] INFO:colcon.colcon_core.shell:Creating package script '/workspace/install/control/share/control/package.bash'
[5.745s] INFO:colcon.colcon_core.shell:Creating package script '/workspace/install/control/share/control/package.zsh'
[5.747s] Level 1:colcon.colcon_core.environment:create_file_with_runtime_dependencies(/workspace/install/control/share/colcon-core/packages/control)
[5.748s] DEBUG:colcon.colcon_parallel_executor.executor.parallel:closing loop
[5.749s] DEBUG:colcon.colcon_parallel_executor.executor.parallel:loop closed
[5.750s] DEBUG:colcon.colcon_parallel_executor.executor.parallel:run_until_complete finished with '0'
[5.750s] DEBUG:colcon.colcon_core.event_reactor:joining thread
[5.776s] INFO:colcon.colcon_core.plugin_system:Skipping extension 'colcon_notification.desktop_notification.notify_send': Could not find 'notify-send'
[5.776s] INFO:colcon.colcon_core.plugin_system:Skipping extension 'colcon_notification.desktop_notification.terminal_notifier': Not used on non-Darwin systems
[5.777s] INFO:colcon.colcon_core.plugin_system:Skipping extension 'colcon_notification.desktop_notification.win32': Not used on non-Windows systems
[5.777s] INFO:colcon.colcon_notification.desktop_notification:Sending desktop notification using 'notify2'
[5.784s] DEBUG:colcon.colcon_notification.desktop_notification.notify2:Failed to initialize notify2: org.freedesktop.DBus.Error.Spawn.ExecFailed: /usr/bin/dbus-launch terminated abnormally without any error message
[5.786s] DEBUG:colcon.colcon_core.event_reactor:joined thread
[5.790s] INFO:colcon.colcon_core.shell:Creating prefix script '/workspace/install/local_setup.ps1'
[5.795s] INFO:colcon.colcon_core.shell:Creating prefix util module '/workspace/install/_local_setup_util_ps1.py'
[5.803s] INFO:colcon.colcon_core.shell:Creating prefix chain script '/workspace/install/setup.ps1'
[5.808s] INFO:colcon.colcon_core.shell:Creating prefix script '/workspace/install/local_setup.sh'
[5.811s] INFO:colcon.colcon_core.shell:Creating prefix util module '/workspace/install/_local_setup_util_sh.py'
[5.814s] INFO:colcon.colcon_core.shell:Creating prefix chain script '/workspace/install/setup.sh'
[5.818s] INFO:colcon.colcon_core.shell:Creating prefix script '/workspace/install/local_setup.bash'
[5.820s] INFO:colcon.colcon_core.shell:Creating prefix chain script '/workspace/install/setup.bash'
[5.824s] INFO:colcon.colcon_core.shell:Creating prefix script '/workspace/install/local_setup.zsh'
[5.826s] INFO:colcon.colcon_core.shell:Creating prefix chain script '/workspace/install/setup.zsh'
