[4.802s] Invoking command in '/workspace/build/camera': PYTHONPATH=/workspace/build/camera/prefix_override:/workspace/install/camera/lib/python3.8/site-packages:${PYTHONPATH} /usr/bin/python3 setup.py develop --editable --build-directory /workspace/build/camera/build --no-deps install_data
[5.434s] /usr/local/lib/python3.8/dist-packages/setuptools/_distutils/dist.py:261: UserWarning: Unknown distribution option: 'tests_require'
[5.436s]   warnings.warn(msg)
[6.147s] running develop
[6.148s] /usr/local/lib/python3.8/dist-packages/setuptools/command/develop.py:41: EasyInstallDeprecationWarning: easy_install command is deprecated.
[6.149s] !!
[6.150s] 
[6.150s]         ********************************************************************************
[6.150s]         Please avoid running ``setup.py`` and ``easy_install``.
[6.151s]         Instead, use pypa/build, pypa/installer or other
[6.151s]         standards-based tools.
[6.151s] 
[6.152s]         See https://github.com/pypa/setuptools/issues/917 for details.
[6.152s]         ********************************************************************************
[6.153s] 
[6.153s] !!
[6.154s]   easy_install.initialize_options(self)
[6.290s] /usr/local/lib/python3.8/dist-packages/setuptools/_distutils/cmd.py:66: SetuptoolsDeprecationWarning: setup.py install is deprecated.
[6.290s] !!
[6.290s] 
[6.291s]         ********************************************************************************
[6.291s]         Please avoid running ``setup.py`` directly.
[6.291s]         Instead, use pypa/build, pypa/installer or other
[6.292s]         standards-based tools.
[6.292s] 
[6.292s]         See https://blog.ganssle.io/articles/2021/10/setup-py-deprecated.html for details.
[6.293s]         ********************************************************************************
[6.293s] 
[6.293s] !!
[6.293s]   self.initialize_options()
[6.984s] running egg_info
[7.051s] writing camera.egg-info/PKG-INFO
[7.053s] writing dependency_links to camera.egg-info/dependency_links.txt
[7.054s] writing entry points to camera.egg-info/entry_points.txt
[7.055s] writing requirements to camera.egg-info/requires.txt
[7.055s] writing top-level names to camera.egg-info/top_level.txt
[7.185s] reading manifest file 'camera.egg-info/SOURCES.txt'
[7.190s] writing manifest file 'camera.egg-info/SOURCES.txt'
[7.389s] running build_ext
[7.390s] Creating /workspace/install/camera/lib/python3.8/site-packages/camera.egg-link (link to .)
[7.393s] Installing camera_node script to /workspace/install/camera/lib/camera
[7.394s] Installing lane_follower_node script to /workspace/install/camera/lib/camera
[7.394s] Installing yolo_node script to /workspace/install/camera/lib/camera
[7.397s] 
[7.398s] Installed /workspace/build/camera
[7.398s] running install_data
[7.511s] Invoked command in '/workspace/build/camera' returned '0': PYTHONPATH=/workspace/build/camera/prefix_override:/workspace/install/camera/lib/python3.8/site-packages:${PYTHONPATH} /usr/bin/python3 setup.py develop --editable --build-directory /workspace/build/camera/build --no-deps install_data
