[2.957s] Invoking command in '/workspace/src/control': PYTHONPATH=/workspace/build/control/prefix_override:/usr/lib/python3/dist-packages/colcon_core/task/python/colcon_distutils_commands:/workspace/install/control/lib/python3.8/site-packages:${PYTHONPATH} /usr/bin/python3 -W ignore:setup.py install is deprecated -W ignore:easy_install command is deprecated setup.py egg_info --egg-base ../../build/control build --build-base /workspace/build/control/build install --record /workspace/build/control/install.log --single-version-externally-managed install_data
[3.732s] running egg_info
[3.734s] writing ../../build/control/control.egg-info/PKG-INFO
[3.735s] writing dependency_links to ../../build/control/control.egg-info/dependency_links.txt
[3.736s] writing entry points to ../../build/control/control.egg-info/entry_points.txt
[3.737s] writing requirements to ../../build/control/control.egg-info/requires.txt
[3.737s] writing top-level names to ../../build/control/control.egg-info/top_level.txt
[3.855s] reading manifest file '../../build/control/control.egg-info/SOURCES.txt'
[3.858s] writing manifest file '../../build/control/control.egg-info/SOURCES.txt'
[3.858s] running build
[3.859s] running build_py
[3.859s] running install
[3.862s] running install_lib
[3.867s] running install_data
[3.868s] running install_egg_info
[3.874s] removing '/workspace/install/control/lib/python3.8/site-packages/control-0.0.0-py3.8.egg-info' (and everything under it)
[3.875s] Copying ../../build/control/control.egg-info to /workspace/install/control/lib/python3.8/site-packages/control-0.0.0-py3.8.egg-info
[3.880s] running install_scripts
[3.934s] Installing motor_node script to /workspace/install/control/lib/control
[3.935s] writing list of installed files to '/workspace/build/control/install.log'
[4.014s] Invoked command in '/workspace/src/control' returned '0': PYTHONPATH=/workspace/build/control/prefix_override:/usr/lib/python3/dist-packages/colcon_core/task/python/colcon_distutils_commands:/workspace/install/control/lib/python3.8/site-packages:${PYTHONPATH} /usr/bin/python3 -W ignore:setup.py install is deprecated -W ignore:easy_install command is deprecated setup.py egg_info --egg-base ../../build/control build --build-base /workspace/build/control/build install --record /workspace/build/control/install.log --single-version-externally-managed install_data
