[4.791s] Invoking command in '/workspace/build/camera': PYTHONPATH=/workspace/build/camera/prefix_override:/workspace/install/camera/lib/python3.8/site-packages:${PYTHONPATH} /usr/bin/python3 setup.py develop --editable --build-directory /workspace/build/camera/build --no-deps install_data
[5.369s] /usr/local/lib/python3.8/dist-packages/setuptools/_distutils/dist.py:261: UserWarning: Unknown distribution option: 'tests_require'
[5.369s]   warnings.warn(msg)
[6.040s] running develop
[6.041s] /usr/local/lib/python3.8/dist-packages/setuptools/command/develop.py:41: EasyInstallDeprecationWarning: easy_install command is deprecated.
[6.041s] !!
[6.042s] 
[6.042s]         ********************************************************************************
[6.042s]         Please avoid running ``setup.py`` and ``easy_install``.
[6.043s]         Instead, use pypa/build, pypa/installer or other
[6.043s]         standards-based tools.
[6.043s] 
[6.043s]         See https://github.com/pypa/setuptools/issues/917 for details.
[6.044s]         ********************************************************************************
[6.044s] 
[6.044s] !!
[6.045s]   easy_install.initialize_options(self)
[6.177s] /usr/local/lib/python3.8/dist-packages/setuptools/_distutils/cmd.py:66: SetuptoolsDeprecationWarning: setup.py install is deprecated.
[6.178s] !!
[6.179s] 
[6.180s]         ********************************************************************************
[6.180s]         Please avoid running ``setup.py`` directly.
[6.181s]         Instead, use pypa/build, pypa/installer or other
[6.181s]         standards-based tools.
[6.181s] 
[6.182s]         See https://blog.ganssle.io/articles/2021/10/setup-py-deprecated.html for details.
[6.182s]         ********************************************************************************
[6.182s] 
[6.183s] !!
[6.183s]   self.initialize_options()
[6.893s] running egg_info
[6.959s] writing camera.egg-info/PKG-INFO
[6.960s] writing dependency_links to camera.egg-info/dependency_links.txt
[6.960s] writing entry points to camera.egg-info/entry_points.txt
[6.962s] writing requirements to camera.egg-info/requires.txt
[6.962s] writing top-level names to camera.egg-info/top_level.txt
[7.095s] reading manifest file 'camera.egg-info/SOURCES.txt'
[7.099s] writing manifest file 'camera.egg-info/SOURCES.txt'
[7.302s] running build_ext
[7.302s] Creating /workspace/install/camera/lib/python3.8/site-packages/camera.egg-link (link to .)
[7.306s] Installing camera_node script to /workspace/install/camera/lib/camera
[7.307s] Installing lane_follower_node script to /workspace/install/camera/lib/camera
[7.308s] Installing yolo_node script to /workspace/install/camera/lib/camera
[7.309s] 
[7.310s] Installed /workspace/build/camera
[7.310s] running install_data
[7.427s] Invoked command in '/workspace/build/camera' returned '0': PYTHONPATH=/workspace/build/camera/prefix_override:/workspace/install/camera/lib/python3.8/site-packages:${PYTHONPATH} /usr/bin/python3 setup.py develop --editable --build-directory /workspace/build/camera/build --no-deps install_data
