[2.623s] Invoking command in '/home/iclab/autorace/build/ld08_driver': CMAKE_PREFIX_PATH=/opt/ros/foxy /usr/bin/cmake --build /home/iclab/autorace/build/ld08_driver -- -j8 -l8
[3.062s] [100%] Built target ld08_driver
[3.113s] Invoked command in '/home/iclab/autorace/build/ld08_driver' returned '0': CMAKE_PREFIX_PATH=/opt/ros/foxy /usr/bin/cmake --build /home/iclab/autorace/build/ld08_driver -- -j8 -l8
[3.186s] Invoking command in '/home/iclab/autorace/build/ld08_driver': CMAKE_PREFIX_PATH=/opt/ros/foxy /usr/bin/cmake --install /home/iclab/autorace/build/ld08_driver
[3.234s] -- Install configuration: ""
[3.237s] -- Execute custom install script
[3.238s] -- Up-to-date symlink: /home/iclab/autorace/install/ld08_driver/share/ament_index/resource_index/packages/ld08_driver
[3.239s] -- Up-to-date symlink: /home/iclab/autorace/install/ld08_driver/share/ld08_driver/cmake/ament_cmake_export_dependencies-extras.cmake
[3.241s] -- Up-to-date symlink: /home/iclab/autorace/install/ld08_driver/share/ld08_driver/cmake/ament_cmake_export_include_directories-extras.cmake
[3.243s] -- Up-to-date symlink: /home/iclab/autorace/install/ld08_driver/share/ld08_driver/cmake/ld08_driverConfig.cmake
[3.243s] -- Up-to-date symlink: /home/iclab/autorace/install/ld08_driver/share/ld08_driver/cmake/ld08_driverConfig-version.cmake
[3.245s] -- Up-to-date symlink: /home/iclab/autorace/install/ld08_driver/share/ld08_driver/package.xml
[3.248s] -- Up-to-date symlink: /home/iclab/autorace/install/ld08_driver/share/ld08_driver/launch/ld08.launch.py
[3.250s] -- Up-to-date symlink: /home/iclab/autorace/install/ld08_driver/lib/ld08_driver/ld08_driver
[3.251s] -- Up-to-date symlink: /home/iclab/autorace/install/ld08_driver/share/ament_index/resource_index/package_run_dependencies/ld08_driver
[3.253s] -- Up-to-date symlink: /home/iclab/autorace/install/ld08_driver/share/ament_index/resource_index/parent_prefix_path/ld08_driver
[3.254s] -- Up-to-date symlink: /home/iclab/autorace/install/ld08_driver/share/ld08_driver/environment/ament_prefix_path.sh
[3.257s] -- Up-to-date symlink: /home/iclab/autorace/install/ld08_driver/share/ld08_driver/environment/ament_prefix_path.dsv
[3.258s] -- Up-to-date symlink: /home/iclab/autorace/install/ld08_driver/share/ld08_driver/environment/path.sh
[3.259s] -- Up-to-date symlink: /home/iclab/autorace/install/ld08_driver/share/ld08_driver/environment/path.dsv
[3.261s] -- Up-to-date symlink: /home/iclab/autorace/install/ld08_driver/share/ld08_driver/local_setup.bash
[3.267s] -- Up-to-date symlink: /home/iclab/autorace/install/ld08_driver/share/ld08_driver/local_setup.sh
[3.283s] -- Up-to-date symlink: /home/iclab/autorace/install/ld08_driver/share/ld08_driver/local_setup.zsh
[3.285s] -- Up-to-date symlink: /home/iclab/autorace/install/ld08_driver/share/ld08_driver/local_setup.dsv
[3.287s] -- Symlinking: /home/iclab/autorace/install/ld08_driver/share/ld08_driver/package.dsv
[3.390s] -- Up-to-date symlink: /home/iclab/autorace/install/ld08_driver/share/ament_index/resource_index/packages/ld08_driver
[3.393s] -- Up-to-date symlink: /home/iclab/autorace/install/ld08_driver/share/ld08_driver/cmake/ament_cmake_export_dependencies-extras.cmake
[3.395s] -- Up-to-date symlink: /home/iclab/autorace/install/ld08_driver/share/ld08_driver/cmake/ament_cmake_export_include_directories-extras.cmake
[3.397s] -- Up-to-date symlink: /home/iclab/autorace/install/ld08_driver/share/ld08_driver/cmake/ld08_driverConfig.cmake
[3.399s] -- Up-to-date symlink: /home/iclab/autorace/install/ld08_driver/share/ld08_driver/cmake/ld08_driverConfig-version.cmake
[3.401s] -- Up-to-date symlink: /home/iclab/autorace/install/ld08_driver/share/ld08_driver/package.xml
[3.414s] Invoked command in '/home/iclab/autorace/build/ld08_driver' returned '0': CMAKE_PREFIX_PATH=/opt/ros/foxy /usr/bin/cmake --install /home/iclab/autorace/build/ld08_driver
