[3.084s] Invoking command in '/workspace/src/camera': PYTHONPATH=/workspace/build/camera/prefix_override:/usr/lib/python3/dist-packages/colcon_core/task/python/colcon_distutils_commands:/workspace/install/camera/lib/python3.8/site-packages:${PYTHONPATH} /usr/bin/python3 -W ignore:setup.py install is deprecated -W ignore:easy_install command is deprecated setup.py egg_info --egg-base ../../build/camera build --build-base /workspace/build/camera/build install --record /workspace/build/camera/install.log --single-version-externally-managed install_data
[3.867s] running egg_info
[3.871s] writing ../../build/camera/camera.egg-info/PKG-INFO
[3.871s] writing dependency_links to ../../build/camera/camera.egg-info/dependency_links.txt
[3.872s] writing entry points to ../../build/camera/camera.egg-info/entry_points.txt
[3.872s] writing requirements to ../../build/camera/camera.egg-info/requires.txt
[3.873s] writing top-level names to ../../build/camera/camera.egg-info/top_level.txt
[3.986s] reading manifest file '../../build/camera/camera.egg-info/SOURCES.txt'
[3.990s] writing manifest file '../../build/camera/camera.egg-info/SOURCES.txt'
[3.990s] running build
[3.991s] running build_py
[3.992s] running install
[3.994s] running install_lib
[4.000s] running install_data
[4.001s] running install_egg_info
[4.006s] removing '/workspace/install/camera/lib/python3.8/site-packages/camera-0.0.0-py3.8.egg-info' (and everything under it)
[4.010s] Copying ../../build/camera/camera.egg-info to /workspace/install/camera/lib/python3.8/site-packages/camera-0.0.0-py3.8.egg-info
[4.012s] running install_scripts
[4.069s] Installing camera_node script to /workspace/install/camera/lib/camera
[4.071s] Installing line_detector_follower_node script to /workspace/install/camera/lib/camera
[4.073s] Installing yolo_node script to /workspace/install/camera/lib/camera
[4.075s] writing list of installed files to '/workspace/build/camera/install.log'
[4.159s] Invoked command in '/workspace/src/camera' returned '0': PYTHONPATH=/workspace/build/camera/prefix_override:/usr/lib/python3/dist-packages/colcon_core/task/python/colcon_distutils_commands:/workspace/install/camera/lib/python3.8/site-packages:${PYTHONPATH} /usr/bin/python3 -W ignore:setup.py install is deprecated -W ignore:easy_install command is deprecated setup.py egg_info --egg-base ../../build/camera build --build-base /workspace/build/camera/build install --record /workspace/build/camera/install.log --single-version-externally-managed install_data
