-- The C compiler identification is GNU 9.4.0
-- The CXX compiler identification is GNU 9.4.0
-- Detecting C compiler ABI info
-- Detecting C compiler ABI info - done
-- Check for working C compiler: /usr/bin/cc - skipped
-- Detecting C compile features
-- Detecting C compile features - done
-- Detecting CXX compiler ABI info
-- Detecting CXX compiler ABI info - done
-- Check for working CXX compiler: /usr/bin/c++ - skipped
-- Detecting CXX compile features
-- Detecting CXX compile features - done
[31mCMake Error at CMakeLists.txt:24 (find_package):
  By not providing "FindTorch.cmake" in CMAKE_MODULE_PATH this project has
  asked CMake to find a package configuration file provided by "Torch", but
  CMake did not find one.

  Could not find a package configuration file provided by "Torch" with any of
  the following names:

    TorchConfig.cmake
    torch-config.cmake

  Add the installation prefix of "Torch" to CMAKE_PREFIX_PATH or set
  "Torch_DIR" to a directory containing one of the above files.  If "Torch"
  provides a separate development package or SDK, be sure it has been
  installed.

[0m
-- Configuring incomplete, errors occurred!
