[1.930s] Invoking command in '/home/iclab/autorace/build/ld08_driver': CMAKE_PREFIX_PATH=${CMAKE_PREFIX_PATH}:/home/iclab/autorace/install/control:/home/iclab/autorace/install/camera:/opt/ros/foxy /usr/bin/cmake --build /home/iclab/autorace/build/ld08_driver -- -j8 -l8
[2.167s] [100%] Built target ld08_driver
[2.217s] Invoked command in '/home/iclab/autorace/build/ld08_driver' returned '0': CMAKE_PREFIX_PATH=${CMAKE_PREFIX_PATH}:/home/iclab/autorace/install/control:/home/iclab/autorace/install/camera:/opt/ros/foxy /usr/bin/cmake --build /home/iclab/autorace/build/ld08_driver -- -j8 -l8
[2.261s] Invoking command in '/home/iclab/autorace/build/ld08_driver': CMAKE_PREFIX_PATH=${CMAKE_PREFIX_PATH}:/home/iclab/autorace/install/control:/home/iclab/autorace/install/camera:/opt/ros/foxy /usr/bin/cmake --install /home/iclab/autorace/build/ld08_driver
[2.289s] -- Install configuration: ""
[2.291s] -- Execute custom install script
[2.294s] -- Up-to-date symlink: /home/iclab/autorace/install/ld08_driver/share/ld08_driver/launch/ld08.launch.py
[2.296s] -- Up-to-date symlink: /home/iclab/autorace/install/ld08_driver/lib/ld08_driver/ld08_driver
[2.297s] -- Up-to-date symlink: /home/iclab/autorace/install/ld08_driver/share/ament_index/resource_index/package_run_dependencies/ld08_driver
[2.299s] -- Up-to-date symlink: /home/iclab/autorace/install/ld08_driver/share/ament_index/resource_index/parent_prefix_path/ld08_driver
[2.300s] -- Up-to-date symlink: /home/iclab/autorace/install/ld08_driver/share/ld08_driver/environment/ament_prefix_path.sh
[2.301s] -- Up-to-date symlink: /home/iclab/autorace/install/ld08_driver/share/ld08_driver/environment/ament_prefix_path.dsv
[2.303s] -- Up-to-date symlink: /home/iclab/autorace/install/ld08_driver/share/ld08_driver/environment/path.sh
[2.304s] -- Up-to-date symlink: /home/iclab/autorace/install/ld08_driver/share/ld08_driver/environment/path.dsv
[2.305s] -- Up-to-date symlink: /home/iclab/autorace/install/ld08_driver/share/ld08_driver/local_setup.bash
[2.306s] -- Up-to-date symlink: /home/iclab/autorace/install/ld08_driver/share/ld08_driver/local_setup.sh
[2.308s] -- Up-to-date symlink: /home/iclab/autorace/install/ld08_driver/share/ld08_driver/local_setup.zsh
[2.309s] -- Up-to-date symlink: /home/iclab/autorace/install/ld08_driver/share/ld08_driver/local_setup.dsv
[2.311s] -- Symlinking: /home/iclab/autorace/install/ld08_driver/share/ld08_driver/package.dsv
[2.342s] -- Up-to-date symlink: /home/iclab/autorace/install/ld08_driver/share/ament_index/resource_index/packages/ld08_driver
[2.343s] -- Up-to-date symlink: /home/iclab/autorace/install/ld08_driver/share/ld08_driver/cmake/ament_cmake_export_dependencies-extras.cmake
[2.345s] -- Up-to-date symlink: /home/iclab/autorace/install/ld08_driver/share/ld08_driver/cmake/ament_cmake_export_include_directories-extras.cmake
[2.347s] -- Up-to-date symlink: /home/iclab/autorace/install/ld08_driver/share/ld08_driver/cmake/ld08_driverConfig.cmake
[2.347s] -- Up-to-date symlink: /home/iclab/autorace/install/ld08_driver/share/ld08_driver/cmake/ld08_driverConfig-version.cmake
[2.348s] -- Up-to-date symlink: /home/iclab/autorace/install/ld08_driver/share/ld08_driver/package.xml
[2.357s] Invoked command in '/home/iclab/autorace/build/ld08_driver' returned '0': CMAKE_PREFIX_PATH=${CMAKE_PREFIX_PATH}:/home/iclab/autorace/install/control:/home/iclab/autorace/install/camera:/opt/ros/foxy /usr/bin/cmake --install /home/iclab/autorace/build/ld08_driver
