[3.055s] Invoking command in '/workspace/src/camera': PYTHONPATH=/workspace/build/camera/prefix_override:/usr/lib/python3/dist-packages/colcon_core/task/python/colcon_distutils_commands:/workspace/install/camera/lib/python3.8/site-packages:${PYTHONPATH} /usr/bin/python3 -W ignore:setup.py install is deprecated -W ignore:easy_install command is deprecated setup.py egg_info --egg-base ../../build/camera build --build-base /workspace/build/camera/build install --record /workspace/build/camera/install.log --single-version-externally-managed install_data
[3.817s] running egg_info
[3.822s] writing ../../build/camera/camera.egg-info/PKG-INFO
[3.823s] writing dependency_links to ../../build/camera/camera.egg-info/dependency_links.txt
[3.823s] writing entry points to ../../build/camera/camera.egg-info/entry_points.txt
[3.823s] writing requirements to ../../build/camera/camera.egg-info/requires.txt
[3.823s] writing top-level names to ../../build/camera/camera.egg-info/top_level.txt
[3.936s] reading manifest file '../../build/camera/camera.egg-info/SOURCES.txt'
[3.938s] writing manifest file '../../build/camera/camera.egg-info/SOURCES.txt'
[3.939s] running build
[3.939s] running build_py
[3.940s] running install
[3.943s] running install_lib
[3.948s] running install_data
[3.949s] running install_egg_info
[3.954s] removing '/workspace/install/camera/lib/python3.8/site-packages/camera-0.0.0-py3.8.egg-info' (and everything under it)
[3.955s] Copying ../../build/camera/camera.egg-info to /workspace/install/camera/lib/python3.8/site-packages/camera-0.0.0-py3.8.egg-info
[3.960s] running install_scripts
[4.018s] Installing camera_node script to /workspace/install/camera/lib/camera
[4.019s] Installing line_detector_follower_node script to /workspace/install/camera/lib/camera
[4.020s] Installing yolo_node script to /workspace/install/camera/lib/camera
[4.022s] writing list of installed files to '/workspace/build/camera/install.log'
[4.101s] Invoked command in '/workspace/src/camera' returned '0': PYTHONPATH=/workspace/build/camera/prefix_override:/usr/lib/python3/dist-packages/colcon_core/task/python/colcon_distutils_commands:/workspace/install/camera/lib/python3.8/site-packages:${PYTHONPATH} /usr/bin/python3 -W ignore:setup.py install is deprecated -W ignore:easy_install command is deprecated setup.py egg_info --egg-base ../../build/camera build --build-base /workspace/build/camera/build install --record /workspace/build/camera/install.log --single-version-externally-managed install_data
