[0.850s] DEBUG:colcon:Command line arguments: ['/usr/bin/colcon', 'build', '--symlink-install']
[0.851s] DEBUG:colcon:Parsed command line arguments: Namespace(allow_overriding=[], ament_cmake_args=None, base_paths=['.'], build_base='build', catkin_cmake_args=None, catkin_skip_building_tests=False, cmake_args=None, cmake_clean_cache=False, cmake_clean_first=False, cmake_force_configure=False, cmake_target=None, cmake_target_skip_unavailable=False, continue_on_error=False, event_handlers=None, executor='parallel', ignore_user_meta=False, install_base='install', log_base=None, log_level=None, main=<bound method BuildVerb.main of <colcon_core.verb.build.BuildVerb object at 0xffffa9f19370>>, merge_install=False, metas=['./colcon.meta'], mixin=None, mixin_files=None, mixin_verb=('build',), packages_above=None, packages_above_and_dependencies=None, packages_above_depth=None, packages_end=None, packages_ignore=None, packages_ignore_regex=None, packages_select=None, packages_select_build_failed=False, packages_select_by_dep=None, packages_select_regex=None, packages_select_test_failures=False, packages_skip=None, packages_skip_build_finished=False, packages_skip_by_dep=None, packages_skip_regex=None, packages_skip_test_passed=False, packages_skip_up_to=None, packages_start=None, packages_up_to=None, packages_up_to_regex=None, parallel_workers=8, paths=None, symlink_install=True, test_result_base=None, verb_extension=<colcon_core.verb.build.BuildVerb object at 0xffffa9f19370>, verb_name='build', verb_parser=<colcon_mixin.mixin.mixin_argument.MixinArgumentDecorator object at 0xffffa9f19af0>)
[1.490s] Level 1:colcon.colcon_core.package_discovery:discover_packages(colcon_meta) check parameters
[1.491s] Level 1:colcon.colcon_core.package_discovery:discover_packages(recursive) check parameters
[1.491s] Level 1:colcon.colcon_core.package_discovery:discover_packages(ignore) check parameters
[1.491s] Level 1:colcon.colcon_core.package_discovery:discover_packages(path) check parameters
[1.491s] Level 1:colcon.colcon_core.package_discovery:discover_packages(colcon_meta) discover
[1.491s] Level 1:colcon.colcon_core.package_discovery:discover_packages(recursive) discover
[1.492s] INFO:colcon.colcon_core.package_discovery:Crawling recursively for packages in '/home/iclab/autorace'
[1.492s] Level 1:colcon.colcon_core.package_identification:_identify(.) by extensions ['ignore', 'ignore_ament_install']
[1.492s] Level 1:colcon.colcon_core.package_identification:_identify(.) by extension 'ignore'
[1.493s] Level 1:colcon.colcon_core.package_identification:_identify(.) by extension 'ignore_ament_install'
[1.493s] Level 1:colcon.colcon_core.package_identification:_identify(.) by extensions ['colcon_pkg']
[1.493s] Level 1:colcon.colcon_core.package_identification:_identify(.) by extension 'colcon_pkg'
[1.493s] Level 1:colcon.colcon_core.package_identification:_identify(.) by extensions ['colcon_meta']
[1.493s] Level 1:colcon.colcon_core.package_identification:_identify(.) by extension 'colcon_meta'
[1.493s] Level 1:colcon.colcon_core.package_identification:_identify(.) by extensions ['ros']
[1.494s] Level 1:colcon.colcon_core.package_identification:_identify(.) by extension 'ros'
[1.609s] Level 1:colcon.colcon_core.package_identification:_identify(.) by extensions ['cmake', 'python']
[1.609s] Level 1:colcon.colcon_core.package_identification:_identify(.) by extension 'cmake'
[1.610s] Level 1:colcon.colcon_core.package_identification:_identify(.) by extension 'python'
[1.610s] Level 1:colcon.colcon_core.package_identification:_identify(.) by extensions ['python_setup_py']
[1.610s] Level 1:colcon.colcon_core.package_identification:_identify(.) by extension 'python_setup_py'
[1.611s] Level 1:colcon.colcon_core.package_identification:_identify(build) by extensions ['ignore', 'ignore_ament_install']
[1.611s] Level 1:colcon.colcon_core.package_identification:_identify(build) by extension 'ignore'
[1.611s] Level 1:colcon.colcon_core.package_identification:_identify(build) ignored
[1.612s] Level 1:colcon.colcon_core.package_identification:_identify(docker) by extensions ['ignore', 'ignore_ament_install']
[1.612s] Level 1:colcon.colcon_core.package_identification:_identify(docker) by extension 'ignore'
[1.612s] Level 1:colcon.colcon_core.package_identification:_identify(docker) by extension 'ignore_ament_install'
[1.612s] Level 1:colcon.colcon_core.package_identification:_identify(docker) by extensions ['colcon_pkg']
[1.613s] Level 1:colcon.colcon_core.package_identification:_identify(docker) by extension 'colcon_pkg'
[1.613s] Level 1:colcon.colcon_core.package_identification:_identify(docker) by extensions ['colcon_meta']
[1.613s] Level 1:colcon.colcon_core.package_identification:_identify(docker) by extension 'colcon_meta'
[1.613s] Level 1:colcon.colcon_core.package_identification:_identify(docker) by extensions ['ros']
[1.613s] Level 1:colcon.colcon_core.package_identification:_identify(docker) by extension 'ros'
[1.614s] Level 1:colcon.colcon_core.package_identification:_identify(docker) by extensions ['cmake', 'python']
[1.614s] Level 1:colcon.colcon_core.package_identification:_identify(docker) by extension 'cmake'
[1.614s] Level 1:colcon.colcon_core.package_identification:_identify(docker) by extension 'python'
[1.614s] Level 1:colcon.colcon_core.package_identification:_identify(docker) by extensions ['python_setup_py']
[1.614s] Level 1:colcon.colcon_core.package_identification:_identify(docker) by extension 'python_setup_py'
[1.614s] Level 1:colcon.colcon_core.package_identification:_identify(docker/jetson_r35) by extensions ['ignore', 'ignore_ament_install']
[1.615s] Level 1:colcon.colcon_core.package_identification:_identify(docker/jetson_r35) by extension 'ignore'
[1.615s] Level 1:colcon.colcon_core.package_identification:_identify(docker/jetson_r35) by extension 'ignore_ament_install'
[1.615s] Level 1:colcon.colcon_core.package_identification:_identify(docker/jetson_r35) by extensions ['colcon_pkg']
[1.615s] Level 1:colcon.colcon_core.package_identification:_identify(docker/jetson_r35) by extension 'colcon_pkg'
[1.615s] Level 1:colcon.colcon_core.package_identification:_identify(docker/jetson_r35) by extensions ['colcon_meta']
[1.615s] Level 1:colcon.colcon_core.package_identification:_identify(docker/jetson_r35) by extension 'colcon_meta'
[1.616s] Level 1:colcon.colcon_core.package_identification:_identify(docker/jetson_r35) by extensions ['ros']
[1.616s] Level 1:colcon.colcon_core.package_identification:_identify(docker/jetson_r35) by extension 'ros'
[1.616s] Level 1:colcon.colcon_core.package_identification:_identify(docker/jetson_r35) by extensions ['cmake', 'python']
[1.616s] Level 1:colcon.colcon_core.package_identification:_identify(docker/jetson_r35) by extension 'cmake'
[1.616s] Level 1:colcon.colcon_core.package_identification:_identify(docker/jetson_r35) by extension 'python'
[1.616s] Level 1:colcon.colcon_core.package_identification:_identify(docker/jetson_r35) by extensions ['python_setup_py']
[1.617s] Level 1:colcon.colcon_core.package_identification:_identify(docker/jetson_r35) by extension 'python_setup_py'
[1.617s] Level 1:colcon.colcon_core.package_identification:_identify(install) by extensions ['ignore', 'ignore_ament_install']
[1.617s] Level 1:colcon.colcon_core.package_identification:_identify(install) by extension 'ignore'
[1.617s] Level 1:colcon.colcon_core.package_identification:_identify(install) ignored
[1.618s] Level 1:colcon.colcon_core.package_identification:_identify(log) by extensions ['ignore', 'ignore_ament_install']
[1.619s] Level 1:colcon.colcon_core.package_identification:_identify(log) by extension 'ignore'
[1.619s] Level 1:colcon.colcon_core.package_identification:_identify(log) ignored
[1.619s] Level 1:colcon.colcon_core.package_identification:_identify(src) by extensions ['ignore', 'ignore_ament_install']
[1.619s] Level 1:colcon.colcon_core.package_identification:_identify(src) by extension 'ignore'
[1.620s] Level 1:colcon.colcon_core.package_identification:_identify(src) by extension 'ignore_ament_install'
[1.620s] Level 1:colcon.colcon_core.package_identification:_identify(src) by extensions ['colcon_pkg']
[1.620s] Level 1:colcon.colcon_core.package_identification:_identify(src) by extension 'colcon_pkg'
[1.620s] Level 1:colcon.colcon_core.package_identification:_identify(src) by extensions ['colcon_meta']
[1.620s] Level 1:colcon.colcon_core.package_identification:_identify(src) by extension 'colcon_meta'
[1.620s] Level 1:colcon.colcon_core.package_identification:_identify(src) by extensions ['ros']
[1.620s] Level 1:colcon.colcon_core.package_identification:_identify(src) by extension 'ros'
[1.621s] Level 1:colcon.colcon_core.package_identification:_identify(src) by extensions ['cmake', 'python']
[1.621s] Level 1:colcon.colcon_core.package_identification:_identify(src) by extension 'cmake'
[1.621s] Level 1:colcon.colcon_core.package_identification:_identify(src) by extension 'python'
[1.621s] Level 1:colcon.colcon_core.package_identification:_identify(src) by extensions ['python_setup_py']
[1.621s] Level 1:colcon.colcon_core.package_identification:_identify(src) by extension 'python_setup_py'
[1.622s] Level 1:colcon.colcon_core.package_identification:_identify(src/camera) by extensions ['ignore', 'ignore_ament_install']
[1.622s] Level 1:colcon.colcon_core.package_identification:_identify(src/camera) by extension 'ignore'
[1.622s] Level 1:colcon.colcon_core.package_identification:_identify(src/camera) by extension 'ignore_ament_install'
[1.623s] Level 1:colcon.colcon_core.package_identification:_identify(src/camera) by extensions ['colcon_pkg']
[1.623s] Level 1:colcon.colcon_core.package_identification:_identify(src/camera) by extension 'colcon_pkg'
[1.623s] Level 1:colcon.colcon_core.package_identification:_identify(src/camera) by extensions ['colcon_meta']
[1.623s] Level 1:colcon.colcon_core.package_identification:_identify(src/camera) by extension 'colcon_meta'
[1.623s] Level 1:colcon.colcon_core.package_identification:_identify(src/camera) by extensions ['ros']
[1.623s] Level 1:colcon.colcon_core.package_identification:_identify(src/camera) by extension 'ros'
[1.633s] DEBUG:colcon.colcon_core.package_identification:Package 'src/camera' with type 'ros.ament_python' and name 'camera'
[1.634s] Level 1:colcon.colcon_core.package_identification:_identify(src/control) by extensions ['ignore', 'ignore_ament_install']
[1.634s] Level 1:colcon.colcon_core.package_identification:_identify(src/control) by extension 'ignore'
[1.635s] Level 1:colcon.colcon_core.package_identification:_identify(src/control) by extension 'ignore_ament_install'
[1.635s] Level 1:colcon.colcon_core.package_identification:_identify(src/control) by extensions ['colcon_pkg']
[1.635s] Level 1:colcon.colcon_core.package_identification:_identify(src/control) by extension 'colcon_pkg'
[1.635s] Level 1:colcon.colcon_core.package_identification:_identify(src/control) by extensions ['colcon_meta']
[1.635s] Level 1:colcon.colcon_core.package_identification:_identify(src/control) by extension 'colcon_meta'
[1.636s] Level 1:colcon.colcon_core.package_identification:_identify(src/control) by extensions ['ros']
[1.636s] Level 1:colcon.colcon_core.package_identification:_identify(src/control) by extension 'ros'
[1.638s] DEBUG:colcon.colcon_core.package_identification:Package 'src/control' with type 'ros.ament_python' and name 'control'
[1.638s] Level 1:colcon.colcon_core.package_identification:_identify(src/ld08_driver) by extensions ['ignore', 'ignore_ament_install']
[1.639s] Level 1:colcon.colcon_core.package_identification:_identify(src/ld08_driver) by extension 'ignore'
[1.639s] Level 1:colcon.colcon_core.package_identification:_identify(src/ld08_driver) by extension 'ignore_ament_install'
[1.639s] Level 1:colcon.colcon_core.package_identification:_identify(src/ld08_driver) by extensions ['colcon_pkg']
[1.639s] Level 1:colcon.colcon_core.package_identification:_identify(src/ld08_driver) by extension 'colcon_pkg'
[1.640s] Level 1:colcon.colcon_core.package_identification:_identify(src/ld08_driver) by extensions ['colcon_meta']
[1.640s] Level 1:colcon.colcon_core.package_identification:_identify(src/ld08_driver) by extension 'colcon_meta'
[1.640s] Level 1:colcon.colcon_core.package_identification:_identify(src/ld08_driver) by extensions ['ros']
[1.640s] Level 1:colcon.colcon_core.package_identification:_identify(src/ld08_driver) by extension 'ros'
[1.644s] DEBUG:colcon.colcon_core.package_identification:Package 'src/ld08_driver' with type 'ros.ament_cmake' and name 'ld08_driver'
[1.644s] Level 1:colcon.colcon_core.package_discovery:discover_packages(recursive) using defaults
[1.644s] Level 1:colcon.colcon_core.package_discovery:discover_packages(ignore) discover
[1.644s] Level 1:colcon.colcon_core.package_discovery:discover_packages(ignore) using defaults
[1.644s] Level 1:colcon.colcon_core.package_discovery:discover_packages(path) discover
[1.644s] Level 1:colcon.colcon_core.package_discovery:discover_packages(path) using defaults
[1.704s] Level 1:colcon.colcon_core.package_discovery:discover_packages(prefix_path) check parameters
[1.705s] Level 1:colcon.colcon_core.package_discovery:discover_packages(prefix_path) discover
[1.717s] DEBUG:colcon.colcon_installed_package_information.package_discovery:Found 256 installed packages in /opt/ros/foxy
[1.726s] Level 1:colcon.colcon_core.package_discovery:discover_packages(prefix_path) using defaults
[1.953s] Level 5:colcon.colcon_core.verb:set package 'camera' build argument 'cmake_args' from command line to 'None'
[1.953s] Level 5:colcon.colcon_core.verb:set package 'camera' build argument 'cmake_target' from command line to 'None'
[1.953s] Level 5:colcon.colcon_core.verb:set package 'camera' build argument 'cmake_target_skip_unavailable' from command line to 'False'
[1.953s] Level 5:colcon.colcon_core.verb:set package 'camera' build argument 'cmake_clean_cache' from command line to 'False'
[1.953s] Level 5:colcon.colcon_core.verb:set package 'camera' build argument 'cmake_clean_first' from command line to 'False'
[1.953s] Level 5:colcon.colcon_core.verb:set package 'camera' build argument 'cmake_force_configure' from command line to 'False'
[1.954s] Level 5:colcon.colcon_core.verb:set package 'camera' build argument 'ament_cmake_args' from command line to 'None'
[1.954s] Level 5:colcon.colcon_core.verb:set package 'camera' build argument 'catkin_cmake_args' from command line to 'None'
[1.954s] Level 5:colcon.colcon_core.verb:set package 'camera' build argument 'catkin_skip_building_tests' from command line to 'False'
[1.954s] DEBUG:colcon.colcon_core.verb:Building package 'camera' with the following arguments: {'ament_cmake_args': None, 'build_base': '/home/iclab/autorace/build/camera', 'catkin_cmake_args': None, 'catkin_skip_building_tests': False, 'cmake_args': None, 'cmake_clean_cache': False, 'cmake_clean_first': False, 'cmake_force_configure': False, 'cmake_target': None, 'cmake_target_skip_unavailable': False, 'install_base': '/home/iclab/autorace/install/camera', 'merge_install': False, 'path': '/home/iclab/autorace/src/camera', 'symlink_install': True, 'test_result_base': None}
[1.955s] Level 5:colcon.colcon_core.verb:set package 'control' build argument 'cmake_args' from command line to 'None'
[1.955s] Level 5:colcon.colcon_core.verb:set package 'control' build argument 'cmake_target' from command line to 'None'
[1.955s] Level 5:colcon.colcon_core.verb:set package 'control' build argument 'cmake_target_skip_unavailable' from command line to 'False'
[1.956s] Level 5:colcon.colcon_core.verb:set package 'control' build argument 'cmake_clean_cache' from command line to 'False'
[1.956s] Level 5:colcon.colcon_core.verb:set package 'control' build argument 'cmake_clean_first' from command line to 'False'
[1.956s] Level 5:colcon.colcon_core.verb:set package 'control' build argument 'cmake_force_configure' from command line to 'False'
[1.956s] Level 5:colcon.colcon_core.verb:set package 'control' build argument 'ament_cmake_args' from command line to 'None'
[1.956s] Level 5:colcon.colcon_core.verb:set package 'control' build argument 'catkin_cmake_args' from command line to 'None'
[1.956s] Level 5:colcon.colcon_core.verb:set package 'control' build argument 'catkin_skip_building_tests' from command line to 'False'
[1.956s] DEBUG:colcon.colcon_core.verb:Building package 'control' with the following arguments: {'ament_cmake_args': None, 'build_base': '/home/iclab/autorace/build/control', 'catkin_cmake_args': None, 'catkin_skip_building_tests': False, 'cmake_args': None, 'cmake_clean_cache': False, 'cmake_clean_first': False, 'cmake_force_configure': False, 'cmake_target': None, 'cmake_target_skip_unavailable': False, 'install_base': '/home/iclab/autorace/install/control', 'merge_install': False, 'path': '/home/iclab/autorace/src/control', 'symlink_install': True, 'test_result_base': None}
[1.957s] Level 5:colcon.colcon_core.verb:set package 'ld08_driver' build argument 'cmake_args' from command line to 'None'
[1.957s] Level 5:colcon.colcon_core.verb:set package 'ld08_driver' build argument 'cmake_target' from command line to 'None'
[1.958s] Level 5:colcon.colcon_core.verb:set package 'ld08_driver' build argument 'cmake_target_skip_unavailable' from command line to 'False'
[1.958s] Level 5:colcon.colcon_core.verb:set package 'ld08_driver' build argument 'cmake_clean_cache' from command line to 'False'
[1.958s] Level 5:colcon.colcon_core.verb:set package 'ld08_driver' build argument 'cmake_clean_first' from command line to 'False'
[1.958s] Level 5:colcon.colcon_core.verb:set package 'ld08_driver' build argument 'cmake_force_configure' from command line to 'False'
[1.958s] Level 5:colcon.colcon_core.verb:set package 'ld08_driver' build argument 'ament_cmake_args' from command line to 'None'
[1.958s] Level 5:colcon.colcon_core.verb:set package 'ld08_driver' build argument 'catkin_cmake_args' from command line to 'None'
[1.958s] Level 5:colcon.colcon_core.verb:set package 'ld08_driver' build argument 'catkin_skip_building_tests' from command line to 'False'
[1.958s] DEBUG:colcon.colcon_core.verb:Building package 'ld08_driver' with the following arguments: {'ament_cmake_args': None, 'build_base': '/home/iclab/autorace/build/ld08_driver', 'catkin_cmake_args': None, 'catkin_skip_building_tests': False, 'cmake_args': None, 'cmake_clean_cache': False, 'cmake_clean_first': False, 'cmake_force_configure': False, 'cmake_target': None, 'cmake_target_skip_unavailable': False, 'install_base': '/home/iclab/autorace/install/ld08_driver', 'merge_install': False, 'path': '/home/iclab/autorace/src/ld08_driver', 'symlink_install': True, 'test_result_base': None}
[1.959s] INFO:colcon.colcon_core.executor:Executing jobs using 'parallel' executor
[1.962s] DEBUG:colcon.colcon_parallel_executor.executor.parallel:run_until_complete
[1.963s] INFO:colcon.colcon_ros.task.ament_python.build:Building ROS package in '/home/iclab/autorace/src/camera' with build type 'ament_python'
[1.963s] Level 1:colcon.colcon_core.shell:create_environment_hook('camera', 'ament_prefix_path')
[1.972s] INFO:colcon.colcon_core.plugin_system:Skipping extension 'colcon_core.shell.bat': Not used on non-Windows systems
[1.973s] INFO:colcon.colcon_core.shell:Creating environment hook '/home/iclab/autorace/install/camera/share/camera/hook/ament_prefix_path.ps1'
[1.975s] INFO:colcon.colcon_core.shell:Creating environment descriptor '/home/iclab/autorace/install/camera/share/camera/hook/ament_prefix_path.dsv'
[1.977s] INFO:colcon.colcon_core.shell:Creating environment hook '/home/iclab/autorace/install/camera/share/camera/hook/ament_prefix_path.sh'
[1.981s] INFO:colcon.colcon_core.shell:Skip shell extension 'powershell' for command environment: Not usable outside of PowerShell
[1.981s] DEBUG:colcon.colcon_core.shell:Skip shell extension 'dsv' for command environment
[1.997s] INFO:colcon.colcon_ros.task.ament_python.build:Building ROS package in '/home/iclab/autorace/src/control' with build type 'ament_python'
[2.000s] Level 1:colcon.colcon_core.shell:create_environment_hook('control', 'ament_prefix_path')
[2.003s] INFO:colcon.colcon_core.shell:Creating environment hook '/home/iclab/autorace/install/control/share/control/hook/ament_prefix_path.ps1'
[2.009s] INFO:colcon.colcon_core.shell:Creating environment descriptor '/home/iclab/autorace/install/control/share/control/hook/ament_prefix_path.dsv'
[2.011s] INFO:colcon.colcon_core.shell:Creating environment hook '/home/iclab/autorace/install/control/share/control/hook/ament_prefix_path.sh'
[2.014s] INFO:colcon.colcon_core.shell:Skip shell extension 'powershell' for command environment: Not usable outside of PowerShell
[2.014s] DEBUG:colcon.colcon_core.shell:Skip shell extension 'dsv' for command environment
[2.034s] INFO:colcon.colcon_ros.task.ament_cmake.build:Building ROS package in '/home/iclab/autorace/src/ld08_driver' with build type 'ament_cmake'
[2.036s] INFO:colcon.colcon_cmake.task.cmake.build:Building CMake package in '/home/iclab/autorace/src/ld08_driver'
[2.040s] INFO:colcon.colcon_core.shell:Skip shell extension 'powershell' for command environment: Not usable outside of PowerShell
[2.041s] DEBUG:colcon.colcon_core.shell:Skip shell extension 'dsv' for command environment
[3.058s] INFO:colcon.colcon_core.task.python.build:Building Python package in '/home/iclab/autorace/src/camera'
[3.062s] INFO:colcon.colcon_core.shell:Skip shell extension 'powershell' for command environment: Not usable outside of PowerShell
[3.062s] DEBUG:colcon.colcon_core.shell:Skip shell extension 'dsv' for command environment
[4.034s] INFO:colcon.colcon_core.task.python.build:Building Python package in '/home/iclab/autorace/src/control'
[4.038s] INFO:colcon.colcon_core.shell:Skip shell extension 'powershell' for command environment: Not usable outside of PowerShell
[4.038s] DEBUG:colcon.colcon_core.shell:Skip shell extension 'dsv' for command environment
[4.071s] DEBUG:colcon.colcon_core.event_handler.log_command:Invoking command in '/home/iclab/autorace/build/ld08_driver': CMAKE_PREFIX_PATH=/opt/ros/foxy /usr/bin/cmake --build /home/iclab/autorace/build/ld08_driver -- -j8 -l8
[4.421s] DEBUG:colcon.colcon_core.event_handler.log_command:Invoked command in '/home/iclab/autorace/build/ld08_driver' returned '0': CMAKE_PREFIX_PATH=/opt/ros/foxy /usr/bin/cmake --build /home/iclab/autorace/build/ld08_driver -- -j8 -l8
[4.469s] DEBUG:colcon.colcon_core.event_handler.log_command:Invoking command in '/home/iclab/autorace/build/ld08_driver': CMAKE_PREFIX_PATH=/opt/ros/foxy /usr/bin/cmake --install /home/iclab/autorace/build/ld08_driver
[4.584s] Level 1:colcon.colcon_core.environment:create_environment_scripts_only(ld08_driver)
[4.595s] Level 1:colcon.colcon_core.environment:checking '/home/iclab/autorace/install/ld08_driver' for CMake module files
[4.597s] DEBUG:colcon.colcon_core.event_handler.log_command:Invoked command in '/home/iclab/autorace/build/ld08_driver' returned '0': CMAKE_PREFIX_PATH=/opt/ros/foxy /usr/bin/cmake --install /home/iclab/autorace/build/ld08_driver
[4.599s] Level 1:colcon.colcon_core.environment:checking '/home/iclab/autorace/install/ld08_driver' for CMake config files
[4.602s] Level 1:colcon.colcon_core.shell:create_environment_hook('ld08_driver', 'cmake_prefix_path')
[4.603s] INFO:colcon.colcon_core.shell:Creating environment hook '/home/iclab/autorace/install/ld08_driver/share/ld08_driver/hook/cmake_prefix_path.ps1'
[4.606s] INFO:colcon.colcon_core.shell:Creating environment descriptor '/home/iclab/autorace/install/ld08_driver/share/ld08_driver/hook/cmake_prefix_path.dsv'
[4.608s] INFO:colcon.colcon_core.shell:Creating environment hook '/home/iclab/autorace/install/ld08_driver/share/ld08_driver/hook/cmake_prefix_path.sh'
[4.617s] Level 1:colcon.colcon_core.environment:checking '/home/iclab/autorace/install/ld08_driver/lib'
[4.618s] Level 1:colcon.colcon_core.environment:checking '/home/iclab/autorace/install/ld08_driver/bin'
[4.618s] Level 1:colcon.colcon_core.environment:checking '/home/iclab/autorace/install/ld08_driver/lib/pkgconfig/ld08_driver.pc'
[4.620s] Level 1:colcon.colcon_core.environment:checking '/home/iclab/autorace/install/ld08_driver/lib/python3.8/site-packages'
[4.620s] Level 1:colcon.colcon_core.environment:checking '/home/iclab/autorace/install/ld08_driver/bin'
[4.621s] INFO:colcon.colcon_core.shell:Creating package script '/home/iclab/autorace/install/ld08_driver/share/ld08_driver/package.ps1'
[4.630s] INFO:colcon.colcon_core.shell:Creating package descriptor '/home/iclab/autorace/install/ld08_driver/share/ld08_driver/package.dsv'
[4.632s] INFO:colcon.colcon_core.shell:Creating package script '/home/iclab/autorace/install/ld08_driver/share/ld08_driver/package.sh'
[4.635s] INFO:colcon.colcon_core.shell:Creating package script '/home/iclab/autorace/install/ld08_driver/share/ld08_driver/package.bash'
[4.638s] INFO:colcon.colcon_core.shell:Creating package script '/home/iclab/autorace/install/ld08_driver/share/ld08_driver/package.zsh'
[4.645s] Level 1:colcon.colcon_core.environment:create_file_with_runtime_dependencies(/home/iclab/autorace/install/ld08_driver/share/colcon-core/packages/ld08_driver)
[4.650s] Level 1:colcon.colcon_core.environment:create_environment_scripts_only(ld08_driver)
[4.651s] Level 1:colcon.colcon_core.environment:checking '/home/iclab/autorace/install/ld08_driver' for CMake module files
[4.654s] Level 1:colcon.colcon_core.environment:checking '/home/iclab/autorace/install/ld08_driver' for CMake config files
[4.655s] Level 1:colcon.colcon_core.shell:create_environment_hook('ld08_driver', 'cmake_prefix_path')
[4.657s] INFO:colcon.colcon_core.shell:Creating environment hook '/home/iclab/autorace/install/ld08_driver/share/ld08_driver/hook/cmake_prefix_path.ps1'
[4.659s] INFO:colcon.colcon_core.shell:Creating environment descriptor '/home/iclab/autorace/install/ld08_driver/share/ld08_driver/hook/cmake_prefix_path.dsv'
[4.660s] INFO:colcon.colcon_core.shell:Creating environment hook '/home/iclab/autorace/install/ld08_driver/share/ld08_driver/hook/cmake_prefix_path.sh'
[4.663s] Level 1:colcon.colcon_core.environment:checking '/home/iclab/autorace/install/ld08_driver/lib'
[4.663s] Level 1:colcon.colcon_core.environment:checking '/home/iclab/autorace/install/ld08_driver/bin'
[4.663s] Level 1:colcon.colcon_core.environment:checking '/home/iclab/autorace/install/ld08_driver/lib/pkgconfig/ld08_driver.pc'
[4.664s] Level 1:colcon.colcon_core.environment:checking '/home/iclab/autorace/install/ld08_driver/lib/python3.8/site-packages'
[4.665s] Level 1:colcon.colcon_core.environment:checking '/home/iclab/autorace/install/ld08_driver/bin'
[4.667s] INFO:colcon.colcon_core.shell:Creating package script '/home/iclab/autorace/install/ld08_driver/share/ld08_driver/package.ps1'
[4.670s] INFO:colcon.colcon_core.shell:Creating package descriptor '/home/iclab/autorace/install/ld08_driver/share/ld08_driver/package.dsv'
[4.672s] INFO:colcon.colcon_core.shell:Creating package script '/home/iclab/autorace/install/ld08_driver/share/ld08_driver/package.sh'
[4.675s] INFO:colcon.colcon_core.shell:Creating package script '/home/iclab/autorace/install/ld08_driver/share/ld08_driver/package.bash'
[4.677s] INFO:colcon.colcon_core.shell:Creating package script '/home/iclab/autorace/install/ld08_driver/share/ld08_driver/package.zsh'
[4.678s] Level 1:colcon.colcon_core.environment:create_file_with_runtime_dependencies(/home/iclab/autorace/install/ld08_driver/share/colcon-core/packages/ld08_driver)
[5.686s] DEBUG:colcon.colcon_core.event_handler.log_command:Invoking command in '/home/iclab/autorace/build/camera': PYTHONPATH=/home/iclab/autorace/build/camera/prefix_override:/usr/lib/python3/dist-packages/colcon_core/task/python/colcon_distutils_commands:/home/iclab/autorace/install/camera/lib/python3.8/site-packages:${PYTHONPATH} /usr/bin/python3 -W ignore:setup.py install is deprecated -W ignore:easy_install command is deprecated setup.py develop --editable --build-directory /home/iclab/autorace/build/camera/build --no-deps symlink_data
[5.814s] DEBUG:colcon.colcon_core.event_handler.log_command:Invoking command in '/home/iclab/autorace/build/control': PYTHONPATH=/home/iclab/autorace/build/control/prefix_override:/usr/lib/python3/dist-packages/colcon_core/task/python/colcon_distutils_commands:/home/iclab/autorace/install/control/lib/python3.8/site-packages:${PYTHONPATH} /usr/bin/python3 -W ignore:setup.py install is deprecated -W ignore:easy_install command is deprecated setup.py develop --editable --build-directory /home/iclab/autorace/build/control/build --no-deps symlink_data
[7.457s] Level 1:colcon.colcon_core.shell:create_environment_hook('camera', 'pythonpath_develop')
[7.459s] INFO:colcon.colcon_core.shell:Creating environment hook '/home/iclab/autorace/build/camera/share/camera/hook/pythonpath_develop.ps1'
[7.461s] DEBUG:colcon.colcon_core.event_handler.log_command:Invoked command in '/home/iclab/autorace/build/camera' returned '0': PYTHONPATH=/home/iclab/autorace/build/camera/prefix_override:/usr/lib/python3/dist-packages/colcon_core/task/python/colcon_distutils_commands:/home/iclab/autorace/install/camera/lib/python3.8/site-packages:${PYTHONPATH} /usr/bin/python3 -W ignore:setup.py install is deprecated -W ignore:easy_install command is deprecated setup.py develop --editable --build-directory /home/iclab/autorace/build/camera/build --no-deps symlink_data
[7.463s] INFO:colcon.colcon_core.shell:Creating environment descriptor '/home/iclab/autorace/build/camera/share/camera/hook/pythonpath_develop.dsv'
[7.465s] INFO:colcon.colcon_core.shell:Creating environment hook '/home/iclab/autorace/build/camera/share/camera/hook/pythonpath_develop.sh'
[7.467s] Level 1:colcon.colcon_core.environment:checking '/home/iclab/autorace/install/camera' for CMake module files
[7.469s] Level 1:colcon.colcon_core.environment:checking '/home/iclab/autorace/install/camera' for CMake config files
[7.471s] Level 1:colcon.colcon_core.environment:checking '/home/iclab/autorace/install/camera/lib'
[7.472s] Level 1:colcon.colcon_core.environment:checking '/home/iclab/autorace/install/camera/bin'
[7.472s] Level 1:colcon.colcon_core.environment:checking '/home/iclab/autorace/install/camera/lib/pkgconfig/camera.pc'
[7.473s] Level 1:colcon.colcon_core.environment:checking '/home/iclab/autorace/install/camera/lib/python3.8/site-packages'
[7.473s] Level 1:colcon.colcon_core.shell:create_environment_hook('camera', 'pythonpath')
[7.474s] INFO:colcon.colcon_core.shell:Creating environment hook '/home/iclab/autorace/install/camera/share/camera/hook/pythonpath.ps1'
[7.476s] INFO:colcon.colcon_core.shell:Creating environment descriptor '/home/iclab/autorace/install/camera/share/camera/hook/pythonpath.dsv'
[7.477s] INFO:colcon.colcon_core.shell:Creating environment hook '/home/iclab/autorace/install/camera/share/camera/hook/pythonpath.sh'
[7.479s] Level 1:colcon.colcon_core.environment:checking '/home/iclab/autorace/install/camera/bin'
[7.479s] Level 1:colcon.colcon_core.environment:create_environment_scripts_only(camera)
[7.480s] INFO:colcon.colcon_core.shell:Creating package script '/home/iclab/autorace/install/camera/share/camera/package.ps1'
[7.483s] INFO:colcon.colcon_core.shell:Creating package descriptor '/home/iclab/autorace/install/camera/share/camera/package.dsv'
[7.485s] INFO:colcon.colcon_core.shell:Creating package script '/home/iclab/autorace/install/camera/share/camera/package.sh'
[7.486s] INFO:colcon.colcon_core.shell:Creating package script '/home/iclab/autorace/install/camera/share/camera/package.bash'
[7.488s] INFO:colcon.colcon_core.shell:Creating package script '/home/iclab/autorace/install/camera/share/camera/package.zsh'
[7.489s] Level 1:colcon.colcon_core.environment:create_file_with_runtime_dependencies(/home/iclab/autorace/install/camera/share/colcon-core/packages/camera)
[7.636s] Level 1:colcon.colcon_core.shell:create_environment_hook('control', 'pythonpath_develop')
[7.637s] INFO:colcon.colcon_core.shell:Creating environment hook '/home/iclab/autorace/build/control/share/control/hook/pythonpath_develop.ps1'
[7.639s] DEBUG:colcon.colcon_core.event_handler.log_command:Invoked command in '/home/iclab/autorace/build/control' returned '0': PYTHONPATH=/home/iclab/autorace/build/control/prefix_override:/usr/lib/python3/dist-packages/colcon_core/task/python/colcon_distutils_commands:/home/iclab/autorace/install/control/lib/python3.8/site-packages:${PYTHONPATH} /usr/bin/python3 -W ignore:setup.py install is deprecated -W ignore:easy_install command is deprecated setup.py develop --editable --build-directory /home/iclab/autorace/build/control/build --no-deps symlink_data
[7.641s] INFO:colcon.colcon_core.shell:Creating environment descriptor '/home/iclab/autorace/build/control/share/control/hook/pythonpath_develop.dsv'
[7.643s] INFO:colcon.colcon_core.shell:Creating environment hook '/home/iclab/autorace/build/control/share/control/hook/pythonpath_develop.sh'
[7.645s] Level 1:colcon.colcon_core.environment:checking '/home/iclab/autorace/install/control' for CMake module files
[7.647s] Level 1:colcon.colcon_core.environment:checking '/home/iclab/autorace/install/control' for CMake config files
[7.649s] Level 1:colcon.colcon_core.environment:checking '/home/iclab/autorace/install/control/lib'
[7.649s] Level 1:colcon.colcon_core.environment:checking '/home/iclab/autorace/install/control/bin'
[7.649s] Level 1:colcon.colcon_core.environment:checking '/home/iclab/autorace/install/control/lib/pkgconfig/control.pc'
[7.650s] Level 1:colcon.colcon_core.environment:checking '/home/iclab/autorace/install/control/lib/python3.8/site-packages'
[7.650s] Level 1:colcon.colcon_core.shell:create_environment_hook('control', 'pythonpath')
[7.651s] INFO:colcon.colcon_core.shell:Creating environment hook '/home/iclab/autorace/install/control/share/control/hook/pythonpath.ps1'
[7.652s] INFO:colcon.colcon_core.shell:Creating environment descriptor '/home/iclab/autorace/install/control/share/control/hook/pythonpath.dsv'
[7.653s] INFO:colcon.colcon_core.shell:Creating environment hook '/home/iclab/autorace/install/control/share/control/hook/pythonpath.sh'
[7.656s] Level 1:colcon.colcon_core.environment:checking '/home/iclab/autorace/install/control/bin'
[7.656s] Level 1:colcon.colcon_core.environment:create_environment_scripts_only(control)
[7.657s] INFO:colcon.colcon_core.shell:Creating package script '/home/iclab/autorace/install/control/share/control/package.ps1'
[7.659s] INFO:colcon.colcon_core.shell:Creating package descriptor '/home/iclab/autorace/install/control/share/control/package.dsv'
[7.661s] INFO:colcon.colcon_core.shell:Creating package script '/home/iclab/autorace/install/control/share/control/package.sh'
[7.663s] INFO:colcon.colcon_core.shell:Creating package script '/home/iclab/autorace/install/control/share/control/package.bash'
[7.665s] INFO:colcon.colcon_core.shell:Creating package script '/home/iclab/autorace/install/control/share/control/package.zsh'
[7.666s] Level 1:colcon.colcon_core.environment:create_file_with_runtime_dependencies(/home/iclab/autorace/install/control/share/colcon-core/packages/control)
[7.668s] DEBUG:colcon.colcon_parallel_executor.executor.parallel:closing loop
[7.669s] DEBUG:colcon.colcon_parallel_executor.executor.parallel:loop closed
[7.669s] DEBUG:colcon.colcon_parallel_executor.executor.parallel:run_until_complete finished with '0'
[7.669s] DEBUG:colcon.colcon_core.event_reactor:joining thread
[7.694s] INFO:colcon.colcon_core.plugin_system:Skipping extension 'colcon_notification.desktop_notification.terminal_notifier': Not used on non-Darwin systems
[7.694s] INFO:colcon.colcon_core.plugin_system:Skipping extension 'colcon_notification.desktop_notification.win32': Not used on non-Windows systems
[7.695s] INFO:colcon.colcon_notification.desktop_notification:Sending desktop notification using 'notify2'
[7.729s] DEBUG:colcon.colcon_core.event_reactor:joined thread
[7.731s] INFO:colcon.colcon_core.shell:Creating prefix script '/home/iclab/autorace/install/local_setup.ps1'
[7.734s] INFO:colcon.colcon_core.shell:Creating prefix util module '/home/iclab/autorace/install/_local_setup_util_ps1.py'
[7.739s] INFO:colcon.colcon_core.shell:Creating prefix chain script '/home/iclab/autorace/install/setup.ps1'
[7.743s] INFO:colcon.colcon_core.shell:Creating prefix script '/home/iclab/autorace/install/local_setup.sh'
[7.745s] INFO:colcon.colcon_core.shell:Creating prefix util module '/home/iclab/autorace/install/_local_setup_util_sh.py'
[7.747s] INFO:colcon.colcon_core.shell:Creating prefix chain script '/home/iclab/autorace/install/setup.sh'
[7.750s] INFO:colcon.colcon_core.shell:Creating prefix script '/home/iclab/autorace/install/local_setup.bash'
[7.752s] INFO:colcon.colcon_core.shell:Creating prefix chain script '/home/iclab/autorace/install/setup.bash'
[7.755s] INFO:colcon.colcon_core.shell:Creating prefix script '/home/iclab/autorace/install/local_setup.zsh'
[7.756s] INFO:colcon.colcon_core.shell:Creating prefix chain script '/home/iclab/autorace/install/setup.zsh'
