[7.912s] DEBUG:colcon:Command line arguments: ['/usr/bin/colcon', 'build', '--symlink-install']
[7.913s] DEBUG:colcon:Parsed command line arguments: Namespace(ament_cmake_args=None, base_paths=['.'], build_base='build', catkin_cmake_args=None, catkin_skip_building_tests=False, cmake_args=None, cmake_clean_cache=False, cmake_clean_first=False, cmake_force_configure=False, cmake_target=None, cmake_target_skip_unavailable=False, continue_on_error=False, event_handlers=None, executor='parallel', ignore_user_meta=False, install_base='install', log_base=None, log_level=None, main=<bound method BuildVerb.main of <colcon_core.verb.build.BuildVerb object at 0xffff7f806550>>, merge_install=False, metas=['./colcon.meta'], packages_above=None, packages_above_and_dependencies=None, packages_above_depth=None, packages_end=None, packages_ignore=None, packages_ignore_regex=None, packages_select=None, packages_select_build_failed=False, packages_select_by_dep=None, packages_select_regex=None, packages_select_test_failures=False, packages_skip=None, packages_skip_build_finished=False, packages_skip_by_dep=None, packages_skip_regex=None, packages_skip_test_passed=False, packages_skip_up_to=None, packages_start=None, packages_up_to=None, packages_up_to_regex=None, parallel_workers=8, paths=None, symlink_install=True, test_result_base=None, verb_extension=<colcon_core.verb.build.BuildVerb object at 0xffff7f806550>, verb_name='build', verb_parser=<colcon_defaults.argument_parser.defaults.DefaultArgumentsDecorator object at 0xffff7f81e5e0>)
[8.196s] Level 1:colcon.colcon_core.package_discovery:discover_packages(colcon_meta) check parameters
[8.196s] Level 1:colcon.colcon_core.package_discovery:discover_packages(recursive) check parameters
[8.196s] Level 1:colcon.colcon_core.package_discovery:discover_packages(ignore) check parameters
[8.196s] Level 1:colcon.colcon_core.package_discovery:discover_packages(path) check parameters
[8.196s] Level 1:colcon.colcon_core.package_discovery:discover_packages(colcon_meta) discover
[8.197s] Level 1:colcon.colcon_core.package_discovery:discover_packages(recursive) discover
[8.197s] INFO:colcon.colcon_core.package_discovery:Crawling recursively for packages in '/workspace'
[8.197s] Level 1:colcon.colcon_core.package_identification:_identify(.) by extensions ['ignore', 'ignore_ament_install']
[8.198s] Level 1:colcon.colcon_core.package_identification:_identify(.) by extension 'ignore'
[8.198s] Level 1:colcon.colcon_core.package_identification:_identify(.) by extension 'ignore_ament_install'
[8.198s] Level 1:colcon.colcon_core.package_identification:_identify(.) by extensions ['colcon_pkg']
[8.198s] Level 1:colcon.colcon_core.package_identification:_identify(.) by extension 'colcon_pkg'
[8.198s] Level 1:colcon.colcon_core.package_identification:_identify(.) by extensions ['colcon_meta']
[8.199s] Level 1:colcon.colcon_core.package_identification:_identify(.) by extension 'colcon_meta'
[8.199s] Level 1:colcon.colcon_core.package_identification:_identify(.) by extensions ['ros']
[8.199s] Level 1:colcon.colcon_core.package_identification:_identify(.) by extension 'ros'
[8.252s] Level 1:colcon.colcon_core.package_identification:_identify(.) by extensions ['cmake', 'python']
[8.253s] Level 1:colcon.colcon_core.package_identification:_identify(.) by extension 'cmake'
[8.253s] Level 1:colcon.colcon_core.package_identification:_identify(.) by extension 'python'
[8.253s] Level 1:colcon.colcon_core.package_identification:_identify(.) by extensions ['python_setup_py']
[8.253s] Level 1:colcon.colcon_core.package_identification:_identify(.) by extension 'python_setup_py'
[8.254s] Level 1:colcon.colcon_core.package_identification:_identify(build) by extensions ['ignore', 'ignore_ament_install']
[8.255s] Level 1:colcon.colcon_core.package_identification:_identify(build) by extension 'ignore'
[8.255s] Level 1:colcon.colcon_core.package_identification:_identify(build) ignored
[8.256s] Level 1:colcon.colcon_core.package_identification:_identify(docker) by extensions ['ignore', 'ignore_ament_install']
[8.256s] Level 1:colcon.colcon_core.package_identification:_identify(docker) by extension 'ignore'
[8.256s] Level 1:colcon.colcon_core.package_identification:_identify(docker) by extension 'ignore_ament_install'
[8.257s] Level 1:colcon.colcon_core.package_identification:_identify(docker) by extensions ['colcon_pkg']
[8.257s] Level 1:colcon.colcon_core.package_identification:_identify(docker) by extension 'colcon_pkg'
[8.257s] Level 1:colcon.colcon_core.package_identification:_identify(docker) by extensions ['colcon_meta']
[8.257s] Level 1:colcon.colcon_core.package_identification:_identify(docker) by extension 'colcon_meta'
[8.257s] Level 1:colcon.colcon_core.package_identification:_identify(docker) by extensions ['ros']
[8.258s] Level 1:colcon.colcon_core.package_identification:_identify(docker) by extension 'ros'
[8.258s] Level 1:colcon.colcon_core.package_identification:_identify(docker) by extensions ['cmake', 'python']
[8.258s] Level 1:colcon.colcon_core.package_identification:_identify(docker) by extension 'cmake'
[8.258s] Level 1:colcon.colcon_core.package_identification:_identify(docker) by extension 'python'
[8.258s] Level 1:colcon.colcon_core.package_identification:_identify(docker) by extensions ['python_setup_py']
[8.259s] Level 1:colcon.colcon_core.package_identification:_identify(docker) by extension 'python_setup_py'
[8.259s] Level 1:colcon.colcon_core.package_identification:_identify(docker/jetson_r35) by extensions ['ignore', 'ignore_ament_install']
[8.260s] Level 1:colcon.colcon_core.package_identification:_identify(docker/jetson_r35) by extension 'ignore'
[8.260s] Level 1:colcon.colcon_core.package_identification:_identify(docker/jetson_r35) by extension 'ignore_ament_install'
[8.260s] Level 1:colcon.colcon_core.package_identification:_identify(docker/jetson_r35) by extensions ['colcon_pkg']
[8.260s] Level 1:colcon.colcon_core.package_identification:_identify(docker/jetson_r35) by extension 'colcon_pkg'
[8.260s] Level 1:colcon.colcon_core.package_identification:_identify(docker/jetson_r35) by extensions ['colcon_meta']
[8.260s] Level 1:colcon.colcon_core.package_identification:_identify(docker/jetson_r35) by extension 'colcon_meta'
[8.261s] Level 1:colcon.colcon_core.package_identification:_identify(docker/jetson_r35) by extensions ['ros']
[8.261s] Level 1:colcon.colcon_core.package_identification:_identify(docker/jetson_r35) by extension 'ros'
[8.261s] Level 1:colcon.colcon_core.package_identification:_identify(docker/jetson_r35) by extensions ['cmake', 'python']
[8.261s] Level 1:colcon.colcon_core.package_identification:_identify(docker/jetson_r35) by extension 'cmake'
[8.261s] Level 1:colcon.colcon_core.package_identification:_identify(docker/jetson_r35) by extension 'python'
[8.262s] Level 1:colcon.colcon_core.package_identification:_identify(docker/jetson_r35) by extensions ['python_setup_py']
[8.262s] Level 1:colcon.colcon_core.package_identification:_identify(docker/jetson_r35) by extension 'python_setup_py'
[8.262s] Level 1:colcon.colcon_core.package_identification:_identify(install) by extensions ['ignore', 'ignore_ament_install']
[8.263s] Level 1:colcon.colcon_core.package_identification:_identify(install) by extension 'ignore'
[8.263s] Level 1:colcon.colcon_core.package_identification:_identify(install) ignored
[8.263s] Level 1:colcon.colcon_core.package_identification:_identify(log) by extensions ['ignore', 'ignore_ament_install']
[8.264s] Level 1:colcon.colcon_core.package_identification:_identify(log) by extension 'ignore'
[8.264s] Level 1:colcon.colcon_core.package_identification:_identify(log) ignored
[8.264s] Level 1:colcon.colcon_core.package_identification:_identify(src) by extensions ['ignore', 'ignore_ament_install']
[8.265s] Level 1:colcon.colcon_core.package_identification:_identify(src) by extension 'ignore'
[8.265s] Level 1:colcon.colcon_core.package_identification:_identify(src) by extension 'ignore_ament_install'
[8.265s] Level 1:colcon.colcon_core.package_identification:_identify(src) by extensions ['colcon_pkg']
[8.265s] Level 1:colcon.colcon_core.package_identification:_identify(src) by extension 'colcon_pkg'
[8.266s] Level 1:colcon.colcon_core.package_identification:_identify(src) by extensions ['colcon_meta']
[8.266s] Level 1:colcon.colcon_core.package_identification:_identify(src) by extension 'colcon_meta'
[8.266s] Level 1:colcon.colcon_core.package_identification:_identify(src) by extensions ['ros']
[8.266s] Level 1:colcon.colcon_core.package_identification:_identify(src) by extension 'ros'
[8.266s] Level 1:colcon.colcon_core.package_identification:_identify(src) by extensions ['cmake', 'python']
[8.267s] Level 1:colcon.colcon_core.package_identification:_identify(src) by extension 'cmake'
[8.267s] Level 1:colcon.colcon_core.package_identification:_identify(src) by extension 'python'
[8.267s] Level 1:colcon.colcon_core.package_identification:_identify(src) by extensions ['python_setup_py']
[8.267s] Level 1:colcon.colcon_core.package_identification:_identify(src) by extension 'python_setup_py'
[8.268s] Level 1:colcon.colcon_core.package_identification:_identify(src/camera) by extensions ['ignore', 'ignore_ament_install']
[8.268s] Level 1:colcon.colcon_core.package_identification:_identify(src/camera) by extension 'ignore'
[8.268s] Level 1:colcon.colcon_core.package_identification:_identify(src/camera) by extension 'ignore_ament_install'
[8.269s] Level 1:colcon.colcon_core.package_identification:_identify(src/camera) by extensions ['colcon_pkg']
[8.269s] Level 1:colcon.colcon_core.package_identification:_identify(src/camera) by extension 'colcon_pkg'
[8.269s] Level 1:colcon.colcon_core.package_identification:_identify(src/camera) by extensions ['colcon_meta']
[8.269s] Level 1:colcon.colcon_core.package_identification:_identify(src/camera) by extension 'colcon_meta'
[8.269s] Level 1:colcon.colcon_core.package_identification:_identify(src/camera) by extensions ['ros']
[8.269s] Level 1:colcon.colcon_core.package_identification:_identify(src/camera) by extension 'ros'
[8.279s] DEBUG:colcon.colcon_core.package_identification:Package 'src/camera' with type 'ros.ament_python' and name 'camera'
[8.280s] Level 1:colcon.colcon_core.package_identification:_identify(src/control) by extensions ['ignore', 'ignore_ament_install']
[8.280s] Level 1:colcon.colcon_core.package_identification:_identify(src/control) by extension 'ignore'
[8.281s] Level 1:colcon.colcon_core.package_identification:_identify(src/control) by extension 'ignore_ament_install'
[8.281s] Level 1:colcon.colcon_core.package_identification:_identify(src/control) by extensions ['colcon_pkg']
[8.281s] Level 1:colcon.colcon_core.package_identification:_identify(src/control) by extension 'colcon_pkg'
[8.281s] Level 1:colcon.colcon_core.package_identification:_identify(src/control) by extensions ['colcon_meta']
[8.281s] Level 1:colcon.colcon_core.package_identification:_identify(src/control) by extension 'colcon_meta'
[8.282s] Level 1:colcon.colcon_core.package_identification:_identify(src/control) by extensions ['ros']
[8.282s] Level 1:colcon.colcon_core.package_identification:_identify(src/control) by extension 'ros'
[8.283s] DEBUG:colcon.colcon_core.package_identification:Package 'src/control' with type 'ros.ament_python' and name 'control'
[8.284s] Level 1:colcon.colcon_core.package_discovery:discover_packages(recursive) using defaults
[8.284s] Level 1:colcon.colcon_core.package_discovery:discover_packages(ignore) discover
[8.284s] Level 1:colcon.colcon_core.package_discovery:discover_packages(ignore) using defaults
[8.284s] Level 1:colcon.colcon_core.package_discovery:discover_packages(path) discover
[8.284s] Level 1:colcon.colcon_core.package_discovery:discover_packages(path) using defaults
[8.560s] Level 5:colcon.colcon_core.verb:set package 'camera' build argument 'cmake_args' from command line to 'None'
[8.560s] Level 5:colcon.colcon_core.verb:set package 'camera' build argument 'cmake_target' from command line to 'None'
[8.560s] Level 5:colcon.colcon_core.verb:set package 'camera' build argument 'cmake_target_skip_unavailable' from command line to 'False'
[8.561s] Level 5:colcon.colcon_core.verb:set package 'camera' build argument 'cmake_clean_cache' from command line to 'False'
[8.561s] Level 5:colcon.colcon_core.verb:set package 'camera' build argument 'cmake_clean_first' from command line to 'False'
[8.561s] Level 5:colcon.colcon_core.verb:set package 'camera' build argument 'cmake_force_configure' from command line to 'False'
[8.561s] Level 5:colcon.colcon_core.verb:set package 'camera' build argument 'ament_cmake_args' from command line to 'None'
[8.561s] Level 5:colcon.colcon_core.verb:set package 'camera' build argument 'catkin_cmake_args' from command line to 'None'
[8.561s] Level 5:colcon.colcon_core.verb:set package 'camera' build argument 'catkin_skip_building_tests' from command line to 'False'
[8.561s] DEBUG:colcon.colcon_core.verb:Building package 'camera' with the following arguments: {'ament_cmake_args': None, 'build_base': '/workspace/build/camera', 'catkin_cmake_args': None, 'catkin_skip_building_tests': False, 'cmake_args': None, 'cmake_clean_cache': False, 'cmake_clean_first': False, 'cmake_force_configure': False, 'cmake_target': None, 'cmake_target_skip_unavailable': False, 'install_base': '/workspace/install/camera', 'merge_install': False, 'path': '/workspace/src/camera', 'symlink_install': True, 'test_result_base': None}
[8.618s] Level 5:colcon.colcon_core.verb:set package 'control' build argument 'cmake_args' from command line to 'None'
[8.618s] Level 5:colcon.colcon_core.verb:set package 'control' build argument 'cmake_target' from command line to 'None'
[8.619s] Level 5:colcon.colcon_core.verb:set package 'control' build argument 'cmake_target_skip_unavailable' from command line to 'False'
[8.619s] Level 5:colcon.colcon_core.verb:set package 'control' build argument 'cmake_clean_cache' from command line to 'False'
[8.619s] Level 5:colcon.colcon_core.verb:set package 'control' build argument 'cmake_clean_first' from command line to 'False'
[8.619s] Level 5:colcon.colcon_core.verb:set package 'control' build argument 'cmake_force_configure' from command line to 'False'
[8.619s] Level 5:colcon.colcon_core.verb:set package 'control' build argument 'ament_cmake_args' from command line to 'None'
[8.619s] Level 5:colcon.colcon_core.verb:set package 'control' build argument 'catkin_cmake_args' from command line to 'None'
[8.620s] Level 5:colcon.colcon_core.verb:set package 'control' build argument 'catkin_skip_building_tests' from command line to 'False'
[8.620s] DEBUG:colcon.colcon_core.verb:Building package 'control' with the following arguments: {'ament_cmake_args': None, 'build_base': '/workspace/build/control', 'catkin_cmake_args': None, 'catkin_skip_building_tests': False, 'cmake_args': None, 'cmake_clean_cache': False, 'cmake_clean_first': False, 'cmake_force_configure': False, 'cmake_target': None, 'cmake_target_skip_unavailable': False, 'install_base': '/workspace/install/control', 'merge_install': False, 'path': '/workspace/src/control', 'symlink_install': True, 'test_result_base': None}
[8.674s] INFO:colcon.colcon_core.executor:Executing jobs using 'parallel' executor
[8.732s] DEBUG:colcon.colcon_parallel_executor.executor.parallel:run_until_complete
[8.734s] INFO:colcon.colcon_ros.task.ament_python.build:Building ROS package in '/workspace/src/camera' with build type 'ament_python'
[8.735s] Level 1:colcon.colcon_core.shell:create_environment_hook('camera', 'ament_prefix_path')
[8.796s] INFO:colcon.colcon_core.plugin_system:Skipping extension 'colcon_core.shell.bat': Not used on non-Windows systems
[8.796s] INFO:colcon.colcon_core.shell:Creating environment hook '/workspace/install/camera/share/camera/hook/ament_prefix_path.ps1'
[8.799s] INFO:colcon.colcon_core.shell:Creating environment descriptor '/workspace/install/camera/share/camera/hook/ament_prefix_path.dsv'
[8.801s] INFO:colcon.colcon_core.shell:Creating environment hook '/workspace/install/camera/share/camera/hook/ament_prefix_path.sh'
[8.855s] INFO:colcon.colcon_core.shell:Skip shell extension 'powershell' for command environment: Not usable outside of PowerShell
[8.855s] DEBUG:colcon.colcon_core.shell:Skip shell extension 'dsv' for command environment
[9.054s] INFO:colcon.colcon_ros.task.ament_python.build:Building ROS package in '/workspace/src/control' with build type 'ament_python'
[9.057s] Level 1:colcon.colcon_core.shell:create_environment_hook('control', 'ament_prefix_path')
[9.123s] INFO:colcon.colcon_core.shell:Creating environment hook '/workspace/install/control/share/control/hook/ament_prefix_path.ps1'
[9.125s] INFO:colcon.colcon_core.shell:Creating environment descriptor '/workspace/install/control/share/control/hook/ament_prefix_path.dsv'
[9.127s] INFO:colcon.colcon_core.shell:Creating environment hook '/workspace/install/control/share/control/hook/ament_prefix_path.sh'
[9.180s] INFO:colcon.colcon_core.shell:Skip shell extension 'powershell' for command environment: Not usable outside of PowerShell
[9.181s] DEBUG:colcon.colcon_core.shell:Skip shell extension 'dsv' for command environment
[10.243s] INFO:colcon.colcon_core.task.python.build:Building Python package in '/workspace/src/camera'
[10.306s] INFO:colcon.colcon_core.shell:Skip shell extension 'powershell' for command environment: Not usable outside of PowerShell
[10.307s] DEBUG:colcon.colcon_core.shell:Skip shell extension 'dsv' for command environment
[11.343s] INFO:colcon.colcon_core.task.python.build:Building Python package in '/workspace/src/control'
[11.409s] INFO:colcon.colcon_core.shell:Skip shell extension 'powershell' for command environment: Not usable outside of PowerShell
[11.409s] DEBUG:colcon.colcon_core.shell:Skip shell extension 'dsv' for command environment
[13.830s] DEBUG:colcon.colcon_core.event_handler.log_command:Invoking command in '/workspace/build/control': PYTHONPATH=/workspace/build/control/prefix_override:/workspace/install/control/lib/python3.8/site-packages:${PYTHONPATH} /usr/bin/python3 setup.py develop --editable --build-directory /workspace/build/control/build --no-deps install_data
[13.880s] DEBUG:colcon.colcon_core.event_handler.log_command:Invoking command in '/workspace/build/camera': PYTHONPATH=/workspace/build/camera/prefix_override:/workspace/install/camera/lib/python3.8/site-packages:${PYTHONPATH} /usr/bin/python3 setup.py develop --editable --build-directory /workspace/build/camera/build --no-deps install_data
[16.689s] Level 1:colcon.colcon_core.shell:create_environment_hook('camera', 'pythonpath_develop')
[16.692s] DEBUG:colcon.colcon_core.event_handler.log_command:Invoked command in '/workspace/build/camera' returned '0': PYTHONPATH=/workspace/build/camera/prefix_override:/workspace/install/camera/lib/python3.8/site-packages:${PYTHONPATH} /usr/bin/python3 setup.py develop --editable --build-directory /workspace/build/camera/build --no-deps install_data
[16.754s] INFO:colcon.colcon_core.shell:Creating environment hook '/workspace/build/camera/share/camera/hook/pythonpath_develop.ps1'
[16.758s] INFO:colcon.colcon_core.shell:Creating environment descriptor '/workspace/build/camera/share/camera/hook/pythonpath_develop.dsv'
[16.760s] INFO:colcon.colcon_core.shell:Creating environment hook '/workspace/build/camera/share/camera/hook/pythonpath_develop.sh'
[16.822s] Level 1:colcon.colcon_core.environment:checking '/workspace/install/camera' for CMake module files
[16.824s] Level 1:colcon.colcon_core.environment:checking '/workspace/install/camera' for CMake config files
[16.827s] Level 1:colcon.colcon_core.environment:checking '/workspace/install/camera/lib'
[16.828s] Level 1:colcon.colcon_core.environment:checking '/workspace/install/camera/bin'
[16.828s] Level 1:colcon.colcon_core.environment:checking '/workspace/install/camera/lib/pkgconfig/camera.pc'
[16.829s] Level 1:colcon.colcon_core.environment:checking '/workspace/install/camera/lib/python3.8/site-packages'
[16.829s] Level 1:colcon.colcon_core.shell:create_environment_hook('camera', 'pythonpath')
[16.880s] INFO:colcon.colcon_core.shell:Creating environment hook '/workspace/install/camera/share/camera/hook/pythonpath.ps1'
[16.882s] INFO:colcon.colcon_core.shell:Creating environment descriptor '/workspace/install/camera/share/camera/hook/pythonpath.dsv'
[16.884s] INFO:colcon.colcon_core.shell:Creating environment hook '/workspace/install/camera/share/camera/hook/pythonpath.sh'
[16.885s] Level 1:colcon.colcon_core.environment:checking '/workspace/install/camera/bin'
[16.886s] Level 1:colcon.colcon_core.environment:create_environment_scripts_only(camera)
[16.941s] INFO:colcon.colcon_core.shell:Creating package script '/workspace/install/camera/share/camera/package.ps1'
[16.945s] INFO:colcon.colcon_core.shell:Creating package descriptor '/workspace/install/camera/share/camera/package.dsv'
[16.947s] INFO:colcon.colcon_core.shell:Creating package script '/workspace/install/camera/share/camera/package.sh'
[16.950s] INFO:colcon.colcon_core.shell:Creating package script '/workspace/install/camera/share/camera/package.bash'
[16.953s] INFO:colcon.colcon_core.shell:Creating package script '/workspace/install/camera/share/camera/package.zsh'
[16.956s] Level 1:colcon.colcon_core.environment:create_file_with_runtime_dependencies(/workspace/install/camera/share/colcon-core/packages/camera)
[16.962s] Level 1:colcon.colcon_core.shell:create_environment_hook('control', 'pythonpath_develop')
[16.965s] DEBUG:colcon.colcon_core.event_handler.log_command:Invoked command in '/workspace/build/control' returned '0': PYTHONPATH=/workspace/build/control/prefix_override:/workspace/install/control/lib/python3.8/site-packages:${PYTHONPATH} /usr/bin/python3 setup.py develop --editable --build-directory /workspace/build/control/build --no-deps install_data
[17.015s] INFO:colcon.colcon_core.shell:Creating environment hook '/workspace/build/control/share/control/hook/pythonpath_develop.ps1'
[17.017s] INFO:colcon.colcon_core.shell:Creating environment descriptor '/workspace/build/control/share/control/hook/pythonpath_develop.dsv'
[17.018s] INFO:colcon.colcon_core.shell:Creating environment hook '/workspace/build/control/share/control/hook/pythonpath_develop.sh'
[17.072s] Level 1:colcon.colcon_core.environment:checking '/workspace/install/control' for CMake module files
[17.074s] Level 1:colcon.colcon_core.environment:checking '/workspace/install/control' for CMake config files
[17.076s] Level 1:colcon.colcon_core.environment:checking '/workspace/install/control/lib'
[17.077s] Level 1:colcon.colcon_core.environment:checking '/workspace/install/control/bin'
[17.077s] Level 1:colcon.colcon_core.environment:checking '/workspace/install/control/lib/pkgconfig/control.pc'
[17.078s] Level 1:colcon.colcon_core.environment:checking '/workspace/install/control/lib/python3.8/site-packages'
[17.078s] Level 1:colcon.colcon_core.shell:create_environment_hook('control', 'pythonpath')
[17.172s] INFO:colcon.colcon_core.shell:Creating environment hook '/workspace/install/control/share/control/hook/pythonpath.ps1'
[17.173s] INFO:colcon.colcon_core.shell:Creating environment descriptor '/workspace/install/control/share/control/hook/pythonpath.dsv'
[17.175s] INFO:colcon.colcon_core.shell:Creating environment hook '/workspace/install/control/share/control/hook/pythonpath.sh'
[17.176s] Level 1:colcon.colcon_core.environment:checking '/workspace/install/control/bin'
[17.177s] Level 1:colcon.colcon_core.environment:create_environment_scripts_only(control)
[17.228s] INFO:colcon.colcon_core.shell:Creating package script '/workspace/install/control/share/control/package.ps1'
[17.230s] INFO:colcon.colcon_core.shell:Creating package descriptor '/workspace/install/control/share/control/package.dsv'
[17.233s] INFO:colcon.colcon_core.shell:Creating package script '/workspace/install/control/share/control/package.sh'
[17.235s] INFO:colcon.colcon_core.shell:Creating package script '/workspace/install/control/share/control/package.bash'
[17.236s] INFO:colcon.colcon_core.shell:Creating package script '/workspace/install/control/share/control/package.zsh'
[17.238s] Level 1:colcon.colcon_core.environment:create_file_with_runtime_dependencies(/workspace/install/control/share/colcon-core/packages/control)
[17.239s] DEBUG:colcon.colcon_parallel_executor.executor.parallel:closing loop
[17.239s] DEBUG:colcon.colcon_parallel_executor.executor.parallel:loop closed
[17.244s] DEBUG:colcon.colcon_parallel_executor.executor.parallel:run_until_complete finished with '0'
[17.244s] DEBUG:colcon.colcon_core.event_reactor:joining thread
[17.323s] INFO:colcon.colcon_core.plugin_system:Skipping extension 'colcon_notification.desktop_notification.notify_send': Could not find 'notify-send'
[17.324s] INFO:colcon.colcon_core.plugin_system:Skipping extension 'colcon_notification.desktop_notification.terminal_notifier': Not used on non-Darwin systems
[17.324s] INFO:colcon.colcon_core.plugin_system:Skipping extension 'colcon_notification.desktop_notification.win32': Not used on non-Windows systems
[17.325s] INFO:colcon.colcon_notification.desktop_notification:Sending desktop notification using 'notify2'
[17.348s] DEBUG:colcon.colcon_notification.desktop_notification.notify2:Failed to initialize notify2: org.freedesktop.DBus.Error.ServiceUnknown: The name org.freedesktop.Notifications was not provided by any .service files
[17.351s] DEBUG:colcon.colcon_core.event_reactor:joined thread
[17.412s] INFO:colcon.colcon_core.shell:Creating prefix script '/workspace/install/local_setup.ps1'
[17.416s] INFO:colcon.colcon_core.shell:Creating prefix util module '/workspace/install/_local_setup_util_ps1.py'
[17.422s] INFO:colcon.colcon_core.shell:Creating prefix chain script '/workspace/install/setup.ps1'
[17.480s] INFO:colcon.colcon_core.shell:Creating prefix script '/workspace/install/local_setup.sh'
[17.482s] INFO:colcon.colcon_core.shell:Creating prefix util module '/workspace/install/_local_setup_util_sh.py'
[17.485s] INFO:colcon.colcon_core.shell:Creating prefix chain script '/workspace/install/setup.sh'
[17.538s] INFO:colcon.colcon_core.shell:Creating prefix script '/workspace/install/local_setup.bash'
[17.539s] INFO:colcon.colcon_core.shell:Creating prefix chain script '/workspace/install/setup.bash'
[17.595s] INFO:colcon.colcon_core.shell:Creating prefix script '/workspace/install/local_setup.zsh'
[17.597s] INFO:colcon.colcon_core.shell:Creating prefix chain script '/workspace/install/setup.zsh'
