[0.985s] DEBUG:colcon:Command line arguments: ['/usr/bin/colcon', 'build', '--symlink-install']
[0.986s] DEBUG:colcon:Parsed command line arguments: Namespace(allow_overriding=[], ament_cmake_args=None, base_paths=['.'], build_base='build', catkin_cmake_args=None, catkin_skip_building_tests=False, cmake_args=None, cmake_clean_cache=False, cmake_clean_first=False, cmake_force_configure=False, cmake_target=None, cmake_target_skip_unavailable=False, continue_on_error=False, event_handlers=None, executor='parallel', ignore_user_meta=False, install_base='install', log_base=None, log_level=None, main=<bound method BuildVerb.main of <colcon_core.verb.build.BuildVerb object at 0xffff8c665370>>, merge_install=False, metas=['./colcon.meta'], mixin=None, mixin_files=None, mixin_verb=('build',), packages_above=None, packages_above_and_dependencies=None, packages_above_depth=None, packages_end=None, packages_ignore=None, packages_ignore_regex=None, packages_select=None, packages_select_build_failed=False, packages_select_by_dep=None, packages_select_regex=None, packages_select_test_failures=False, packages_skip=None, packages_skip_build_finished=False, packages_skip_by_dep=None, packages_skip_regex=None, packages_skip_test_passed=False, packages_skip_up_to=None, packages_start=None, packages_up_to=None, packages_up_to_regex=None, parallel_workers=8, paths=None, symlink_install=True, test_result_base=None, verb_extension=<colcon_core.verb.build.BuildVerb object at 0xffff8c665370>, verb_name='build', verb_parser=<colcon_mixin.mixin.mixin_argument.MixinArgumentDecorator object at 0xffff8c665af0>)
[1.730s] Level 1:colcon.colcon_core.package_discovery:discover_packages(colcon_meta) check parameters
[1.731s] Level 1:colcon.colcon_core.package_discovery:discover_packages(recursive) check parameters
[1.731s] Level 1:colcon.colcon_core.package_discovery:discover_packages(ignore) check parameters
[1.731s] Level 1:colcon.colcon_core.package_discovery:discover_packages(path) check parameters
[1.731s] Level 1:colcon.colcon_core.package_discovery:discover_packages(colcon_meta) discover
[1.732s] Level 1:colcon.colcon_core.package_discovery:discover_packages(recursive) discover
[1.732s] INFO:colcon.colcon_core.package_discovery:Crawling recursively for packages in '/home/iclab/autorace'
[1.732s] Level 1:colcon.colcon_core.package_identification:_identify(.) by extensions ['ignore', 'ignore_ament_install']
[1.733s] Level 1:colcon.colcon_core.package_identification:_identify(.) by extension 'ignore'
[1.733s] Level 1:colcon.colcon_core.package_identification:_identify(.) by extension 'ignore_ament_install'
[1.733s] Level 1:colcon.colcon_core.package_identification:_identify(.) by extensions ['colcon_pkg']
[1.733s] Level 1:colcon.colcon_core.package_identification:_identify(.) by extension 'colcon_pkg'
[1.733s] Level 1:colcon.colcon_core.package_identification:_identify(.) by extensions ['colcon_meta']
[1.734s] Level 1:colcon.colcon_core.package_identification:_identify(.) by extension 'colcon_meta'
[1.734s] Level 1:colcon.colcon_core.package_identification:_identify(.) by extensions ['ros']
[1.734s] Level 1:colcon.colcon_core.package_identification:_identify(.) by extension 'ros'
[1.864s] Level 1:colcon.colcon_core.package_identification:_identify(.) by extensions ['cmake', 'python']
[1.865s] Level 1:colcon.colcon_core.package_identification:_identify(.) by extension 'cmake'
[1.865s] Level 1:colcon.colcon_core.package_identification:_identify(.) by extension 'python'
[1.865s] Level 1:colcon.colcon_core.package_identification:_identify(.) by extensions ['python_setup_py']
[1.865s] Level 1:colcon.colcon_core.package_identification:_identify(.) by extension 'python_setup_py'
[1.866s] Level 1:colcon.colcon_core.package_identification:_identify(build) by extensions ['ignore', 'ignore_ament_install']
[1.866s] Level 1:colcon.colcon_core.package_identification:_identify(build) by extension 'ignore'
[1.866s] Level 1:colcon.colcon_core.package_identification:_identify(build) ignored
[1.867s] Level 1:colcon.colcon_core.package_identification:_identify(docker) by extensions ['ignore', 'ignore_ament_install']
[1.867s] Level 1:colcon.colcon_core.package_identification:_identify(docker) by extension 'ignore'
[1.868s] Level 1:colcon.colcon_core.package_identification:_identify(docker) by extension 'ignore_ament_install'
[1.868s] Level 1:colcon.colcon_core.package_identification:_identify(docker) by extensions ['colcon_pkg']
[1.868s] Level 1:colcon.colcon_core.package_identification:_identify(docker) by extension 'colcon_pkg'
[1.868s] Level 1:colcon.colcon_core.package_identification:_identify(docker) by extensions ['colcon_meta']
[1.868s] Level 1:colcon.colcon_core.package_identification:_identify(docker) by extension 'colcon_meta'
[1.869s] Level 1:colcon.colcon_core.package_identification:_identify(docker) by extensions ['ros']
[1.869s] Level 1:colcon.colcon_core.package_identification:_identify(docker) by extension 'ros'
[1.869s] Level 1:colcon.colcon_core.package_identification:_identify(docker) by extensions ['cmake', 'python']
[1.869s] Level 1:colcon.colcon_core.package_identification:_identify(docker) by extension 'cmake'
[1.869s] Level 1:colcon.colcon_core.package_identification:_identify(docker) by extension 'python'
[1.870s] Level 1:colcon.colcon_core.package_identification:_identify(docker) by extensions ['python_setup_py']
[1.870s] Level 1:colcon.colcon_core.package_identification:_identify(docker) by extension 'python_setup_py'
[1.870s] Level 1:colcon.colcon_core.package_identification:_identify(docker/jetson_r35) by extensions ['ignore', 'ignore_ament_install']
[1.871s] Level 1:colcon.colcon_core.package_identification:_identify(docker/jetson_r35) by extension 'ignore'
[1.871s] Level 1:colcon.colcon_core.package_identification:_identify(docker/jetson_r35) by extension 'ignore_ament_install'
[1.871s] Level 1:colcon.colcon_core.package_identification:_identify(docker/jetson_r35) by extensions ['colcon_pkg']
[1.871s] Level 1:colcon.colcon_core.package_identification:_identify(docker/jetson_r35) by extension 'colcon_pkg'
[1.871s] Level 1:colcon.colcon_core.package_identification:_identify(docker/jetson_r35) by extensions ['colcon_meta']
[1.871s] Level 1:colcon.colcon_core.package_identification:_identify(docker/jetson_r35) by extension 'colcon_meta'
[1.872s] Level 1:colcon.colcon_core.package_identification:_identify(docker/jetson_r35) by extensions ['ros']
[1.872s] Level 1:colcon.colcon_core.package_identification:_identify(docker/jetson_r35) by extension 'ros'
[1.872s] Level 1:colcon.colcon_core.package_identification:_identify(docker/jetson_r35) by extensions ['cmake', 'python']
[1.872s] Level 1:colcon.colcon_core.package_identification:_identify(docker/jetson_r35) by extension 'cmake'
[1.873s] Level 1:colcon.colcon_core.package_identification:_identify(docker/jetson_r35) by extension 'python'
[1.873s] Level 1:colcon.colcon_core.package_identification:_identify(docker/jetson_r35) by extensions ['python_setup_py']
[1.873s] Level 1:colcon.colcon_core.package_identification:_identify(docker/jetson_r35) by extension 'python_setup_py'
[1.873s] Level 1:colcon.colcon_core.package_identification:_identify(install) by extensions ['ignore', 'ignore_ament_install']
[1.874s] Level 1:colcon.colcon_core.package_identification:_identify(install) by extension 'ignore'
[1.874s] Level 1:colcon.colcon_core.package_identification:_identify(install) ignored
[1.875s] Level 1:colcon.colcon_core.package_identification:_identify(log) by extensions ['ignore', 'ignore_ament_install']
[1.875s] Level 1:colcon.colcon_core.package_identification:_identify(log) by extension 'ignore'
[1.875s] Level 1:colcon.colcon_core.package_identification:_identify(log) ignored
[1.875s] Level 1:colcon.colcon_core.package_identification:_identify(src) by extensions ['ignore', 'ignore_ament_install']
[1.876s] Level 1:colcon.colcon_core.package_identification:_identify(src) by extension 'ignore'
[1.876s] Level 1:colcon.colcon_core.package_identification:_identify(src) by extension 'ignore_ament_install'
[1.876s] Level 1:colcon.colcon_core.package_identification:_identify(src) by extensions ['colcon_pkg']
[1.876s] Level 1:colcon.colcon_core.package_identification:_identify(src) by extension 'colcon_pkg'
[1.877s] Level 1:colcon.colcon_core.package_identification:_identify(src) by extensions ['colcon_meta']
[1.877s] Level 1:colcon.colcon_core.package_identification:_identify(src) by extension 'colcon_meta'
[1.877s] Level 1:colcon.colcon_core.package_identification:_identify(src) by extensions ['ros']
[1.877s] Level 1:colcon.colcon_core.package_identification:_identify(src) by extension 'ros'
[1.877s] Level 1:colcon.colcon_core.package_identification:_identify(src) by extensions ['cmake', 'python']
[1.878s] Level 1:colcon.colcon_core.package_identification:_identify(src) by extension 'cmake'
[1.878s] Level 1:colcon.colcon_core.package_identification:_identify(src) by extension 'python'
[1.878s] Level 1:colcon.colcon_core.package_identification:_identify(src) by extensions ['python_setup_py']
[1.878s] Level 1:colcon.colcon_core.package_identification:_identify(src) by extension 'python_setup_py'
[1.878s] Level 1:colcon.colcon_core.package_identification:_identify(src/camera) by extensions ['ignore', 'ignore_ament_install']
[1.879s] Level 1:colcon.colcon_core.package_identification:_identify(src/camera) by extension 'ignore'
[1.879s] Level 1:colcon.colcon_core.package_identification:_identify(src/camera) by extension 'ignore_ament_install'
[1.879s] Level 1:colcon.colcon_core.package_identification:_identify(src/camera) by extensions ['colcon_pkg']
[1.879s] Level 1:colcon.colcon_core.package_identification:_identify(src/camera) by extension 'colcon_pkg'
[1.879s] Level 1:colcon.colcon_core.package_identification:_identify(src/camera) by extensions ['colcon_meta']
[1.880s] Level 1:colcon.colcon_core.package_identification:_identify(src/camera) by extension 'colcon_meta'
[1.880s] Level 1:colcon.colcon_core.package_identification:_identify(src/camera) by extensions ['ros']
[1.880s] Level 1:colcon.colcon_core.package_identification:_identify(src/camera) by extension 'ros'
[1.890s] DEBUG:colcon.colcon_core.package_identification:Package 'src/camera' with type 'ros.ament_python' and name 'camera'
[1.891s] Level 1:colcon.colcon_core.package_identification:_identify(src/control) by extensions ['ignore', 'ignore_ament_install']
[1.891s] Level 1:colcon.colcon_core.package_identification:_identify(src/control) by extension 'ignore'
[1.892s] Level 1:colcon.colcon_core.package_identification:_identify(src/control) by extension 'ignore_ament_install'
[1.892s] Level 1:colcon.colcon_core.package_identification:_identify(src/control) by extensions ['colcon_pkg']
[1.892s] Level 1:colcon.colcon_core.package_identification:_identify(src/control) by extension 'colcon_pkg'
[1.892s] Level 1:colcon.colcon_core.package_identification:_identify(src/control) by extensions ['colcon_meta']
[1.892s] Level 1:colcon.colcon_core.package_identification:_identify(src/control) by extension 'colcon_meta'
[1.893s] Level 1:colcon.colcon_core.package_identification:_identify(src/control) by extensions ['ros']
[1.893s] Level 1:colcon.colcon_core.package_identification:_identify(src/control) by extension 'ros'
[1.895s] DEBUG:colcon.colcon_core.package_identification:Package 'src/control' with type 'ros.ament_python' and name 'control'
[1.895s] Level 1:colcon.colcon_core.package_discovery:discover_packages(recursive) using defaults
[1.895s] Level 1:colcon.colcon_core.package_discovery:discover_packages(ignore) discover
[1.895s] Level 1:colcon.colcon_core.package_discovery:discover_packages(ignore) using defaults
[1.896s] Level 1:colcon.colcon_core.package_discovery:discover_packages(path) discover
[1.896s] Level 1:colcon.colcon_core.package_discovery:discover_packages(path) using defaults
[1.956s] Level 1:colcon.colcon_core.package_discovery:discover_packages(prefix_path) check parameters
[1.957s] Level 1:colcon.colcon_core.package_discovery:discover_packages(prefix_path) discover
[1.970s] DEBUG:colcon.colcon_installed_package_information.package_discovery:Found 256 installed packages in /opt/ros/foxy
[1.980s] Level 1:colcon.colcon_core.package_discovery:discover_packages(prefix_path) using defaults
[2.248s] Level 5:colcon.colcon_core.verb:set package 'camera' build argument 'cmake_args' from command line to 'None'
[2.249s] Level 5:colcon.colcon_core.verb:set package 'camera' build argument 'cmake_target' from command line to 'None'
[2.249s] Level 5:colcon.colcon_core.verb:set package 'camera' build argument 'cmake_target_skip_unavailable' from command line to 'False'
[2.249s] Level 5:colcon.colcon_core.verb:set package 'camera' build argument 'cmake_clean_cache' from command line to 'False'
[2.249s] Level 5:colcon.colcon_core.verb:set package 'camera' build argument 'cmake_clean_first' from command line to 'False'
[2.249s] Level 5:colcon.colcon_core.verb:set package 'camera' build argument 'cmake_force_configure' from command line to 'False'
[2.249s] Level 5:colcon.colcon_core.verb:set package 'camera' build argument 'ament_cmake_args' from command line to 'None'
[2.249s] Level 5:colcon.colcon_core.verb:set package 'camera' build argument 'catkin_cmake_args' from command line to 'None'
[2.250s] Level 5:colcon.colcon_core.verb:set package 'camera' build argument 'catkin_skip_building_tests' from command line to 'False'
[2.250s] DEBUG:colcon.colcon_core.verb:Building package 'camera' with the following arguments: {'ament_cmake_args': None, 'build_base': '/home/iclab/autorace/build/camera', 'catkin_cmake_args': None, 'catkin_skip_building_tests': False, 'cmake_args': None, 'cmake_clean_cache': False, 'cmake_clean_first': False, 'cmake_force_configure': False, 'cmake_target': None, 'cmake_target_skip_unavailable': False, 'install_base': '/home/iclab/autorace/install/camera', 'merge_install': False, 'path': '/home/iclab/autorace/src/camera', 'symlink_install': True, 'test_result_base': None}
[2.251s] Level 5:colcon.colcon_core.verb:set package 'control' build argument 'cmake_args' from command line to 'None'
[2.251s] Level 5:colcon.colcon_core.verb:set package 'control' build argument 'cmake_target' from command line to 'None'
[2.252s] Level 5:colcon.colcon_core.verb:set package 'control' build argument 'cmake_target_skip_unavailable' from command line to 'False'
[2.252s] Level 5:colcon.colcon_core.verb:set package 'control' build argument 'cmake_clean_cache' from command line to 'False'
[2.252s] Level 5:colcon.colcon_core.verb:set package 'control' build argument 'cmake_clean_first' from command line to 'False'
[2.252s] Level 5:colcon.colcon_core.verb:set package 'control' build argument 'cmake_force_configure' from command line to 'False'
[2.252s] Level 5:colcon.colcon_core.verb:set package 'control' build argument 'ament_cmake_args' from command line to 'None'
[2.252s] Level 5:colcon.colcon_core.verb:set package 'control' build argument 'catkin_cmake_args' from command line to 'None'
[2.252s] Level 5:colcon.colcon_core.verb:set package 'control' build argument 'catkin_skip_building_tests' from command line to 'False'
[2.253s] DEBUG:colcon.colcon_core.verb:Building package 'control' with the following arguments: {'ament_cmake_args': None, 'build_base': '/home/iclab/autorace/build/control', 'catkin_cmake_args': None, 'catkin_skip_building_tests': False, 'cmake_args': None, 'cmake_clean_cache': False, 'cmake_clean_first': False, 'cmake_force_configure': False, 'cmake_target': None, 'cmake_target_skip_unavailable': False, 'install_base': '/home/iclab/autorace/install/control', 'merge_install': False, 'path': '/home/iclab/autorace/src/control', 'symlink_install': True, 'test_result_base': None}
[2.253s] INFO:colcon.colcon_core.executor:Executing jobs using 'parallel' executor
[2.258s] DEBUG:colcon.colcon_parallel_executor.executor.parallel:run_until_complete
[2.259s] INFO:colcon.colcon_ros.task.ament_python.build:Building ROS package in '/home/iclab/autorace/src/camera' with build type 'ament_python'
[2.260s] Level 1:colcon.colcon_core.shell:create_environment_hook('camera', 'ament_prefix_path')
[2.269s] INFO:colcon.colcon_core.plugin_system:Skipping extension 'colcon_core.shell.bat': Not used on non-Windows systems
[2.269s] INFO:colcon.colcon_core.shell:Creating environment hook '/home/iclab/autorace/install/camera/share/camera/hook/ament_prefix_path.ps1'
[2.272s] INFO:colcon.colcon_core.shell:Creating environment descriptor '/home/iclab/autorace/install/camera/share/camera/hook/ament_prefix_path.dsv'
[2.274s] INFO:colcon.colcon_core.shell:Creating environment hook '/home/iclab/autorace/install/camera/share/camera/hook/ament_prefix_path.sh'
[2.278s] INFO:colcon.colcon_core.shell:Skip shell extension 'powershell' for command environment: Not usable outside of PowerShell
[2.279s] DEBUG:colcon.colcon_core.shell:Skip shell extension 'dsv' for command environment
[2.306s] INFO:colcon.colcon_ros.task.ament_python.build:Building ROS package in '/home/iclab/autorace/src/control' with build type 'ament_python'
[2.310s] Level 1:colcon.colcon_core.shell:create_environment_hook('control', 'ament_prefix_path')
[2.314s] INFO:colcon.colcon_core.shell:Creating environment hook '/home/iclab/autorace/install/control/share/control/hook/ament_prefix_path.ps1'
[2.319s] INFO:colcon.colcon_core.shell:Creating environment descriptor '/home/iclab/autorace/install/control/share/control/hook/ament_prefix_path.dsv'
[2.321s] INFO:colcon.colcon_core.shell:Creating environment hook '/home/iclab/autorace/install/control/share/control/hook/ament_prefix_path.sh'
[2.325s] INFO:colcon.colcon_core.shell:Skip shell extension 'powershell' for command environment: Not usable outside of PowerShell
[2.326s] DEBUG:colcon.colcon_core.shell:Skip shell extension 'dsv' for command environment
[3.613s] INFO:colcon.colcon_core.task.python.build:Building Python package in '/home/iclab/autorace/src/camera'
[3.617s] INFO:colcon.colcon_core.shell:Skip shell extension 'powershell' for command environment: Not usable outside of PowerShell
[3.617s] DEBUG:colcon.colcon_core.shell:Skip shell extension 'dsv' for command environment
[4.783s] INFO:colcon.colcon_core.task.python.build:Building Python package in '/home/iclab/autorace/src/control'
[4.787s] INFO:colcon.colcon_core.shell:Skip shell extension 'powershell' for command environment: Not usable outside of PowerShell
[4.787s] DEBUG:colcon.colcon_core.shell:Skip shell extension 'dsv' for command environment
[6.798s] DEBUG:colcon.colcon_core.event_handler.log_command:Invoking command in '/home/iclab/autorace/build/control': PYTHONPATH=/home/iclab/autorace/build/control/prefix_override:/usr/lib/python3/dist-packages/colcon_core/task/python/colcon_distutils_commands:/home/iclab/autorace/install/control/lib/python3.8/site-packages:${PYTHONPATH} /usr/bin/python3 -W ignore:setup.py install is deprecated -W ignore:easy_install command is deprecated setup.py develop --editable --build-directory /home/iclab/autorace/build/control/build --no-deps symlink_data
[7.085s] DEBUG:colcon.colcon_core.event_handler.log_command:Invoking command in '/home/iclab/autorace/build/camera': PYTHONPATH=/home/iclab/autorace/build/camera/prefix_override:/usr/lib/python3/dist-packages/colcon_core/task/python/colcon_distutils_commands:/home/iclab/autorace/install/camera/lib/python3.8/site-packages:${PYTHONPATH} /usr/bin/python3 -W ignore:setup.py install is deprecated -W ignore:easy_install command is deprecated setup.py develop --editable --build-directory /home/iclab/autorace/build/camera/build --no-deps symlink_data
[9.120s] Level 1:colcon.colcon_core.shell:create_environment_hook('control', 'pythonpath_develop')
[9.123s] INFO:colcon.colcon_core.shell:Creating environment hook '/home/iclab/autorace/build/control/share/control/hook/pythonpath_develop.ps1'
[9.127s] INFO:colcon.colcon_core.shell:Creating environment descriptor '/home/iclab/autorace/build/control/share/control/hook/pythonpath_develop.dsv'
[9.130s] DEBUG:colcon.colcon_core.event_handler.log_command:Invoked command in '/home/iclab/autorace/build/control' returned '0': PYTHONPATH=/home/iclab/autorace/build/control/prefix_override:/usr/lib/python3/dist-packages/colcon_core/task/python/colcon_distutils_commands:/home/iclab/autorace/install/control/lib/python3.8/site-packages:${PYTHONPATH} /usr/bin/python3 -W ignore:setup.py install is deprecated -W ignore:easy_install command is deprecated setup.py develop --editable --build-directory /home/iclab/autorace/build/control/build --no-deps symlink_data
[9.134s] INFO:colcon.colcon_core.shell:Creating environment hook '/home/iclab/autorace/build/control/share/control/hook/pythonpath_develop.sh'
[9.157s] Level 1:colcon.colcon_core.environment:checking '/home/iclab/autorace/install/control' for CMake module files
[9.159s] Level 1:colcon.colcon_core.environment:checking '/home/iclab/autorace/install/control' for CMake config files
[9.194s] Level 1:colcon.colcon_core.environment:checking '/home/iclab/autorace/install/control/lib'
[9.196s] Level 1:colcon.colcon_core.environment:checking '/home/iclab/autorace/install/control/bin'
[9.196s] Level 1:colcon.colcon_core.environment:checking '/home/iclab/autorace/install/control/lib/pkgconfig/control.pc'
[9.197s] Level 1:colcon.colcon_core.environment:checking '/home/iclab/autorace/install/control/lib/python3.8/site-packages'
[9.197s] Level 1:colcon.colcon_core.shell:create_environment_hook('control', 'pythonpath')
[9.198s] INFO:colcon.colcon_core.shell:Creating environment hook '/home/iclab/autorace/install/control/share/control/hook/pythonpath.ps1'
[9.212s] INFO:colcon.colcon_core.shell:Creating environment descriptor '/home/iclab/autorace/install/control/share/control/hook/pythonpath.dsv'
[9.220s] INFO:colcon.colcon_core.shell:Creating environment hook '/home/iclab/autorace/install/control/share/control/hook/pythonpath.sh'
[9.227s] Level 1:colcon.colcon_core.environment:checking '/home/iclab/autorace/install/control/bin'
[9.231s] Level 1:colcon.colcon_core.environment:create_environment_scripts_only(control)
[9.233s] INFO:colcon.colcon_core.shell:Creating package script '/home/iclab/autorace/install/control/share/control/package.ps1'
[9.241s] INFO:colcon.colcon_core.shell:Creating package descriptor '/home/iclab/autorace/install/control/share/control/package.dsv'
[9.244s] INFO:colcon.colcon_core.shell:Creating package script '/home/iclab/autorace/install/control/share/control/package.sh'
[9.255s] INFO:colcon.colcon_core.shell:Creating package script '/home/iclab/autorace/install/control/share/control/package.bash'
[9.261s] INFO:colcon.colcon_core.shell:Creating package script '/home/iclab/autorace/install/control/share/control/package.zsh'
[9.265s] Level 1:colcon.colcon_core.environment:create_file_with_runtime_dependencies(/home/iclab/autorace/install/control/share/colcon-core/packages/control)
[9.404s] Level 1:colcon.colcon_core.shell:create_environment_hook('camera', 'pythonpath_develop')
[9.406s] DEBUG:colcon.colcon_core.event_handler.log_command:Invoked command in '/home/iclab/autorace/build/camera' returned '0': PYTHONPATH=/home/iclab/autorace/build/camera/prefix_override:/usr/lib/python3/dist-packages/colcon_core/task/python/colcon_distutils_commands:/home/iclab/autorace/install/camera/lib/python3.8/site-packages:${PYTHONPATH} /usr/bin/python3 -W ignore:setup.py install is deprecated -W ignore:easy_install command is deprecated setup.py develop --editable --build-directory /home/iclab/autorace/build/camera/build --no-deps symlink_data
[9.408s] INFO:colcon.colcon_core.shell:Creating environment hook '/home/iclab/autorace/build/camera/share/camera/hook/pythonpath_develop.ps1'
[9.413s] INFO:colcon.colcon_core.shell:Creating environment descriptor '/home/iclab/autorace/build/camera/share/camera/hook/pythonpath_develop.dsv'
[9.415s] INFO:colcon.colcon_core.shell:Creating environment hook '/home/iclab/autorace/build/camera/share/camera/hook/pythonpath_develop.sh'
[9.421s] Level 1:colcon.colcon_core.environment:checking '/home/iclab/autorace/install/camera' for CMake module files
[9.423s] Level 1:colcon.colcon_core.environment:checking '/home/iclab/autorace/install/camera' for CMake config files
[9.425s] Level 1:colcon.colcon_core.environment:checking '/home/iclab/autorace/install/camera/lib'
[9.425s] Level 1:colcon.colcon_core.environment:checking '/home/iclab/autorace/install/camera/bin'
[9.426s] Level 1:colcon.colcon_core.environment:checking '/home/iclab/autorace/install/camera/lib/pkgconfig/camera.pc'
[9.426s] Level 1:colcon.colcon_core.environment:checking '/home/iclab/autorace/install/camera/lib/python3.8/site-packages'
[9.427s] Level 1:colcon.colcon_core.shell:create_environment_hook('camera', 'pythonpath')
[9.427s] INFO:colcon.colcon_core.shell:Creating environment hook '/home/iclab/autorace/install/camera/share/camera/hook/pythonpath.ps1'
[9.429s] INFO:colcon.colcon_core.shell:Creating environment descriptor '/home/iclab/autorace/install/camera/share/camera/hook/pythonpath.dsv'
[9.432s] INFO:colcon.colcon_core.shell:Creating environment hook '/home/iclab/autorace/install/camera/share/camera/hook/pythonpath.sh'
[9.435s] Level 1:colcon.colcon_core.environment:checking '/home/iclab/autorace/install/camera/bin'
[9.436s] Level 1:colcon.colcon_core.environment:create_environment_scripts_only(camera)
[9.437s] INFO:colcon.colcon_core.shell:Creating package script '/home/iclab/autorace/install/camera/share/camera/package.ps1'
[9.440s] INFO:colcon.colcon_core.shell:Creating package descriptor '/home/iclab/autorace/install/camera/share/camera/package.dsv'
[9.443s] INFO:colcon.colcon_core.shell:Creating package script '/home/iclab/autorace/install/camera/share/camera/package.sh'
[9.445s] INFO:colcon.colcon_core.shell:Creating package script '/home/iclab/autorace/install/camera/share/camera/package.bash'
[9.447s] INFO:colcon.colcon_core.shell:Creating package script '/home/iclab/autorace/install/camera/share/camera/package.zsh'
[9.449s] Level 1:colcon.colcon_core.environment:create_file_with_runtime_dependencies(/home/iclab/autorace/install/camera/share/colcon-core/packages/camera)
[9.474s] DEBUG:colcon.colcon_parallel_executor.executor.parallel:closing loop
[9.476s] DEBUG:colcon.colcon_parallel_executor.executor.parallel:loop closed
[9.483s] DEBUG:colcon.colcon_parallel_executor.executor.parallel:run_until_complete finished with '0'
[9.484s] DEBUG:colcon.colcon_core.event_reactor:joining thread
[9.509s] INFO:colcon.colcon_core.plugin_system:Skipping extension 'colcon_notification.desktop_notification.terminal_notifier': Not used on non-Darwin systems
[9.510s] INFO:colcon.colcon_core.plugin_system:Skipping extension 'colcon_notification.desktop_notification.win32': Not used on non-Windows systems
[9.510s] INFO:colcon.colcon_notification.desktop_notification:Sending desktop notification using 'notify2'
[9.564s] DEBUG:colcon.colcon_core.event_reactor:joined thread
[9.565s] INFO:colcon.colcon_core.shell:Creating prefix script '/home/iclab/autorace/install/local_setup.ps1'
[9.569s] INFO:colcon.colcon_core.shell:Creating prefix util module '/home/iclab/autorace/install/_local_setup_util_ps1.py'
[9.574s] INFO:colcon.colcon_core.shell:Creating prefix chain script '/home/iclab/autorace/install/setup.ps1'
[9.578s] INFO:colcon.colcon_core.shell:Creating prefix script '/home/iclab/autorace/install/local_setup.sh'
[9.581s] INFO:colcon.colcon_core.shell:Creating prefix util module '/home/iclab/autorace/install/_local_setup_util_sh.py'
[9.610s] INFO:colcon.colcon_core.shell:Creating prefix chain script '/home/iclab/autorace/install/setup.sh'
[9.617s] INFO:colcon.colcon_core.shell:Creating prefix script '/home/iclab/autorace/install/local_setup.bash'
[9.621s] INFO:colcon.colcon_core.shell:Creating prefix chain script '/home/iclab/autorace/install/setup.bash'
[9.626s] INFO:colcon.colcon_core.shell:Creating prefix script '/home/iclab/autorace/install/local_setup.zsh'
[9.637s] INFO:colcon.colcon_core.shell:Creating prefix chain script '/home/iclab/autorace/install/setup.zsh'
