[3.314s] Invoking command in '/workspace/src/control': PYTHONPATH=/workspace/build/control/prefix_override:/usr/lib/python3/dist-packages/colcon_core/task/python/colcon_distutils_commands:/workspace/install/control/lib/python3.8/site-packages:${PYTHONPATH} /usr/bin/python3 -W ignore:setup.py install is deprecated -W ignore:easy_install command is deprecated setup.py egg_info --egg-base ../../build/control build --build-base /workspace/build/control/build install --record /workspace/build/control/install.log --single-version-externally-managed install_data
[4.106s] running egg_info
[4.106s] writing ../../build/control/control.egg-info/PKG-INFO
[4.107s] writing dependency_links to ../../build/control/control.egg-info/dependency_links.txt
[4.108s] writing entry points to ../../build/control/control.egg-info/entry_points.txt
[4.108s] writing requirements to ../../build/control/control.egg-info/requires.txt
[4.109s] writing top-level names to ../../build/control/control.egg-info/top_level.txt
[4.235s] reading manifest file '../../build/control/control.egg-info/SOURCES.txt'
[4.239s] writing manifest file '../../build/control/control.egg-info/SOURCES.txt'
[4.240s] running build
[4.240s] running build_py
[4.241s] running install
[4.244s] running install_lib
[4.249s] running install_data
[4.250s] running install_egg_info
[4.256s] removing '/workspace/install/control/lib/python3.8/site-packages/control-0.0.0-py3.8.egg-info' (and everything under it)
[4.261s] Copying ../../build/control/control.egg-info to /workspace/install/control/lib/python3.8/site-packages/control-0.0.0-py3.8.egg-info
[4.265s] running install_scripts
[4.334s] Installing motor_node script to /workspace/install/control/lib/control
[4.339s] writing list of installed files to '/workspace/build/control/install.log'
[4.411s] Invoked command in '/workspace/src/control' returned '0': PYTHONPATH=/workspace/build/control/prefix_override:/usr/lib/python3/dist-packages/colcon_core/task/python/colcon_distutils_commands:/workspace/install/control/lib/python3.8/site-packages:${PYTHONPATH} /usr/bin/python3 -W ignore:setup.py install is deprecated -W ignore:easy_install command is deprecated setup.py egg_info --egg-base ../../build/control build --build-base /workspace/build/control/build install --record /workspace/build/control/install.log --single-version-externally-managed install_data
