[5.144s] Invoking command in '/workspace/build/camera': PYTHONPATH=/workspace/build/camera/prefix_override:/workspace/install/camera/lib/python3.8/site-packages:${PYTHONPATH} /usr/bin/python3 setup.py develop --editable --build-directory /workspace/build/camera/build --no-deps install_data
[5.752s] /usr/local/lib/python3.8/dist-packages/setuptools/_distutils/dist.py:261: UserWarning: Unknown distribution option: 'tests_require'
[5.753s]   warnings.warn(msg)
[6.477s] running develop
[6.478s] /usr/local/lib/python3.8/dist-packages/setuptools/command/develop.py:41: EasyInstallDeprecationWarning: easy_install command is deprecated.
[6.479s] !!
[6.479s] 
[6.480s]         ********************************************************************************
[6.480s]         Please avoid running ``setup.py`` and ``easy_install``.
[6.480s]         Instead, use pypa/build, pypa/installer or other
[6.481s]         standards-based tools.
[6.483s] 
[6.483s]         See https://github.com/pypa/setuptools/issues/917 for details.
[6.484s]         ********************************************************************************
[6.484s] 
[6.484s] !!
[6.485s]   easy_install.initialize_options(self)
[6.616s] /usr/local/lib/python3.8/dist-packages/setuptools/_distutils/cmd.py:66: SetuptoolsDeprecationWarning: setup.py install is deprecated.
[6.616s] !!
[6.617s] 
[6.617s]         ********************************************************************************
[6.618s]         Please avoid running ``setup.py`` directly.
[6.618s]         Instead, use pypa/build, pypa/installer or other
[6.618s]         standards-based tools.
[6.619s] 
[6.619s]         See https://blog.ganssle.io/articles/2021/10/setup-py-deprecated.html for details.
[6.619s]         ********************************************************************************
[6.620s] 
[6.620s] !!
[6.621s]   self.initialize_options()
[7.388s] running egg_info
[7.467s] writing camera.egg-info/PKG-INFO
[7.471s] writing dependency_links to camera.egg-info/dependency_links.txt
[7.475s] writing entry points to camera.egg-info/entry_points.txt
[7.478s] writing requirements to camera.egg-info/requires.txt
[7.483s] writing top-level names to camera.egg-info/top_level.txt
[7.611s] reading manifest file 'camera.egg-info/SOURCES.txt'
[7.615s] writing manifest file 'camera.egg-info/SOURCES.txt'
[7.831s] running build_ext
[7.831s] Creating /workspace/install/camera/lib/python3.8/site-packages/camera.egg-link (link to .)
[7.831s] Installing camera_node script to /workspace/install/camera/lib/camera
[7.834s] Installing lane_detector_follower_node script to /workspace/install/camera/lib/camera
[7.834s] Installing yolo_node script to /workspace/install/camera/lib/camera
[7.835s] 
[7.840s] Installed /workspace/build/camera
[7.842s] running install_data
[7.957s] Invoked command in '/workspace/build/camera' returned '0': PYTHONPATH=/workspace/build/camera/prefix_override:/workspace/install/camera/lib/python3.8/site-packages:${PYTHONPATH} /usr/bin/python3 setup.py develop --editable --build-directory /workspace/build/camera/build --no-deps install_data
