running egg_info
creating ../../build/camera/camera.egg-info
writing ../../build/camera/camera.egg-info/PKG-INFO
writing dependency_links to ../../build/camera/camera.egg-info/dependency_links.txt
writing entry points to ../../build/camera/camera.egg-info/entry_points.txt
writing requirements to ../../build/camera/camera.egg-info/requires.txt
writing top-level names to ../../build/camera/camera.egg-info/top_level.txt
writing manifest file '../../build/camera/camera.egg-info/SOURCES.txt'
reading manifest file '../../build/camera/camera.egg-info/SOURCES.txt'
writing manifest file '../../build/camera/camera.egg-info/SOURCES.txt'
running build
running build_py
creating /home/iclab/autorace/build/camera/build
creating /home/iclab/autorace/build/camera/build/lib
creating /home/iclab/autorace/build/camera/build/lib/camera
copying camera/camera_node_sub.py -> /home/iclab/autorace/build/camera/build/lib/camera
copying camera/liner_node.py -> /home/iclab/autorace/build/camera/build/lib/camera
copying camera/camera_node_pub.py -> /home/iclab/autorace/build/camera/build/lib/camera
copying camera/__init__.py -> /home/iclab/autorace/build/camera/build/lib/camera
running install
running install_lib
creating /home/iclab/autorace/install/camera/lib/python3.8/site-packages/camera
copying /home/iclab/autorace/build/camera/build/lib/camera/camera_node_sub.py -> /home/iclab/autorace/install/camera/lib/python3.8/site-packages/camera
copying /home/iclab/autorace/build/camera/build/lib/camera/liner_node.py -> /home/iclab/autorace/install/camera/lib/python3.8/site-packages/camera
copying /home/iclab/autorace/build/camera/build/lib/camera/camera_node_pub.py -> /home/iclab/autorace/install/camera/lib/python3.8/site-packages/camera
copying /home/iclab/autorace/build/camera/build/lib/camera/__init__.py -> /home/iclab/autorace/install/camera/lib/python3.8/site-packages/camera
byte-compiling /home/iclab/autorace/install/camera/lib/python3.8/site-packages/camera/camera_node_sub.py to camera_node_sub.cpython-38.pyc
byte-compiling /home/iclab/autorace/install/camera/lib/python3.8/site-packages/camera/liner_node.py to liner_node.cpython-38.pyc
byte-compiling /home/iclab/autorace/install/camera/lib/python3.8/site-packages/camera/camera_node_pub.py to camera_node_pub.cpython-38.pyc
byte-compiling /home/iclab/autorace/install/camera/lib/python3.8/site-packages/camera/__init__.py to __init__.cpython-38.pyc
running install_data
creating /home/iclab/autorace/install/camera/share/ament_index
creating /home/iclab/autorace/install/camera/share/ament_index/resource_index
creating /home/iclab/autorace/install/camera/share/ament_index/resource_index/packages
copying resource/camera -> /home/iclab/autorace/install/camera/share/ament_index/resource_index/packages
copying package.xml -> /home/iclab/autorace/install/camera/share/camera
running install_egg_info
Copying ../../build/camera/camera.egg-info to /home/iclab/autorace/install/camera/lib/python3.8/site-packages/camera-0.0.0-py3.8.egg-info
running install_scripts
Installing camera_node script to /home/iclab/autorace/install/camera/lib/camera
Installing lane_follower_node script to /home/iclab/autorace/install/camera/lib/camera
Installing yolo_node script to /home/iclab/autorace/install/camera/lib/camera
writing list of installed files to '/home/iclab/autorace/build/camera/install.log'
