[3.606s] Invoking command in '/home/iclab/autorace/src/control': PYTHONPATH=/home/iclab/autorace/build/control/prefix_override:/usr/lib/python3/dist-packages/colcon_core/task/python/colcon_distutils_commands:/home/iclab/autorace/install/control/lib/python3.8/site-packages:${PYTHONPATH} /usr/bin/python3 -W ignore:setup.py install is deprecated -W ignore:easy_install command is deprecated setup.py egg_info --egg-base ../../build/control build --build-base /home/iclab/autorace/build/control/build install --record /home/iclab/autorace/build/control/install.log --single-version-externally-managed install_data
[4.544s] running egg_info
[4.546s] writing ../../build/control/control.egg-info/PKG-INFO
[4.547s] writing dependency_links to ../../build/control/control.egg-info/dependency_links.txt
[4.548s] writing entry points to ../../build/control/control.egg-info/entry_points.txt
[4.548s] writing requirements to ../../build/control/control.egg-info/requires.txt
[4.549s] writing top-level names to ../../build/control/control.egg-info/top_level.txt
[4.666s] reading manifest file '../../build/control/control.egg-info/SOURCES.txt'
[4.669s] writing manifest file '../../build/control/control.egg-info/SOURCES.txt'
[4.670s] running build
[4.670s] running build_py
[4.672s] running install
[4.675s] running install_lib
[4.681s] running install_data
[4.682s] running install_egg_info
[4.687s] removing '/home/iclab/autorace/install/control/lib/python3.8/site-packages/control-0.0.0-py3.8.egg-info' (and everything under it)
[4.689s] Copying ../../build/control/control.egg-info to /home/iclab/autorace/install/control/lib/python3.8/site-packages/control-0.0.0-py3.8.egg-info
[4.693s] running install_scripts
[4.750s] Installing controller_node script to /home/iclab/autorace/install/control/lib/control
[4.751s] Installing lidar_node script to /home/iclab/autorace/install/control/lib/control
[4.752s] Installing motor_node script to /home/iclab/autorace/install/control/lib/control
[4.753s] writing list of installed files to '/home/iclab/autorace/build/control/install.log'
[4.841s] Invoked command in '/home/iclab/autorace/src/control' returned '0': PYTHONPATH=/home/iclab/autorace/build/control/prefix_override:/usr/lib/python3/dist-packages/colcon_core/task/python/colcon_distutils_commands:/home/iclab/autorace/install/control/lib/python3.8/site-packages:${PYTHONPATH} /usr/bin/python3 -W ignore:setup.py install is deprecated -W ignore:easy_install command is deprecated setup.py egg_info --egg-base ../../build/control build --build-base /home/iclab/autorace/build/control/build install --record /home/iclab/autorace/build/control/install.log --single-version-externally-managed install_data
