[5.267s] Invoking command in '/workspace/src/camera': PYTHONPATH=/workspace/build/camera/prefix_override:/workspace/install/camera/lib/python3.8/site-packages:${PYTHONPATH} /usr/bin/python3 setup.py egg_info --egg-base ../../build/camera build --build-base /workspace/build/camera/build install --record /workspace/build/camera/install.log --single-version-externally-managed
[6.437s] running egg_info
[6.509s] writing ../../build/camera/camera.egg-info/PKG-INFO
[6.511s] writing dependency_links to ../../build/camera/camera.egg-info/dependency_links.txt
[6.511s] writing entry points to ../../build/camera/camera.egg-info/entry_points.txt
[6.512s] writing requirements to ../../build/camera/camera.egg-info/requires.txt
[6.513s] writing top-level names to ../../build/camera/camera.egg-info/top_level.txt
[6.667s] reading manifest file '../../build/camera/camera.egg-info/SOURCES.txt'
[6.670s] writing manifest file '../../build/camera/camera.egg-info/SOURCES.txt'
[6.671s] running build
[6.671s] running build_py
[6.672s] copying camera/camera_node_sub.py -> /workspace/build/camera/build/lib/camera
[6.673s] copying camera/liner_node.py -> /workspace/build/camera/build/lib/camera
[6.674s] copying camera/camera_node_pub.py -> /workspace/build/camera/build/lib/camera
[6.674s] copying camera/__init__.py -> /workspace/build/camera/build/lib/camera
[6.676s] running install
[6.677s] /usr/local/lib/python3.8/dist-packages/setuptools/_distutils/cmd.py:66: SetuptoolsDeprecationWarning: setup.py install is deprecated.
[6.677s] !!
[6.677s] 
[6.678s]         ********************************************************************************
[6.678s]         Please avoid running ``setup.py`` directly.
[6.678s]         Instead, use pypa/build, pypa/installer or other
[6.679s]         standards-based tools.
[6.679s] 
[6.679s]         See https://blog.ganssle.io/articles/2021/10/setup-py-deprecated.html for details.
[6.679s]         ********************************************************************************
[6.680s] 
[6.680s] !!
[6.680s]   self.initialize_options()
[6.694s] running install_lib
[6.767s] copying /workspace/build/camera/build/lib/camera/camera_node_sub.py -> /workspace/install/camera/lib/python3.8/site-packages/camera
[6.770s] byte-compiling /workspace/install/camera/lib/python3.8/site-packages/camera/camera_node_sub.py to camera_node_sub.cpython-38.pyc
[6.774s] running install_data
[6.848s] copying resource/camera -> /workspace/install/camera/share/ament_index/resource_index/packages
[6.849s] copying package.xml -> /workspace/install/camera/share/camera
[6.850s] running install_egg_info
[6.921s] removing '/workspace/install/camera/lib/python3.8/site-packages/camera-0.0.0-py3.8.egg-info' (and everything under it)
[6.921s] Copying ../../build/camera/camera.egg-info to /workspace/install/camera/lib/python3.8/site-packages/camera-0.0.0-py3.8.egg-info
[6.926s] running install_scripts
[7.559s] Installing camera_node script to /workspace/install/camera/lib/camera
[7.560s] Installing line_detector_follower_node script to /workspace/install/camera/lib/camera
[7.560s] Installing yolo_node script to /workspace/install/camera/lib/camera
[7.563s] writing list of installed files to '/workspace/build/camera/install.log'
[7.709s] Invoked command in '/workspace/src/camera' returned '0': PYTHONPATH=/workspace/build/camera/prefix_override:/workspace/install/camera/lib/python3.8/site-packages:${PYTHONPATH} /usr/bin/python3 setup.py egg_info --egg-base ../../build/camera build --build-base /workspace/build/camera/build install --record /workspace/build/camera/install.log --single-version-externally-managed
