[4.772s] Invoking command in '/workspace/build/control': PYTHONPATH=/workspace/build/control/prefix_override:/workspace/install/control/lib/python3.8/site-packages:${PYTHONPATH} /usr/bin/python3 setup.py develop --editable --build-directory /workspace/build/control/build --no-deps install_data
[5.418s] /usr/local/lib/python3.8/dist-packages/setuptools/_distutils/dist.py:261: UserWarning: Unknown distribution option: 'tests_require'
[5.420s]   warnings.warn(msg)
[6.189s] running develop
[6.190s] /usr/local/lib/python3.8/dist-packages/setuptools/command/develop.py:41: EasyInstallDeprecationWarning: easy_install command is deprecated.
[6.194s] !!
[6.196s] 
[6.197s]         ********************************************************************************
[6.198s]         Please avoid running ``setup.py`` and ``easy_install``.
[6.198s]         Instead, use pypa/build, pypa/installer or other
[6.198s]         standards-based tools.
[6.199s] 
[6.199s]         See https://github.com/pypa/setuptools/issues/917 for details.
[6.199s]         ********************************************************************************
[6.199s] 
[6.200s] !!
[6.200s]   easy_install.initialize_options(self)
[6.337s] /usr/local/lib/python3.8/dist-packages/setuptools/_distutils/cmd.py:66: SetuptoolsDeprecationWarning: setup.py install is deprecated.
[6.337s] !!
[6.337s] 
[6.338s]         ********************************************************************************
[6.339s]         Please avoid running ``setup.py`` directly.
[6.339s]         Instead, use pypa/build, pypa/installer or other
[6.340s]         standards-based tools.
[6.341s] 
[6.341s]         See https://blog.ganssle.io/articles/2021/10/setup-py-deprecated.html for details.
[6.342s]         ********************************************************************************
[6.342s] 
[6.342s] !!
[6.342s]   self.initialize_options()
[7.088s] running egg_info
[7.157s] writing control.egg-info/PKG-INFO
[7.159s] writing dependency_links to control.egg-info/dependency_links.txt
[7.160s] writing entry points to control.egg-info/entry_points.txt
[7.161s] writing requirements to control.egg-info/requires.txt
[7.163s] writing top-level names to control.egg-info/top_level.txt
[7.303s] reading manifest file 'control.egg-info/SOURCES.txt'
[7.315s] writing manifest file 'control.egg-info/SOURCES.txt'
[7.528s] running build_ext
[7.528s] Creating /workspace/install/control/lib/python3.8/site-packages/control.egg-link (link to .)
[7.535s] Installing main_controller_node script to /workspace/install/control/lib/control
[7.537s] Installing motor_node script to /workspace/install/control/lib/control
[7.538s] 
[7.539s] Installed /workspace/build/control
[7.539s] running install_data
[7.890s] Invoked command in '/workspace/build/control' returned '0': PYTHONPATH=/workspace/build/control/prefix_override:/workspace/install/control/lib/python3.8/site-packages:${PYTHONPATH} /usr/bin/python3 setup.py develop --editable --build-directory /workspace/build/control/build --no-deps install_data
