[10.617s] Invoking command in '/workspace/src/camera': PYTHONPATH=/workspace/build/camera/prefix_override:/usr/lib/python3/dist-packages/colcon_core/task/python/colcon_distutils_commands:/workspace/install/camera/lib/python3.8/site-packages:${PYTHONPATH} /usr/bin/python3 -W ignore:setup.py install is deprecated -W ignore:easy_install command is deprecated setup.py egg_info --egg-base ../../build/camera build --build-base /workspace/build/camera/build install --record /workspace/build/camera/install.log --single-version-externally-managed install_data
[13.421s] running egg_info
[13.542s] writing ../../build/camera/camera.egg-info/PKG-INFO
[13.544s] writing dependency_links to ../../build/camera/camera.egg-info/dependency_links.txt
[13.545s] writing entry points to ../../build/camera/camera.egg-info/entry_points.txt
[13.546s] writing requirements to ../../build/camera/camera.egg-info/requires.txt
[13.546s] writing top-level names to ../../build/camera/camera.egg-info/top_level.txt
[13.808s] reading manifest file '../../build/camera/camera.egg-info/SOURCES.txt'
[13.811s] writing manifest file '../../build/camera/camera.egg-info/SOURCES.txt'
[13.813s] running build
[13.813s] running build_py
[13.814s] copying camera/camera_node_pub.py -> /workspace/build/camera/build/lib/camera
[13.814s] copying camera/__init__.py -> /workspace/build/camera/build/lib/camera
[13.814s] running install
[13.841s] running install_lib
[13.984s] running install_data
[13.984s] copying resource/camera -> /workspace/install/camera/share/ament_index/resource_index/packages
[13.985s] copying package.xml -> /workspace/install/camera/share/camera
[13.986s] running install_egg_info
[14.128s] removing '/workspace/install/camera/lib/python3.8/site-packages/camera-0.0.0-py3.8.egg-info' (and everything under it)
[14.129s] Copying ../../build/camera/camera.egg-info to /workspace/install/camera/lib/python3.8/site-packages/camera-0.0.0-py3.8.egg-info
[14.134s] running install_scripts
[15.165s] Installing camera_node script to /workspace/install/camera/lib/camera
[15.166s] writing list of installed files to '/workspace/build/camera/install.log'
[15.266s] Invoked command in '/workspace/src/camera' returned '0': PYTHONPATH=/workspace/build/camera/prefix_override:/usr/lib/python3/dist-packages/colcon_core/task/python/colcon_distutils_commands:/workspace/install/camera/lib/python3.8/site-packages:${PYTHONPATH} /usr/bin/python3 -W ignore:setup.py install is deprecated -W ignore:easy_install command is deprecated setup.py egg_info --egg-base ../../build/camera build --build-base /workspace/build/camera/build install --record /workspace/build/camera/install.log --single-version-externally-managed install_data
