[10.990s] Invoking command in '/workspace/src/yolo': PYTHONPATH=/workspace/build/yolo/prefix_override:/usr/lib/python3/dist-packages/colcon_core/task/python/colcon_distutils_commands:/workspace/install/yolo/lib/python3.8/site-packages:${PYTHONPATH} /usr/bin/python3 -W ignore:setup.py install is deprecated -W ignore:easy_install command is deprecated setup.py egg_info --egg-base ../../build/yolo build --build-base /workspace/build/yolo/build install --record /workspace/build/yolo/install.log --single-version-externally-managed install_data
[13.916s] running egg_info
[14.041s] writing ../../build/yolo/yolo.egg-info/PKG-INFO
[14.043s] writing dependency_links to ../../build/yolo/yolo.egg-info/dependency_links.txt
[14.044s] writing entry points to ../../build/yolo/yolo.egg-info/entry_points.txt
[14.045s] writing requirements to ../../build/yolo/yolo.egg-info/requires.txt
[14.046s] writing top-level names to ../../build/yolo/yolo.egg-info/top_level.txt
[14.321s] reading manifest file '../../build/yolo/yolo.egg-info/SOURCES.txt'
[14.324s] writing manifest file '../../build/yolo/yolo.egg-info/SOURCES.txt'
[14.325s] running build
[14.325s] running build_py
[14.326s] copying yolo/camera_node_sub.py -> /workspace/build/yolo/build/lib/yolo
[14.327s] copying yolo/__init__.py -> /workspace/build/yolo/build/lib/yolo
[14.328s] running install
[14.356s] running install_lib
[14.495s] copying /workspace/build/yolo/build/lib/yolo/camera_node_sub.py -> /workspace/install/yolo/lib/python3.8/site-packages/yolo
[14.506s] byte-compiling /workspace/install/yolo/lib/python3.8/site-packages/yolo/camera_node_sub.py to camera_node_sub.cpython-38.pyc
[14.508s] Sorry: TabError: inconsistent use of tabs and spaces in indentation (camera_node_sub.py, line 63)
[14.509s] running install_data
[14.510s] copying resource/yolo -> /workspace/install/yolo/share/ament_index/resource_index/packages
[14.511s] copying package.xml -> /workspace/install/yolo/share/yolo
[14.511s] running install_egg_info
[14.655s] removing '/workspace/install/yolo/lib/python3.8/site-packages/yolo-0.0.0-py3.8.egg-info' (and everything under it)
[14.656s] Copying ../../build/yolo/yolo.egg-info to /workspace/install/yolo/lib/python3.8/site-packages/yolo-0.0.0-py3.8.egg-info
[14.660s] running install_scripts
[15.726s] Installing yolo_node script to /workspace/install/yolo/lib/yolo
[15.727s] writing list of installed files to '/workspace/build/yolo/install.log'
[15.825s] Invoked command in '/workspace/src/yolo' returned '0': PYTHONPATH=/workspace/build/yolo/prefix_override:/usr/lib/python3/dist-packages/colcon_core/task/python/colcon_distutils_commands:/workspace/install/yolo/lib/python3.8/site-packages:${PYTHONPATH} /usr/bin/python3 -W ignore:setup.py install is deprecated -W ignore:easy_install command is deprecated setup.py egg_info --egg-base ../../build/yolo build --build-base /workspace/build/yolo/build install --record /workspace/build/yolo/install.log --single-version-externally-managed install_data
