[3.599s] Invoking command in '/home/iclab/autorace/src/camera': PYTHONPATH=/home/iclab/autorace/build/camera/prefix_override:/usr/lib/python3/dist-packages/colcon_core/task/python/colcon_distutils_commands:/home/iclab/autorace/install/camera/lib/python3.8/site-packages:${PYTHONPATH} /usr/bin/python3 -W ignore:setup.py install is deprecated -W ignore:easy_install command is deprecated setup.py egg_info --egg-base ../../build/camera build --build-base /home/iclab/autorace/build/camera/build install --record /home/iclab/autorace/build/camera/install.log --single-version-externally-managed install_data
[4.430s] running egg_info
[4.431s] writing ../../build/camera/camera.egg-info/PKG-INFO
[4.432s] writing dependency_links to ../../build/camera/camera.egg-info/dependency_links.txt
[4.433s] writing entry points to ../../build/camera/camera.egg-info/entry_points.txt
[4.433s] writing requirements to ../../build/camera/camera.egg-info/requires.txt
[4.434s] writing top-level names to ../../build/camera/camera.egg-info/top_level.txt
[4.547s] reading manifest file '../../build/camera/camera.egg-info/SOURCES.txt'
[4.550s] writing manifest file '../../build/camera/camera.egg-info/SOURCES.txt'
[4.550s] running build
[4.551s] running build_py
[4.551s] copying camera/camera_node_pub.py -> /home/iclab/autorace/build/camera/build/lib/camera
[4.552s] running install
[4.555s] running install_lib
[4.558s] copying /home/iclab/autorace/build/camera/build/lib/camera/camera_node_pub.py -> /home/iclab/autorace/install/camera/lib/python3.8/site-packages/camera
[4.561s] byte-compiling /home/iclab/autorace/install/camera/lib/python3.8/site-packages/camera/camera_node_pub.py to camera_node_pub.cpython-38.pyc
[4.566s] running install_data
[4.566s] running install_egg_info
[4.572s] removing '/home/iclab/autorace/install/camera/lib/python3.8/site-packages/camera-0.0.0-py3.8.egg-info' (and everything under it)
[4.575s] Copying ../../build/camera/camera.egg-info to /home/iclab/autorace/install/camera/lib/python3.8/site-packages/camera-0.0.0-py3.8.egg-info
[4.579s] running install_scripts
[4.633s] Installing camera_node script to /home/iclab/autorace/install/camera/lib/camera
[4.633s] Installing lane_follower_node script to /home/iclab/autorace/install/camera/lib/camera
[4.634s] Installing yolo_node script to /home/iclab/autorace/install/camera/lib/camera
[4.635s] writing list of installed files to '/home/iclab/autorace/build/camera/install.log'
[4.719s] Invoked command in '/home/iclab/autorace/src/camera' returned '0': PYTHONPATH=/home/iclab/autorace/build/camera/prefix_override:/usr/lib/python3/dist-packages/colcon_core/task/python/colcon_distutils_commands:/home/iclab/autorace/install/camera/lib/python3.8/site-packages:${PYTHONPATH} /usr/bin/python3 -W ignore:setup.py install is deprecated -W ignore:easy_install command is deprecated setup.py egg_info --egg-base ../../build/camera build --build-base /home/iclab/autorace/build/camera/build install --record /home/iclab/autorace/build/camera/install.log --single-version-externally-managed install_data
