[4.873s] Invoking command in '/workspace/build/camera': PYTHONPATH=/workspace/build/camera/prefix_override:/workspace/install/camera/lib/python3.8/site-packages:${PYTHONPATH} /usr/bin/python3 setup.py develop --editable --build-directory /workspace/build/camera/build --no-deps install_data
[5.533s] /usr/local/lib/python3.8/dist-packages/setuptools/_distutils/dist.py:261: UserWarning: Unknown distribution option: 'tests_require'
[5.534s]   warnings.warn(msg)
[6.252s] running develop
[6.252s] /usr/local/lib/python3.8/dist-packages/setuptools/command/develop.py:41: EasyInstallDeprecationWarning: easy_install command is deprecated.
[6.252s] !!
[6.253s] 
[6.253s]         ********************************************************************************
[6.253s]         Please avoid running ``setup.py`` and ``easy_install``.
[6.254s]         Instead, use pypa/build, pypa/installer or other
[6.254s]         standards-based tools.
[6.254s] 
[6.254s]         See https://github.com/pypa/setuptools/issues/917 for details.
[6.255s]         ********************************************************************************
[6.255s] 
[6.255s] !!
[6.256s]   easy_install.initialize_options(self)
[6.382s] /usr/local/lib/python3.8/dist-packages/setuptools/_distutils/cmd.py:66: SetuptoolsDeprecationWarning: setup.py install is deprecated.
[6.382s] !!
[6.382s] 
[6.383s]         ********************************************************************************
[6.383s]         Please avoid running ``setup.py`` directly.
[6.383s]         Instead, use pypa/build, pypa/installer or other
[6.384s]         standards-based tools.
[6.384s] 
[6.384s]         See https://blog.ganssle.io/articles/2021/10/setup-py-deprecated.html for details.
[6.384s]         ********************************************************************************
[6.385s] 
[6.385s] !!
[6.385s]   self.initialize_options()
[7.074s] running egg_info
[7.138s] writing camera.egg-info/PKG-INFO
[7.139s] writing dependency_links to camera.egg-info/dependency_links.txt
[7.141s] writing entry points to camera.egg-info/entry_points.txt
[7.141s] writing requirements to camera.egg-info/requires.txt
[7.142s] writing top-level names to camera.egg-info/top_level.txt
[7.270s] reading manifest file 'camera.egg-info/SOURCES.txt'
[7.275s] writing manifest file 'camera.egg-info/SOURCES.txt'
[7.478s] running build_ext
[7.479s] Creating /workspace/install/camera/lib/python3.8/site-packages/camera.egg-link (link to .)
[7.482s] Installing camera_node script to /workspace/install/camera/lib/camera
[7.484s] Installing lane_follower_node script to /workspace/install/camera/lib/camera
[7.485s] Installing yolo_node script to /workspace/install/camera/lib/camera
[7.485s] 
[7.486s] Installed /workspace/build/camera
[7.486s] running install_data
[7.779s] Invoked command in '/workspace/build/camera' returned '0': PYTHONPATH=/workspace/build/camera/prefix_override:/workspace/install/camera/lib/python3.8/site-packages:${PYTHONPATH} /usr/bin/python3 setup.py develop --editable --build-directory /workspace/build/camera/build --no-deps install_data
