[3.929s] Invoking command in '/home/iclab/autorace/build/camera': PYTHONPATH=/home/iclab/autorace/build/camera/prefix_override:/usr/lib/python3/dist-packages/colcon_core/task/python/colcon_distutils_commands:/home/iclab/autorace/install/camera/lib/python3.8/site-packages:${PYTHONPATH} /usr/bin/python3 -W ignore:setup.py install is deprecated -W ignore:easy_install command is deprecated setup.py develop --editable --build-directory /home/iclab/autorace/build/camera/build --no-deps symlink_data --force
[5.146s] running develop
[5.811s] running egg_info
[5.811s] writing camera.egg-info/PKG-INFO
[5.813s] writing dependency_links to camera.egg-info/dependency_links.txt
[5.814s] writing entry points to camera.egg-info/entry_points.txt
[5.814s] writing requirements to camera.egg-info/requires.txt
[5.814s] writing top-level names to camera.egg-info/top_level.txt
[5.947s] reading manifest file 'camera.egg-info/SOURCES.txt'
[5.951s] writing manifest file 'camera.egg-info/SOURCES.txt'
[6.106s] running build_ext
[6.108s] Creating /home/iclab/autorace/install/camera/lib/python3.8/site-packages/camera.egg-link (link to .)
[6.111s] Installing camera_node script to /home/iclab/autorace/install/camera/lib/camera
[6.112s] Installing lane_follower_node script to /home/iclab/autorace/install/camera/lib/camera
[6.128s] Installing yolo_node script to /home/iclab/autorace/install/camera/lib/camera
[6.129s] 
[6.129s] Installed /home/iclab/autorace/build/camera
[6.129s] running symlink_data
[6.130s] symbolically linking /home/iclab/autorace/build/camera/resource/camera -> /home/iclab/autorace/install/camera/share/ament_index/resource_index/packages
[6.130s] symbolically linking /home/iclab/autorace/build/camera/package.xml -> /home/iclab/autorace/install/camera/share/camera
[6.273s] Invoked command in '/home/iclab/autorace/build/camera' returned '0': PYTHONPATH=/home/iclab/autorace/build/camera/prefix_override:/usr/lib/python3/dist-packages/colcon_core/task/python/colcon_distutils_commands:/home/iclab/autorace/install/camera/lib/python3.8/site-packages:${PYTHONPATH} /usr/bin/python3 -W ignore:setup.py install is deprecated -W ignore:easy_install command is deprecated setup.py develop --editable --build-directory /home/iclab/autorace/build/camera/build --no-deps symlink_data --force
