[3.374s] Invoking command in '/home/iclab/autorace/src/camera': PYTHONPATH=/home/iclab/autorace/build/camera/prefix_override:/usr/lib/python3/dist-packages/colcon_core/task/python/colcon_distutils_commands:/home/iclab/autorace/install/camera/lib/python3.8/site-packages:${PYTHONPATH} /usr/bin/python3 -W ignore:setup.py install is deprecated -W ignore:easy_install command is deprecated setup.py egg_info --egg-base ../../build/camera build --build-base /home/iclab/autorace/build/camera/build install --record /home/iclab/autorace/build/camera/install.log --single-version-externally-managed install_data
[4.233s] running egg_info
[4.235s] writing ../../build/camera/camera.egg-info/PKG-INFO
[4.239s] writing dependency_links to ../../build/camera/camera.egg-info/dependency_links.txt
[4.240s] writing entry points to ../../build/camera/camera.egg-info/entry_points.txt
[4.240s] writing requirements to ../../build/camera/camera.egg-info/requires.txt
[4.241s] writing top-level names to ../../build/camera/camera.egg-info/top_level.txt
[4.357s] reading manifest file '../../build/camera/camera.egg-info/SOURCES.txt'
[4.360s] writing manifest file '../../build/camera/camera.egg-info/SOURCES.txt'
[4.361s] running build
[4.364s] running build_py
[4.364s] copying camera/camera_node_pub.py -> /home/iclab/autorace/build/camera/build/lib/camera
[4.365s] running install
[4.367s] running install_lib
[4.371s] copying /home/iclab/autorace/build/camera/build/lib/camera/camera_node_pub.py -> /home/iclab/autorace/install/camera/lib/python3.8/site-packages/camera
[4.374s] byte-compiling /home/iclab/autorace/install/camera/lib/python3.8/site-packages/camera/camera_node_pub.py to camera_node_pub.cpython-38.pyc
[4.379s] running install_data
[4.380s] running install_egg_info
[4.385s] removing '/home/iclab/autorace/install/camera/lib/python3.8/site-packages/camera-0.0.0-py3.8.egg-info' (and everything under it)
[4.386s] Copying ../../build/camera/camera.egg-info to /home/iclab/autorace/install/camera/lib/python3.8/site-packages/camera-0.0.0-py3.8.egg-info
[4.390s] running install_scripts
[4.448s] Installing camera_node script to /home/iclab/autorace/install/camera/lib/camera
[4.448s] Installing lane_follower_node script to /home/iclab/autorace/install/camera/lib/camera
[4.449s] Installing yolo_node script to /home/iclab/autorace/install/camera/lib/camera
[4.450s] writing list of installed files to '/home/iclab/autorace/build/camera/install.log'
[4.530s] Invoked command in '/home/iclab/autorace/src/camera' returned '0': PYTHONPATH=/home/iclab/autorace/build/camera/prefix_override:/usr/lib/python3/dist-packages/colcon_core/task/python/colcon_distutils_commands:/home/iclab/autorace/install/camera/lib/python3.8/site-packages:${PYTHONPATH} /usr/bin/python3 -W ignore:setup.py install is deprecated -W ignore:easy_install command is deprecated setup.py egg_info --egg-base ../../build/camera build --build-base /home/iclab/autorace/build/camera/build install --record /home/iclab/autorace/build/camera/install.log --single-version-externally-managed install_data
