[2.197s] Invoking command in '/home/iclab/autorace/build/ld08_driver': CMAKE_PREFIX_PATH=/opt/ros/foxy /usr/bin/cmake --build /home/iclab/autorace/build/ld08_driver -- -j8 -l8
[2.609s] [100%] Built target ld08_driver
[2.643s] Invoked command in '/home/iclab/autorace/build/ld08_driver' returned '0': CMAKE_PREFIX_PATH=/opt/ros/foxy /usr/bin/cmake --build /home/iclab/autorace/build/ld08_driver -- -j8 -l8
[2.690s] Invoking command in '/home/iclab/autorace/build/ld08_driver': CMAKE_PREFIX_PATH=/opt/ros/foxy /usr/bin/cmake --install /home/iclab/autorace/build/ld08_driver
[2.767s] -- Install configuration: ""
[2.768s] -- Execute custom install script
[2.770s] -- Up-to-date symlink: /home/iclab/autorace/install/ld08_driver/share/ament_index/resource_index/packages/ld08_driver
[2.772s] -- Up-to-date symlink: /home/iclab/autorace/install/ld08_driver/share/ld08_driver/cmake/ament_cmake_export_dependencies-extras.cmake
[2.773s] -- Up-to-date symlink: /home/iclab/autorace/install/ld08_driver/share/ld08_driver/cmake/ament_cmake_export_include_directories-extras.cmake
[2.775s] -- Up-to-date symlink: /home/iclab/autorace/install/ld08_driver/share/ld08_driver/cmake/ld08_driverConfig.cmake
[2.777s] -- Up-to-date symlink: /home/iclab/autorace/install/ld08_driver/share/ld08_driver/cmake/ld08_driverConfig-version.cmake
[2.781s] -- Up-to-date symlink: /home/iclab/autorace/install/ld08_driver/share/ld08_driver/package.xml
[2.784s] -- Up-to-date symlink: /home/iclab/autorace/install/ld08_driver/share/ld08_driver/launch/ld08.launch.py
[2.786s] -- Up-to-date symlink: /home/iclab/autorace/install/ld08_driver/lib/ld08_driver/ld08_driver
[2.788s] -- Up-to-date symlink: /home/iclab/autorace/install/ld08_driver/share/ament_index/resource_index/package_run_dependencies/ld08_driver
[2.794s] -- Up-to-date symlink: /home/iclab/autorace/install/ld08_driver/share/ament_index/resource_index/parent_prefix_path/ld08_driver
[2.796s] -- Up-to-date symlink: /home/iclab/autorace/install/ld08_driver/share/ld08_driver/environment/ament_prefix_path.sh
[2.799s] -- Up-to-date symlink: /home/iclab/autorace/install/ld08_driver/share/ld08_driver/environment/ament_prefix_path.dsv
[2.802s] -- Up-to-date symlink: /home/iclab/autorace/install/ld08_driver/share/ld08_driver/environment/path.sh
[2.802s] -- Up-to-date symlink: /home/iclab/autorace/install/ld08_driver/share/ld08_driver/environment/path.dsv
[2.805s] -- Up-to-date symlink: /home/iclab/autorace/install/ld08_driver/share/ld08_driver/local_setup.bash
[2.807s] -- Up-to-date symlink: /home/iclab/autorace/install/ld08_driver/share/ld08_driver/local_setup.sh
[2.809s] -- Up-to-date symlink: /home/iclab/autorace/install/ld08_driver/share/ld08_driver/local_setup.zsh
[2.812s] -- Up-to-date symlink: /home/iclab/autorace/install/ld08_driver/share/ld08_driver/local_setup.dsv
[2.814s] -- Symlinking: /home/iclab/autorace/install/ld08_driver/share/ld08_driver/package.dsv
[2.852s] -- Up-to-date symlink: /home/iclab/autorace/install/ld08_driver/share/ament_index/resource_index/packages/ld08_driver
[2.855s] -- Up-to-date symlink: /home/iclab/autorace/install/ld08_driver/share/ld08_driver/cmake/ament_cmake_export_dependencies-extras.cmake
[2.859s] -- Up-to-date symlink: /home/iclab/autorace/install/ld08_driver/share/ld08_driver/cmake/ament_cmake_export_include_directories-extras.cmake
[2.861s] -- Up-to-date symlink: /home/iclab/autorace/install/ld08_driver/share/ld08_driver/cmake/ld08_driverConfig.cmake
[2.862s] -- Up-to-date symlink: /home/iclab/autorace/install/ld08_driver/share/ld08_driver/cmake/ld08_driverConfig-version.cmake
[2.863s] -- Up-to-date symlink: /home/iclab/autorace/install/ld08_driver/share/ld08_driver/package.xml
[2.879s] Invoked command in '/home/iclab/autorace/build/ld08_driver' returned '0': CMAKE_PREFIX_PATH=/opt/ros/foxy /usr/bin/cmake --install /home/iclab/autorace/build/ld08_driver
