[4.535s] Invoking command in '/workspace/build/control': PYTHONPATH=/workspace/build/control/prefix_override:/workspace/install/control/lib/python3.8/site-packages:${PYTHONPATH} /usr/bin/python3 setup.py develop --editable --build-directory /workspace/build/control/build --no-deps install_data
[5.158s] /usr/local/lib/python3.8/dist-packages/setuptools/_distutils/dist.py:261: UserWarning: Unknown distribution option: 'tests_require'
[5.158s]   warnings.warn(msg)
[5.848s] running develop
[5.849s] /usr/local/lib/python3.8/dist-packages/setuptools/command/develop.py:41: EasyInstallDeprecationWarning: easy_install command is deprecated.
[5.850s] !!
[5.850s] 
[5.854s]         ********************************************************************************
[5.855s]         Please avoid running ``setup.py`` and ``easy_install``.
[5.855s]         Instead, use pypa/build, pypa/installer or other
[5.855s]         standards-based tools.
[5.856s] 
[5.856s]         See https://github.com/pypa/setuptools/issues/917 for details.
[5.856s]         ********************************************************************************
[5.857s] 
[5.857s] !!
[5.857s]   easy_install.initialize_options(self)
[5.981s] /usr/local/lib/python3.8/dist-packages/setuptools/_distutils/cmd.py:66: SetuptoolsDeprecationWarning: setup.py install is deprecated.
[5.982s] !!
[5.982s] 
[5.982s]         ********************************************************************************
[5.983s]         Please avoid running ``setup.py`` directly.
[5.983s]         Instead, use pypa/build, pypa/installer or other
[5.983s]         standards-based tools.
[5.984s] 
[5.984s]         See https://blog.ganssle.io/articles/2021/10/setup-py-deprecated.html for details.
[5.984s]         ********************************************************************************
[5.984s] 
[5.985s] !!
[5.985s]   self.initialize_options()
[6.753s] running egg_info
[6.822s] writing control.egg-info/PKG-INFO
[6.823s] writing dependency_links to control.egg-info/dependency_links.txt
[6.823s] writing entry points to control.egg-info/entry_points.txt
[6.826s] writing requirements to control.egg-info/requires.txt
[6.827s] writing top-level names to control.egg-info/top_level.txt
[6.965s] reading manifest file 'control.egg-info/SOURCES.txt'
[6.969s] writing manifest file 'control.egg-info/SOURCES.txt'
[7.175s] running build_ext
[7.175s] Creating /workspace/install/control/lib/python3.8/site-packages/control.egg-link (link to .)
[7.178s] Installing motor_node script to /workspace/install/control/lib/control
[7.180s] 
[7.180s] Installed /workspace/build/control
[7.181s] running install_data
[7.292s] Invoked command in '/workspace/build/control' returned '0': PYTHONPATH=/workspace/build/control/prefix_override:/workspace/install/control/lib/python3.8/site-packages:${PYTHONPATH} /usr/bin/python3 setup.py develop --editable --build-directory /workspace/build/control/build --no-deps install_data
