[2.039s] Invoking command in '/home/iclab/autorace/build/ld08_driver': CMAKE_PREFIX_PATH=/opt/ros/foxy /usr/bin/cmake --build /home/iclab/autorace/build/ld08_driver -- -j8 -l8
[2.455s] [100%] Built target ld08_driver
[2.502s] Invoked command in '/home/iclab/autorace/build/ld08_driver' returned '0': CMAKE_PREFIX_PATH=/opt/ros/foxy /usr/bin/cmake --build /home/iclab/autorace/build/ld08_driver -- -j8 -l8
[2.553s] Invoking command in '/home/iclab/autorace/build/ld08_driver': CMAKE_PREFIX_PATH=/opt/ros/foxy /usr/bin/cmake --install /home/iclab/autorace/build/ld08_driver
[2.594s] -- Install configuration: ""
[2.596s] -- Execute custom install script
[2.599s] -- Up-to-date symlink: /home/iclab/autorace/install/ld08_driver/share/ament_index/resource_index/packages/ld08_driver
[2.601s] -- Up-to-date symlink: /home/iclab/autorace/install/ld08_driver/share/ld08_driver/cmake/ament_cmake_export_dependencies-extras.cmake
[2.603s] -- Up-to-date symlink: /home/iclab/autorace/install/ld08_driver/share/ld08_driver/cmake/ament_cmake_export_include_directories-extras.cmake
[2.605s] -- Up-to-date symlink: /home/iclab/autorace/install/ld08_driver/share/ld08_driver/cmake/ld08_driverConfig.cmake
[2.606s] -- Up-to-date symlink: /home/iclab/autorace/install/ld08_driver/share/ld08_driver/cmake/ld08_driverConfig-version.cmake
[2.607s] -- Up-to-date symlink: /home/iclab/autorace/install/ld08_driver/share/ld08_driver/package.xml
[2.611s] -- Up-to-date symlink: /home/iclab/autorace/install/ld08_driver/share/ld08_driver/launch/ld08.launch.py
[2.613s] -- Up-to-date symlink: /home/iclab/autorace/install/ld08_driver/lib/ld08_driver/ld08_driver
[2.615s] -- Up-to-date symlink: /home/iclab/autorace/install/ld08_driver/share/ament_index/resource_index/package_run_dependencies/ld08_driver
[2.617s] -- Up-to-date symlink: /home/iclab/autorace/install/ld08_driver/share/ament_index/resource_index/parent_prefix_path/ld08_driver
[2.621s] -- Up-to-date symlink: /home/iclab/autorace/install/ld08_driver/share/ld08_driver/environment/ament_prefix_path.sh
[2.624s] -- Up-to-date symlink: /home/iclab/autorace/install/ld08_driver/share/ld08_driver/environment/ament_prefix_path.dsv
[2.626s] -- Up-to-date symlink: /home/iclab/autorace/install/ld08_driver/share/ld08_driver/environment/path.sh
[2.627s] -- Up-to-date symlink: /home/iclab/autorace/install/ld08_driver/share/ld08_driver/environment/path.dsv
[2.629s] -- Up-to-date symlink: /home/iclab/autorace/install/ld08_driver/share/ld08_driver/local_setup.bash
[2.635s] -- Up-to-date symlink: /home/iclab/autorace/install/ld08_driver/share/ld08_driver/local_setup.sh
[2.635s] -- Up-to-date symlink: /home/iclab/autorace/install/ld08_driver/share/ld08_driver/local_setup.zsh
[2.636s] -- Up-to-date symlink: /home/iclab/autorace/install/ld08_driver/share/ld08_driver/local_setup.dsv
[2.636s] -- Symlinking: /home/iclab/autorace/install/ld08_driver/share/ld08_driver/package.dsv
[2.669s] -- Up-to-date symlink: /home/iclab/autorace/install/ld08_driver/share/ament_index/resource_index/packages/ld08_driver
[2.670s] -- Up-to-date symlink: /home/iclab/autorace/install/ld08_driver/share/ld08_driver/cmake/ament_cmake_export_dependencies-extras.cmake
[2.671s] -- Up-to-date symlink: /home/iclab/autorace/install/ld08_driver/share/ld08_driver/cmake/ament_cmake_export_include_directories-extras.cmake
[2.673s] -- Up-to-date symlink: /home/iclab/autorace/install/ld08_driver/share/ld08_driver/cmake/ld08_driverConfig.cmake
[2.673s] -- Up-to-date symlink: /home/iclab/autorace/install/ld08_driver/share/ld08_driver/cmake/ld08_driverConfig-version.cmake
[2.675s] -- Up-to-date symlink: /home/iclab/autorace/install/ld08_driver/share/ld08_driver/package.xml
[2.690s] Invoked command in '/home/iclab/autorace/build/ld08_driver' returned '0': CMAKE_PREFIX_PATH=/opt/ros/foxy /usr/bin/cmake --install /home/iclab/autorace/build/ld08_driver
