[7.797s] Invoking command in '/workspace/build/camera': PYTHONPATH=/workspace/build/camera/prefix_override:/usr/lib/python3/dist-packages/colcon_core/task/python/colcon_distutils_commands:/workspace/install/camera/lib/python3.8/site-packages:${PYTHONPATH} /usr/bin/python3 -W ignore:setup.py install is deprecated -W ignore:easy_install command is deprecated setup.py develop --uninstall --editable --build-directory /workspace/build/camera/build
[10.814s] running develop
[12.225s] Removing /workspace/install/camera/lib/python3.8/site-packages/camera.egg-link (link to .)
[12.348s] Invoked command in '/workspace/build/camera' returned '0': PYTHONPATH=/workspace/build/camera/prefix_override:/usr/lib/python3/dist-packages/colcon_core/task/python/colcon_distutils_commands:/workspace/install/camera/lib/python3.8/site-packages:${PYTHONPATH} /usr/bin/python3 -W ignore:setup.py install is deprecated -W ignore:easy_install command is deprecated setup.py develop --uninstall --editable --build-directory /workspace/build/camera/build
[12.359s] Invoking command in '/workspace/src/camera': PYTHONPATH=/workspace/build/camera/prefix_override:/usr/lib/python3/dist-packages/colcon_core/task/python/colcon_distutils_commands:/workspace/install/camera/lib/python3.8/site-packages:${PYTHONPATH} /usr/bin/python3 -W ignore:setup.py install is deprecated -W ignore:easy_install command is deprecated setup.py egg_info --egg-base ../../build/camera build --build-base /workspace/build/camera/build install --record /workspace/build/camera/install.log --single-version-externally-managed install_data --force
[14.979s] running egg_info
[15.098s] writing ../../build/camera/camera.egg-info/PKG-INFO
[15.100s] writing dependency_links to ../../build/camera/camera.egg-info/dependency_links.txt
[15.101s] writing entry points to ../../build/camera/camera.egg-info/entry_points.txt
[15.102s] writing requirements to ../../build/camera/camera.egg-info/requires.txt
[15.102s] writing top-level names to ../../build/camera/camera.egg-info/top_level.txt
[15.349s] reading manifest file '../../build/camera/camera.egg-info/SOURCES.txt'
[15.352s] writing manifest file '../../build/camera/camera.egg-info/SOURCES.txt'
[15.352s] running build
[15.353s] running build_py
[15.353s] copying camera/camera_node_pub.py -> /workspace/build/camera/build/lib/camera
[15.354s] copying camera/__init__.py -> /workspace/build/camera/build/lib/camera
[15.355s] running install
[15.384s] running install_lib
[15.515s] creating /workspace/install/camera/lib/python3.8/site-packages/camera
[15.516s] copying /workspace/build/camera/build/lib/camera/camera_node_pub.py -> /workspace/install/camera/lib/python3.8/site-packages/camera
[15.517s] copying /workspace/build/camera/build/lib/camera/__init__.py -> /workspace/install/camera/lib/python3.8/site-packages/camera
[15.527s] byte-compiling /workspace/install/camera/lib/python3.8/site-packages/camera/camera_node_pub.py to camera_node_pub.cpython-38.pyc
[15.530s] byte-compiling /workspace/install/camera/lib/python3.8/site-packages/camera/__init__.py to __init__.cpython-38.pyc
[15.533s] running install_data
[15.533s] copying resource/camera -> /workspace/install/camera/share/ament_index/resource_index/packages
[15.536s] copying package.xml -> /workspace/install/camera/share/camera
[15.536s] running install_egg_info
[15.680s] Copying ../../build/camera/camera.egg-info to /workspace/install/camera/lib/python3.8/site-packages/camera-0.0.0-py3.8.egg-info
[15.684s] running install_scripts
[16.701s] Installing camera_node script to /workspace/install/camera/lib/camera
[16.701s] writing list of installed files to '/workspace/build/camera/install.log'
[16.798s] Invoked command in '/workspace/src/camera' returned '0': PYTHONPATH=/workspace/build/camera/prefix_override:/usr/lib/python3/dist-packages/colcon_core/task/python/colcon_distutils_commands:/workspace/install/camera/lib/python3.8/site-packages:${PYTHONPATH} /usr/bin/python3 -W ignore:setup.py install is deprecated -W ignore:easy_install command is deprecated setup.py egg_info --egg-base ../../build/camera build --build-base /workspace/build/camera/build install --record /workspace/build/camera/install.log --single-version-externally-managed install_data --force
