[3.174s] Invoking command in '/workspace/src/control': PYTHONPATH=/workspace/build/control/prefix_override:/usr/lib/python3/dist-packages/colcon_core/task/python/colcon_distutils_commands:/workspace/install/control/lib/python3.8/site-packages:${PYTHONPATH} /usr/bin/python3 -W ignore:setup.py install is deprecated -W ignore:easy_install command is deprecated setup.py egg_info --egg-base ../../build/control build --build-base /workspace/build/control/build install --record /workspace/build/control/install.log --single-version-externally-managed install_data
[3.949s] running egg_info
[3.951s] creating ../../build/control/control.egg-info
[3.953s] writing ../../build/control/control.egg-info/PKG-INFO
[3.956s] writing dependency_links to ../../build/control/control.egg-info/dependency_links.txt
[3.956s] writing entry points to ../../build/control/control.egg-info/entry_points.txt
[3.957s] writing requirements to ../../build/control/control.egg-info/requires.txt
[3.957s] writing top-level names to ../../build/control/control.egg-info/top_level.txt
[3.961s] writing manifest file '../../build/control/control.egg-info/SOURCES.txt'
[4.071s] reading manifest file '../../build/control/control.egg-info/SOURCES.txt'
[4.075s] writing manifest file '../../build/control/control.egg-info/SOURCES.txt'
[4.075s] running build
[4.076s] running build_py
[4.076s] creating /workspace/build/control/build
[4.076s] creating /workspace/build/control/build/lib
[4.076s] creating /workspace/build/control/build/lib/control
[4.078s] copying control/motor_node.py -> /workspace/build/control/build/lib/control
[4.081s] copying control/__init__.py -> /workspace/build/control/build/lib/control
[4.082s] running install
[4.083s] running install_lib
[4.086s] creating /workspace/install/control/lib/python3.8/site-packages/control
[4.086s] copying /workspace/build/control/build/lib/control/motor_node.py -> /workspace/install/control/lib/python3.8/site-packages/control
[4.087s] copying /workspace/build/control/build/lib/control/__init__.py -> /workspace/install/control/lib/python3.8/site-packages/control
[4.090s] byte-compiling /workspace/install/control/lib/python3.8/site-packages/control/motor_node.py to motor_node.cpython-38.pyc
[4.097s] byte-compiling /workspace/install/control/lib/python3.8/site-packages/control/__init__.py to __init__.cpython-38.pyc
[4.097s] running install_data
[4.098s] creating /workspace/install/control/share/ament_index
[4.101s] creating /workspace/install/control/share/ament_index/resource_index
[4.101s] creating /workspace/install/control/share/ament_index/resource_index/packages
[4.102s] copying resource/control -> /workspace/install/control/share/ament_index/resource_index/packages
[4.102s] copying package.xml -> /workspace/install/control/share/control
[4.102s] running install_egg_info
[4.106s] Copying ../../build/control/control.egg-info to /workspace/install/control/lib/python3.8/site-packages/control-0.0.0-py3.8.egg-info
[4.113s] running install_scripts
[4.180s] Installing motor_node script to /workspace/install/control/lib/control
[4.181s] writing list of installed files to '/workspace/build/control/install.log'
[4.265s] Invoked command in '/workspace/src/control' returned '0': PYTHONPATH=/workspace/build/control/prefix_override:/usr/lib/python3/dist-packages/colcon_core/task/python/colcon_distutils_commands:/workspace/install/control/lib/python3.8/site-packages:${PYTHONPATH} /usr/bin/python3 -W ignore:setup.py install is deprecated -W ignore:easy_install command is deprecated setup.py egg_info --egg-base ../../build/control build --build-base /workspace/build/control/build install --record /workspace/build/control/install.log --single-version-externally-managed install_data
