[3.237s] Invoking command in '/workspace/src/control': PYTHONPATH=/workspace/build/control/prefix_override:/usr/lib/python3/dist-packages/colcon_core/task/python/colcon_distutils_commands:/workspace/install/control/lib/python3.8/site-packages:${PYTHONPATH} /usr/bin/python3 -W ignore:setup.py install is deprecated -W ignore:easy_install command is deprecated setup.py egg_info --egg-base ../../build/control build --build-base /workspace/build/control/build install --record /workspace/build/control/install.log --single-version-externally-managed install_data
[4.038s] running egg_info
[4.040s] writing ../../build/control/control.egg-info/PKG-INFO
[4.045s] writing dependency_links to ../../build/control/control.egg-info/dependency_links.txt
[4.045s] writing entry points to ../../build/control/control.egg-info/entry_points.txt
[4.046s] writing requirements to ../../build/control/control.egg-info/requires.txt
[4.046s] writing top-level names to ../../build/control/control.egg-info/top_level.txt
[4.164s] reading manifest file '../../build/control/control.egg-info/SOURCES.txt'
[4.166s] writing manifest file '../../build/control/control.egg-info/SOURCES.txt'
[4.166s] running build
[4.166s] running build_py
[4.167s] running install
[4.168s] running install_lib
[4.174s] running install_data
[4.174s] running install_egg_info
[4.179s] removing '/workspace/install/control/lib/python3.8/site-packages/control-0.0.0-py3.8.egg-info' (and everything under it)
[4.180s] Copying ../../build/control/control.egg-info to /workspace/install/control/lib/python3.8/site-packages/control-0.0.0-py3.8.egg-info
[4.184s] running install_scripts
[4.241s] Installing motor_node script to /workspace/install/control/lib/control
[4.243s] writing list of installed files to '/workspace/build/control/install.log'
[4.328s] Invoked command in '/workspace/src/control' returned '0': PYTHONPATH=/workspace/build/control/prefix_override:/usr/lib/python3/dist-packages/colcon_core/task/python/colcon_distutils_commands:/workspace/install/control/lib/python3.8/site-packages:${PYTHONPATH} /usr/bin/python3 -W ignore:setup.py install is deprecated -W ignore:easy_install command is deprecated setup.py egg_info --egg-base ../../build/control build --build-base /workspace/build/control/build install --record /workspace/build/control/install.log --single-version-externally-managed install_data
