[2.835s] DEBUG:colcon:Command line arguments: ['/usr/bin/colcon', 'build', '--symlink-install']
[2.836s] DEBUG:colcon:Parsed command line arguments: Namespace(allow_overriding=[], ament_cmake_args=None, base_paths=['.'], build_base='build', catkin_cmake_args=None, catkin_skip_building_tests=False, cmake_args=None, cmake_clean_cache=False, cmake_clean_first=False, cmake_force_configure=False, cmake_target=None, cmake_target_skip_unavailable=False, continue_on_error=False, event_handlers=None, executor='parallel', ignore_user_meta=False, install_base='install', log_base=None, log_level=None, main=<bound method BuildVerb.main of <colcon_core.verb.build.BuildVerb object at 0xffff879833d0>>, merge_install=False, metas=['./colcon.meta'], mixin=None, mixin_files=None, mixin_verb=('build',), packages_above=None, packages_above_and_dependencies=None, packages_above_depth=None, packages_end=None, packages_ignore=None, packages_ignore_regex=None, packages_select=None, packages_select_build_failed=False, packages_select_by_dep=None, packages_select_regex=None, packages_select_test_failures=False, packages_skip=None, packages_skip_build_finished=False, packages_skip_by_dep=None, packages_skip_regex=None, packages_skip_test_passed=False, packages_skip_up_to=None, packages_start=None, packages_up_to=None, packages_up_to_regex=None, parallel_workers=8, paths=None, symlink_install=True, test_result_base=None, verb_extension=<colcon_core.verb.build.BuildVerb object at 0xffff879833d0>, verb_name='build', verb_parser=<colcon_mixin.mixin.mixin_argument.MixinArgumentDecorator object at 0xffff87983b50>)
[3.970s] Level 1:colcon.colcon_core.package_discovery:discover_packages(colcon_meta) check parameters
[3.971s] Level 1:colcon.colcon_core.package_discovery:discover_packages(recursive) check parameters
[3.971s] Level 1:colcon.colcon_core.package_discovery:discover_packages(ignore) check parameters
[3.975s] Level 1:colcon.colcon_core.package_discovery:discover_packages(path) check parameters
[3.976s] Level 1:colcon.colcon_core.package_discovery:discover_packages(colcon_meta) discover
[3.976s] Level 1:colcon.colcon_core.package_discovery:discover_packages(recursive) discover
[3.976s] INFO:colcon.colcon_core.package_discovery:Crawling recursively for packages in '/home/iclab/autorace'
[3.977s] Level 1:colcon.colcon_core.package_identification:_identify(.) by extensions ['ignore', 'ignore_ament_install']
[3.977s] Level 1:colcon.colcon_core.package_identification:_identify(.) by extension 'ignore'
[3.978s] Level 1:colcon.colcon_core.package_identification:_identify(.) by extension 'ignore_ament_install'
[3.978s] Level 1:colcon.colcon_core.package_identification:_identify(.) by extensions ['colcon_pkg']
[3.978s] Level 1:colcon.colcon_core.package_identification:_identify(.) by extension 'colcon_pkg'
[3.978s] Level 1:colcon.colcon_core.package_identification:_identify(.) by extensions ['colcon_meta']
[3.978s] Level 1:colcon.colcon_core.package_identification:_identify(.) by extension 'colcon_meta'
[3.979s] Level 1:colcon.colcon_core.package_identification:_identify(.) by extensions ['ros']
[3.979s] Level 1:colcon.colcon_core.package_identification:_identify(.) by extension 'ros'
[4.153s] Level 1:colcon.colcon_core.package_identification:_identify(.) by extensions ['cmake', 'python']
[4.153s] Level 1:colcon.colcon_core.package_identification:_identify(.) by extension 'cmake'
[4.154s] Level 1:colcon.colcon_core.package_identification:_identify(.) by extension 'python'
[4.154s] Level 1:colcon.colcon_core.package_identification:_identify(.) by extensions ['python_setup_py']
[4.154s] Level 1:colcon.colcon_core.package_identification:_identify(.) by extension 'python_setup_py'
[4.155s] Level 1:colcon.colcon_core.package_identification:_identify(build) by extensions ['ignore', 'ignore_ament_install']
[4.155s] Level 1:colcon.colcon_core.package_identification:_identify(build) by extension 'ignore'
[4.156s] Level 1:colcon.colcon_core.package_identification:_identify(build) ignored
[4.156s] Level 1:colcon.colcon_core.package_identification:_identify(docker) by extensions ['ignore', 'ignore_ament_install']
[4.158s] Level 1:colcon.colcon_core.package_identification:_identify(docker) by extension 'ignore'
[4.158s] Level 1:colcon.colcon_core.package_identification:_identify(docker) by extension 'ignore_ament_install'
[4.158s] Level 1:colcon.colcon_core.package_identification:_identify(docker) by extensions ['colcon_pkg']
[4.158s] Level 1:colcon.colcon_core.package_identification:_identify(docker) by extension 'colcon_pkg'
[4.159s] Level 1:colcon.colcon_core.package_identification:_identify(docker) by extensions ['colcon_meta']
[4.159s] Level 1:colcon.colcon_core.package_identification:_identify(docker) by extension 'colcon_meta'
[4.159s] Level 1:colcon.colcon_core.package_identification:_identify(docker) by extensions ['ros']
[4.159s] Level 1:colcon.colcon_core.package_identification:_identify(docker) by extension 'ros'
[4.160s] Level 1:colcon.colcon_core.package_identification:_identify(docker) by extensions ['cmake', 'python']
[4.161s] Level 1:colcon.colcon_core.package_identification:_identify(docker) by extension 'cmake'
[4.162s] Level 1:colcon.colcon_core.package_identification:_identify(docker) by extension 'python'
[4.162s] Level 1:colcon.colcon_core.package_identification:_identify(docker) by extensions ['python_setup_py']
[4.163s] Level 1:colcon.colcon_core.package_identification:_identify(docker) by extension 'python_setup_py'
[4.163s] Level 1:colcon.colcon_core.package_identification:_identify(docker/jetson_r35) by extensions ['ignore', 'ignore_ament_install']
[4.164s] Level 1:colcon.colcon_core.package_identification:_identify(docker/jetson_r35) by extension 'ignore'
[4.164s] Level 1:colcon.colcon_core.package_identification:_identify(docker/jetson_r35) by extension 'ignore_ament_install'
[4.164s] Level 1:colcon.colcon_core.package_identification:_identify(docker/jetson_r35) by extensions ['colcon_pkg']
[4.164s] Level 1:colcon.colcon_core.package_identification:_identify(docker/jetson_r35) by extension 'colcon_pkg'
[4.165s] Level 1:colcon.colcon_core.package_identification:_identify(docker/jetson_r35) by extensions ['colcon_meta']
[4.165s] Level 1:colcon.colcon_core.package_identification:_identify(docker/jetson_r35) by extension 'colcon_meta'
[4.165s] Level 1:colcon.colcon_core.package_identification:_identify(docker/jetson_r35) by extensions ['ros']
[4.165s] Level 1:colcon.colcon_core.package_identification:_identify(docker/jetson_r35) by extension 'ros'
[4.166s] Level 1:colcon.colcon_core.package_identification:_identify(docker/jetson_r35) by extensions ['cmake', 'python']
[4.166s] Level 1:colcon.colcon_core.package_identification:_identify(docker/jetson_r35) by extension 'cmake'
[4.176s] Level 1:colcon.colcon_core.package_identification:_identify(docker/jetson_r35) by extension 'python'
[4.177s] Level 1:colcon.colcon_core.package_identification:_identify(docker/jetson_r35) by extensions ['python_setup_py']
[4.178s] Level 1:colcon.colcon_core.package_identification:_identify(docker/jetson_r35) by extension 'python_setup_py'
[4.178s] Level 1:colcon.colcon_core.package_identification:_identify(install) by extensions ['ignore', 'ignore_ament_install']
[4.180s] Level 1:colcon.colcon_core.package_identification:_identify(install) by extension 'ignore'
[4.180s] Level 1:colcon.colcon_core.package_identification:_identify(install) ignored
[4.184s] Level 1:colcon.colcon_core.package_identification:_identify(log) by extensions ['ignore', 'ignore_ament_install']
[4.184s] Level 1:colcon.colcon_core.package_identification:_identify(log) by extension 'ignore'
[4.185s] Level 1:colcon.colcon_core.package_identification:_identify(log) ignored
[4.200s] Level 1:colcon.colcon_core.package_identification:_identify(src) by extensions ['ignore', 'ignore_ament_install']
[4.203s] Level 1:colcon.colcon_core.package_identification:_identify(src) by extension 'ignore'
[4.204s] Level 1:colcon.colcon_core.package_identification:_identify(src) by extension 'ignore_ament_install'
[4.204s] Level 1:colcon.colcon_core.package_identification:_identify(src) by extensions ['colcon_pkg']
[4.204s] Level 1:colcon.colcon_core.package_identification:_identify(src) by extension 'colcon_pkg'
[4.204s] Level 1:colcon.colcon_core.package_identification:_identify(src) by extensions ['colcon_meta']
[4.204s] Level 1:colcon.colcon_core.package_identification:_identify(src) by extension 'colcon_meta'
[4.205s] Level 1:colcon.colcon_core.package_identification:_identify(src) by extensions ['ros']
[4.205s] Level 1:colcon.colcon_core.package_identification:_identify(src) by extension 'ros'
[4.205s] Level 1:colcon.colcon_core.package_identification:_identify(src) by extensions ['cmake', 'python']
[4.205s] Level 1:colcon.colcon_core.package_identification:_identify(src) by extension 'cmake'
[4.206s] Level 1:colcon.colcon_core.package_identification:_identify(src) by extension 'python'
[4.207s] Level 1:colcon.colcon_core.package_identification:_identify(src) by extensions ['python_setup_py']
[4.207s] Level 1:colcon.colcon_core.package_identification:_identify(src) by extension 'python_setup_py'
[4.208s] Level 1:colcon.colcon_core.package_identification:_identify(src/camera) by extensions ['ignore', 'ignore_ament_install']
[4.208s] Level 1:colcon.colcon_core.package_identification:_identify(src/camera) by extension 'ignore'
[4.208s] Level 1:colcon.colcon_core.package_identification:_identify(src/camera) by extension 'ignore_ament_install'
[4.210s] Level 1:colcon.colcon_core.package_identification:_identify(src/camera) by extensions ['colcon_pkg']
[4.210s] Level 1:colcon.colcon_core.package_identification:_identify(src/camera) by extension 'colcon_pkg'
[4.210s] Level 1:colcon.colcon_core.package_identification:_identify(src/camera) by extensions ['colcon_meta']
[4.210s] Level 1:colcon.colcon_core.package_identification:_identify(src/camera) by extension 'colcon_meta'
[4.210s] Level 1:colcon.colcon_core.package_identification:_identify(src/camera) by extensions ['ros']
[4.211s] Level 1:colcon.colcon_core.package_identification:_identify(src/camera) by extension 'ros'
[4.232s] DEBUG:colcon.colcon_core.package_identification:Package 'src/camera' with type 'ros.ament_python' and name 'camera'
[4.233s] Level 1:colcon.colcon_core.package_identification:_identify(src/control) by extensions ['ignore', 'ignore_ament_install']
[4.234s] Level 1:colcon.colcon_core.package_identification:_identify(src/control) by extension 'ignore'
[4.235s] Level 1:colcon.colcon_core.package_identification:_identify(src/control) by extension 'ignore_ament_install'
[4.236s] Level 1:colcon.colcon_core.package_identification:_identify(src/control) by extensions ['colcon_pkg']
[4.236s] Level 1:colcon.colcon_core.package_identification:_identify(src/control) by extension 'colcon_pkg'
[4.237s] Level 1:colcon.colcon_core.package_identification:_identify(src/control) by extensions ['colcon_meta']
[4.237s] Level 1:colcon.colcon_core.package_identification:_identify(src/control) by extension 'colcon_meta'
[4.238s] Level 1:colcon.colcon_core.package_identification:_identify(src/control) by extensions ['ros']
[4.239s] Level 1:colcon.colcon_core.package_identification:_identify(src/control) by extension 'ros'
[4.244s] DEBUG:colcon.colcon_core.package_identification:Package 'src/control' with type 'ros.ament_python' and name 'control'
[4.244s] Level 1:colcon.colcon_core.package_discovery:discover_packages(recursive) using defaults
[4.245s] Level 1:colcon.colcon_core.package_discovery:discover_packages(ignore) discover
[4.245s] Level 1:colcon.colcon_core.package_discovery:discover_packages(ignore) using defaults
[4.245s] Level 1:colcon.colcon_core.package_discovery:discover_packages(path) discover
[4.245s] Level 1:colcon.colcon_core.package_discovery:discover_packages(path) using defaults
[4.378s] Level 1:colcon.colcon_core.package_discovery:discover_packages(prefix_path) check parameters
[4.378s] Level 1:colcon.colcon_core.package_discovery:discover_packages(prefix_path) discover
[4.397s] DEBUG:colcon.colcon_installed_package_information.package_discovery:Found 256 installed packages in /opt/ros/foxy
[4.413s] Level 1:colcon.colcon_core.package_discovery:discover_packages(prefix_path) using defaults
[4.872s] Level 5:colcon.colcon_core.verb:set package 'camera' build argument 'cmake_args' from command line to 'None'
[4.872s] Level 5:colcon.colcon_core.verb:set package 'camera' build argument 'cmake_target' from command line to 'None'
[4.872s] Level 5:colcon.colcon_core.verb:set package 'camera' build argument 'cmake_target_skip_unavailable' from command line to 'False'
[4.872s] Level 5:colcon.colcon_core.verb:set package 'camera' build argument 'cmake_clean_cache' from command line to 'False'
[4.872s] Level 5:colcon.colcon_core.verb:set package 'camera' build argument 'cmake_clean_first' from command line to 'False'
[4.872s] Level 5:colcon.colcon_core.verb:set package 'camera' build argument 'cmake_force_configure' from command line to 'False'
[4.873s] Level 5:colcon.colcon_core.verb:set package 'camera' build argument 'ament_cmake_args' from command line to 'None'
[4.873s] Level 5:colcon.colcon_core.verb:set package 'camera' build argument 'catkin_cmake_args' from command line to 'None'
[4.873s] Level 5:colcon.colcon_core.verb:set package 'camera' build argument 'catkin_skip_building_tests' from command line to 'False'
[4.873s] DEBUG:colcon.colcon_core.verb:Building package 'camera' with the following arguments: {'ament_cmake_args': None, 'build_base': '/home/iclab/autorace/build/camera', 'catkin_cmake_args': None, 'catkin_skip_building_tests': False, 'cmake_args': None, 'cmake_clean_cache': False, 'cmake_clean_first': False, 'cmake_force_configure': False, 'cmake_target': None, 'cmake_target_skip_unavailable': False, 'install_base': '/home/iclab/autorace/install/camera', 'merge_install': False, 'path': '/home/iclab/autorace/src/camera', 'symlink_install': True, 'test_result_base': None}
[4.874s] Level 5:colcon.colcon_core.verb:set package 'control' build argument 'cmake_args' from command line to 'None'
[4.875s] Level 5:colcon.colcon_core.verb:set package 'control' build argument 'cmake_target' from command line to 'None'
[4.875s] Level 5:colcon.colcon_core.verb:set package 'control' build argument 'cmake_target_skip_unavailable' from command line to 'False'
[4.875s] Level 5:colcon.colcon_core.verb:set package 'control' build argument 'cmake_clean_cache' from command line to 'False'
[4.875s] Level 5:colcon.colcon_core.verb:set package 'control' build argument 'cmake_clean_first' from command line to 'False'
[4.875s] Level 5:colcon.colcon_core.verb:set package 'control' build argument 'cmake_force_configure' from command line to 'False'
[4.875s] Level 5:colcon.colcon_core.verb:set package 'control' build argument 'ament_cmake_args' from command line to 'None'
[4.875s] Level 5:colcon.colcon_core.verb:set package 'control' build argument 'catkin_cmake_args' from command line to 'None'
[4.876s] Level 5:colcon.colcon_core.verb:set package 'control' build argument 'catkin_skip_building_tests' from command line to 'False'
[4.876s] DEBUG:colcon.colcon_core.verb:Building package 'control' with the following arguments: {'ament_cmake_args': None, 'build_base': '/home/iclab/autorace/build/control', 'catkin_cmake_args': None, 'catkin_skip_building_tests': False, 'cmake_args': None, 'cmake_clean_cache': False, 'cmake_clean_first': False, 'cmake_force_configure': False, 'cmake_target': None, 'cmake_target_skip_unavailable': False, 'install_base': '/home/iclab/autorace/install/control', 'merge_install': False, 'path': '/home/iclab/autorace/src/control', 'symlink_install': True, 'test_result_base': None}
[4.877s] INFO:colcon.colcon_core.executor:Executing jobs using 'parallel' executor
[4.880s] DEBUG:colcon.colcon_parallel_executor.executor.parallel:run_until_complete
[4.881s] INFO:colcon.colcon_ros.task.ament_python.build:Building ROS package in '/home/iclab/autorace/src/camera' with build type 'ament_python'
[4.882s] Level 1:colcon.colcon_core.shell:create_environment_hook('camera', 'ament_prefix_path')
[4.898s] INFO:colcon.colcon_core.plugin_system:Skipping extension 'colcon_core.shell.bat': Not used on non-Windows systems
[4.899s] INFO:colcon.colcon_core.shell:Creating environment hook '/home/iclab/autorace/install/camera/share/camera/hook/ament_prefix_path.ps1'
[4.902s] INFO:colcon.colcon_core.shell:Creating environment descriptor '/home/iclab/autorace/install/camera/share/camera/hook/ament_prefix_path.dsv'
[4.905s] INFO:colcon.colcon_core.shell:Creating environment hook '/home/iclab/autorace/install/camera/share/camera/hook/ament_prefix_path.sh'
[4.909s] INFO:colcon.colcon_core.shell:Skip shell extension 'powershell' for command environment: Not usable outside of PowerShell
[4.909s] DEBUG:colcon.colcon_core.shell:Skip shell extension 'dsv' for command environment
[4.939s] INFO:colcon.colcon_ros.task.ament_python.build:Building ROS package in '/home/iclab/autorace/src/control' with build type 'ament_python'
[4.946s] Level 1:colcon.colcon_core.shell:create_environment_hook('control', 'ament_prefix_path')
[4.949s] INFO:colcon.colcon_core.shell:Creating environment hook '/home/iclab/autorace/install/control/share/control/hook/ament_prefix_path.ps1'
[4.952s] INFO:colcon.colcon_core.shell:Creating environment descriptor '/home/iclab/autorace/install/control/share/control/hook/ament_prefix_path.dsv'
[4.960s] INFO:colcon.colcon_core.shell:Creating environment hook '/home/iclab/autorace/install/control/share/control/hook/ament_prefix_path.sh'
[4.965s] INFO:colcon.colcon_core.shell:Skip shell extension 'powershell' for command environment: Not usable outside of PowerShell
[4.965s] DEBUG:colcon.colcon_core.shell:Skip shell extension 'dsv' for command environment
[6.466s] INFO:colcon.colcon_core.task.python.build:Building Python package in '/home/iclab/autorace/src/camera'
[6.470s] INFO:colcon.colcon_core.shell:Skip shell extension 'powershell' for command environment: Not usable outside of PowerShell
[6.470s] DEBUG:colcon.colcon_core.shell:Skip shell extension 'dsv' for command environment
[7.556s] INFO:colcon.colcon_core.task.python.build:Building Python package in '/home/iclab/autorace/src/control'
[7.560s] INFO:colcon.colcon_core.shell:Skip shell extension 'powershell' for command environment: Not usable outside of PowerShell
[7.560s] DEBUG:colcon.colcon_core.shell:Skip shell extension 'dsv' for command environment
[9.674s] DEBUG:colcon.colcon_core.event_handler.log_command:Invoking command in '/home/iclab/autorace/build/camera': PYTHONPATH=/home/iclab/autorace/build/camera/prefix_override:/usr/lib/python3/dist-packages/colcon_core/task/python/colcon_distutils_commands:/home/iclab/autorace/install/camera/lib/python3.8/site-packages:${PYTHONPATH} /usr/bin/python3 -W ignore:setup.py install is deprecated -W ignore:easy_install command is deprecated setup.py develop --editable --build-directory /home/iclab/autorace/build/camera/build --no-deps symlink_data
[9.730s] DEBUG:colcon.colcon_core.event_handler.log_command:Invoking command in '/home/iclab/autorace/build/control': PYTHONPATH=/home/iclab/autorace/build/control/prefix_override:/usr/lib/python3/dist-packages/colcon_core/task/python/colcon_distutils_commands:/home/iclab/autorace/install/control/lib/python3.8/site-packages:${PYTHONPATH} /usr/bin/python3 -W ignore:setup.py install is deprecated -W ignore:easy_install command is deprecated setup.py develop --editable --build-directory /home/iclab/autorace/build/control/build --no-deps symlink_data
[12.135s] Level 1:colcon.colcon_core.shell:create_environment_hook('control', 'pythonpath_develop')
[12.138s] INFO:colcon.colcon_core.shell:Creating environment hook '/home/iclab/autorace/build/control/share/control/hook/pythonpath_develop.ps1'
[12.141s] INFO:colcon.colcon_core.shell:Creating environment descriptor '/home/iclab/autorace/build/control/share/control/hook/pythonpath_develop.dsv'
[12.143s] DEBUG:colcon.colcon_core.event_handler.log_command:Invoked command in '/home/iclab/autorace/build/control' returned '0': PYTHONPATH=/home/iclab/autorace/build/control/prefix_override:/usr/lib/python3/dist-packages/colcon_core/task/python/colcon_distutils_commands:/home/iclab/autorace/install/control/lib/python3.8/site-packages:${PYTHONPATH} /usr/bin/python3 -W ignore:setup.py install is deprecated -W ignore:easy_install command is deprecated setup.py develop --editable --build-directory /home/iclab/autorace/build/control/build --no-deps symlink_data
[12.145s] INFO:colcon.colcon_core.shell:Creating environment hook '/home/iclab/autorace/build/control/share/control/hook/pythonpath_develop.sh'
[12.186s] Level 1:colcon.colcon_core.environment:checking '/home/iclab/autorace/install/control' for CMake module files
[12.189s] Level 1:colcon.colcon_core.environment:checking '/home/iclab/autorace/install/control' for CMake config files
[12.201s] Level 1:colcon.colcon_core.environment:checking '/home/iclab/autorace/install/control/lib'
[12.202s] Level 1:colcon.colcon_core.environment:checking '/home/iclab/autorace/install/control/bin'
[12.202s] Level 1:colcon.colcon_core.environment:checking '/home/iclab/autorace/install/control/lib/pkgconfig/control.pc'
[12.203s] Level 1:colcon.colcon_core.environment:checking '/home/iclab/autorace/install/control/lib/python3.8/site-packages'
[12.204s] Level 1:colcon.colcon_core.shell:create_environment_hook('control', 'pythonpath')
[12.205s] INFO:colcon.colcon_core.shell:Creating environment hook '/home/iclab/autorace/install/control/share/control/hook/pythonpath.ps1'
[12.216s] INFO:colcon.colcon_core.shell:Creating environment descriptor '/home/iclab/autorace/install/control/share/control/hook/pythonpath.dsv'
[12.218s] INFO:colcon.colcon_core.shell:Creating environment hook '/home/iclab/autorace/install/control/share/control/hook/pythonpath.sh'
[12.224s] Level 1:colcon.colcon_core.environment:checking '/home/iclab/autorace/install/control/bin'
[12.226s] Level 1:colcon.colcon_core.environment:create_environment_scripts_only(control)
[12.227s] INFO:colcon.colcon_core.shell:Creating package script '/home/iclab/autorace/install/control/share/control/package.ps1'
[12.238s] INFO:colcon.colcon_core.shell:Creating package descriptor '/home/iclab/autorace/install/control/share/control/package.dsv'
[12.241s] INFO:colcon.colcon_core.shell:Creating package script '/home/iclab/autorace/install/control/share/control/package.sh'
[12.248s] INFO:colcon.colcon_core.shell:Creating package script '/home/iclab/autorace/install/control/share/control/package.bash'
[12.254s] INFO:colcon.colcon_core.shell:Creating package script '/home/iclab/autorace/install/control/share/control/package.zsh'
[12.273s] Level 1:colcon.colcon_core.environment:create_file_with_runtime_dependencies(/home/iclab/autorace/install/control/share/colcon-core/packages/control)
[12.315s] Level 1:colcon.colcon_core.shell:create_environment_hook('camera', 'pythonpath_develop')
[12.318s] DEBUG:colcon.colcon_core.event_handler.log_command:Invoked command in '/home/iclab/autorace/build/camera' returned '0': PYTHONPATH=/home/iclab/autorace/build/camera/prefix_override:/usr/lib/python3/dist-packages/colcon_core/task/python/colcon_distutils_commands:/home/iclab/autorace/install/camera/lib/python3.8/site-packages:${PYTHONPATH} /usr/bin/python3 -W ignore:setup.py install is deprecated -W ignore:easy_install command is deprecated setup.py develop --editable --build-directory /home/iclab/autorace/build/camera/build --no-deps symlink_data
[12.319s] INFO:colcon.colcon_core.shell:Creating environment hook '/home/iclab/autorace/build/camera/share/camera/hook/pythonpath_develop.ps1'
[12.323s] INFO:colcon.colcon_core.shell:Creating environment descriptor '/home/iclab/autorace/build/camera/share/camera/hook/pythonpath_develop.dsv'
[12.325s] INFO:colcon.colcon_core.shell:Creating environment hook '/home/iclab/autorace/build/camera/share/camera/hook/pythonpath_develop.sh'
[12.328s] Level 1:colcon.colcon_core.environment:checking '/home/iclab/autorace/install/camera' for CMake module files
[12.331s] Level 1:colcon.colcon_core.environment:checking '/home/iclab/autorace/install/camera' for CMake config files
[12.335s] Level 1:colcon.colcon_core.environment:checking '/home/iclab/autorace/install/camera/lib'
[12.335s] Level 1:colcon.colcon_core.environment:checking '/home/iclab/autorace/install/camera/bin'
[12.336s] Level 1:colcon.colcon_core.environment:checking '/home/iclab/autorace/install/camera/lib/pkgconfig/camera.pc'
[12.337s] Level 1:colcon.colcon_core.environment:checking '/home/iclab/autorace/install/camera/lib/python3.8/site-packages'
[12.337s] Level 1:colcon.colcon_core.shell:create_environment_hook('camera', 'pythonpath')
[12.354s] INFO:colcon.colcon_core.shell:Creating environment hook '/home/iclab/autorace/install/camera/share/camera/hook/pythonpath.ps1'
[12.356s] INFO:colcon.colcon_core.shell:Creating environment descriptor '/home/iclab/autorace/install/camera/share/camera/hook/pythonpath.dsv'
[12.359s] INFO:colcon.colcon_core.shell:Creating environment hook '/home/iclab/autorace/install/camera/share/camera/hook/pythonpath.sh'
[12.363s] Level 1:colcon.colcon_core.environment:checking '/home/iclab/autorace/install/camera/bin'
[12.363s] Level 1:colcon.colcon_core.environment:create_environment_scripts_only(camera)
[12.366s] INFO:colcon.colcon_core.shell:Creating package script '/home/iclab/autorace/install/camera/share/camera/package.ps1'
[12.374s] INFO:colcon.colcon_core.shell:Creating package descriptor '/home/iclab/autorace/install/camera/share/camera/package.dsv'
[12.380s] INFO:colcon.colcon_core.shell:Creating package script '/home/iclab/autorace/install/camera/share/camera/package.sh'
[12.390s] INFO:colcon.colcon_core.shell:Creating package script '/home/iclab/autorace/install/camera/share/camera/package.bash'
[12.392s] INFO:colcon.colcon_core.shell:Creating package script '/home/iclab/autorace/install/camera/share/camera/package.zsh'
[12.393s] Level 1:colcon.colcon_core.environment:create_file_with_runtime_dependencies(/home/iclab/autorace/install/camera/share/colcon-core/packages/camera)
[12.420s] DEBUG:colcon.colcon_parallel_executor.executor.parallel:closing loop
[12.421s] DEBUG:colcon.colcon_parallel_executor.executor.parallel:loop closed
[12.423s] DEBUG:colcon.colcon_parallel_executor.executor.parallel:run_until_complete finished with '0'
[12.424s] DEBUG:colcon.colcon_core.event_reactor:joining thread
[12.466s] INFO:colcon.colcon_core.plugin_system:Skipping extension 'colcon_notification.desktop_notification.terminal_notifier': Not used on non-Darwin systems
[12.467s] INFO:colcon.colcon_core.plugin_system:Skipping extension 'colcon_notification.desktop_notification.win32': Not used on non-Windows systems
[12.468s] INFO:colcon.colcon_notification.desktop_notification:Sending desktop notification using 'notify2'
[12.584s] DEBUG:colcon.colcon_core.event_reactor:joined thread
[12.590s] INFO:colcon.colcon_core.shell:Creating prefix script '/home/iclab/autorace/install/local_setup.ps1'
[12.595s] INFO:colcon.colcon_core.shell:Creating prefix util module '/home/iclab/autorace/install/_local_setup_util_ps1.py'
[12.608s] INFO:colcon.colcon_core.shell:Creating prefix chain script '/home/iclab/autorace/install/setup.ps1'
[12.614s] INFO:colcon.colcon_core.shell:Creating prefix script '/home/iclab/autorace/install/local_setup.sh'
[12.619s] INFO:colcon.colcon_core.shell:Creating prefix util module '/home/iclab/autorace/install/_local_setup_util_sh.py'
[12.625s] INFO:colcon.colcon_core.shell:Creating prefix chain script '/home/iclab/autorace/install/setup.sh'
[12.630s] INFO:colcon.colcon_core.shell:Creating prefix script '/home/iclab/autorace/install/local_setup.bash'
[12.638s] INFO:colcon.colcon_core.shell:Creating prefix chain script '/home/iclab/autorace/install/setup.bash'
[12.644s] INFO:colcon.colcon_core.shell:Creating prefix script '/home/iclab/autorace/install/local_setup.zsh'
[12.647s] INFO:colcon.colcon_core.shell:Creating prefix chain script '/home/iclab/autorace/install/setup.zsh'
