[7.860s] DEBUG:colcon:Command line arguments: ['/usr/bin/colcon', 'build']
[7.861s] DEBUG:colcon:Parsed command line arguments: Namespace(ament_cmake_args=None, base_paths=['.'], build_base='build', catkin_cmake_args=None, catkin_skip_building_tests=False, cmake_args=None, cmake_clean_cache=False, cmake_clean_first=False, cmake_force_configure=False, cmake_target=None, cmake_target_skip_unavailable=False, continue_on_error=False, event_handlers=None, executor='parallel', ignore_user_meta=False, install_base='install', log_base=None, log_level=None, main=<bound method BuildVerb.main of <colcon_core.verb.build.BuildVerb object at 0xffff854ff670>>, merge_install=False, metas=['./colcon.meta'], packages_above=None, packages_above_and_dependencies=None, packages_above_depth=None, packages_end=None, packages_ignore=None, packages_ignore_regex=None, packages_select=None, packages_select_build_failed=False, packages_select_by_dep=None, packages_select_regex=None, packages_select_test_failures=False, packages_skip=None, packages_skip_build_finished=False, packages_skip_by_dep=None, packages_skip_regex=None, packages_skip_test_passed=False, packages_skip_up_to=None, packages_start=None, packages_up_to=None, packages_up_to_regex=None, parallel_workers=8, paths=None, symlink_install=False, test_result_base=None, verb_extension=<colcon_core.verb.build.BuildVerb object at 0xffff854ff670>, verb_name='build', verb_parser=<colcon_defaults.argument_parser.defaults.DefaultArgumentsDecorator object at 0xffff854ffb80>)
[8.202s] Level 1:colcon.colcon_core.package_discovery:discover_packages(colcon_meta) check parameters
[8.202s] Level 1:colcon.colcon_core.package_discovery:discover_packages(recursive) check parameters
[8.202s] Level 1:colcon.colcon_core.package_discovery:discover_packages(ignore) check parameters
[8.203s] Level 1:colcon.colcon_core.package_discovery:discover_packages(path) check parameters
[8.203s] Level 1:colcon.colcon_core.package_discovery:discover_packages(colcon_meta) discover
[8.203s] Level 1:colcon.colcon_core.package_discovery:discover_packages(recursive) discover
[8.203s] INFO:colcon.colcon_core.package_discovery:Crawling recursively for packages in '/workspace'
[8.203s] Level 1:colcon.colcon_core.package_identification:_identify(.) by extensions ['ignore', 'ignore_ament_install']
[8.204s] Level 1:colcon.colcon_core.package_identification:_identify(.) by extension 'ignore'
[8.204s] Level 1:colcon.colcon_core.package_identification:_identify(.) by extension 'ignore_ament_install'
[8.204s] Level 1:colcon.colcon_core.package_identification:_identify(.) by extensions ['colcon_pkg']
[8.204s] Level 1:colcon.colcon_core.package_identification:_identify(.) by extension 'colcon_pkg'
[8.205s] Level 1:colcon.colcon_core.package_identification:_identify(.) by extensions ['colcon_meta']
[8.205s] Level 1:colcon.colcon_core.package_identification:_identify(.) by extension 'colcon_meta'
[8.205s] Level 1:colcon.colcon_core.package_identification:_identify(.) by extensions ['ros']
[8.205s] Level 1:colcon.colcon_core.package_identification:_identify(.) by extension 'ros'
[8.251s] Level 1:colcon.colcon_core.package_identification:_identify(.) by extensions ['cmake', 'python']
[8.251s] Level 1:colcon.colcon_core.package_identification:_identify(.) by extension 'cmake'
[8.251s] Level 1:colcon.colcon_core.package_identification:_identify(.) by extension 'python'
[8.251s] Level 1:colcon.colcon_core.package_identification:_identify(.) by extensions ['python_setup_py']
[8.252s] Level 1:colcon.colcon_core.package_identification:_identify(.) by extension 'python_setup_py'
[8.252s] Level 1:colcon.colcon_core.package_identification:_identify(build) by extensions ['ignore', 'ignore_ament_install']
[8.252s] Level 1:colcon.colcon_core.package_identification:_identify(build) by extension 'ignore'
[8.252s] Level 1:colcon.colcon_core.package_identification:_identify(build) ignored
[8.253s] Level 1:colcon.colcon_core.package_identification:_identify(docker) by extensions ['ignore', 'ignore_ament_install']
[8.253s] Level 1:colcon.colcon_core.package_identification:_identify(docker) by extension 'ignore'
[8.253s] Level 1:colcon.colcon_core.package_identification:_identify(docker) by extension 'ignore_ament_install'
[8.254s] Level 1:colcon.colcon_core.package_identification:_identify(docker) by extensions ['colcon_pkg']
[8.254s] Level 1:colcon.colcon_core.package_identification:_identify(docker) by extension 'colcon_pkg'
[8.254s] Level 1:colcon.colcon_core.package_identification:_identify(docker) by extensions ['colcon_meta']
[8.254s] Level 1:colcon.colcon_core.package_identification:_identify(docker) by extension 'colcon_meta'
[8.254s] Level 1:colcon.colcon_core.package_identification:_identify(docker) by extensions ['ros']
[8.254s] Level 1:colcon.colcon_core.package_identification:_identify(docker) by extension 'ros'
[8.255s] Level 1:colcon.colcon_core.package_identification:_identify(docker) by extensions ['cmake', 'python']
[8.255s] Level 1:colcon.colcon_core.package_identification:_identify(docker) by extension 'cmake'
[8.255s] Level 1:colcon.colcon_core.package_identification:_identify(docker) by extension 'python'
[8.255s] Level 1:colcon.colcon_core.package_identification:_identify(docker) by extensions ['python_setup_py']
[8.255s] Level 1:colcon.colcon_core.package_identification:_identify(docker) by extension 'python_setup_py'
[8.255s] Level 1:colcon.colcon_core.package_identification:_identify(docker/jetson_r35) by extensions ['ignore', 'ignore_ament_install']
[8.256s] Level 1:colcon.colcon_core.package_identification:_identify(docker/jetson_r35) by extension 'ignore'
[8.256s] Level 1:colcon.colcon_core.package_identification:_identify(docker/jetson_r35) by extension 'ignore_ament_install'
[8.256s] Level 1:colcon.colcon_core.package_identification:_identify(docker/jetson_r35) by extensions ['colcon_pkg']
[8.256s] Level 1:colcon.colcon_core.package_identification:_identify(docker/jetson_r35) by extension 'colcon_pkg'
[8.256s] Level 1:colcon.colcon_core.package_identification:_identify(docker/jetson_r35) by extensions ['colcon_meta']
[8.256s] Level 1:colcon.colcon_core.package_identification:_identify(docker/jetson_r35) by extension 'colcon_meta'
[8.257s] Level 1:colcon.colcon_core.package_identification:_identify(docker/jetson_r35) by extensions ['ros']
[8.257s] Level 1:colcon.colcon_core.package_identification:_identify(docker/jetson_r35) by extension 'ros'
[8.257s] Level 1:colcon.colcon_core.package_identification:_identify(docker/jetson_r35) by extensions ['cmake', 'python']
[8.257s] Level 1:colcon.colcon_core.package_identification:_identify(docker/jetson_r35) by extension 'cmake'
[8.257s] Level 1:colcon.colcon_core.package_identification:_identify(docker/jetson_r35) by extension 'python'
[8.257s] Level 1:colcon.colcon_core.package_identification:_identify(docker/jetson_r35) by extensions ['python_setup_py']
[8.258s] Level 1:colcon.colcon_core.package_identification:_identify(docker/jetson_r35) by extension 'python_setup_py'
[8.258s] Level 1:colcon.colcon_core.package_identification:_identify(install) by extensions ['ignore', 'ignore_ament_install']
[8.258s] Level 1:colcon.colcon_core.package_identification:_identify(install) by extension 'ignore'
[8.258s] Level 1:colcon.colcon_core.package_identification:_identify(install) ignored
[8.259s] Level 1:colcon.colcon_core.package_identification:_identify(log) by extensions ['ignore', 'ignore_ament_install']
[8.259s] Level 1:colcon.colcon_core.package_identification:_identify(log) by extension 'ignore'
[8.259s] Level 1:colcon.colcon_core.package_identification:_identify(log) ignored
[8.259s] Level 1:colcon.colcon_core.package_identification:_identify(src) by extensions ['ignore', 'ignore_ament_install']
[8.260s] Level 1:colcon.colcon_core.package_identification:_identify(src) by extension 'ignore'
[8.260s] Level 1:colcon.colcon_core.package_identification:_identify(src) by extension 'ignore_ament_install'
[8.260s] Level 1:colcon.colcon_core.package_identification:_identify(src) by extensions ['colcon_pkg']
[8.260s] Level 1:colcon.colcon_core.package_identification:_identify(src) by extension 'colcon_pkg'
[8.260s] Level 1:colcon.colcon_core.package_identification:_identify(src) by extensions ['colcon_meta']
[8.261s] Level 1:colcon.colcon_core.package_identification:_identify(src) by extension 'colcon_meta'
[8.261s] Level 1:colcon.colcon_core.package_identification:_identify(src) by extensions ['ros']
[8.261s] Level 1:colcon.colcon_core.package_identification:_identify(src) by extension 'ros'
[8.261s] Level 1:colcon.colcon_core.package_identification:_identify(src) by extensions ['cmake', 'python']
[8.261s] Level 1:colcon.colcon_core.package_identification:_identify(src) by extension 'cmake'
[8.261s] Level 1:colcon.colcon_core.package_identification:_identify(src) by extension 'python'
[8.261s] Level 1:colcon.colcon_core.package_identification:_identify(src) by extensions ['python_setup_py']
[8.262s] Level 1:colcon.colcon_core.package_identification:_identify(src) by extension 'python_setup_py'
[8.262s] Level 1:colcon.colcon_core.package_identification:_identify(src/camera) by extensions ['ignore', 'ignore_ament_install']
[8.262s] Level 1:colcon.colcon_core.package_identification:_identify(src/camera) by extension 'ignore'
[8.262s] Level 1:colcon.colcon_core.package_identification:_identify(src/camera) by extension 'ignore_ament_install'
[8.262s] Level 1:colcon.colcon_core.package_identification:_identify(src/camera) by extensions ['colcon_pkg']
[8.263s] Level 1:colcon.colcon_core.package_identification:_identify(src/camera) by extension 'colcon_pkg'
[8.263s] Level 1:colcon.colcon_core.package_identification:_identify(src/camera) by extensions ['colcon_meta']
[8.263s] Level 1:colcon.colcon_core.package_identification:_identify(src/camera) by extension 'colcon_meta'
[8.263s] Level 1:colcon.colcon_core.package_identification:_identify(src/camera) by extensions ['ros']
[8.263s] Level 1:colcon.colcon_core.package_identification:_identify(src/camera) by extension 'ros'
[8.272s] DEBUG:colcon.colcon_core.package_identification:Package 'src/camera' with type 'ros.ament_python' and name 'camera'
[8.272s] Level 1:colcon.colcon_core.package_identification:_identify(src/control) by extensions ['ignore', 'ignore_ament_install']
[8.273s] Level 1:colcon.colcon_core.package_identification:_identify(src/control) by extension 'ignore'
[8.273s] Level 1:colcon.colcon_core.package_identification:_identify(src/control) by extension 'ignore_ament_install'
[8.273s] Level 1:colcon.colcon_core.package_identification:_identify(src/control) by extensions ['colcon_pkg']
[8.273s] Level 1:colcon.colcon_core.package_identification:_identify(src/control) by extension 'colcon_pkg'
[8.274s] Level 1:colcon.colcon_core.package_identification:_identify(src/control) by extensions ['colcon_meta']
[8.274s] Level 1:colcon.colcon_core.package_identification:_identify(src/control) by extension 'colcon_meta'
[8.274s] Level 1:colcon.colcon_core.package_identification:_identify(src/control) by extensions ['ros']
[8.274s] Level 1:colcon.colcon_core.package_identification:_identify(src/control) by extension 'ros'
[8.276s] DEBUG:colcon.colcon_core.package_identification:Package 'src/control' with type 'ros.ament_python' and name 'control'
[8.276s] Level 1:colcon.colcon_core.package_discovery:discover_packages(recursive) using defaults
[8.276s] Level 1:colcon.colcon_core.package_discovery:discover_packages(ignore) discover
[8.276s] Level 1:colcon.colcon_core.package_discovery:discover_packages(ignore) using defaults
[8.276s] Level 1:colcon.colcon_core.package_discovery:discover_packages(path) discover
[8.276s] Level 1:colcon.colcon_core.package_discovery:discover_packages(path) using defaults
[8.542s] Level 5:colcon.colcon_core.verb:set package 'camera' build argument 'cmake_args' from command line to 'None'
[8.542s] Level 5:colcon.colcon_core.verb:set package 'camera' build argument 'cmake_target' from command line to 'None'
[8.542s] Level 5:colcon.colcon_core.verb:set package 'camera' build argument 'cmake_target_skip_unavailable' from command line to 'False'
[8.542s] Level 5:colcon.colcon_core.verb:set package 'camera' build argument 'cmake_clean_cache' from command line to 'False'
[8.542s] Level 5:colcon.colcon_core.verb:set package 'camera' build argument 'cmake_clean_first' from command line to 'False'
[8.543s] Level 5:colcon.colcon_core.verb:set package 'camera' build argument 'cmake_force_configure' from command line to 'False'
[8.543s] Level 5:colcon.colcon_core.verb:set package 'camera' build argument 'ament_cmake_args' from command line to 'None'
[8.543s] Level 5:colcon.colcon_core.verb:set package 'camera' build argument 'catkin_cmake_args' from command line to 'None'
[8.543s] Level 5:colcon.colcon_core.verb:set package 'camera' build argument 'catkin_skip_building_tests' from command line to 'False'
[8.543s] DEBUG:colcon.colcon_core.verb:Building package 'camera' with the following arguments: {'ament_cmake_args': None, 'build_base': '/workspace/build/camera', 'catkin_cmake_args': None, 'catkin_skip_building_tests': False, 'cmake_args': None, 'cmake_clean_cache': False, 'cmake_clean_first': False, 'cmake_force_configure': False, 'cmake_target': None, 'cmake_target_skip_unavailable': False, 'install_base': '/workspace/install/camera', 'merge_install': False, 'path': '/workspace/src/camera', 'symlink_install': False, 'test_result_base': None}
[8.596s] Level 5:colcon.colcon_core.verb:set package 'control' build argument 'cmake_args' from command line to 'None'
[8.596s] Level 5:colcon.colcon_core.verb:set package 'control' build argument 'cmake_target' from command line to 'None'
[8.596s] Level 5:colcon.colcon_core.verb:set package 'control' build argument 'cmake_target_skip_unavailable' from command line to 'False'
[8.596s] Level 5:colcon.colcon_core.verb:set package 'control' build argument 'cmake_clean_cache' from command line to 'False'
[8.596s] Level 5:colcon.colcon_core.verb:set package 'control' build argument 'cmake_clean_first' from command line to 'False'
[8.596s] Level 5:colcon.colcon_core.verb:set package 'control' build argument 'cmake_force_configure' from command line to 'False'
[8.597s] Level 5:colcon.colcon_core.verb:set package 'control' build argument 'ament_cmake_args' from command line to 'None'
[8.597s] Level 5:colcon.colcon_core.verb:set package 'control' build argument 'catkin_cmake_args' from command line to 'None'
[8.597s] Level 5:colcon.colcon_core.verb:set package 'control' build argument 'catkin_skip_building_tests' from command line to 'False'
[8.597s] DEBUG:colcon.colcon_core.verb:Building package 'control' with the following arguments: {'ament_cmake_args': None, 'build_base': '/workspace/build/control', 'catkin_cmake_args': None, 'catkin_skip_building_tests': False, 'cmake_args': None, 'cmake_clean_cache': False, 'cmake_clean_first': False, 'cmake_force_configure': False, 'cmake_target': None, 'cmake_target_skip_unavailable': False, 'install_base': '/workspace/install/control', 'merge_install': False, 'path': '/workspace/src/control', 'symlink_install': False, 'test_result_base': None}
[8.647s] INFO:colcon.colcon_core.executor:Executing jobs using 'parallel' executor
[8.698s] DEBUG:colcon.colcon_parallel_executor.executor.parallel:run_until_complete
[8.699s] INFO:colcon.colcon_ros.task.ament_python.build:Building ROS package in '/workspace/src/camera' with build type 'ament_python'
[8.700s] Level 1:colcon.colcon_core.shell:create_environment_hook('camera', 'ament_prefix_path')
[8.756s] INFO:colcon.colcon_core.plugin_system:Skipping extension 'colcon_core.shell.bat': Not used on non-Windows systems
[8.757s] INFO:colcon.colcon_core.shell:Creating environment hook '/workspace/install/camera/share/camera/hook/ament_prefix_path.ps1'
[8.759s] INFO:colcon.colcon_core.shell:Creating environment descriptor '/workspace/install/camera/share/camera/hook/ament_prefix_path.dsv'
[8.761s] INFO:colcon.colcon_core.shell:Creating environment hook '/workspace/install/camera/share/camera/hook/ament_prefix_path.sh'
[8.818s] INFO:colcon.colcon_core.shell:Skip shell extension 'powershell' for command environment: Not usable outside of PowerShell
[8.819s] DEBUG:colcon.colcon_core.shell:Skip shell extension 'dsv' for command environment
[9.022s] INFO:colcon.colcon_ros.task.ament_python.build:Building ROS package in '/workspace/src/control' with build type 'ament_python'
[9.024s] Level 1:colcon.colcon_core.shell:create_environment_hook('control', 'ament_prefix_path')
[9.084s] INFO:colcon.colcon_core.shell:Creating environment hook '/workspace/install/control/share/control/hook/ament_prefix_path.ps1'
[9.087s] INFO:colcon.colcon_core.shell:Creating environment descriptor '/workspace/install/control/share/control/hook/ament_prefix_path.dsv'
[9.089s] INFO:colcon.colcon_core.shell:Creating environment hook '/workspace/install/control/share/control/hook/ament_prefix_path.sh'
[9.144s] INFO:colcon.colcon_core.shell:Skip shell extension 'powershell' for command environment: Not usable outside of PowerShell
[9.145s] DEBUG:colcon.colcon_core.shell:Skip shell extension 'dsv' for command environment
[10.150s] INFO:colcon.colcon_core.task.python.build:Building Python package in '/workspace/src/camera'
[10.205s] INFO:colcon.colcon_core.shell:Skip shell extension 'powershell' for command environment: Not usable outside of PowerShell
[10.205s] DEBUG:colcon.colcon_core.shell:Skip shell extension 'dsv' for command environment
[11.155s] INFO:colcon.colcon_core.task.python.build:Building Python package in '/workspace/src/control'
[11.215s] INFO:colcon.colcon_core.shell:Skip shell extension 'powershell' for command environment: Not usable outside of PowerShell
[11.215s] DEBUG:colcon.colcon_core.shell:Skip shell extension 'dsv' for command environment
[13.785s] DEBUG:colcon.colcon_core.event_handler.log_command:Invoking command in '/workspace/src/control': PYTHONPATH=/workspace/build/control/prefix_override:/workspace/install/control/lib/python3.8/site-packages:${PYTHONPATH} /usr/bin/python3 setup.py egg_info --egg-base ../../build/control build --build-base /workspace/build/control/build install --record /workspace/build/control/install.log --single-version-externally-managed
[13.818s] DEBUG:colcon.colcon_core.event_handler.log_command:Invoking command in '/workspace/src/camera': PYTHONPATH=/workspace/build/camera/prefix_override:/workspace/install/camera/lib/python3.8/site-packages:${PYTHONPATH} /usr/bin/python3 setup.py egg_info --egg-base ../../build/camera build --build-base /workspace/build/camera/build install --record /workspace/build/camera/install.log --single-version-externally-managed
[15.777s] DEBUG:colcon.colcon_core.event_handler.log_command:Invoked command in '/workspace/src/control' returned '0': PYTHONPATH=/workspace/build/control/prefix_override:/workspace/install/control/lib/python3.8/site-packages:${PYTHONPATH} /usr/bin/python3 setup.py egg_info --egg-base ../../build/control build --build-base /workspace/build/control/build install --record /workspace/build/control/install.log --single-version-externally-managed
[15.847s] Level 1:colcon.colcon_core.environment:checking '/workspace/install/control' for CMake module files
[15.849s] Level 1:colcon.colcon_core.environment:checking '/workspace/install/control' for CMake config files
[15.853s] Level 1:colcon.colcon_core.environment:checking '/workspace/install/control/lib'
[15.854s] Level 1:colcon.colcon_core.environment:checking '/workspace/install/control/bin'
[15.854s] Level 1:colcon.colcon_core.environment:checking '/workspace/install/control/lib/pkgconfig/control.pc'
[15.855s] Level 1:colcon.colcon_core.environment:checking '/workspace/install/control/lib/python3.8/site-packages'
[15.855s] Level 1:colcon.colcon_core.shell:create_environment_hook('control', 'pythonpath')
[15.905s] INFO:colcon.colcon_core.shell:Creating environment hook '/workspace/install/control/share/control/hook/pythonpath.ps1'
[15.907s] INFO:colcon.colcon_core.shell:Creating environment descriptor '/workspace/install/control/share/control/hook/pythonpath.dsv'
[15.909s] INFO:colcon.colcon_core.shell:Creating environment hook '/workspace/install/control/share/control/hook/pythonpath.sh'
[15.911s] Level 1:colcon.colcon_core.environment:checking '/workspace/install/control/bin'
[15.911s] Level 1:colcon.colcon_core.environment:create_environment_scripts_only(control)
[15.959s] INFO:colcon.colcon_core.shell:Creating package script '/workspace/install/control/share/control/package.ps1'
[15.963s] INFO:colcon.colcon_core.shell:Creating package descriptor '/workspace/install/control/share/control/package.dsv'
[15.966s] INFO:colcon.colcon_core.shell:Creating package script '/workspace/install/control/share/control/package.sh'
[15.969s] INFO:colcon.colcon_core.shell:Creating package script '/workspace/install/control/share/control/package.bash'
[15.972s] INFO:colcon.colcon_core.shell:Creating package script '/workspace/install/control/share/control/package.zsh'
[15.974s] Level 1:colcon.colcon_core.environment:create_file_with_runtime_dependencies(/workspace/install/control/share/colcon-core/packages/control)
[15.980s] DEBUG:colcon.colcon_core.event_handler.log_command:Invoked command in '/workspace/src/camera' returned '0': PYTHONPATH=/workspace/build/camera/prefix_override:/workspace/install/camera/lib/python3.8/site-packages:${PYTHONPATH} /usr/bin/python3 setup.py egg_info --egg-base ../../build/camera build --build-base /workspace/build/camera/build install --record /workspace/build/camera/install.log --single-version-externally-managed
[16.041s] Level 1:colcon.colcon_core.environment:checking '/workspace/install/camera' for CMake module files
[16.043s] Level 1:colcon.colcon_core.environment:checking '/workspace/install/camera' for CMake config files
[16.046s] Level 1:colcon.colcon_core.environment:checking '/workspace/install/camera/lib'
[16.046s] Level 1:colcon.colcon_core.environment:checking '/workspace/install/camera/bin'
[16.046s] Level 1:colcon.colcon_core.environment:checking '/workspace/install/camera/lib/pkgconfig/camera.pc'
[16.047s] Level 1:colcon.colcon_core.environment:checking '/workspace/install/camera/lib/python3.8/site-packages'
[16.047s] Level 1:colcon.colcon_core.shell:create_environment_hook('camera', 'pythonpath')
[16.110s] INFO:colcon.colcon_core.shell:Creating environment hook '/workspace/install/camera/share/camera/hook/pythonpath.ps1'
[16.112s] INFO:colcon.colcon_core.shell:Creating environment descriptor '/workspace/install/camera/share/camera/hook/pythonpath.dsv'
[16.114s] INFO:colcon.colcon_core.shell:Creating environment hook '/workspace/install/camera/share/camera/hook/pythonpath.sh'
[16.116s] Level 1:colcon.colcon_core.environment:checking '/workspace/install/camera/bin'
[16.116s] Level 1:colcon.colcon_core.environment:create_environment_scripts_only(camera)
[16.169s] INFO:colcon.colcon_core.shell:Creating package script '/workspace/install/camera/share/camera/package.ps1'
[16.172s] INFO:colcon.colcon_core.shell:Creating package descriptor '/workspace/install/camera/share/camera/package.dsv'
[16.174s] INFO:colcon.colcon_core.shell:Creating package script '/workspace/install/camera/share/camera/package.sh'
[16.176s] INFO:colcon.colcon_core.shell:Creating package script '/workspace/install/camera/share/camera/package.bash'
[16.177s] INFO:colcon.colcon_core.shell:Creating package script '/workspace/install/camera/share/camera/package.zsh'
[16.178s] Level 1:colcon.colcon_core.environment:create_file_with_runtime_dependencies(/workspace/install/camera/share/colcon-core/packages/camera)
[16.179s] DEBUG:colcon.colcon_parallel_executor.executor.parallel:closing loop
[16.181s] DEBUG:colcon.colcon_parallel_executor.executor.parallel:loop closed
[16.181s] DEBUG:colcon.colcon_parallel_executor.executor.parallel:run_until_complete finished with '0'
[16.182s] DEBUG:colcon.colcon_core.event_reactor:joining thread
[16.255s] INFO:colcon.colcon_core.plugin_system:Skipping extension 'colcon_notification.desktop_notification.notify_send': Could not find 'notify-send'
[16.255s] INFO:colcon.colcon_core.plugin_system:Skipping extension 'colcon_notification.desktop_notification.terminal_notifier': Not used on non-Darwin systems
[16.256s] INFO:colcon.colcon_core.plugin_system:Skipping extension 'colcon_notification.desktop_notification.win32': Not used on non-Windows systems
[16.256s] INFO:colcon.colcon_notification.desktop_notification:Sending desktop notification using 'notify2'
[16.275s] DEBUG:colcon.colcon_notification.desktop_notification.notify2:Failed to initialize notify2: org.freedesktop.DBus.Error.ServiceUnknown: The name org.freedesktop.Notifications was not provided by any .service files
[16.277s] DEBUG:colcon.colcon_core.event_reactor:joined thread
[16.332s] INFO:colcon.colcon_core.shell:Creating prefix script '/workspace/install/local_setup.ps1'
[16.337s] INFO:colcon.colcon_core.shell:Creating prefix util module '/workspace/install/_local_setup_util_ps1.py'
[16.341s] INFO:colcon.colcon_core.shell:Creating prefix chain script '/workspace/install/setup.ps1'
[16.392s] INFO:colcon.colcon_core.shell:Creating prefix script '/workspace/install/local_setup.sh'
[16.395s] INFO:colcon.colcon_core.shell:Creating prefix util module '/workspace/install/_local_setup_util_sh.py'
[16.396s] INFO:colcon.colcon_core.shell:Creating prefix chain script '/workspace/install/setup.sh'
[16.448s] INFO:colcon.colcon_core.shell:Creating prefix script '/workspace/install/local_setup.bash'
[16.450s] INFO:colcon.colcon_core.shell:Creating prefix chain script '/workspace/install/setup.bash'
[16.501s] INFO:colcon.colcon_core.shell:Creating prefix script '/workspace/install/local_setup.zsh'
[16.503s] INFO:colcon.colcon_core.shell:Creating prefix chain script '/workspace/install/setup.zsh'
