[0.871s] DEBUG:colcon:Command line arguments: ['/usr/bin/colcon', 'build', '--symlink-install']
[0.872s] DEBUG:colcon:Parsed command line arguments: Namespace(allow_overriding=[], ament_cmake_args=None, base_paths=['.'], build_base='build', catkin_cmake_args=None, catkin_skip_building_tests=False, cmake_args=None, cmake_clean_cache=False, cmake_clean_first=False, cmake_force_configure=False, cmake_target=None, cmake_target_skip_unavailable=False, continue_on_error=False, event_handlers=None, executor='parallel', ignore_user_meta=False, install_base='install', log_base=None, log_level=None, main=<bound method BuildVerb.main of <colcon_core.verb.build.BuildVerb object at 0xffff929de370>>, merge_install=False, metas=['./colcon.meta'], mixin=None, mixin_files=None, mixin_verb=('build',), packages_above=None, packages_above_and_dependencies=None, packages_above_depth=None, packages_end=None, packages_ignore=None, packages_ignore_regex=None, packages_select=None, packages_select_build_failed=False, packages_select_by_dep=None, packages_select_regex=None, packages_select_test_failures=False, packages_skip=None, packages_skip_build_finished=False, packages_skip_by_dep=None, packages_skip_regex=None, packages_skip_test_passed=False, packages_skip_up_to=None, packages_start=None, packages_up_to=None, packages_up_to_regex=None, parallel_workers=8, paths=None, symlink_install=True, test_result_base=None, verb_extension=<colcon_core.verb.build.BuildVerb object at 0xffff929de370>, verb_name='build', verb_parser=<colcon_mixin.mixin.mixin_argument.MixinArgumentDecorator object at 0xffff929deaf0>)
[1.501s] Level 1:colcon.colcon_core.package_discovery:discover_packages(colcon_meta) check parameters
[1.502s] Level 1:colcon.colcon_core.package_discovery:discover_packages(recursive) check parameters
[1.502s] Level 1:colcon.colcon_core.package_discovery:discover_packages(ignore) check parameters
[1.502s] Level 1:colcon.colcon_core.package_discovery:discover_packages(path) check parameters
[1.502s] Level 1:colcon.colcon_core.package_discovery:discover_packages(colcon_meta) discover
[1.502s] Level 1:colcon.colcon_core.package_discovery:discover_packages(recursive) discover
[1.503s] INFO:colcon.colcon_core.package_discovery:Crawling recursively for packages in '/home/iclab/autorace'
[1.503s] Level 1:colcon.colcon_core.package_identification:_identify(.) by extensions ['ignore', 'ignore_ament_install']
[1.503s] Level 1:colcon.colcon_core.package_identification:_identify(.) by extension 'ignore'
[1.504s] Level 1:colcon.colcon_core.package_identification:_identify(.) by extension 'ignore_ament_install'
[1.504s] Level 1:colcon.colcon_core.package_identification:_identify(.) by extensions ['colcon_pkg']
[1.504s] Level 1:colcon.colcon_core.package_identification:_identify(.) by extension 'colcon_pkg'
[1.504s] Level 1:colcon.colcon_core.package_identification:_identify(.) by extensions ['colcon_meta']
[1.504s] Level 1:colcon.colcon_core.package_identification:_identify(.) by extension 'colcon_meta'
[1.504s] Level 1:colcon.colcon_core.package_identification:_identify(.) by extensions ['ros']
[1.505s] Level 1:colcon.colcon_core.package_identification:_identify(.) by extension 'ros'
[1.633s] Level 1:colcon.colcon_core.package_identification:_identify(.) by extensions ['cmake', 'python']
[1.633s] Level 1:colcon.colcon_core.package_identification:_identify(.) by extension 'cmake'
[1.633s] Level 1:colcon.colcon_core.package_identification:_identify(.) by extension 'python'
[1.634s] Level 1:colcon.colcon_core.package_identification:_identify(.) by extensions ['python_setup_py']
[1.634s] Level 1:colcon.colcon_core.package_identification:_identify(.) by extension 'python_setup_py'
[1.634s] Level 1:colcon.colcon_core.package_identification:_identify(build) by extensions ['ignore', 'ignore_ament_install']
[1.635s] Level 1:colcon.colcon_core.package_identification:_identify(build) by extension 'ignore'
[1.635s] Level 1:colcon.colcon_core.package_identification:_identify(build) ignored
[1.635s] Level 1:colcon.colcon_core.package_identification:_identify(docker) by extensions ['ignore', 'ignore_ament_install']
[1.636s] Level 1:colcon.colcon_core.package_identification:_identify(docker) by extension 'ignore'
[1.636s] Level 1:colcon.colcon_core.package_identification:_identify(docker) by extension 'ignore_ament_install'
[1.636s] Level 1:colcon.colcon_core.package_identification:_identify(docker) by extensions ['colcon_pkg']
[1.636s] Level 1:colcon.colcon_core.package_identification:_identify(docker) by extension 'colcon_pkg'
[1.636s] Level 1:colcon.colcon_core.package_identification:_identify(docker) by extensions ['colcon_meta']
[1.637s] Level 1:colcon.colcon_core.package_identification:_identify(docker) by extension 'colcon_meta'
[1.637s] Level 1:colcon.colcon_core.package_identification:_identify(docker) by extensions ['ros']
[1.637s] Level 1:colcon.colcon_core.package_identification:_identify(docker) by extension 'ros'
[1.637s] Level 1:colcon.colcon_core.package_identification:_identify(docker) by extensions ['cmake', 'python']
[1.637s] Level 1:colcon.colcon_core.package_identification:_identify(docker) by extension 'cmake'
[1.637s] Level 1:colcon.colcon_core.package_identification:_identify(docker) by extension 'python'
[1.637s] Level 1:colcon.colcon_core.package_identification:_identify(docker) by extensions ['python_setup_py']
[1.638s] Level 1:colcon.colcon_core.package_identification:_identify(docker) by extension 'python_setup_py'
[1.638s] Level 1:colcon.colcon_core.package_identification:_identify(docker/jetson_r35) by extensions ['ignore', 'ignore_ament_install']
[1.639s] Level 1:colcon.colcon_core.package_identification:_identify(docker/jetson_r35) by extension 'ignore'
[1.639s] Level 1:colcon.colcon_core.package_identification:_identify(docker/jetson_r35) by extension 'ignore_ament_install'
[1.639s] Level 1:colcon.colcon_core.package_identification:_identify(docker/jetson_r35) by extensions ['colcon_pkg']
[1.639s] Level 1:colcon.colcon_core.package_identification:_identify(docker/jetson_r35) by extension 'colcon_pkg'
[1.639s] Level 1:colcon.colcon_core.package_identification:_identify(docker/jetson_r35) by extensions ['colcon_meta']
[1.639s] Level 1:colcon.colcon_core.package_identification:_identify(docker/jetson_r35) by extension 'colcon_meta'
[1.640s] Level 1:colcon.colcon_core.package_identification:_identify(docker/jetson_r35) by extensions ['ros']
[1.640s] Level 1:colcon.colcon_core.package_identification:_identify(docker/jetson_r35) by extension 'ros'
[1.640s] Level 1:colcon.colcon_core.package_identification:_identify(docker/jetson_r35) by extensions ['cmake', 'python']
[1.640s] Level 1:colcon.colcon_core.package_identification:_identify(docker/jetson_r35) by extension 'cmake'
[1.640s] Level 1:colcon.colcon_core.package_identification:_identify(docker/jetson_r35) by extension 'python'
[1.641s] Level 1:colcon.colcon_core.package_identification:_identify(docker/jetson_r35) by extensions ['python_setup_py']
[1.641s] Level 1:colcon.colcon_core.package_identification:_identify(docker/jetson_r35) by extension 'python_setup_py'
[1.641s] Level 1:colcon.colcon_core.package_identification:_identify(install) by extensions ['ignore', 'ignore_ament_install']
[1.642s] Level 1:colcon.colcon_core.package_identification:_identify(install) by extension 'ignore'
[1.642s] Level 1:colcon.colcon_core.package_identification:_identify(install) ignored
[1.643s] Level 1:colcon.colcon_core.package_identification:_identify(log) by extensions ['ignore', 'ignore_ament_install']
[1.643s] Level 1:colcon.colcon_core.package_identification:_identify(log) by extension 'ignore'
[1.643s] Level 1:colcon.colcon_core.package_identification:_identify(log) ignored
[1.644s] Level 1:colcon.colcon_core.package_identification:_identify(src) by extensions ['ignore', 'ignore_ament_install']
[1.644s] Level 1:colcon.colcon_core.package_identification:_identify(src) by extension 'ignore'
[1.644s] Level 1:colcon.colcon_core.package_identification:_identify(src) by extension 'ignore_ament_install'
[1.645s] Level 1:colcon.colcon_core.package_identification:_identify(src) by extensions ['colcon_pkg']
[1.645s] Level 1:colcon.colcon_core.package_identification:_identify(src) by extension 'colcon_pkg'
[1.645s] Level 1:colcon.colcon_core.package_identification:_identify(src) by extensions ['colcon_meta']
[1.645s] Level 1:colcon.colcon_core.package_identification:_identify(src) by extension 'colcon_meta'
[1.645s] Level 1:colcon.colcon_core.package_identification:_identify(src) by extensions ['ros']
[1.645s] Level 1:colcon.colcon_core.package_identification:_identify(src) by extension 'ros'
[1.646s] Level 1:colcon.colcon_core.package_identification:_identify(src) by extensions ['cmake', 'python']
[1.646s] Level 1:colcon.colcon_core.package_identification:_identify(src) by extension 'cmake'
[1.646s] Level 1:colcon.colcon_core.package_identification:_identify(src) by extension 'python'
[1.646s] Level 1:colcon.colcon_core.package_identification:_identify(src) by extensions ['python_setup_py']
[1.646s] Level 1:colcon.colcon_core.package_identification:_identify(src) by extension 'python_setup_py'
[1.647s] Level 1:colcon.colcon_core.package_identification:_identify(src/camera) by extensions ['ignore', 'ignore_ament_install']
[1.647s] Level 1:colcon.colcon_core.package_identification:_identify(src/camera) by extension 'ignore'
[1.647s] Level 1:colcon.colcon_core.package_identification:_identify(src/camera) by extension 'ignore_ament_install'
[1.647s] Level 1:colcon.colcon_core.package_identification:_identify(src/camera) by extensions ['colcon_pkg']
[1.647s] Level 1:colcon.colcon_core.package_identification:_identify(src/camera) by extension 'colcon_pkg'
[1.648s] Level 1:colcon.colcon_core.package_identification:_identify(src/camera) by extensions ['colcon_meta']
[1.648s] Level 1:colcon.colcon_core.package_identification:_identify(src/camera) by extension 'colcon_meta'
[1.648s] Level 1:colcon.colcon_core.package_identification:_identify(src/camera) by extensions ['ros']
[1.648s] Level 1:colcon.colcon_core.package_identification:_identify(src/camera) by extension 'ros'
[1.657s] DEBUG:colcon.colcon_core.package_identification:Package 'src/camera' with type 'ros.ament_python' and name 'camera'
[1.658s] Level 1:colcon.colcon_core.package_identification:_identify(src/control) by extensions ['ignore', 'ignore_ament_install']
[1.658s] Level 1:colcon.colcon_core.package_identification:_identify(src/control) by extension 'ignore'
[1.659s] Level 1:colcon.colcon_core.package_identification:_identify(src/control) by extension 'ignore_ament_install'
[1.659s] Level 1:colcon.colcon_core.package_identification:_identify(src/control) by extensions ['colcon_pkg']
[1.659s] Level 1:colcon.colcon_core.package_identification:_identify(src/control) by extension 'colcon_pkg'
[1.659s] Level 1:colcon.colcon_core.package_identification:_identify(src/control) by extensions ['colcon_meta']
[1.659s] Level 1:colcon.colcon_core.package_identification:_identify(src/control) by extension 'colcon_meta'
[1.660s] Level 1:colcon.colcon_core.package_identification:_identify(src/control) by extensions ['ros']
[1.660s] Level 1:colcon.colcon_core.package_identification:_identify(src/control) by extension 'ros'
[1.662s] DEBUG:colcon.colcon_core.package_identification:Package 'src/control' with type 'ros.ament_python' and name 'control'
[1.662s] Level 1:colcon.colcon_core.package_identification:_identify(src/ld08_driver) by extensions ['ignore', 'ignore_ament_install']
[1.663s] Level 1:colcon.colcon_core.package_identification:_identify(src/ld08_driver) by extension 'ignore'
[1.663s] Level 1:colcon.colcon_core.package_identification:_identify(src/ld08_driver) by extension 'ignore_ament_install'
[1.664s] Level 1:colcon.colcon_core.package_identification:_identify(src/ld08_driver) by extensions ['colcon_pkg']
[1.664s] Level 1:colcon.colcon_core.package_identification:_identify(src/ld08_driver) by extension 'colcon_pkg'
[1.664s] Level 1:colcon.colcon_core.package_identification:_identify(src/ld08_driver) by extensions ['colcon_meta']
[1.664s] Level 1:colcon.colcon_core.package_identification:_identify(src/ld08_driver) by extension 'colcon_meta'
[1.664s] Level 1:colcon.colcon_core.package_identification:_identify(src/ld08_driver) by extensions ['ros']
[1.664s] Level 1:colcon.colcon_core.package_identification:_identify(src/ld08_driver) by extension 'ros'
[1.667s] DEBUG:colcon.colcon_core.package_identification:Package 'src/ld08_driver' with type 'ros.ament_cmake' and name 'ld08_driver'
[1.668s] Level 1:colcon.colcon_core.package_discovery:discover_packages(recursive) using defaults
[1.668s] Level 1:colcon.colcon_core.package_discovery:discover_packages(ignore) discover
[1.668s] Level 1:colcon.colcon_core.package_discovery:discover_packages(ignore) using defaults
[1.668s] Level 1:colcon.colcon_core.package_discovery:discover_packages(path) discover
[1.668s] Level 1:colcon.colcon_core.package_discovery:discover_packages(path) using defaults
[1.726s] Level 1:colcon.colcon_core.package_discovery:discover_packages(prefix_path) check parameters
[1.726s] Level 1:colcon.colcon_core.package_discovery:discover_packages(prefix_path) discover
[1.737s] DEBUG:colcon.colcon_installed_package_information.package_discovery:Found 256 installed packages in /opt/ros/foxy
[1.745s] Level 1:colcon.colcon_core.package_discovery:discover_packages(prefix_path) using defaults
[1.949s] Level 5:colcon.colcon_core.verb:set package 'camera' build argument 'cmake_args' from command line to 'None'
[1.950s] Level 5:colcon.colcon_core.verb:set package 'camera' build argument 'cmake_target' from command line to 'None'
[1.950s] Level 5:colcon.colcon_core.verb:set package 'camera' build argument 'cmake_target_skip_unavailable' from command line to 'False'
[1.950s] Level 5:colcon.colcon_core.verb:set package 'camera' build argument 'cmake_clean_cache' from command line to 'False'
[1.950s] Level 5:colcon.colcon_core.verb:set package 'camera' build argument 'cmake_clean_first' from command line to 'False'
[1.950s] Level 5:colcon.colcon_core.verb:set package 'camera' build argument 'cmake_force_configure' from command line to 'False'
[1.950s] Level 5:colcon.colcon_core.verb:set package 'camera' build argument 'ament_cmake_args' from command line to 'None'
[1.950s] Level 5:colcon.colcon_core.verb:set package 'camera' build argument 'catkin_cmake_args' from command line to 'None'
[1.951s] Level 5:colcon.colcon_core.verb:set package 'camera' build argument 'catkin_skip_building_tests' from command line to 'False'
[1.951s] DEBUG:colcon.colcon_core.verb:Building package 'camera' with the following arguments: {'ament_cmake_args': None, 'build_base': '/home/iclab/autorace/build/camera', 'catkin_cmake_args': None, 'catkin_skip_building_tests': False, 'cmake_args': None, 'cmake_clean_cache': False, 'cmake_clean_first': False, 'cmake_force_configure': False, 'cmake_target': None, 'cmake_target_skip_unavailable': False, 'install_base': '/home/iclab/autorace/install/camera', 'merge_install': False, 'path': '/home/iclab/autorace/src/camera', 'symlink_install': True, 'test_result_base': None}
[1.952s] Level 5:colcon.colcon_core.verb:set package 'control' build argument 'cmake_args' from command line to 'None'
[1.952s] Level 5:colcon.colcon_core.verb:set package 'control' build argument 'cmake_target' from command line to 'None'
[1.952s] Level 5:colcon.colcon_core.verb:set package 'control' build argument 'cmake_target_skip_unavailable' from command line to 'False'
[1.952s] Level 5:colcon.colcon_core.verb:set package 'control' build argument 'cmake_clean_cache' from command line to 'False'
[1.952s] Level 5:colcon.colcon_core.verb:set package 'control' build argument 'cmake_clean_first' from command line to 'False'
[1.952s] Level 5:colcon.colcon_core.verb:set package 'control' build argument 'cmake_force_configure' from command line to 'False'
[1.952s] Level 5:colcon.colcon_core.verb:set package 'control' build argument 'ament_cmake_args' from command line to 'None'
[1.953s] Level 5:colcon.colcon_core.verb:set package 'control' build argument 'catkin_cmake_args' from command line to 'None'
[1.953s] Level 5:colcon.colcon_core.verb:set package 'control' build argument 'catkin_skip_building_tests' from command line to 'False'
[1.953s] DEBUG:colcon.colcon_core.verb:Building package 'control' with the following arguments: {'ament_cmake_args': None, 'build_base': '/home/iclab/autorace/build/control', 'catkin_cmake_args': None, 'catkin_skip_building_tests': False, 'cmake_args': None, 'cmake_clean_cache': False, 'cmake_clean_first': False, 'cmake_force_configure': False, 'cmake_target': None, 'cmake_target_skip_unavailable': False, 'install_base': '/home/iclab/autorace/install/control', 'merge_install': False, 'path': '/home/iclab/autorace/src/control', 'symlink_install': True, 'test_result_base': None}
[1.954s] Level 5:colcon.colcon_core.verb:set package 'ld08_driver' build argument 'cmake_args' from command line to 'None'
[1.954s] Level 5:colcon.colcon_core.verb:set package 'ld08_driver' build argument 'cmake_target' from command line to 'None'
[1.954s] Level 5:colcon.colcon_core.verb:set package 'ld08_driver' build argument 'cmake_target_skip_unavailable' from command line to 'False'
[1.954s] Level 5:colcon.colcon_core.verb:set package 'ld08_driver' build argument 'cmake_clean_cache' from command line to 'False'
[1.954s] Level 5:colcon.colcon_core.verb:set package 'ld08_driver' build argument 'cmake_clean_first' from command line to 'False'
[1.954s] Level 5:colcon.colcon_core.verb:set package 'ld08_driver' build argument 'cmake_force_configure' from command line to 'False'
[1.954s] Level 5:colcon.colcon_core.verb:set package 'ld08_driver' build argument 'ament_cmake_args' from command line to 'None'
[1.955s] Level 5:colcon.colcon_core.verb:set package 'ld08_driver' build argument 'catkin_cmake_args' from command line to 'None'
[1.955s] Level 5:colcon.colcon_core.verb:set package 'ld08_driver' build argument 'catkin_skip_building_tests' from command line to 'False'
[1.955s] DEBUG:colcon.colcon_core.verb:Building package 'ld08_driver' with the following arguments: {'ament_cmake_args': None, 'build_base': '/home/iclab/autorace/build/ld08_driver', 'catkin_cmake_args': None, 'catkin_skip_building_tests': False, 'cmake_args': None, 'cmake_clean_cache': False, 'cmake_clean_first': False, 'cmake_force_configure': False, 'cmake_target': None, 'cmake_target_skip_unavailable': False, 'install_base': '/home/iclab/autorace/install/ld08_driver', 'merge_install': False, 'path': '/home/iclab/autorace/src/ld08_driver', 'symlink_install': True, 'test_result_base': None}
[1.955s] INFO:colcon.colcon_core.executor:Executing jobs using 'parallel' executor
[1.958s] DEBUG:colcon.colcon_parallel_executor.executor.parallel:run_until_complete
[1.960s] INFO:colcon.colcon_ros.task.ament_python.build:Building ROS package in '/home/iclab/autorace/src/camera' with build type 'ament_python'
[1.960s] Level 1:colcon.colcon_core.shell:create_environment_hook('camera', 'ament_prefix_path')
[1.967s] INFO:colcon.colcon_core.plugin_system:Skipping extension 'colcon_core.shell.bat': Not used on non-Windows systems
[1.968s] INFO:colcon.colcon_core.shell:Creating environment hook '/home/iclab/autorace/install/camera/share/camera/hook/ament_prefix_path.ps1'
[1.970s] INFO:colcon.colcon_core.shell:Creating environment descriptor '/home/iclab/autorace/install/camera/share/camera/hook/ament_prefix_path.dsv'
[1.972s] INFO:colcon.colcon_core.shell:Creating environment hook '/home/iclab/autorace/install/camera/share/camera/hook/ament_prefix_path.sh'
[1.974s] INFO:colcon.colcon_core.shell:Skip shell extension 'powershell' for command environment: Not usable outside of PowerShell
[1.974s] DEBUG:colcon.colcon_core.shell:Skip shell extension 'dsv' for command environment
[1.991s] INFO:colcon.colcon_ros.task.ament_python.build:Building ROS package in '/home/iclab/autorace/src/control' with build type 'ament_python'
[1.994s] Level 1:colcon.colcon_core.shell:create_environment_hook('control', 'ament_prefix_path')
[1.997s] INFO:colcon.colcon_core.shell:Creating environment hook '/home/iclab/autorace/install/control/share/control/hook/ament_prefix_path.ps1'
[2.001s] INFO:colcon.colcon_core.shell:Creating environment descriptor '/home/iclab/autorace/install/control/share/control/hook/ament_prefix_path.dsv'
[2.003s] INFO:colcon.colcon_core.shell:Creating environment hook '/home/iclab/autorace/install/control/share/control/hook/ament_prefix_path.sh'
[2.005s] INFO:colcon.colcon_core.shell:Skip shell extension 'powershell' for command environment: Not usable outside of PowerShell
[2.005s] DEBUG:colcon.colcon_core.shell:Skip shell extension 'dsv' for command environment
[2.022s] INFO:colcon.colcon_ros.task.ament_cmake.build:Building ROS package in '/home/iclab/autorace/src/ld08_driver' with build type 'ament_cmake'
[2.025s] INFO:colcon.colcon_cmake.task.cmake.build:Building CMake package in '/home/iclab/autorace/src/ld08_driver'
[2.029s] INFO:colcon.colcon_core.shell:Skip shell extension 'powershell' for command environment: Not usable outside of PowerShell
[2.030s] DEBUG:colcon.colcon_core.shell:Skip shell extension 'dsv' for command environment
[2.914s] INFO:colcon.colcon_core.task.python.build:Building Python package in '/home/iclab/autorace/src/camera'
[2.917s] INFO:colcon.colcon_core.shell:Skip shell extension 'powershell' for command environment: Not usable outside of PowerShell
[2.917s] DEBUG:colcon.colcon_core.shell:Skip shell extension 'dsv' for command environment
[3.782s] INFO:colcon.colcon_core.task.python.build:Building Python package in '/home/iclab/autorace/src/control'
[3.785s] INFO:colcon.colcon_core.shell:Skip shell extension 'powershell' for command environment: Not usable outside of PowerShell
[3.785s] DEBUG:colcon.colcon_core.shell:Skip shell extension 'dsv' for command environment
[3.832s] DEBUG:colcon.colcon_core.event_handler.log_command:Invoking command in '/home/iclab/autorace/build/ld08_driver': CMAKE_PREFIX_PATH=/opt/ros/foxy /usr/bin/cmake --build /home/iclab/autorace/build/ld08_driver -- -j8 -l8
[4.123s] DEBUG:colcon.colcon_core.event_handler.log_command:Invoked command in '/home/iclab/autorace/build/ld08_driver' returned '0': CMAKE_PREFIX_PATH=/opt/ros/foxy /usr/bin/cmake --build /home/iclab/autorace/build/ld08_driver -- -j8 -l8
[4.176s] DEBUG:colcon.colcon_core.event_handler.log_command:Invoking command in '/home/iclab/autorace/build/ld08_driver': CMAKE_PREFIX_PATH=/opt/ros/foxy /usr/bin/cmake --install /home/iclab/autorace/build/ld08_driver
[4.295s] Level 1:colcon.colcon_core.environment:create_environment_scripts_only(ld08_driver)
[4.301s] DEBUG:colcon.colcon_core.event_handler.log_command:Invoked command in '/home/iclab/autorace/build/ld08_driver' returned '0': CMAKE_PREFIX_PATH=/opt/ros/foxy /usr/bin/cmake --install /home/iclab/autorace/build/ld08_driver
[4.310s] Level 1:colcon.colcon_core.environment:checking '/home/iclab/autorace/install/ld08_driver' for CMake module files
[4.312s] Level 1:colcon.colcon_core.environment:checking '/home/iclab/autorace/install/ld08_driver' for CMake config files
[4.314s] Level 1:colcon.colcon_core.shell:create_environment_hook('ld08_driver', 'cmake_prefix_path')
[4.315s] INFO:colcon.colcon_core.shell:Creating environment hook '/home/iclab/autorace/install/ld08_driver/share/ld08_driver/hook/cmake_prefix_path.ps1'
[4.318s] INFO:colcon.colcon_core.shell:Creating environment descriptor '/home/iclab/autorace/install/ld08_driver/share/ld08_driver/hook/cmake_prefix_path.dsv'
[4.320s] INFO:colcon.colcon_core.shell:Creating environment hook '/home/iclab/autorace/install/ld08_driver/share/ld08_driver/hook/cmake_prefix_path.sh'
[4.324s] Level 1:colcon.colcon_core.environment:checking '/home/iclab/autorace/install/ld08_driver/lib'
[4.324s] Level 1:colcon.colcon_core.environment:checking '/home/iclab/autorace/install/ld08_driver/bin'
[4.325s] Level 1:colcon.colcon_core.environment:checking '/home/iclab/autorace/install/ld08_driver/lib/pkgconfig/ld08_driver.pc'
[4.326s] Level 1:colcon.colcon_core.environment:checking '/home/iclab/autorace/install/ld08_driver/lib/python3.8/site-packages'
[4.327s] Level 1:colcon.colcon_core.environment:checking '/home/iclab/autorace/install/ld08_driver/bin'
[4.328s] INFO:colcon.colcon_core.shell:Creating package script '/home/iclab/autorace/install/ld08_driver/share/ld08_driver/package.ps1'
[4.332s] INFO:colcon.colcon_core.shell:Creating package descriptor '/home/iclab/autorace/install/ld08_driver/share/ld08_driver/package.dsv'
[4.334s] INFO:colcon.colcon_core.shell:Creating package script '/home/iclab/autorace/install/ld08_driver/share/ld08_driver/package.sh'
[4.336s] INFO:colcon.colcon_core.shell:Creating package script '/home/iclab/autorace/install/ld08_driver/share/ld08_driver/package.bash'
[4.339s] INFO:colcon.colcon_core.shell:Creating package script '/home/iclab/autorace/install/ld08_driver/share/ld08_driver/package.zsh'
[4.343s] Level 1:colcon.colcon_core.environment:create_file_with_runtime_dependencies(/home/iclab/autorace/install/ld08_driver/share/colcon-core/packages/ld08_driver)
[4.346s] Level 1:colcon.colcon_core.environment:create_environment_scripts_only(ld08_driver)
[4.347s] Level 1:colcon.colcon_core.environment:checking '/home/iclab/autorace/install/ld08_driver' for CMake module files
[4.349s] Level 1:colcon.colcon_core.environment:checking '/home/iclab/autorace/install/ld08_driver' for CMake config files
[4.350s] Level 1:colcon.colcon_core.shell:create_environment_hook('ld08_driver', 'cmake_prefix_path')
[4.351s] INFO:colcon.colcon_core.shell:Creating environment hook '/home/iclab/autorace/install/ld08_driver/share/ld08_driver/hook/cmake_prefix_path.ps1'
[4.353s] INFO:colcon.colcon_core.shell:Creating environment descriptor '/home/iclab/autorace/install/ld08_driver/share/ld08_driver/hook/cmake_prefix_path.dsv'
[4.354s] INFO:colcon.colcon_core.shell:Creating environment hook '/home/iclab/autorace/install/ld08_driver/share/ld08_driver/hook/cmake_prefix_path.sh'
[4.356s] Level 1:colcon.colcon_core.environment:checking '/home/iclab/autorace/install/ld08_driver/lib'
[4.357s] Level 1:colcon.colcon_core.environment:checking '/home/iclab/autorace/install/ld08_driver/bin'
[4.357s] Level 1:colcon.colcon_core.environment:checking '/home/iclab/autorace/install/ld08_driver/lib/pkgconfig/ld08_driver.pc'
[4.357s] Level 1:colcon.colcon_core.environment:checking '/home/iclab/autorace/install/ld08_driver/lib/python3.8/site-packages'
[4.358s] Level 1:colcon.colcon_core.environment:checking '/home/iclab/autorace/install/ld08_driver/bin'
[4.359s] INFO:colcon.colcon_core.shell:Creating package script '/home/iclab/autorace/install/ld08_driver/share/ld08_driver/package.ps1'
[4.361s] INFO:colcon.colcon_core.shell:Creating package descriptor '/home/iclab/autorace/install/ld08_driver/share/ld08_driver/package.dsv'
[4.363s] INFO:colcon.colcon_core.shell:Creating package script '/home/iclab/autorace/install/ld08_driver/share/ld08_driver/package.sh'
[4.365s] INFO:colcon.colcon_core.shell:Creating package script '/home/iclab/autorace/install/ld08_driver/share/ld08_driver/package.bash'
[4.366s] INFO:colcon.colcon_core.shell:Creating package script '/home/iclab/autorace/install/ld08_driver/share/ld08_driver/package.zsh'
[4.368s] Level 1:colcon.colcon_core.environment:create_file_with_runtime_dependencies(/home/iclab/autorace/install/ld08_driver/share/colcon-core/packages/ld08_driver)
[5.308s] DEBUG:colcon.colcon_core.event_handler.log_command:Invoking command in '/home/iclab/autorace/build/camera': PYTHONPATH=/home/iclab/autorace/build/camera/prefix_override:/usr/lib/python3/dist-packages/colcon_core/task/python/colcon_distutils_commands:/home/iclab/autorace/install/camera/lib/python3.8/site-packages:${PYTHONPATH} /usr/bin/python3 -W ignore:setup.py install is deprecated -W ignore:easy_install command is deprecated setup.py develop --editable --build-directory /home/iclab/autorace/build/camera/build --no-deps symlink_data
[5.370s] DEBUG:colcon.colcon_core.event_handler.log_command:Invoking command in '/home/iclab/autorace/build/control': PYTHONPATH=/home/iclab/autorace/build/control/prefix_override:/usr/lib/python3/dist-packages/colcon_core/task/python/colcon_distutils_commands:/home/iclab/autorace/install/control/lib/python3.8/site-packages:${PYTHONPATH} /usr/bin/python3 -W ignore:setup.py install is deprecated -W ignore:easy_install command is deprecated setup.py develop --editable --build-directory /home/iclab/autorace/build/control/build --no-deps symlink_data
[7.090s] Level 1:colcon.colcon_core.shell:create_environment_hook('control', 'pythonpath_develop')
[7.092s] INFO:colcon.colcon_core.shell:Creating environment hook '/home/iclab/autorace/build/control/share/control/hook/pythonpath_develop.ps1'
[7.094s] DEBUG:colcon.colcon_core.event_handler.log_command:Invoked command in '/home/iclab/autorace/build/control' returned '0': PYTHONPATH=/home/iclab/autorace/build/control/prefix_override:/usr/lib/python3/dist-packages/colcon_core/task/python/colcon_distutils_commands:/home/iclab/autorace/install/control/lib/python3.8/site-packages:${PYTHONPATH} /usr/bin/python3 -W ignore:setup.py install is deprecated -W ignore:easy_install command is deprecated setup.py develop --editable --build-directory /home/iclab/autorace/build/control/build --no-deps symlink_data
[7.096s] INFO:colcon.colcon_core.shell:Creating environment descriptor '/home/iclab/autorace/build/control/share/control/hook/pythonpath_develop.dsv'
[7.097s] INFO:colcon.colcon_core.shell:Creating environment hook '/home/iclab/autorace/build/control/share/control/hook/pythonpath_develop.sh'
[7.100s] Level 1:colcon.colcon_core.environment:checking '/home/iclab/autorace/install/control' for CMake module files
[7.103s] Level 1:colcon.colcon_core.environment:checking '/home/iclab/autorace/install/control' for CMake config files
[7.109s] Level 1:colcon.colcon_core.environment:checking '/home/iclab/autorace/install/control/lib'
[7.109s] Level 1:colcon.colcon_core.environment:checking '/home/iclab/autorace/install/control/bin'
[7.110s] Level 1:colcon.colcon_core.environment:checking '/home/iclab/autorace/install/control/lib/pkgconfig/control.pc'
[7.111s] Level 1:colcon.colcon_core.environment:checking '/home/iclab/autorace/install/control/lib/python3.8/site-packages'
[7.111s] Level 1:colcon.colcon_core.shell:create_environment_hook('control', 'pythonpath')
[7.112s] INFO:colcon.colcon_core.shell:Creating environment hook '/home/iclab/autorace/install/control/share/control/hook/pythonpath.ps1'
[7.113s] INFO:colcon.colcon_core.shell:Creating environment descriptor '/home/iclab/autorace/install/control/share/control/hook/pythonpath.dsv'
[7.115s] INFO:colcon.colcon_core.shell:Creating environment hook '/home/iclab/autorace/install/control/share/control/hook/pythonpath.sh'
[7.117s] Level 1:colcon.colcon_core.environment:checking '/home/iclab/autorace/install/control/bin'
[7.117s] Level 1:colcon.colcon_core.environment:create_environment_scripts_only(control)
[7.119s] INFO:colcon.colcon_core.shell:Creating package script '/home/iclab/autorace/install/control/share/control/package.ps1'
[7.122s] INFO:colcon.colcon_core.shell:Creating package descriptor '/home/iclab/autorace/install/control/share/control/package.dsv'
[7.124s] INFO:colcon.colcon_core.shell:Creating package script '/home/iclab/autorace/install/control/share/control/package.sh'
[7.126s] INFO:colcon.colcon_core.shell:Creating package script '/home/iclab/autorace/install/control/share/control/package.bash'
[7.128s] INFO:colcon.colcon_core.shell:Creating package script '/home/iclab/autorace/install/control/share/control/package.zsh'
[7.129s] Level 1:colcon.colcon_core.environment:create_file_with_runtime_dependencies(/home/iclab/autorace/install/control/share/colcon-core/packages/control)
[7.202s] Level 1:colcon.colcon_core.shell:create_environment_hook('camera', 'pythonpath_develop')
[7.203s] DEBUG:colcon.colcon_core.event_handler.log_command:Invoked command in '/home/iclab/autorace/build/camera' returned '0': PYTHONPATH=/home/iclab/autorace/build/camera/prefix_override:/usr/lib/python3/dist-packages/colcon_core/task/python/colcon_distutils_commands:/home/iclab/autorace/install/camera/lib/python3.8/site-packages:${PYTHONPATH} /usr/bin/python3 -W ignore:setup.py install is deprecated -W ignore:easy_install command is deprecated setup.py develop --editable --build-directory /home/iclab/autorace/build/camera/build --no-deps symlink_data
[7.205s] INFO:colcon.colcon_core.shell:Creating environment hook '/home/iclab/autorace/build/camera/share/camera/hook/pythonpath_develop.ps1'
[7.207s] INFO:colcon.colcon_core.shell:Creating environment descriptor '/home/iclab/autorace/build/camera/share/camera/hook/pythonpath_develop.dsv'
[7.209s] INFO:colcon.colcon_core.shell:Creating environment hook '/home/iclab/autorace/build/camera/share/camera/hook/pythonpath_develop.sh'
[7.212s] Level 1:colcon.colcon_core.environment:checking '/home/iclab/autorace/install/camera' for CMake module files
[7.213s] Level 1:colcon.colcon_core.environment:checking '/home/iclab/autorace/install/camera' for CMake config files
[7.216s] Level 1:colcon.colcon_core.environment:checking '/home/iclab/autorace/install/camera/lib'
[7.216s] Level 1:colcon.colcon_core.environment:checking '/home/iclab/autorace/install/camera/bin'
[7.216s] Level 1:colcon.colcon_core.environment:checking '/home/iclab/autorace/install/camera/lib/pkgconfig/camera.pc'
[7.217s] Level 1:colcon.colcon_core.environment:checking '/home/iclab/autorace/install/camera/lib/python3.8/site-packages'
[7.217s] Level 1:colcon.colcon_core.shell:create_environment_hook('camera', 'pythonpath')
[7.218s] INFO:colcon.colcon_core.shell:Creating environment hook '/home/iclab/autorace/install/camera/share/camera/hook/pythonpath.ps1'
[7.220s] INFO:colcon.colcon_core.shell:Creating environment descriptor '/home/iclab/autorace/install/camera/share/camera/hook/pythonpath.dsv'
[7.221s] INFO:colcon.colcon_core.shell:Creating environment hook '/home/iclab/autorace/install/camera/share/camera/hook/pythonpath.sh'
[7.224s] Level 1:colcon.colcon_core.environment:checking '/home/iclab/autorace/install/camera/bin'
[7.224s] Level 1:colcon.colcon_core.environment:create_environment_scripts_only(camera)
[7.226s] INFO:colcon.colcon_core.shell:Creating package script '/home/iclab/autorace/install/camera/share/camera/package.ps1'
[7.228s] INFO:colcon.colcon_core.shell:Creating package descriptor '/home/iclab/autorace/install/camera/share/camera/package.dsv'
[7.231s] INFO:colcon.colcon_core.shell:Creating package script '/home/iclab/autorace/install/camera/share/camera/package.sh'
[7.233s] INFO:colcon.colcon_core.shell:Creating package script '/home/iclab/autorace/install/camera/share/camera/package.bash'
[7.235s] INFO:colcon.colcon_core.shell:Creating package script '/home/iclab/autorace/install/camera/share/camera/package.zsh'
[7.236s] Level 1:colcon.colcon_core.environment:create_file_with_runtime_dependencies(/home/iclab/autorace/install/camera/share/colcon-core/packages/camera)
[7.237s] DEBUG:colcon.colcon_parallel_executor.executor.parallel:closing loop
[7.238s] DEBUG:colcon.colcon_parallel_executor.executor.parallel:loop closed
[7.239s] DEBUG:colcon.colcon_parallel_executor.executor.parallel:run_until_complete finished with '0'
[7.240s] DEBUG:colcon.colcon_core.event_reactor:joining thread
[7.259s] INFO:colcon.colcon_core.plugin_system:Skipping extension 'colcon_notification.desktop_notification.terminal_notifier': Not used on non-Darwin systems
[7.260s] INFO:colcon.colcon_core.plugin_system:Skipping extension 'colcon_notification.desktop_notification.win32': Not used on non-Windows systems
[7.260s] INFO:colcon.colcon_notification.desktop_notification:Sending desktop notification using 'notify2'
[7.293s] DEBUG:colcon.colcon_core.event_reactor:joined thread
[7.294s] INFO:colcon.colcon_core.shell:Creating prefix script '/home/iclab/autorace/install/local_setup.ps1'
[7.297s] INFO:colcon.colcon_core.shell:Creating prefix util module '/home/iclab/autorace/install/_local_setup_util_ps1.py'
[7.302s] INFO:colcon.colcon_core.shell:Creating prefix chain script '/home/iclab/autorace/install/setup.ps1'
[7.305s] INFO:colcon.colcon_core.shell:Creating prefix script '/home/iclab/autorace/install/local_setup.sh'
[7.307s] INFO:colcon.colcon_core.shell:Creating prefix util module '/home/iclab/autorace/install/_local_setup_util_sh.py'
[7.309s] INFO:colcon.colcon_core.shell:Creating prefix chain script '/home/iclab/autorace/install/setup.sh'
[7.312s] INFO:colcon.colcon_core.shell:Creating prefix script '/home/iclab/autorace/install/local_setup.bash'
[7.313s] INFO:colcon.colcon_core.shell:Creating prefix chain script '/home/iclab/autorace/install/setup.bash'
[7.316s] INFO:colcon.colcon_core.shell:Creating prefix script '/home/iclab/autorace/install/local_setup.zsh'
[7.318s] INFO:colcon.colcon_core.shell:Creating prefix chain script '/home/iclab/autorace/install/setup.zsh'
