[3.335s] Invoking command in '/workspace/build/control': PYTHONPATH=/workspace/build/control/prefix_override:/usr/lib/python3/dist-packages/colcon_core/task/python/colcon_distutils_commands:/workspace/install/control/lib/python3.8/site-packages:${PYTHONPATH} /usr/bin/python3 -W ignore:setup.py install is deprecated -W ignore:easy_install command is deprecated setup.py develop --editable --build-directory /workspace/build/control/build --no-deps symlink_data --force
[4.217s] running develop
[4.685s] running egg_info
[4.685s] writing control.egg-info/PKG-INFO
[4.686s] writing dependency_links to control.egg-info/dependency_links.txt
[4.688s] writing entry points to control.egg-info/entry_points.txt
[4.689s] writing requirements to control.egg-info/requires.txt
[4.689s] writing top-level names to control.egg-info/top_level.txt
[4.801s] reading manifest file 'control.egg-info/SOURCES.txt'
[4.805s] writing manifest file 'control.egg-info/SOURCES.txt'
[4.945s] running build_ext
[4.947s] Creating /workspace/install/control/lib/python3.8/site-packages/site.py
[4.954s] Creating /workspace/install/control/lib/python3.8/site-packages/control.egg-link (link to .)
[4.957s] Installing motor_node script to /workspace/install/control/lib/control
[4.958s] 
[4.958s] Installed /workspace/build/control
[4.959s] running symlink_data
[4.959s] symbolically linking /workspace/build/control/resource/control -> /workspace/install/control/share/ament_index/resource_index/packages
[4.960s] symbolically linking /workspace/build/control/package.xml -> /workspace/install/control/share/control
[5.118s] Invoked command in '/workspace/build/control' returned '0': PYTHONPATH=/workspace/build/control/prefix_override:/usr/lib/python3/dist-packages/colcon_core/task/python/colcon_distutils_commands:/workspace/install/control/lib/python3.8/site-packages:${PYTHONPATH} /usr/bin/python3 -W ignore:setup.py install is deprecated -W ignore:easy_install command is deprecated setup.py develop --editable --build-directory /workspace/build/control/build --no-deps symlink_data --force
