[11.766s] Invoking command in '/workspace/src/yolo': PYTHONPATH=/workspace/build/yolo/prefix_override:/usr/lib/python3/dist-packages/colcon_core/task/python/colcon_distutils_commands:/workspace/install/yolo/lib/python3.8/site-packages:${PYTHONPATH} /usr/bin/python3 -W ignore:setup.py install is deprecated -W ignore:easy_install command is deprecated setup.py egg_info --egg-base ../../build/yolo build --build-base /workspace/build/yolo/build install --record /workspace/build/yolo/install.log --single-version-externally-managed install_data
[14.589s] running egg_info
[14.724s] writing ../../build/yolo/yolo.egg-info/PKG-INFO
[14.726s] writing dependency_links to ../../build/yolo/yolo.egg-info/dependency_links.txt
[14.727s] writing entry points to ../../build/yolo/yolo.egg-info/entry_points.txt
[14.728s] writing requirements to ../../build/yolo/yolo.egg-info/requires.txt
[14.729s] writing top-level names to ../../build/yolo/yolo.egg-info/top_level.txt
[14.989s] reading manifest file '../../build/yolo/yolo.egg-info/SOURCES.txt'
[14.992s] writing manifest file '../../build/yolo/yolo.egg-info/SOURCES.txt'
[14.993s] running build
[14.994s] running build_py
[14.995s] copying yolo/camera_node_sub.py -> /workspace/build/yolo/build/lib/yolo
[14.996s] copying yolo/__init__.py -> /workspace/build/yolo/build/lib/yolo
[14.998s] running install
[15.024s] running install_lib
[15.151s] copying /workspace/build/yolo/build/lib/yolo/camera_node_sub.py -> /workspace/install/yolo/lib/python3.8/site-packages/yolo
[15.163s] byte-compiling /workspace/install/yolo/lib/python3.8/site-packages/yolo/camera_node_sub.py to camera_node_sub.cpython-38.pyc
[15.166s] running install_data
[15.166s] copying resource/yolo -> /workspace/install/yolo/share/ament_index/resource_index/packages
[15.167s] copying package.xml -> /workspace/install/yolo/share/yolo
[15.167s] running install_egg_info
[15.301s] removing '/workspace/install/yolo/lib/python3.8/site-packages/yolo-0.0.0-py3.8.egg-info' (and everything under it)
[15.303s] Copying ../../build/yolo/yolo.egg-info to /workspace/install/yolo/lib/python3.8/site-packages/yolo-0.0.0-py3.8.egg-info
[15.307s] running install_scripts
[16.375s] Installing yolo_node script to /workspace/install/yolo/lib/yolo
[16.377s] writing list of installed files to '/workspace/build/yolo/install.log'
[16.467s] Invoked command in '/workspace/src/yolo' returned '0': PYTHONPATH=/workspace/build/yolo/prefix_override:/usr/lib/python3/dist-packages/colcon_core/task/python/colcon_distutils_commands:/workspace/install/yolo/lib/python3.8/site-packages:${PYTHONPATH} /usr/bin/python3 -W ignore:setup.py install is deprecated -W ignore:easy_install command is deprecated setup.py egg_info --egg-base ../../build/yolo build --build-base /workspace/build/yolo/build install --record /workspace/build/yolo/install.log --single-version-externally-managed install_data
